state	power	likelihood
2510	0.443705	-41.7736
2520	0.443705	-42.1068
2530	0.443705	-41.9357
2540	0.443705	-41.7614
2550	0.443705	-41.9221
2560	0.443705	-42.1532
2570	0.443705	-41.8565
2580	0.443705	-42.041
2590	0.443705	-42.355
2600	0.443705	-42.0036
2610	0.443705	-41.7731
2620	0.443705	-41.9308
2630	0.443705	-41.8468
2640	0.443705	-41.8499
2650	0.443705	-44.6839
2660	0.443705	-41.9048
2670	0.443705	-41.8868
2680	0.443705	-41.7594
2690	0.443705	-42.2054
2700	0.443705	-42.1485
2710	0.443705	-41.763
2720	0.443705	-41.7627
2730	0.443705	-41.7946
2740	0.443705	-45.0629
2750	0.443705	-42.1568
2760	0.443705	-41.8809
2770	0.443705	-41.9153
2780	0.443705	-41.7837
2790	0.443705	-42.8619
2800	0.443705	-41.7569
2810	0.443705	-42.3673
2820	0.443705	-42.6016
2830	0.443705	-42.2669
2840	0.443705	-41.7682
2850	0.443705	-44.2454
2860	0.443705	-41.8768
2870	0.443705	-45.7981
2880	0.443705	-42.2815
2890	0.443705	-42.1621
2900	0.443705	-41.787
2910	0.443705	-41.7552
2920	0.443705	-42.7568
2930	0.443705	-41.7789
2940	0.443705	-46.0638
2950	0.443705	-41.9342
2960	0.443705	-44.468
2970	0.443705	-41.761
2980	0.443705	-42.0941
2990	0.443705	-41.7657
3000	0.443705	-41.8263
3010	0.443705	-41.8276
3020	0.443705	-41.7628
3030	0.443705	-41.7583
3040	0.443705	-41.9997
3050	0.443705	-41.8052
3060	0.443705	-41.9017
3070	0.443705	-47.1524
3080	0.443705	-42.613
3090	0.443705	-41.9174
3100	0.443705	-42.0794
3110	0.443705	-44.2332
3120	0.443705	-41.7894
3130	0.443705	-42.9476
3140	0.443705	-42.7047
3150	0.443705	-41.9329
3160	0.443705	-41.7734
3170	0.443705	-41.7962
3180	0.443705	-42.5076
3190	0.443705	-41.7983
3200	0.443705	-42.4967
3210	0.443705	-41.8664
3220	0.443705	-48.2597
3230	0.443705	-44.2858
3240	0.443705	-41.8087
3250	0.443705	-41.7745
3260	0.443705	-41.9916
3270	0.443705	-41.9963
3280	0.443705	-43.582
3290	0.443705	-42.9467
3300	0.443705	-42.9747
3310	0.443705	-44.9649
3320	0.443705	-42.0459
3330	0.443705	-44.353
3340	0.443705	-44.7584
3350	0.443705	-41.7597
3360	0.443705	-45.2641
3370	0.443705	-42.9724
3380	0.443705	-42.1997
3390	0.443705	-41.7672
3400	0.443705	-41.855
3410	0.443705	-42.108
3420	0.443705	-44.9827
3430	0.443705	-41.8395
3440	0.443705	-41.8872
3450	0.443705	-46.59
3460	0.443705	-42.5708
3470	0.443705	-41.8746
3480	0.443705	-43.1035
3490	0.443705	-41.7545
3500	0.443705	-41.8081
3510	0.443705	-41.8466
3520	0.443705	-41.7924
3530	0.443705	-41.8388
3540	0.443705	-41.8431
3550	0.443705	-44.7507
3560	0.443705	-42.1793
3570	0.443705	-41.8569
3580	0.443705	-41.7942
3590	0.443705	-43.0052
3600	0.443705	-41.945
3610	0.443705	-43.9102
3620	0.443705	-41.7732
3630	0.443705	-41.9045
3640	0.443705	-42.0384
3650	0.443705	-44.6749
3660	0.443705	-41.7899
3670	0.443705	-41.7816
3680	0.443705	-41.7654
3690	0.443705	-41.8959
3700	0.443705	-46.4622
3710	0.443705	-41.7661
3720	0.443705	-41.9786
3730	0.443705	-41.8303
3740	0.443705	-42.1316
3750	0.443705	-41.9024
3760	0.443705	-42.0064
3770	0.443705	-43.3628
3780	0.443705	-42.0121
3790	0.443705	-42.1603
3800	0.443705	-43.5615
3810	0.443705	-41.7525
3820	0.443705	-43.6144
3830	0.443705	-41.9736
3840	0.443705	-42.1201
3850	0.443705	-42.6874
3860	0.443705	-41.7784
3870	0.443705	-42.1279
3880	0.443705	-41.9524
3890	0.443705	-41.8245
3900	0.443705	-41.7661
3910	0.443705	-42.0083
3920	0.443705	-41.8631
3930	0.443705	-41.7901
3940	0.443705	-43.1973
3950	0.443705	-42.1654
3960	0.443705	-43.4949
3970	0.443705	-41.8874
3980	0.443705	-44.002
3990	0.443705	-41.759
4000	0.443705	-41.8642
4010	0.443705	-41.821
4020	0.443705	-43.146
4030	0.443705	-41.7571
4040	0.443705	-41.7544
4050	0.443705	-41.9175
4060	0.443705	-42.1176
4070	0.443705	-41.789
4080	0.443705	-41.9702
4090	0.443705	-41.7857
4100	0.443705	-44.4122
4110	0.443705	-42.6561
4120	0.443705	-41.7591
4130	0.443705	-46.2737
4140	0.443705	-41.997
4150	0.443705	-45.8787
4160	0.443705	-42.7952
4170	0.443705	-42.4724
4180	0.443705	-43.7317
4190	0.443705	-42.8503
4200	0.443705	-41.7849
4210	0.443705	-43.3212
4220	0.443705	-41.7588
4230	0.443705	-41.7778
4240	0.443705	-41.8118
4250	0.443705	-41.7832
4260	0.443705	-43.405
4270	0.443705	-43.0818
4280	0.443705	-41.7748
4290	0.443705	-41.7491
4300	0.443705	-42.1981
4310	0.443705	-41.76
4320	0.443705	-41.8166
4330	0.443705	-41.8228
4340	0.443705	-46.5254
4350	0.443705	-41.7585
4360	0.443705	-43.3099
4370	0.443705	-41.887
4380	0.443705	-42.4412
4390	0.443705	-42.1333
4400	0.443705	-41.9824
4410	0.443705	-41.767
4420	0.443705	-42.7017
4430	0.443705	-41.8824
4440	0.443705	-41.7529
4450	0.443705	-41.9412
4460	0.443705	-51.4608
4470	0.443705	-41.8487
4480	0.443705	-45.8488
4490	0.443705	-41.9771
4500	0.443705	-42.4163
4510	0.443705	-41.8283
4520	0.443705	-42.1199
4530	0.443705	-42.1137
4540	0.443705	-41.7977
4550	0.443705	-41.9074
4560	0.443705	-47.2317
4570	0.443705	-41.8134
4580	0.443705	-42.2687
4590	0.443705	-41.7667
4600	0.443705	-41.8131
4610	0.443705	-41.8359
4620	0.443705	-47.0781
4630	0.443705	-43.1166
4640	0.443705	-41.8731
4650	0.443705	-41.7861
4660	0.443705	-41.7851
4670	0.443705	-43.5483
4680	0.443705	-43.3679
4690	0.443705	-45.2062
4700	0.443705	-41.9205
4710	0.443705	-44.8828
4720	0.443705	-41.9316
4730	0.443705	-41.8621
4740	0.443705	-42.2011
4750	0.443705	-41.7535
4760	0.443705	-41.9787
4770	0.443705	-42.8826
4780	0.443705	-41.9055
4790	0.443705	-41.8515
4800	0.443705	-42.6938
4810	0.443705	-46.748
4820	0.443705	-41.7595
4830	0.443705	-41.7642
4840	0.443705	-41.9609
4850	0.443705	-42.4457
4860	0.443705	-42.2125
4870	0.443705	-42.0064
4880	0.443705	-41.8245
4890	0.443705	-41.8865
4900	0.443705	-42.0271
4910	0.443705	-41.7611
4920	0.443705	-42.9451
4930	0.443705	-41.8705
4940	0.443705	-41.7632
4950	0.443705	-42.0953
4960	0.443705	-41.7527
4970	0.443705	-41.7915
4980	0.443705	-44.2749
4990	0.443705	-41.8158
5000	0.443705	-41.9636
5010	0.443705	-41.7585
5020	0.443705	-41.7791
5030	0.443705	-41.8257
5040	0.443705	-43.6425
5050	0.443705	-42.6802
5060	0.443705	-41.7929
5070	0.443705	-42.4826
5080	0.443705	-42.7081
5090	0.443705	-41.7581
5100	0.443705	-41.7538
5110	0.443705	-42.2795
5120	0.443705	-45.2541
5130	0.443705	-44.3143
5140	0.443705	-41.7618
5150	0.443705	-42.1835
5160	0.443705	-42.6122
5170	0.443705	-41.8329
5180	0.443705	-43.7902
5190	0.443705	-41.7725
5200	0.443705	-41.9356
5210	0.443705	-41.8721
5220	0.443705	-41.7907
5230	0.443705	-42.6023
5240	0.443705	-41.8746
5250	0.443705	-43.9458
5260	0.443705	-41.8778
5270	0.443705	-41.9627
5280	0.443705	-41.7566
5290	0.443705	-42.5288
5300	0.443705	-42.3696
5310	0.443705	-45.293
5320	0.443705	-41.7825
5330	0.443705	-44.7668
5340	0.443705	-42.2329
5350	0.443705	-41.8352
5360	0.443705	-41.8149
5370	0.443705	-43.4756
5380	0.443705	-41.7667
5390	0.443705	-41.7579
5400	0.443705	-46.4559
5410	0.443705	-41.8253
5420	0.443705	-41.9165
5430	0.443705	-41.756
5440	0.443705	-41.7921
5450	0.443705	-41.7617
5460	0.443705	-41.8155
5470	0.443705	-41.9302
5480	0.443705	-42.5284
5490	0.443705	-41.8218
5500	0.443705	-41.8104
5510	0.443705	-41.7856
5520	0.443705	-41.8392
5530	0.443705	-42.6609
5540	0.443705	-43.8143
5550	0.443705	-41.9903
5560	0.443705	-41.7781
5570	0.443705	-42.0594
5580	0.443705	-43.5294
5590	0.443705	-43.4247
5600	0.443705	-41.7521
5610	0.443705	-41.8402
5620	0.443705	-41.7655
5630	0.443705	-42.8288
5640	0.443705	-42.3178
5650	0.443705	-42.5806
5660	0.443705	-43.364
5670	0.443705	-41.7896
5680	0.443705	-42.5534
5690	0.443705	-41.7652
5700	0.443705	-43.9516
5710	0.443705	-46.9345
5720	0.443705	-42.2239
5730	0.443705	-43.0741
5740	0.443705	-42.3356
5750	0.443705	-41.9271
5760	0.443705	-43.4494
5770	0.443705	-42.7664
5780	0.443705	-43.7281
5790	0.443705	-44.6625
5800	0.443705	-41.7518
5810	0.443705	-42.4144
5820	0.443705	-42.9665
5830	0.443705	-41.7857
5840	0.443705	-41.8253
5850	0.443705	-41.7536
5860	0.443705	-41.7534
5870	0.443705	-42.4104
5880	0.443705	-41.9394
5890	0.443705	-41.8946
5900	0.443705	-41.8043
5910	0.443705	-41.8997
5920	0.443705	-41.9414
5930	0.443705	-41.7639
5940	0.443705	-42.326
5950	0.443705	-41.8096
5960	0.443705	-42.1386
5970	0.443705	-41.7553
5980	0.443705	-43.0039
5990	0.443705	-42.6712
6000	0.443705	-42.0791
6010	0.443705	-42.8362
6020	0.443705	-44.4935
6030	0.443705	-41.852
6040	0.443705	-42.8282
6050	0.443705	-42.1103
6060	0.443705	-42.3146
6070	0.443705	-43.278
6080	0.443705	-41.7576
6090	0.443705	-41.8131
6100	0.443705	-41.88
6110	0.443705	-41.7936
6120	0.443705	-42.1146
6130	0.443705	-41.827
6140	0.443705	-41.8144
6150	0.443705	-42.2465
6160	0.443705	-42.7266
6170	0.443705	-42.3212
6180	0.443705	-43.1551
6190	0.443705	-45.0883
6200	0.443705	-41.8738
6210	0.443705	-41.7844
6220	0.443705	-41.9418
6230	0.443705	-42.4262
6240	0.443705	-41.8091
6250	0.443705	-42.3901
6260	0.443705	-41.9804
6270	0.443705	-41.8263
6280	0.443705	-41.9924
6290	0.443705	-41.8133
6300	0.443705	-42.572
6310	0.443705	-41.8925
6320	0.443705	-41.7574
6330	0.443705	-42.5737
6340	0.443705	-42.6686
6350	0.443705	-42.2411
6360	0.443705	-41.981
6370	0.443705	-42.749
6380	0.443705	-42.1749
6390	0.443705	-41.953
6400	0.443705	-43.9774
6410	0.443705	-41.8245
6420	0.443705	-41.8978
6430	0.443705	-41.81
6440	0.443705	-44.1638
6450	0.443705	-41.7997
6460	0.443705	-41.84
6470	0.443705	-42.3954
6480	0.443705	-43.4731
6490	0.443705	-41.9188
6500	0.443705	-42.1541
6510	0.443705	-41.8321
6520	0.443705	-42.2916
6530	0.443705	-41.8634
6540	0.443705	-43.053
6550	0.443705	-45.7669
6560	0.443705	-42.0049
6570	0.443705	-41.7542
6580	0.443705	-41.7539
6590	0.443705	-41.7824
6600	0.443705	-43.1526
6610	0.443705	-41.8963
6620	0.443705	-41.8048
6630	0.443705	-46.1044
6640	0.443705	-42.0508
6650	0.443705	-41.9712
6660	0.443705	-41.9179
6670	0.443705	-41.9381
6680	0.443705	-47.6913
6690	0.443705	-44.765
6700	0.443705	-41.7898
6710	0.443705	-42.5179
6720	0.443705	-41.93
6730	0.443705	-42.3346
6740	0.443705	-42.065
6750	0.443705	-46.1147
6760	0.443705	-41.8596
6770	0.443705	-42.5582
6780	0.443705	-41.8278
6790	0.443705	-41.758
6800	0.443705	-42.6132
6810	0.443705	-42.4117
6820	0.443705	-41.8426
6830	0.443705	-41.7586
6840	0.443705	-41.7659
6850	0.443705	-41.9166
6860	0.443705	-41.7888
6870	0.443705	-41.8321
6880	0.443705	-41.7686
6890	0.443705	-42.0998
6900	0.443705	-41.9344
6910	0.443705	-41.8495
6920	0.443705	-41.7812
6930	0.443705	-43.1681
6940	0.443705	-42.1037
6950	0.443705	-45.2028
6960	0.443705	-41.7535
6970	0.443705	-41.8009
6980	0.443705	-41.8229
6990	0.443705	-41.7795
7000	0.443705	-41.7507
7010	0.443705	-41.82
7020	0.443705	-41.7692
7030	0.443705	-46.5845
7040	0.443705	-42.1027
7050	0.443705	-41.752
7060	0.443705	-41.8275
7070	0.443705	-41.9445
7080	0.443705	-42.3492
7090	0.443705	-46.4908
7100	0.443705	-41.8242
7110	0.443705	-41.8376
7120	0.443705	-42.1058
7130	0.443705	-42.995
7140	0.443705	-42.5073
7150	0.443705	-48.0454
7160	0.443705	-43.1792
7170	0.443705	-43.3433
7180	0.443705	-41.7616
7190	0.443705	-42.0232
7200	0.443705	-41.9946
7210	0.443705	-45.0943
7220	0.443705	-43.4473
7230	0.443705	-42.4994
7240	0.443705	-42.6231
7250	0.443705	-41.7673
7260	0.443705	-44.136
7270	0.443705	-42.0549
7280	0.443705	-41.8306
7290	0.443705	-41.7986
7300	0.443705	-42.0287
7310	0.443705	-41.9727
7320	0.443705	-41.8271
7330	0.443705	-42.2103
7340	0.443705	-45.1962
7350	0.443705	-42.5494
7360	0.443705	-41.8534
7370	0.443705	-41.8148
7380	0.443705	-41.828
7390	0.443705	-42.9869
7400	0.443705	-42.9031
7410	0.443705	-41.9494
7420	0.443705	-41.903
7430	0.443705	-41.7621
7440	0.443705	-41.7786
7450	0.443705	-42.9266
7460	0.443705	-41.8711
7470	0.443705	-42.4664
7480	0.443705	-42.0455
7490	0.443705	-42.7828
7500	0.443705	-42.2798
7510	0.443705	-41.7919
7520	0.443705	-42.2819
7530	0.443705	-42.3918
7540	0.443705	-41.9706
7550	0.443705	-47.9003
7560	0.443705	-41.7512
7570	0.443705	-45.6874
7580	0.443705	-41.8397
7590	0.443705	-41.7596
7600	0.443705	-43.3619
7610	0.443705	-41.7862
7620	0.443705	-42.2597
7630	0.443705	-41.7612
7640	0.443705	-42.3163
7650	0.443705	-47.5889
7660	0.443705	-41.9233
7670	0.443705	-41.7622
7680	0.443705	-43.8471
7690	0.443705	-45.3273
7700	0.443705	-41.7655
7710	0.443705	-45.5568
7720	0.443705	-41.7776
7730	0.443705	-41.807
7740	0.443705	-42.3464
7750	0.443705	-42.1133
7760	0.443705	-41.825
7770	0.443705	-41.9172
7780	0.443705	-42.1345
7790	0.443705	-41.7846
7800	0.443705	-41.7664
7810	0.443705	-46.9025
7820	0.443705	-41.78
7830	0.443705	-41.8276
7840	0.443705	-41.8834
7850	0.443705	-42.0228
7860	0.443705	-44.2192
7870	0.443705	-41.7701
7880	0.443705	-41.9758
7890	0.443705	-41.9523
7900	0.443705	-42.1258
7910	0.443705	-42.8852
7920	0.443705	-41.8459
7930	0.443705	-48.2428
7940	0.443705	-42.8482
7950	0.443705	-42.2427
7960	0.443705	-42.1646
7970	0.443705	-41.9256
7980	0.443705	-41.8075
7990	0.443705	-41.7559
8000	0.443705	-44.4076
8010	0.443705	-42.0315
8020	0.443705	-41.7713
8030	0.443705	-41.7732
8040	0.443705	-41.7892
8050	0.443705	-41.8949
8060	0.443705	-41.7877
8070	0.443705	-41.8019
8080	0.443705	-42.957
8090	0.443705	-43.8319
8100	0.443705	-42.5275
8110	0.443705	-41.7987
8120	0.443705	-42.39
8130	0.443705	-44.7701
8140	0.443705	-41.8973
8150	0.443705	-43.1715
8160	0.443705	-41.7901
8170	0.443705	-41.8042
8180	0.443705	-41.9356
8190	0.443705	-41.7532
8200	0.443705	-42.8027
8210	0.443705	-41.7507
8220	0.443705	-42.0415
8230	0.443705	-41.9373
8240	0.443705	-42.2365
8250	0.443705	-41.808
8260	0.443705	-41.9113
8270	0.443705	-41.7826
8280	0.443705	-42.0825
8290	0.443705	-41.7977
8300	0.443705	-42.4024
8310	0.443705	-42.1267
8320	0.443705	-41.773
8330	0.443705	-42.1882
8340	0.443705	-41.8962
8350	0.443705	-41.8386
8360	0.443705	-41.7608
8370	0.443705	-41.7772
8380	0.443705	-41.8966
8390	0.443705	-43.5626
8400	0.443705	-41.846
8410	0.443705	-41.7888
8420	0.443705	-44.8562
8430	0.443705	-41.9668
8440	0.443705	-41.7599
8450	0.443705	-41.9881
8460	0.443705	-41.9708
8470	0.443705	-41.7565
8480	0.443705	-43.0907
8490	0.443705	-44.986
8500	0.443705	-42.0029
8510	0.443705	-41.7638
8520	0.443705	-44.3075
8530	0.443705	-44.8341
8540	0.443705	-41.779
8550	0.443705	-41.7619
8560	0.443705	-41.7834
8570	0.443705	-43.9398
8580	0.443705	-41.765
8590	0.443705	-41.9674
8600	0.443705	-41.7658
8610	0.443705	-42.1461
8620	0.443705	-41.9554
8630	0.443705	-41.9789
8640	0.443705	-41.8688
8650	0.443705	-41.7631
8660	0.443705	-42.0688
8670	0.443705	-42.0437
8680	0.443705	-41.755
8690	0.443705	-41.8814
8700	0.443705	-45.3231
8710	0.443705	-44.1094
8720	0.443705	-42.22
8730	0.443705	-41.9879
8740	0.443705	-43.2922
8750	0.443705	-41.7752
8760	0.443705	-41.7573
8770	0.443705	-42.3562
8780	0.443705	-43.362
8790	0.443705	-42.0164
8800	0.443705	-41.7999
8810	0.443705	-41.7597
8820	0.443705	-41.7599
8830	0.443705	-41.8971
8840	0.443705	-41.9349
8850	0.443705	-41.7609
8860	0.443705	-41.8975
8870	0.443705	-43.6443
8880	0.443705	-41.8169
8890	0.443705	-41.7675
8900	0.443705	-41.8826
8910	0.443705	-42.0097
8920	0.443705	-42.6757
8930	0.443705	-42.9249
8940	0.443705	-41.7748
8950	0.443705	-42.3492
8960	0.443705	-44.007
8970	0.443705	-43.4928
8980	0.443705	-41.8409
8990	0.443705	-41.7627
9000	0.443705	-43.8809
9010	0.443705	-42.5935
9020	0.443705	-44.4256
9030	0.443705	-42.1462
9040	0.443705	-42.2098
9050	0.443705	-42.7658
9060	0.443705	-41.7517
9070	0.443705	-41.7864
9080	0.443705	-41.9637
9090	0.443705	-42.2393
9100	0.443705	-41.8309
9110	0.443705	-41.8026
9120	0.443705	-41.9404
9130	0.443705	-41.7983
9140	0.443705	-48.9238
9150	0.443705	-41.7858
9160	0.443705	-43.3016
9170	0.443705	-41.8086
9180	0.443705	-42.6135
9190	0.443705	-41.8072
9200	0.443705	-43.0094
9210	0.443705	-41.8372
9220	0.443705	-41.8251
9230	0.443705	-41.8943
9240	0.443705	-45.7069
9250	0.443705	-41.8164
9260	0.443705	-42.3437
9270	0.443705	-42.0161
9280	0.443705	-42.1211
9290	0.443705	-41.9243
9300	0.443705	-42.3602
9310	0.443705	-41.8009
9320	0.443705	-41.7631
9330	0.443705	-41.7686
9340	0.443705	-42.083
9350	0.443705	-41.7958
9360	0.443705	-41.8663
9370	0.443705	-41.7947
9380	0.443705	-41.8239
9390	0.443705	-46.1444
9400	0.443705	-42.0457
9410	0.443705	-41.7545
9420	0.443705	-42.3514
9430	0.443705	-43.8431
9440	0.443705	-42.674
9450	0.443705	-42.2343
9460	0.443705	-43.3605
9470	0.443705	-41.797
9480	0.443705	-42.3213
9490	0.443705	-41.8226
9500	0.443705	-42.0972
9510	0.443705	-41.8615
9520	0.443705	-41.8441
9530	0.443705	-41.9617
9540	0.443705	-41.7636
9550	0.443705	-42.5747
9560	0.443705	-41.802
9570	0.443705	-48.1371
9580	0.443705	-41.774
9590	0.443705	-41.8774
9600	0.443705	-41.909
9610	0.443705	-42.1409
9620	0.443705	-43.3168
9630	0.443705	-41.8609
9640	0.443705	-42.0518
9650	0.443705	-42.186
9660	0.443705	-41.8546
9670	0.443705	-46.7404
9680	0.443705	-41.8289
9690	0.443705	-42.7075
9700	0.443705	-41.7951
9710	0.443705	-41.76
9720	0.443705	-42.6355
9730	0.443705	-41.8244
9740	0.443705	-42.2078
9750	0.443705	-41.7555
9760	0.443705	-41.7859
9770	0.443705	-42.5817
9780	0.443705	-44.63
9790	0.443705	-42.0662
9800	0.443705	-42.1671
9810	0.443705	-41.9168
9820	0.443705	-41.7557
9830	0.443705	-42.4589
9840	0.443705	-42.1914
9850	0.443705	-41.8663
9860	0.443705	-44.3817
9870	0.443705	-43.6818
9880	0.443705	-41.7505
9890	0.443705	-41.7678
9900	0.443705	-41.7641
9910	0.443705	-41.9797
9920	0.443705	-41.8342
9930	0.443705	-42.0285
9940	0.443705	-41.7544
9950	0.443705	-42.1903
9960	0.443705	-41.8426
9970	0.443705	-41.9237
9980	0.443705	-42.0254
9990	0.443705	-42.1357
10000	0.443705	-41.7877
