state	power	likelihood
2510	0.470427	-41.761
2520	0.470427	-42.73
2530	0.470427	-42.2229
2540	0.470427	-41.9099
2550	0.470427	-45.912
2560	0.470427	-41.7624
2570	0.470427	-41.8823
2580	0.470427	-42.1243
2590	0.470427	-42.1664
2600	0.470427	-42.2264
2610	0.470427	-42.2086
2620	0.470427	-41.8167
2630	0.470427	-41.9327
2640	0.470427	-47.9891
2650	0.470427	-41.8252
2660	0.470427	-41.9272
2670	0.470427	-41.9573
2680	0.470427	-41.7645
2690	0.470427	-41.8217
2700	0.470427	-42.4341
2710	0.470427	-47.9969
2720	0.470427	-43.3353
2730	0.470427	-42.0395
2740	0.470427	-42.2283
2750	0.470427	-42.0485
2760	0.470427	-41.7619
2770	0.470427	-41.886
2780	0.470427	-41.8342
2790	0.470427	-41.9766
2800	0.470427	-41.7909
2810	0.470427	-41.8345
2820	0.470427	-41.7603
2830	0.470427	-47.2876
2840	0.470427	-41.8771
2850	0.470427	-41.9112
2860	0.470427	-44.978
2870	0.470427	-42.9353
2880	0.470427	-43.7958
2890	0.470427	-42.4575
2900	0.470427	-41.9835
2910	0.470427	-43.1559
2920	0.470427	-42.1255
2930	0.470427	-42.2548
2940	0.470427	-42.7325
2950	0.470427	-42.8403
2960	0.470427	-43.4164
2970	0.470427	-42.0931
2980	0.470427	-42.2937
2990	0.470427	-42.2099
3000	0.470427	-42.2193
3010	0.470427	-42.0663
3020	0.470427	-41.8851
3030	0.470427	-42.5058
3040	0.470427	-42.8594
3050	0.470427	-41.9453
3060	0.470427	-41.9969
3070	0.470427	-41.7566
3080	0.470427	-42.0638
3090	0.470427	-41.759
3100	0.470427	-43.0338
3110	0.470427	-41.9411
3120	0.470427	-42.1258
3130	0.470427	-41.7507
3140	0.470427	-41.8237
3150	0.470427	-41.9577
3160	0.470427	-42.2973
3170	0.470427	-41.7605
3180	0.470427	-41.832
3190	0.470427	-41.7518
3200	0.470427	-41.7668
3210	0.470427	-41.8566
3220	0.470427	-42.7755
3230	0.470427	-43.9962
3240	0.470427	-41.8455
3250	0.470427	-41.8373
3260	0.470427	-43.2643
3270	0.470427	-43.2525
3280	0.470427	-42.3529
3290	0.470427	-41.7667
3300	0.470427	-41.7627
3310	0.470427	-42.0126
3320	0.470427	-42.1102
3330	0.470427	-41.8251
3340	0.470427	-41.8579
3350	0.470427	-46.1648
3360	0.470427	-42.0215
3370	0.470427	-41.8962
3380	0.470427	-41.7562
3390	0.470427	-41.8186
3400	0.470427	-41.9156
3410	0.470427	-41.7842
3420	0.470427	-48.3382
3430	0.470427	-41.7901
3440	0.470427	-41.7618
3450	0.470427	-41.7884
3460	0.470427	-41.8113
3470	0.470427	-46.2984
3480	0.470427	-41.9753
3490	0.470427	-41.8472
3500	0.470427	-42.1923
3510	0.470427	-41.763
3520	0.470427	-42.1232
3530	0.470427	-41.7552
3540	0.470427	-42.6541
3550	0.470427	-41.9178
3560	0.470427	-41.9223
3570	0.470427	-43.6901
3580	0.470427	-49.8013
3590	0.470427	-43.361
3600	0.470427	-41.7849
3610	0.470427	-44.1814
3620	0.470427	-43.1914
3630	0.470427	-41.7605
3640	0.470427	-41.7751
3650	0.470427	-43.587
3660	0.470427	-41.9646
3670	0.470427	-42.8237
3680	0.470427	-43.8912
3690	0.470427	-41.7824
3700	0.470427	-41.8021
3710	0.470427	-41.761
3720	0.470427	-43.5718
3730	0.470427	-42.0304
3740	0.470427	-41.7803
3750	0.470427	-41.9933
3760	0.470427	-44.5081
3770	0.470427	-41.7764
3780	0.470427	-42.6108
3790	0.470427	-41.8193
3800	0.470427	-44.1029
3810	0.470427	-41.9992
3820	0.470427	-41.8911
3830	0.470427	-42.6535
3840	0.470427	-42.5481
3850	0.470427	-42.6399
3860	0.470427	-41.7873
3870	0.470427	-48.6083
3880	0.470427	-41.7652
3890	0.470427	-43.688
3900	0.470427	-42.6981
3910	0.470427	-41.8515
3920	0.470427	-43.7508
3930	0.470427	-41.9696
3940	0.470427	-41.8039
3950	0.470427	-42.1727
3960	0.470427	-41.7609
3970	0.470427	-41.8032
3980	0.470427	-43.4239
3990	0.470427	-42.4311
4000	0.470427	-42.0961
4010	0.470427	-41.8799
4020	0.470427	-41.7553
4030	0.470427	-42.092
4040	0.470427	-42.0556
4050	0.470427	-41.8401
4060	0.470427	-42.0471
4070	0.470427	-41.7541
4080	0.470427	-41.7593
4090	0.470427	-41.8181
4100	0.470427	-41.7933
4110	0.470427	-42.0347
4120	0.470427	-41.7701
4130	0.470427	-42.1396
4140	0.470427	-42.0305
4150	0.470427	-42.3084
4160	0.470427	-41.7524
4170	0.470427	-41.7603
4180	0.470427	-42.0776
4190	0.470427	-42.0338
4200	0.470427	-42.0647
4210	0.470427	-41.7671
4220	0.470427	-42.0053
4230	0.470427	-43.2792
4240	0.470427	-41.7494
4250	0.470427	-41.7586
4260	0.470427	-44.6756
4270	0.470427	-41.9071
4280	0.470427	-41.7558
4290	0.470427	-41.815
4300	0.470427	-42.3307
4310	0.470427	-41.7658
4320	0.470427	-41.8371
4330	0.470427	-42.4525
4340	0.470427	-43.4483
4350	0.470427	-42.741
4360	0.470427	-42.8249
4370	0.470427	-42.1987
4380	0.470427	-41.8872
4390	0.470427	-42.8872
4400	0.470427	-41.8678
4410	0.470427	-41.9418
4420	0.470427	-45.6349
4430	0.470427	-42.1206
4440	0.470427	-42.4233
4450	0.470427	-42.0999
4460	0.470427	-42.3213
4470	0.470427	-41.8297
4480	0.470427	-41.7502
4490	0.470427	-41.8024
4500	0.470427	-41.7814
4510	0.470427	-42.7764
4520	0.470427	-42.5551
4530	0.470427	-42.6844
4540	0.470427	-41.7547
4550	0.470427	-42.0392
4560	0.470427	-42.0953
4570	0.470427	-42.4882
4580	0.470427	-42.9756
4590	0.470427	-42.0279
4600	0.470427	-42.207
4610	0.470427	-42.5815
4620	0.470427	-41.7663
4630	0.470427	-42.2244
4640	0.470427	-41.9848
4650	0.470427	-42.1659
4660	0.470427	-41.7561
4670	0.470427	-41.7492
4680	0.470427	-43.1345
4690	0.470427	-41.7592
4700	0.470427	-41.7728
4710	0.470427	-42.1682
4720	0.470427	-42.0272
4730	0.470427	-41.836
4740	0.470427	-41.7618
4750	0.470427	-42.0973
4760	0.470427	-41.7973
4770	0.470427	-42.5079
4780	0.470427	-41.7764
4790	0.470427	-43.0158
4800	0.470427	-41.7637
4810	0.470427	-41.7666
4820	0.470427	-42.461
4830	0.470427	-41.7599
4840	0.470427	-41.7614
4850	0.470427	-41.757
4860	0.470427	-41.8259
4870	0.470427	-42.5487
4880	0.470427	-41.7634
4890	0.470427	-41.8843
4900	0.470427	-41.9567
4910	0.470427	-42.4048
4920	0.470427	-41.7709
4930	0.470427	-43.3976
4940	0.470427	-42.4388
4950	0.470427	-42.3563
4960	0.470427	-42.2611
4970	0.470427	-41.8737
4980	0.470427	-41.7638
4990	0.470427	-41.8997
5000	0.470427	-43.1931
5010	0.470427	-41.7623
5020	0.470427	-42.8009
5030	0.470427	-43.2413
5040	0.470427	-41.7687
5050	0.470427	-42.6199
5060	0.470427	-42.7777
5070	0.470427	-42.1433
5080	0.470427	-41.9747
5090	0.470427	-41.847
5100	0.470427	-42.4345
5110	0.470427	-41.8329
5120	0.470427	-41.7755
5130	0.470427	-45.7639
5140	0.470427	-41.7656
5150	0.470427	-41.8597
5160	0.470427	-42.4859
5170	0.470427	-41.7891
5180	0.470427	-43.1475
5190	0.470427	-41.9016
5200	0.470427	-41.7866
5210	0.470427	-43.6806
5220	0.470427	-41.7702
5230	0.470427	-41.9767
5240	0.470427	-43.8494
5250	0.470427	-48.6697
5260	0.470427	-44.263
5270	0.470427	-45.0225
5280	0.470427	-42.0076
5290	0.470427	-42.0354
5300	0.470427	-42.5015
5310	0.470427	-42.082
5320	0.470427	-42.6086
5330	0.470427	-41.7572
5340	0.470427	-42.2638
5350	0.470427	-41.9099
5360	0.470427	-42.2914
5370	0.470427	-41.7956
5380	0.470427	-42.6753
5390	0.470427	-41.7619
5400	0.470427	-42.5273
5410	0.470427	-43.9885
5420	0.470427	-46.1726
5430	0.470427	-41.8376
5440	0.470427	-41.8941
5450	0.470427	-41.7572
5460	0.470427	-41.7537
5470	0.470427	-41.9236
5480	0.470427	-41.81
5490	0.470427	-42.4007
5500	0.470427	-42.3016
5510	0.470427	-41.8467
5520	0.470427	-43.9847
5530	0.470427	-41.8757
5540	0.470427	-41.7607
5550	0.470427	-42.4474
5560	0.470427	-41.8096
5570	0.470427	-42.0198
5580	0.470427	-41.7626
5590	0.470427	-41.7798
5600	0.470427	-42.3386
5610	0.470427	-48.2964
5620	0.470427	-41.7691
5630	0.470427	-41.8299
5640	0.470427	-41.7541
5650	0.470427	-41.8607
5660	0.470427	-41.7565
5670	0.470427	-41.8968
5680	0.470427	-41.784
5690	0.470427	-41.8534
5700	0.470427	-42.0153
5710	0.470427	-43.1753
5720	0.470427	-43.7456
5730	0.470427	-45.8245
5740	0.470427	-43.3595
5750	0.470427	-42.0281
5760	0.470427	-41.8945
5770	0.470427	-41.8342
5780	0.470427	-46.6522
5790	0.470427	-44.1422
5800	0.470427	-41.9726
5810	0.470427	-42.2319
5820	0.470427	-41.7571
5830	0.470427	-43.0315
5840	0.470427	-41.9845
5850	0.470427	-44.1484
5860	0.470427	-41.8673
5870	0.470427	-42.26
5880	0.470427	-42.411
5890	0.470427	-41.8235
5900	0.470427	-42.0215
5910	0.470427	-41.8589
5920	0.470427	-41.8912
5930	0.470427	-41.7861
5940	0.470427	-42.7457
5950	0.470427	-41.8042
5960	0.470427	-41.8375
5970	0.470427	-42.3628
5980	0.470427	-41.7662
5990	0.470427	-42.0547
6000	0.470427	-43.6704
6010	0.470427	-42.2872
6020	0.470427	-42.291
6030	0.470427	-41.8283
6040	0.470427	-41.8333
6050	0.470427	-41.7622
6060	0.470427	-42.0446
6070	0.470427	-41.9542
6080	0.470427	-42.3081
6090	0.470427	-41.7578
6100	0.470427	-42.8329
6110	0.470427	-42.0601
6120	0.470427	-42.4187
6130	0.470427	-41.8406
6140	0.470427	-42.5542
6150	0.470427	-41.9036
6160	0.470427	-41.9101
6170	0.470427	-43.7627
6180	0.470427	-42.6125
6190	0.470427	-41.8952
6200	0.470427	-41.9536
6210	0.470427	-41.7707
6220	0.470427	-41.8615
6230	0.470427	-42.4585
6240	0.470427	-42.7239
6250	0.470427	-41.7591
6260	0.470427	-41.8976
6270	0.470427	-41.8059
6280	0.470427	-42.6194
6290	0.470427	-42.7882
6300	0.470427	-42.5651
6310	0.470427	-49.0821
6320	0.470427	-42.3547
6330	0.470427	-41.7623
6340	0.470427	-41.8792
6350	0.470427	-41.7818
6360	0.470427	-42.359
6370	0.470427	-43.4195
6380	0.470427	-42.5789
6390	0.470427	-41.8077
6400	0.470427	-42.3317
6410	0.470427	-41.7961
6420	0.470427	-41.7771
6430	0.470427	-42.1844
6440	0.470427	-42.4707
6450	0.470427	-41.8662
6460	0.470427	-43.0135
6470	0.470427	-45.5942
6480	0.470427	-42.8342
6490	0.470427	-41.755
6500	0.470427	-41.8449
6510	0.470427	-41.766
6520	0.470427	-41.9595
6530	0.470427	-41.7566
6540	0.470427	-42.3148
6550	0.470427	-42.7319
6560	0.470427	-41.8058
6570	0.470427	-41.8193
6580	0.470427	-42.2968
6590	0.470427	-41.7961
6600	0.470427	-41.9551
6610	0.470427	-41.777
6620	0.470427	-41.9663
6630	0.470427	-41.8484
6640	0.470427	-47.4117
6650	0.470427	-44.0466
6660	0.470427	-41.8124
6670	0.470427	-43.0111
6680	0.470427	-41.8231
6690	0.470427	-46.4497
6700	0.470427	-43.1172
6710	0.470427	-42.8716
6720	0.470427	-41.9876
6730	0.470427	-41.9457
6740	0.470427	-44.5955
6750	0.470427	-41.9709
6760	0.470427	-41.7518
6770	0.470427	-41.7589
6780	0.470427	-42.4671
6790	0.470427	-42.0582
6800	0.470427	-42.6445
6810	0.470427	-42.3764
6820	0.470427	-41.7645
6830	0.470427	-41.8061
6840	0.470427	-49.5431
6850	0.470427	-41.7648
6860	0.470427	-41.7875
6870	0.470427	-41.7551
6880	0.470427	-41.8405
6890	0.470427	-42.2005
6900	0.470427	-41.8298
6910	0.470427	-41.7541
6920	0.470427	-42.149
6930	0.470427	-42.3354
6940	0.470427	-41.7762
6950	0.470427	-45.2097
6960	0.470427	-41.7899
6970	0.470427	-41.7619
6980	0.470427	-41.9175
6990	0.470427	-42.1253
7000	0.470427	-43.4857
7010	0.470427	-43.3208
7020	0.470427	-41.9222
7030	0.470427	-41.7741
7040	0.470427	-41.8745
7050	0.470427	-42.1235
7060	0.470427	-41.8522
7070	0.470427	-44.8496
7080	0.470427	-44.1558
7090	0.470427	-41.8198
7100	0.470427	-45.3839
7110	0.470427	-43.3045
7120	0.470427	-42.7506
7130	0.470427	-42.9606
7140	0.470427	-41.7726
7150	0.470427	-43.0614
7160	0.470427	-41.8232
7170	0.470427	-41.7926
7180	0.470427	-42.0643
7190	0.470427	-42.3244
7200	0.470427	-41.758
7210	0.470427	-42.9746
7220	0.470427	-42.0814
7230	0.470427	-41.756
7240	0.470427	-41.8171
7250	0.470427	-41.7717
7260	0.470427	-42.064
7270	0.470427	-42.2418
7280	0.470427	-41.9236
7290	0.470427	-41.8102
7300	0.470427	-42.0286
7310	0.470427	-43.0815
7320	0.470427	-49.2343
7330	0.470427	-42.3034
7340	0.470427	-41.8771
7350	0.470427	-41.8081
7360	0.470427	-41.7546
7370	0.470427	-42.3049
7380	0.470427	-42.5909
7390	0.470427	-41.7781
7400	0.470427	-43.5525
7410	0.470427	-42.0276
7420	0.470427	-42.7207
7430	0.470427	-42.7969
7440	0.470427	-41.81
7450	0.470427	-42.5253
7460	0.470427	-41.7898
7470	0.470427	-41.8013
7480	0.470427	-41.7646
7490	0.470427	-46.2103
7500	0.470427	-41.7836
7510	0.470427	-42.5246
7520	0.470427	-41.8114
7530	0.470427	-42.776
7540	0.470427	-41.7537
7550	0.470427	-42.1836
7560	0.470427	-41.7578
7570	0.470427	-42.4904
7580	0.470427	-41.8285
7590	0.470427	-41.7779
7600	0.470427	-41.7618
7610	0.470427	-43.6653
7620	0.470427	-41.7526
7630	0.470427	-41.761
7640	0.470427	-43.6948
7650	0.470427	-41.8372
7660	0.470427	-41.758
7670	0.470427	-41.8852
7680	0.470427	-42.195
7690	0.470427	-43.3578
7700	0.470427	-41.7958
7710	0.470427	-42.085
7720	0.470427	-48.8442
7730	0.470427	-42.4641
7740	0.470427	-42.7148
7750	0.470427	-43.8446
7760	0.470427	-41.9375
7770	0.470427	-47.6987
7780	0.470427	-41.7531
7790	0.470427	-41.7608
7800	0.470427	-43.2309
7810	0.470427	-42.5029
7820	0.470427	-44.4977
7830	0.470427	-42.1616
7840	0.470427	-41.8279
7850	0.470427	-44.2021
7860	0.470427	-41.7888
7870	0.470427	-41.7631
7880	0.470427	-41.7877
7890	0.470427	-41.7954
7900	0.470427	-41.9912
7910	0.470427	-42.9331
7920	0.470427	-41.7966
7930	0.470427	-42.9471
7940	0.470427	-42.8439
7950	0.470427	-42.2012
7960	0.470427	-42.116
7970	0.470427	-41.7972
7980	0.470427	-41.7784
7990	0.470427	-44.8426
8000	0.470427	-41.9744
8010	0.470427	-41.9871
8020	0.470427	-41.9823
8030	0.470427	-42.0219
8040	0.470427	-41.8958
8050	0.470427	-44.2349
8060	0.470427	-42.8716
8070	0.470427	-41.8642
8080	0.470427	-42.0482
8090	0.470427	-41.7524
8100	0.470427	-43.3114
8110	0.470427	-43.7136
8120	0.470427	-42.0761
8130	0.470427	-42.2002
8140	0.470427	-41.7504
8150	0.470427	-41.8188
8160	0.470427	-41.9747
8170	0.470427	-41.7531
8180	0.470427	-42.2933
8190	0.470427	-41.8118
8200	0.470427	-41.7903
8210	0.470427	-41.9464
8220	0.470427	-41.7841
8230	0.470427	-42.5305
8240	0.470427	-41.8498
8250	0.470427	-41.7618
8260	0.470427	-41.8894
8270	0.470427	-41.9357
8280	0.470427	-41.9618
8290	0.470427	-42.509
8300	0.470427	-41.9575
8310	0.470427	-41.8434
8320	0.470427	-41.7754
8330	0.470427	-44.4116
8340	0.470427	-44.3527
8350	0.470427	-43.7156
8360	0.470427	-42.0647
8370	0.470427	-42.0497
8380	0.470427	-49.0869
8390	0.470427	-41.8163
8400	0.470427	-41.9113
8410	0.470427	-42.0673
8420	0.470427	-41.7922
8430	0.470427	-42.2365
8440	0.470427	-45.7255
8450	0.470427	-41.8099
8460	0.470427	-41.755
8470	0.470427	-41.7704
8480	0.470427	-41.9339
8490	0.470427	-41.9458
8500	0.470427	-41.7622
8510	0.470427	-41.7692
8520	0.470427	-41.9427
8530	0.470427	-41.7625
8540	0.470427	-42.0972
8550	0.470427	-41.846
8560	0.470427	-41.8029
8570	0.470427	-42.1399
8580	0.470427	-41.8114
8590	0.470427	-41.7655
8600	0.470427	-41.8528
8610	0.470427	-41.9979
8620	0.470427	-41.8985
8630	0.470427	-43.9042
8640	0.470427	-48.9367
8650	0.470427	-42.163
8660	0.470427	-41.7882
8670	0.470427	-43.1575
8680	0.470427	-44.304
8690	0.470427	-41.7932
8700	0.470427	-41.7577
8710	0.470427	-41.8725
8720	0.470427	-42.1735
8730	0.470427	-42.392
8740	0.470427	-41.7777
8750	0.470427	-41.752
8760	0.470427	-41.7567
8770	0.470427	-41.7695
8780	0.470427	-42.6909
8790	0.470427	-42.4274
8800	0.470427	-41.8601
8810	0.470427	-45.5823
8820	0.470427	-41.7985
8830	0.470427	-41.827
8840	0.470427	-41.7591
8850	0.470427	-41.9171
8860	0.470427	-42.2486
8870	0.470427	-42.0718
8880	0.470427	-41.8128
8890	0.470427	-43.6808
8900	0.470427	-42.4065
8910	0.470427	-41.7654
8920	0.470427	-41.8033
8930	0.470427	-41.9596
8940	0.470427	-42.8922
8950	0.470427	-42.6932
8960	0.470427	-42.7635
8970	0.470427	-43.3468
8980	0.470427	-41.7705
8990	0.470427	-42.4172
9000	0.470427	-42.2402
9010	0.470427	-41.8124
9020	0.470427	-41.7918
9030	0.470427	-41.7605
9040	0.470427	-41.812
9050	0.470427	-41.7683
9060	0.470427	-41.8484
9070	0.470427	-41.8636
9080	0.470427	-43.1258
9090	0.470427	-41.7897
9100	0.470427	-42.0695
9110	0.470427	-43.1822
9120	0.470427	-43.0647
9130	0.470427	-41.9773
9140	0.470427	-41.8602
9150	0.470427	-41.7649
9160	0.470427	-42.1263
9170	0.470427	-41.7901
9180	0.470427	-44.0979
9190	0.470427	-42.003
9200	0.470427	-41.7854
9210	0.470427	-41.7993
9220	0.470427	-46.6824
9230	0.470427	-41.7498
9240	0.470427	-41.8096
9250	0.470427	-41.7681
9260	0.470427	-41.8885
9270	0.470427	-41.8413
9280	0.470427	-41.9457
9290	0.470427	-41.7535
9300	0.470427	-42.9007
9310	0.470427	-41.833
9320	0.470427	-41.7652
9330	0.470427	-41.7932
9340	0.470427	-42.1534
9350	0.470427	-42.2741
9360	0.470427	-41.8495
9370	0.470427	-41.9214
9380	0.470427	-41.7536
9390	0.470427	-47.7465
9400	0.470427	-42.76
9410	0.470427	-41.8143
9420	0.470427	-42.9711
9430	0.470427	-41.8935
9440	0.470427	-41.7864
9450	0.470427	-41.7704
9460	0.470427	-41.7703
9470	0.470427	-42.4185
9480	0.470427	-41.8148
9490	0.470427	-41.7682
9500	0.470427	-41.7917
9510	0.470427	-42.4818
9520	0.470427	-43.5381
9530	0.470427	-42.0264
9540	0.470427	-41.7779
9550	0.470427	-41.7927
9560	0.470427	-41.8868
9570	0.470427	-42.8481
9580	0.470427	-42.0014
9590	0.470427	-42.6228
9600	0.470427	-41.7856
9610	0.470427	-42.2411
9620	0.470427	-42.1469
9630	0.470427	-41.9436
9640	0.470427	-41.9182
9650	0.470427	-46.2945
9660	0.470427	-41.9867
9670	0.470427	-41.7582
9680	0.470427	-41.8904
9690	0.470427	-42.5823
9700	0.470427	-42.663
9710	0.470427	-41.9523
9720	0.470427	-42.6298
9730	0.470427	-41.7979
9740	0.470427	-41.8112
9750	0.470427	-42.2345
9760	0.470427	-41.8501
9770	0.470427	-41.9695
9780	0.470427	-42.4939
9790	0.470427	-45.3341
9800	0.470427	-47.2929
9810	0.470427	-41.9389
9820	0.470427	-41.8244
9830	0.470427	-41.8349
9840	0.470427	-41.8288
9850	0.470427	-41.8672
9860	0.470427	-43.5889
9870	0.470427	-41.7639
9880	0.470427	-45.0796
9890	0.470427	-41.7829
9900	0.470427	-41.9809
9910	0.470427	-45.3236
9920	0.470427	-43.3518
9930	0.470427	-41.7542
9940	0.470427	-43.4453
9950	0.470427	-41.9798
9960	0.470427	-41.8872
9970	0.470427	-41.7625
9980	0.470427	-46.0027
9990	0.470427	-42.4281
10000	0.470427	-41.7634
