state	power	likelihood
2510	0.37074	-44.7695
2520	0.37074	-42.4212
2530	0.37074	-43.0937
2540	0.37074	-41.8072
2550	0.37074	-41.9366
2560	0.37074	-41.8604
2570	0.37074	-42.603
2580	0.37074	-41.7631
2590	0.37074	-46.0548
2600	0.37074	-42.4802
2610	0.37074	-42.058
2620	0.37074	-43.7822
2630	0.37074	-42.1469
2640	0.37074	-42.2354
2650	0.37074	-42.8392
2660	0.37074	-43.0608
2670	0.37074	-42.0742
2680	0.37074	-41.9998
2690	0.37074	-41.914
2700	0.37074	-41.8573
2710	0.37074	-41.7603
2720	0.37074	-41.7519
2730	0.37074	-41.9502
2740	0.37074	-42.1567
2750	0.37074	-42.5039
2760	0.37074	-41.7781
2770	0.37074	-44.3148
2780	0.37074	-43.1438
2790	0.37074	-41.8495
2800	0.37074	-41.9554
2810	0.37074	-42.0293
2820	0.37074	-41.87
2830	0.37074	-42.0994
2840	0.37074	-42.2103
2850	0.37074	-41.8099
2860	0.37074	-43.4193
2870	0.37074	-44.0331
2880	0.37074	-41.8821
2890	0.37074	-43.6775
2900	0.37074	-41.7615
2910	0.37074	-41.7486
2920	0.37074	-41.8963
2930	0.37074	-41.7869
2940	0.37074	-44.5873
2950	0.37074	-42.4296
2960	0.37074	-41.7872
2970	0.37074	-43.4468
2980	0.37074	-41.775
2990	0.37074	-41.7779
3000	0.37074	-41.9413
3010	0.37074	-41.868
3020	0.37074	-41.7723
3030	0.37074	-41.7734
3040	0.37074	-41.7875
3050	0.37074	-41.8446
3060	0.37074	-41.8726
3070	0.37074	-42.0265
3080	0.37074	-41.8023
3090	0.37074	-41.8947
3100	0.37074	-41.8227
3110	0.37074	-43.071
3120	0.37074	-41.9554
3130	0.37074	-42.0811
3140	0.37074	-42.3518
3150	0.37074	-42.1755
3160	0.37074	-41.7878
3170	0.37074	-41.7715
3180	0.37074	-44.1813
3190	0.37074	-42.7366
3200	0.37074	-42.4196
3210	0.37074	-43.2256
3220	0.37074	-42.5503
3230	0.37074	-41.8924
3240	0.37074	-47.2114
3250	0.37074	-42.9535
3260	0.37074	-41.7956
3270	0.37074	-42.5762
3280	0.37074	-41.7978
3290	0.37074	-43.5838
3300	0.37074	-41.8436
3310	0.37074	-42.1336
3320	0.37074	-42.0442
3330	0.37074	-44.0354
3340	0.37074	-42.3121
3350	0.37074	-46.9477
3360	0.37074	-41.7729
3370	0.37074	-41.8275
3380	0.37074	-42.388
3390	0.37074	-41.7526
3400	0.37074	-41.9298
3410	0.37074	-41.7704
3420	0.37074	-42.469
3430	0.37074	-42.237
3440	0.37074	-42.5864
3450	0.37074	-43.0296
3460	0.37074	-41.7934
3470	0.37074	-41.9652
3480	0.37074	-42.0107
3490	0.37074	-41.9816
3500	0.37074	-41.8643
3510	0.37074	-46.6999
3520	0.37074	-48.7695
3530	0.37074	-45.1115
3540	0.37074	-41.9898
3550	0.37074	-41.7525
3560	0.37074	-41.7945
3570	0.37074	-41.802
3580	0.37074	-41.9334
3590	0.37074	-42.1503
3600	0.37074	-42.6471
3610	0.37074	-45.8325
3620	0.37074	-42.124
3630	0.37074	-41.763
3640	0.37074	-43.063
3650	0.37074	-42.5542
3660	0.37074	-41.9871
3670	0.37074	-41.7662
3680	0.37074	-41.9542
3690	0.37074	-45.5919
3700	0.37074	-43.4886
3710	0.37074	-42.3047
3720	0.37074	-45.4692
3730	0.37074	-41.9782
3740	0.37074	-41.7937
3750	0.37074	-42.4958
3760	0.37074	-41.7814
3770	0.37074	-41.7537
3780	0.37074	-42.4704
3790	0.37074	-42.2519
3800	0.37074	-41.7758
3810	0.37074	-41.9592
3820	0.37074	-41.7734
3830	0.37074	-41.9711
3840	0.37074	-43.465
3850	0.37074	-41.8225
3860	0.37074	-41.8112
3870	0.37074	-41.7622
3880	0.37074	-41.7705
3890	0.37074	-41.8009
3900	0.37074	-41.7543
3910	0.37074	-41.7717
3920	0.37074	-41.752
3930	0.37074	-41.9792
3940	0.37074	-41.9299
3950	0.37074	-43.0263
3960	0.37074	-41.7872
3970	0.37074	-42.9742
3980	0.37074	-42.1648
3990	0.37074	-42.105
4000	0.37074	-43.6192
4010	0.37074	-41.7782
4020	0.37074	-41.8988
4030	0.37074	-42.5038
4040	0.37074	-41.8601
4050	0.37074	-41.7911
4060	0.37074	-41.9523
4070	0.37074	-41.7574
4080	0.37074	-41.9583
4090	0.37074	-42.1367
4100	0.37074	-42.4842
4110	0.37074	-41.9564
4120	0.37074	-41.7615
4130	0.37074	-42.325
4140	0.37074	-42.2163
4150	0.37074	-41.7565
4160	0.37074	-41.843
4170	0.37074	-45.0361
4180	0.37074	-42.0123
4190	0.37074	-41.8555
4200	0.37074	-41.8769
4210	0.37074	-42.4711
4220	0.37074	-44.5982
4230	0.37074	-42.4894
4240	0.37074	-42.4376
4250	0.37074	-47.8682
4260	0.37074	-43.0454
4270	0.37074	-41.7591
4280	0.37074	-41.9033
4290	0.37074	-42.9854
4300	0.37074	-41.8025
4310	0.37074	-41.7548
4320	0.37074	-42.2928
4330	0.37074	-41.817
4340	0.37074	-45.2499
4350	0.37074	-42.5308
4360	0.37074	-43.7271
4370	0.37074	-41.9646
4380	0.37074	-42.4528
4390	0.37074	-42.5243
4400	0.37074	-41.9422
4410	0.37074	-42.3991
4420	0.37074	-41.792
4430	0.37074	-42.075
4440	0.37074	-45.9042
4450	0.37074	-42.549
4460	0.37074	-43.8084
4470	0.37074	-42.068
4480	0.37074	-42.4598
4490	0.37074	-41.9309
4500	0.37074	-43.8567
4510	0.37074	-43.3446
4520	0.37074	-42.0592
4530	0.37074	-42.0241
4540	0.37074	-42.0762
4550	0.37074	-44.2566
4560	0.37074	-42.9591
4570	0.37074	-42.6333
4580	0.37074	-41.9217
4590	0.37074	-43.935
4600	0.37074	-45.4447
4610	0.37074	-41.9467
4620	0.37074	-42.1558
4630	0.37074	-41.7562
4640	0.37074	-43.8456
4650	0.37074	-42.2531
4660	0.37074	-41.7674
4670	0.37074	-41.7674
4680	0.37074	-43.7638
4690	0.37074	-41.8802
4700	0.37074	-42.9111
4710	0.37074	-49.0092
4720	0.37074	-41.7767
4730	0.37074	-42.1543
4740	0.37074	-41.7583
4750	0.37074	-41.7616
4760	0.37074	-45.0882
4770	0.37074	-41.7555
4780	0.37074	-41.7813
4790	0.37074	-41.8175
4800	0.37074	-41.9023
4810	0.37074	-42.1341
4820	0.37074	-41.7504
4830	0.37074	-44.6208
4840	0.37074	-43.5893
4850	0.37074	-41.7658
4860	0.37074	-41.9872
4870	0.37074	-41.8783
4880	0.37074	-41.763
4890	0.37074	-41.8529
4900	0.37074	-41.7657
4910	0.37074	-41.9178
4920	0.37074	-42.2213
4930	0.37074	-42.0123
4940	0.37074	-41.811
4950	0.37074	-41.9983
4960	0.37074	-41.9597
4970	0.37074	-41.8765
4980	0.37074	-41.8341
4990	0.37074	-41.779
5000	0.37074	-41.7751
5010	0.37074	-46.7844
5020	0.37074	-42.0517
5030	0.37074	-43.2365
5040	0.37074	-41.753
5050	0.37074	-44.054
5060	0.37074	-41.9185
5070	0.37074	-43.0164
5080	0.37074	-41.7677
5090	0.37074	-42.9541
5100	0.37074	-41.7642
5110	0.37074	-45.4686
5120	0.37074	-41.8465
5130	0.37074	-41.9568
5140	0.37074	-42.1999
5150	0.37074	-42.7189
5160	0.37074	-41.8847
5170	0.37074	-42.1082
5180	0.37074	-41.9898
5190	0.37074	-42.1902
5200	0.37074	-43.1169
5210	0.37074	-42.4425
5220	0.37074	-43.7116
5230	0.37074	-41.8691
5240	0.37074	-41.9955
5250	0.37074	-41.8004
5260	0.37074	-41.8953
5270	0.37074	-42.0774
5280	0.37074	-42.1552
5290	0.37074	-42.5758
5300	0.37074	-41.7499
5310	0.37074	-41.7676
5320	0.37074	-42.2895
5330	0.37074	-41.7981
5340	0.37074	-42.0881
5350	0.37074	-42.755
5360	0.37074	-42.0037
5370	0.37074	-43.4172
5380	0.37074	-43.6622
5390	0.37074	-41.8908
5400	0.37074	-41.7719
5410	0.37074	-42.3533
5420	0.37074	-41.8394
5430	0.37074	-41.9464
5440	0.37074	-41.9573
5450	0.37074	-41.8066
5460	0.37074	-41.8146
5470	0.37074	-41.7704
5480	0.37074	-41.7674
5490	0.37074	-41.9851
5500	0.37074	-41.7542
5510	0.37074	-41.7878
5520	0.37074	-41.8952
5530	0.37074	-41.7732
5540	0.37074	-41.7608
5550	0.37074	-42.0984
5560	0.37074	-41.8305
5570	0.37074	-43.3174
5580	0.37074	-41.884
5590	0.37074	-43.1762
5600	0.37074	-43.3683
5610	0.37074	-42.8605
5620	0.37074	-41.7541
5630	0.37074	-45.0381
5640	0.37074	-42.1739
5650	0.37074	-41.7834
5660	0.37074	-41.7656
5670	0.37074	-41.8913
5680	0.37074	-42.6534
5690	0.37074	-41.7734
5700	0.37074	-42.0467
5710	0.37074	-41.7979
5720	0.37074	-41.7601
5730	0.37074	-43.9927
5740	0.37074	-47.7593
5750	0.37074	-42.3743
5760	0.37074	-42.6113
5770	0.37074	-43.5524
5780	0.37074	-41.9831
5790	0.37074	-42.7065
5800	0.37074	-41.7726
5810	0.37074	-41.7563
5820	0.37074	-48.5336
5830	0.37074	-41.9267
5840	0.37074	-41.8494
5850	0.37074	-41.8924
5860	0.37074	-41.7875
5870	0.37074	-42.23
5880	0.37074	-41.7869
5890	0.37074	-41.7613
5900	0.37074	-43.9584
5910	0.37074	-41.7531
5920	0.37074	-42.1076
5930	0.37074	-42.0629
5940	0.37074	-41.9176
5950	0.37074	-42.2949
5960	0.37074	-41.7964
5970	0.37074	-42.0926
5980	0.37074	-41.8308
5990	0.37074	-41.8932
6000	0.37074	-42.1879
6010	0.37074	-42.3605
6020	0.37074	-43.093
6030	0.37074	-42.8587
6040	0.37074	-42.8199
6050	0.37074	-41.7904
6060	0.37074	-41.7767
6070	0.37074	-41.8048
6080	0.37074	-42.6747
6090	0.37074	-42.0853
6100	0.37074	-41.8943
6110	0.37074	-41.8413
6120	0.37074	-41.7817
6130	0.37074	-41.9191
6140	0.37074	-42.0264
6150	0.37074	-41.8172
6160	0.37074	-42.3506
6170	0.37074	-50.8896
6180	0.37074	-41.9379
6190	0.37074	-41.7558
6200	0.37074	-42.7647
6210	0.37074	-41.8565
6220	0.37074	-42.0666
6230	0.37074	-41.7954
6240	0.37074	-41.7527
6250	0.37074	-41.9495
6260	0.37074	-42.0322
6270	0.37074	-47.5947
6280	0.37074	-41.7654
6290	0.37074	-42.256
6300	0.37074	-41.8429
6310	0.37074	-42.1537
6320	0.37074	-42.2926
6330	0.37074	-44.0716
6340	0.37074	-42.0382
6350	0.37074	-41.9528
6360	0.37074	-42.802
6370	0.37074	-43.6315
6380	0.37074	-41.7644
6390	0.37074	-44.0405
6400	0.37074	-41.8549
6410	0.37074	-41.8024
6420	0.37074	-42.5442
6430	0.37074	-43.8096
6440	0.37074	-42.1626
6450	0.37074	-41.9104
6460	0.37074	-44.5109
6470	0.37074	-41.973
6480	0.37074	-43.7305
6490	0.37074	-42.4644
6500	0.37074	-41.7735
6510	0.37074	-41.7978
6520	0.37074	-41.7611
6530	0.37074	-41.8913
6540	0.37074	-41.9433
6550	0.37074	-41.7853
6560	0.37074	-41.756
6570	0.37074	-46.288
6580	0.37074	-41.7813
6590	0.37074	-41.7688
6600	0.37074	-41.837
6610	0.37074	-41.7943
6620	0.37074	-43.9267
6630	0.37074	-41.7741
6640	0.37074	-41.7856
6650	0.37074	-42.2145
6660	0.37074	-41.8086
6670	0.37074	-42.2848
6680	0.37074	-41.7773
6690	0.37074	-41.8844
6700	0.37074	-41.9472
6710	0.37074	-42.1398
6720	0.37074	-50.751
6730	0.37074	-41.8376
6740	0.37074	-42.7199
6750	0.37074	-43.9318
6760	0.37074	-42.1077
6770	0.37074	-42.7011
6780	0.37074	-42.2515
6790	0.37074	-41.8398
6800	0.37074	-41.7586
6810	0.37074	-42.9447
6820	0.37074	-41.7598
6830	0.37074	-41.8456
6840	0.37074	-41.7849
6850	0.37074	-41.8691
6860	0.37074	-42.1722
6870	0.37074	-45.3482
6880	0.37074	-45.2075
6890	0.37074	-41.7664
6900	0.37074	-41.8097
6910	0.37074	-41.8495
6920	0.37074	-43.5361
6930	0.37074	-43.3991
6940	0.37074	-41.7859
6950	0.37074	-42.652
6960	0.37074	-41.7593
6970	0.37074	-44.1246
6980	0.37074	-41.7717
6990	0.37074	-43.8323
7000	0.37074	-42.5256
7010	0.37074	-44.4405
7020	0.37074	-43.4663
7030	0.37074	-42.4397
7040	0.37074	-42.9961
7050	0.37074	-41.8862
7060	0.37074	-41.8004
7070	0.37074	-42.4148
7080	0.37074	-42.1797
7090	0.37074	-41.8108
7100	0.37074	-42.0233
7110	0.37074	-41.8306
7120	0.37074	-42.6694
7130	0.37074	-42.1771
7140	0.37074	-42.5697
7150	0.37074	-41.8162
7160	0.37074	-41.9956
7170	0.37074	-42.6563
7180	0.37074	-41.9093
7190	0.37074	-42.7095
7200	0.37074	-41.7729
7210	0.37074	-41.7617
7220	0.37074	-46.0396
7230	0.37074	-42.5646
7240	0.37074	-41.7802
7250	0.37074	-43.5353
7260	0.37074	-41.8133
7270	0.37074	-43.8114
7280	0.37074	-42.1684
7290	0.37074	-41.9315
7300	0.37074	-42.1107
7310	0.37074	-41.9385
7320	0.37074	-41.9532
7330	0.37074	-41.8017
7340	0.37074	-42.2374
7350	0.37074	-42.5913
7360	0.37074	-45.1353
7370	0.37074	-44.6896
7380	0.37074	-41.7623
7390	0.37074	-41.9592
7400	0.37074	-41.7839
7410	0.37074	-41.8244
7420	0.37074	-42.3895
7430	0.37074	-41.8826
7440	0.37074	-41.7656
7450	0.37074	-41.9063
7460	0.37074	-44.0474
7470	0.37074	-42.8051
7480	0.37074	-42.8841
7490	0.37074	-41.7799
7500	0.37074	-43.2561
7510	0.37074	-42.0138
7520	0.37074	-41.776
7530	0.37074	-43.3581
7540	0.37074	-42.0727
7550	0.37074	-41.758
7560	0.37074	-41.7676
7570	0.37074	-41.8967
7580	0.37074	-42.1417
7590	0.37074	-41.7913
7600	0.37074	-42.1356
7610	0.37074	-41.9663
7620	0.37074	-41.8837
7630	0.37074	-42.5989
7640	0.37074	-41.771
7650	0.37074	-42.0233
7660	0.37074	-41.7625
7670	0.37074	-42.268
7680	0.37074	-48.176
7690	0.37074	-41.7712
7700	0.37074	-41.9231
7710	0.37074	-43.1172
7720	0.37074	-43.4144
7730	0.37074	-42.0162
7740	0.37074	-41.8339
7750	0.37074	-41.7567
7760	0.37074	-41.8368
7770	0.37074	-41.8306
7780	0.37074	-44.5174
7790	0.37074	-47.4653
7800	0.37074	-41.8109
7810	0.37074	-42.0003
7820	0.37074	-43.732
7830	0.37074	-42.1553
7840	0.37074	-42.5643
7850	0.37074	-41.7665
7860	0.37074	-41.7591
7870	0.37074	-41.916
7880	0.37074	-41.7986
7890	0.37074	-42.9381
7900	0.37074	-44.9796
7910	0.37074	-43.5019
7920	0.37074	-41.8125
7930	0.37074	-41.7777
7940	0.37074	-44.8554
7950	0.37074	-42.0314
7960	0.37074	-42.5212
7970	0.37074	-41.9793
7980	0.37074	-41.7621
7990	0.37074	-41.7562
8000	0.37074	-42.3438
8010	0.37074	-42.2318
8020	0.37074	-45.8792
8030	0.37074	-43.3681
8040	0.37074	-42.6959
8050	0.37074	-44.6291
8060	0.37074	-45.4446
8070	0.37074	-45.4499
8080	0.37074	-41.9227
8090	0.37074	-41.7631
8100	0.37074	-42.2516
8110	0.37074	-42.4174
8120	0.37074	-42.3301
8130	0.37074	-41.7867
8140	0.37074	-41.86
8150	0.37074	-45.1974
8160	0.37074	-41.7589
8170	0.37074	-42.1583
8180	0.37074	-41.811
8190	0.37074	-41.7621
8200	0.37074	-42.9829
8210	0.37074	-45.9392
8220	0.37074	-41.7549
8230	0.37074	-44.7302
8240	0.37074	-43.3505
8250	0.37074	-46.0306
8260	0.37074	-41.9257
8270	0.37074	-42.2617
8280	0.37074	-41.9365
8290	0.37074	-41.8823
8300	0.37074	-41.8322
8310	0.37074	-41.7863
8320	0.37074	-43.43
8330	0.37074	-42.6979
8340	0.37074	-41.9927
8350	0.37074	-41.9323
8360	0.37074	-41.9324
8370	0.37074	-42.1427
8380	0.37074	-42.1786
8390	0.37074	-41.9552
8400	0.37074	-42.2036
8410	0.37074	-43.1436
8420	0.37074	-41.9522
8430	0.37074	-42.174
8440	0.37074	-42.1684
8450	0.37074	-45.6449
8460	0.37074	-41.8015
8470	0.37074	-41.8293
8480	0.37074	-41.7642
8490	0.37074	-42.6032
8500	0.37074	-41.7865
8510	0.37074	-41.8214
8520	0.37074	-43.4854
8530	0.37074	-46.2744
8540	0.37074	-41.8421
8550	0.37074	-41.8669
8560	0.37074	-42.4625
8570	0.37074	-42.1939
8580	0.37074	-41.7645
8590	0.37074	-42.0259
8600	0.37074	-42.3555
8610	0.37074	-42.0734
8620	0.37074	-42.0609
8630	0.37074	-43.9355
8640	0.37074	-41.9636
8650	0.37074	-43.8028
8660	0.37074	-41.9798
8670	0.37074	-41.805
8680	0.37074	-41.7575
8690	0.37074	-43.8325
8700	0.37074	-42.2889
8710	0.37074	-41.766
8720	0.37074	-43.0843
8730	0.37074	-41.8577
8740	0.37074	-41.895
8750	0.37074	-41.8251
8760	0.37074	-41.7559
8770	0.37074	-44.6968
8780	0.37074	-41.778
8790	0.37074	-41.7669
8800	0.37074	-41.9109
8810	0.37074	-44.0263
8820	0.37074	-41.8145
8830	0.37074	-41.7934
8840	0.37074	-42.8656
8850	0.37074	-41.8672
8860	0.37074	-42.1404
8870	0.37074	-41.9853
8880	0.37074	-42.0701
8890	0.37074	-41.8744
8900	0.37074	-41.9117
8910	0.37074	-41.9679
8920	0.37074	-41.8595
8930	0.37074	-44.3202
8940	0.37074	-41.7507
8950	0.37074	-42.4717
8960	0.37074	-43.7438
8970	0.37074	-42.6258
8980	0.37074	-41.8353
8990	0.37074	-41.7736
9000	0.37074	-43.0223
9010	0.37074	-42.0519
9020	0.37074	-41.8376
9030	0.37074	-43.031
9040	0.37074	-41.7714
9050	0.37074	-43.4584
9060	0.37074	-41.7564
9070	0.37074	-41.8682
9080	0.37074	-42.0465
9090	0.37074	-41.8105
9100	0.37074	-42.9289
9110	0.37074	-44.0844
9120	0.37074	-42.4602
9130	0.37074	-41.7708
9140	0.37074	-42.0396
9150	0.37074	-43.8076
9160	0.37074	-44.0068
9170	0.37074	-41.8157
9180	0.37074	-43.977
9190	0.37074	-41.8033
9200	0.37074	-41.7672
9210	0.37074	-43.0978
9220	0.37074	-41.8243
9230	0.37074	-42.9831
9240	0.37074	-42.6023
9250	0.37074	-42.1745
9260	0.37074	-42.3763
9270	0.37074	-41.8577
9280	0.37074	-41.7499
9290	0.37074	-42.5334
9300	0.37074	-41.927
9310	0.37074	-41.7636
9320	0.37074	-41.9174
9330	0.37074	-42.2363
9340	0.37074	-41.8011
9350	0.37074	-42.2083
9360	0.37074	-41.8595
9370	0.37074	-42.1278
9380	0.37074	-43.0379
9390	0.37074	-41.7876
9400	0.37074	-41.7683
9410	0.37074	-42.223
9420	0.37074	-42.0383
9430	0.37074	-42.4857
9440	0.37074	-42.0877
9450	0.37074	-41.7636
9460	0.37074	-41.8546
9470	0.37074	-41.7622
9480	0.37074	-43.5098
9490	0.37074	-42.1424
9500	0.37074	-41.8506
9510	0.37074	-42.0539
9520	0.37074	-41.7676
9530	0.37074	-43.2077
9540	0.37074	-41.7759
9550	0.37074	-41.7602
9560	0.37074	-41.9964
9570	0.37074	-41.7951
9580	0.37074	-42.506
9590	0.37074	-41.9954
9600	0.37074	-42.1261
9610	0.37074	-44.2137
9620	0.37074	-44.9183
9630	0.37074	-44.1001
9640	0.37074	-42.1375
9650	0.37074	-41.7624
9660	0.37074	-44.3765
9670	0.37074	-47.7931
9680	0.37074	-41.7681
9690	0.37074	-42.7988
9700	0.37074	-41.8379
9710	0.37074	-41.8982
9720	0.37074	-44.5211
9730	0.37074	-43.2459
9740	0.37074	-41.8285
9750	0.37074	-41.7782
9760	0.37074	-42.2832
9770	0.37074	-41.8249
9780	0.37074	-42.2732
9790	0.37074	-46.9412
9800	0.37074	-41.9286
9810	0.37074	-46.4832
9820	0.37074	-41.862
9830	0.37074	-41.7625
9840	0.37074	-44.9703
9850	0.37074	-42.9633
9860	0.37074	-41.8022
9870	0.37074	-42.2404
9880	0.37074	-45.9636
9890	0.37074	-42.057
9900	0.37074	-41.8267
9910	0.37074	-41.8337
9920	0.37074	-42.5465
9930	0.37074	-41.8043
9940	0.37074	-42.3579
9950	0.37074	-43.6612
9960	0.37074	-41.7942
9970	0.37074	-41.8875
9980	0.37074	-41.7503
9990	0.37074	-41.7639
10000	0.37074	-47.3667
