state	power	likelihood
2510	0.773781	-42.4319
2520	0.773781	-41.7855
2530	0.773781	-41.7682
2540	0.773781	-41.7804
2550	0.773781	-41.8185
2560	0.773781	-42.2185
2570	0.773781	-41.7664
2580	0.773781	-42.2142
2590	0.773781	-42.2184
2600	0.773781	-42.5876
2610	0.773781	-42.9547
2620	0.773781	-41.75
2630	0.773781	-41.7747
2640	0.773781	-41.796
2650	0.773781	-42.2997
2660	0.773781	-41.753
2670	0.773781	-41.7835
2680	0.773781	-41.7598
2690	0.773781	-41.8491
2700	0.773781	-41.7636
2710	0.773781	-41.9095
2720	0.773781	-41.9418
2730	0.773781	-42.2019
2740	0.773781	-42.0359
2750	0.773781	-41.751
2760	0.773781	-42.9541
2770	0.773781	-41.847
2780	0.773781	-41.8051
2790	0.773781	-42.015
2800	0.773781	-41.8891
2810	0.773781	-41.769
2820	0.773781	-41.9778
2830	0.773781	-41.7583
2840	0.773781	-42.0599
2850	0.773781	-41.9936
2860	0.773781	-43.3264
2870	0.773781	-41.7656
2880	0.773781	-41.7604
2890	0.773781	-41.944
2900	0.773781	-41.7763
2910	0.773781	-41.8397
2920	0.773781	-41.7508
2930	0.773781	-41.7625
2940	0.773781	-41.789
2950	0.773781	-41.8869
2960	0.773781	-42.2606
2970	0.773781	-41.791
2980	0.773781	-44.7628
2990	0.773781	-42.4754
3000	0.773781	-42.599
3010	0.773781	-41.911
3020	0.773781	-41.7651
3030	0.773781	-41.7523
3040	0.773781	-41.7646
3050	0.773781	-41.8451
3060	0.773781	-41.7654
3070	0.773781	-42.0325
3080	0.773781	-42.0168
3090	0.773781	-41.8214
3100	0.773781	-44.2972
3110	0.773781	-41.9109
3120	0.773781	-41.7924
3130	0.773781	-41.9738
3140	0.773781	-41.9045
3150	0.773781	-41.8398
3160	0.773781	-41.9612
3170	0.773781	-41.7719
3180	0.773781	-41.7942
3190	0.773781	-41.7923
3200	0.773781	-42.4862
3210	0.773781	-41.7646
3220	0.773781	-42.0811
3230	0.773781	-44.005
3240	0.773781	-41.7616
3250	0.773781	-41.9031
3260	0.773781	-41.9727
3270	0.773781	-41.7875
3280	0.773781	-42.0206
3290	0.773781	-42.2792
3300	0.773781	-41.7604
3310	0.773781	-41.8598
3320	0.773781	-46.0692
3330	0.773781	-44.8524
3340	0.773781	-42.2924
3350	0.773781	-41.7638
3360	0.773781	-44.0704
3370	0.773781	-41.7807
3380	0.773781	-41.8547
3390	0.773781	-41.9091
3400	0.773781	-41.8666
3410	0.773781	-41.8182
3420	0.773781	-41.7807
3430	0.773781	-43.4314
3440	0.773781	-41.8363
3450	0.773781	-41.8431
3460	0.773781	-41.7609
3470	0.773781	-41.9802
3480	0.773781	-42.8106
3490	0.773781	-42.0474
3500	0.773781	-41.7505
3510	0.773781	-42.143
3520	0.773781	-42.2336
3530	0.773781	-41.7685
3540	0.773781	-41.8387
3550	0.773781	-41.7882
3560	0.773781	-41.7818
3570	0.773781	-41.7993
3580	0.773781	-41.7746
3590	0.773781	-41.773
3600	0.773781	-41.9623
3610	0.773781	-41.802
3620	0.773781	-41.8986
3630	0.773781	-42.7102
3640	0.773781	-42.5773
3650	0.773781	-41.9769
3660	0.773781	-42.0697
3670	0.773781	-41.7516
3680	0.773781	-41.9121
3690	0.773781	-42.5672
3700	0.773781	-41.8041
3710	0.773781	-41.8447
3720	0.773781	-41.7848
3730	0.773781	-42.2411
3740	0.773781	-41.749
3750	0.773781	-41.763
3760	0.773781	-41.7623
3770	0.773781	-41.8165
3780	0.773781	-42.3493
3790	0.773781	-41.8501
3800	0.773781	-42.5809
3810	0.773781	-41.9509
3820	0.773781	-41.7759
3830	0.773781	-42.4228
3840	0.773781	-41.9405
3850	0.773781	-41.7859
3860	0.773781	-41.9062
3870	0.773781	-41.8541
3880	0.773781	-42.0448
3890	0.773781	-41.7567
3900	0.773781	-41.7864
3910	0.773781	-41.9767
3920	0.773781	-41.9604
3930	0.773781	-41.7576
3940	0.773781	-42.2163
3950	0.773781	-42.0696
3960	0.773781	-41.7702
3970	0.773781	-42.5106
3980	0.773781	-42.9258
3990	0.773781	-41.7551
4000	0.773781	-42.0396
4010	0.773781	-43.5625
4020	0.773781	-41.7567
4030	0.773781	-42.1325
4040	0.773781	-41.7571
4050	0.773781	-41.9702
4060	0.773781	-41.7757
4070	0.773781	-42.9613
4080	0.773781	-41.7848
4090	0.773781	-41.7685
4100	0.773781	-41.8728
4110	0.773781	-41.9087
4120	0.773781	-41.8496
4130	0.773781	-42.3439
4140	0.773781	-41.7518
4150	0.773781	-41.763
4160	0.773781	-41.7941
4170	0.773781	-41.7745
4180	0.773781	-42.0655
4190	0.773781	-41.8393
4200	0.773781	-43.0033
4210	0.773781	-41.7488
4220	0.773781	-42.0349
4230	0.773781	-41.9624
4240	0.773781	-42.0839
4250	0.773781	-42.0709
4260	0.773781	-41.935
4270	0.773781	-42.4599
4280	0.773781	-42.5836
4290	0.773781	-41.7496
4300	0.773781	-41.7535
4310	0.773781	-41.8026
4320	0.773781	-43.0557
4330	0.773781	-42.0096
4340	0.773781	-41.8473
4350	0.773781	-42.1171
4360	0.773781	-41.8198
4370	0.773781	-41.9946
4380	0.773781	-42.2565
4390	0.773781	-41.7616
4400	0.773781	-41.9158
4410	0.773781	-41.906
4420	0.773781	-42.1985
4430	0.773781	-41.9578
4440	0.773781	-41.7761
4450	0.773781	-41.9236
4460	0.773781	-42.1302
4470	0.773781	-41.8267
4480	0.773781	-41.7614
4490	0.773781	-44.38
4500	0.773781	-42.0478
4510	0.773781	-42.095
4520	0.773781	-42.2432
4530	0.773781	-41.8351
4540	0.773781	-42.0416
4550	0.773781	-41.7995
4560	0.773781	-41.8594
4570	0.773781	-42.0702
4580	0.773781	-41.8473
4590	0.773781	-42.1009
4600	0.773781	-41.7557
4610	0.773781	-41.8888
4620	0.773781	-41.7673
4630	0.773781	-41.7528
4640	0.773781	-41.8276
4650	0.773781	-41.7658
4660	0.773781	-42.4181
4670	0.773781	-41.9983
4680	0.773781	-41.784
4690	0.773781	-42.894
4700	0.773781	-46.1496
4710	0.773781	-42.7666
4720	0.773781	-41.9248
4730	0.773781	-41.7781
4740	0.773781	-41.78
4750	0.773781	-42.0126
4760	0.773781	-41.7559
4770	0.773781	-41.8513
4780	0.773781	-42.0146
4790	0.773781	-42.6764
4800	0.773781	-41.8544
4810	0.773781	-41.7528
4820	0.773781	-41.9026
4830	0.773781	-43.7885
4840	0.773781	-41.7483
4850	0.773781	-41.8961
4860	0.773781	-41.7798
4870	0.773781	-41.7961
4880	0.773781	-42.9634
4890	0.773781	-41.7605
4900	0.773781	-41.7979
4910	0.773781	-41.7954
4920	0.773781	-41.9649
4930	0.773781	-41.7643
4940	0.773781	-41.9807
4950	0.773781	-47.5938
4960	0.773781	-41.7513
4970	0.773781	-44.2084
4980	0.773781	-41.7802
4990	0.773781	-41.8262
5000	0.773781	-41.8632
5010	0.773781	-41.7709
5020	0.773781	-42.1659
5030	0.773781	-44.8224
5040	0.773781	-41.8969
5050	0.773781	-41.8358
5060	0.773781	-41.9701
5070	0.773781	-41.7994
5080	0.773781	-42.6068
5090	0.773781	-42.0152
5100	0.773781	-41.7616
5110	0.773781	-41.8355
5120	0.773781	-42.4277
5130	0.773781	-41.9641
5140	0.773781	-41.7853
5150	0.773781	-41.7943
5160	0.773781	-41.7533
5170	0.773781	-43.7623
5180	0.773781	-42.0439
5190	0.773781	-41.7823
5200	0.773781	-42.0474
5210	0.773781	-41.7749
5220	0.773781	-42.1886
5230	0.773781	-41.7542
5240	0.773781	-41.7654
5250	0.773781	-44.446
5260	0.773781	-41.838
5270	0.773781	-43.6206
5280	0.773781	-41.7544
5290	0.773781	-41.7494
5300	0.773781	-42.0976
5310	0.773781	-42.8698
5320	0.773781	-42.7821
5330	0.773781	-42.3447
5340	0.773781	-41.8287
5350	0.773781	-45.2011
5360	0.773781	-41.8781
5370	0.773781	-41.7604
5380	0.773781	-42.8742
5390	0.773781	-41.7903
5400	0.773781	-41.8256
5410	0.773781	-41.777
5420	0.773781	-41.835
5430	0.773781	-42.3463
5440	0.773781	-42.3209
5450	0.773781	-42.0552
5460	0.773781	-41.7609
5470	0.773781	-41.7982
5480	0.773781	-41.878
5490	0.773781	-41.7561
5500	0.773781	-41.943
5510	0.773781	-41.7579
5520	0.773781	-41.7752
5530	0.773781	-42.0289
5540	0.773781	-42.474
5550	0.773781	-41.7942
5560	0.773781	-41.8509
5570	0.773781	-43.642
5580	0.773781	-41.7775
5590	0.773781	-41.7647
5600	0.773781	-42.5299
5610	0.773781	-42.0054
5620	0.773781	-42.0622
5630	0.773781	-41.7592
5640	0.773781	-41.8356
5650	0.773781	-41.7913
5660	0.773781	-41.985
5670	0.773781	-41.9191
5680	0.773781	-41.842
5690	0.773781	-41.7641
5700	0.773781	-41.7988
5710	0.773781	-41.8215
5720	0.773781	-41.9612
5730	0.773781	-41.7608
5740	0.773781	-41.9325
5750	0.773781	-41.8251
5760	0.773781	-41.7642
5770	0.773781	-43.8383
5780	0.773781	-41.7936
5790	0.773781	-41.9962
5800	0.773781	-42.3539
5810	0.773781	-41.9453
5820	0.773781	-41.835
5830	0.773781	-44.228
5840	0.773781	-41.7699
5850	0.773781	-41.7688
5860	0.773781	-41.8125
5870	0.773781	-41.9762
5880	0.773781	-42.1806
5890	0.773781	-41.789
5900	0.773781	-41.8037
5910	0.773781	-41.8846
5920	0.773781	-42.7888
5930	0.773781	-41.7691
5940	0.773781	-42.518
5950	0.773781	-41.8074
5960	0.773781	-41.7745
5970	0.773781	-42.1712
5980	0.773781	-41.7546
5990	0.773781	-41.7599
6000	0.773781	-41.9439
6010	0.773781	-41.7508
6020	0.773781	-42.4101
6030	0.773781	-42.6516
6040	0.773781	-41.869
6050	0.773781	-42.0353
6060	0.773781	-41.7563
6070	0.773781	-41.8928
6080	0.773781	-41.9704
6090	0.773781	-41.9609
6100	0.773781	-42.0371
6110	0.773781	-41.9728
6120	0.773781	-41.7667
6130	0.773781	-41.8082
6140	0.773781	-41.8036
6150	0.773781	-41.7727
6160	0.773781	-41.8776
6170	0.773781	-42.188
6180	0.773781	-41.9253
6190	0.773781	-41.8056
6200	0.773781	-41.7643
6210	0.773781	-41.7663
6220	0.773781	-41.9379
6230	0.773781	-41.9038
6240	0.773781	-41.7733
6250	0.773781	-42.0932
6260	0.773781	-43.467
6270	0.773781	-42.9952
6280	0.773781	-43.7577
6290	0.773781	-42.7129
6300	0.773781	-42.2546
6310	0.773781	-41.7516
6320	0.773781	-41.816
6330	0.773781	-41.8258
6340	0.773781	-41.9981
6350	0.773781	-42.1394
6360	0.773781	-42.1207
6370	0.773781	-41.9632
6380	0.773781	-42.3343
6390	0.773781	-42.2823
6400	0.773781	-41.7511
6410	0.773781	-41.7866
6420	0.773781	-41.8172
6430	0.773781	-41.8094
6440	0.773781	-43.5553
6450	0.773781	-41.8059
6460	0.773781	-41.7537
6470	0.773781	-41.764
6480	0.773781	-41.8461
6490	0.773781	-41.9501
6500	0.773781	-42.0755
6510	0.773781	-43.6676
6520	0.773781	-41.7833
6530	0.773781	-41.7603
6540	0.773781	-41.7709
6550	0.773781	-41.7638
6560	0.773781	-42.9112
6570	0.773781	-41.8072
6580	0.773781	-41.764
6590	0.773781	-41.7693
6600	0.773781	-43.2942
6610	0.773781	-43.1387
6620	0.773781	-41.7838
6630	0.773781	-41.759
6640	0.773781	-41.8255
6650	0.773781	-42.0125
6660	0.773781	-44.9085
6670	0.773781	-41.8601
6680	0.773781	-42.2294
6690	0.773781	-44.008
6700	0.773781	-41.8602
6710	0.773781	-41.7681
6720	0.773781	-42.2481
6730	0.773781	-41.7652
6740	0.773781	-43.013
6750	0.773781	-41.8826
6760	0.773781	-43.1755
6770	0.773781	-41.9726
6780	0.773781	-41.8088
6790	0.773781	-41.8495
6800	0.773781	-43.2498
6810	0.773781	-41.8523
6820	0.773781	-43.681
6830	0.773781	-42.1304
6840	0.773781	-42.2428
6850	0.773781	-41.9265
6860	0.773781	-41.8338
6870	0.773781	-43.7377
6880	0.773781	-41.7849
6890	0.773781	-41.903
6900	0.773781	-42.8029
6910	0.773781	-41.8766
6920	0.773781	-41.9686
6930	0.773781	-41.7501
6940	0.773781	-41.8386
6950	0.773781	-41.8501
6960	0.773781	-43.661
6970	0.773781	-43.3011
6980	0.773781	-41.7961
6990	0.773781	-41.933
7000	0.773781	-41.7662
7010	0.773781	-41.8304
7020	0.773781	-46.6757
7030	0.773781	-41.9459
7040	0.773781	-41.8993
7050	0.773781	-41.7563
7060	0.773781	-41.7623
7070	0.773781	-41.9187
7080	0.773781	-41.8079
7090	0.773781	-42.8683
7100	0.773781	-41.7618
7110	0.773781	-41.8686
7120	0.773781	-41.8365
7130	0.773781	-41.8578
7140	0.773781	-42.1104
7150	0.773781	-41.9657
7160	0.773781	-44.6528
7170	0.773781	-41.782
7180	0.773781	-42.197
7190	0.773781	-41.9496
7200	0.773781	-42.8418
7210	0.773781	-41.7713
7220	0.773781	-41.8215
7230	0.773781	-41.9368
7240	0.773781	-41.8084
7250	0.773781	-42.3364
7260	0.773781	-44.5037
7270	0.773781	-41.9146
7280	0.773781	-43.1488
7290	0.773781	-42.8578
7300	0.773781	-41.9425
7310	0.773781	-42.0957
7320	0.773781	-42.111
7330	0.773781	-42.3522
7340	0.773781	-41.8086
7350	0.773781	-41.7632
7360	0.773781	-42.0098
7370	0.773781	-41.7971
7380	0.773781	-41.8592
7390	0.773781	-41.7567
7400	0.773781	-41.9065
7410	0.773781	-41.9426
7420	0.773781	-42.5151
7430	0.773781	-41.7727
7440	0.773781	-41.7887
7450	0.773781	-43.0986
7460	0.773781	-45.3047
7470	0.773781	-41.7606
7480	0.773781	-41.9441
7490	0.773781	-41.9777
7500	0.773781	-41.7581
7510	0.773781	-41.7955
7520	0.773781	-41.8639
7530	0.773781	-41.7612
7540	0.773781	-42.5279
7550	0.773781	-42.5836
7560	0.773781	-42.1669
7570	0.773781	-41.7697
7580	0.773781	-41.9078
7590	0.773781	-42.6929
7600	0.773781	-42.1157
7610	0.773781	-43.0325
7620	0.773781	-42.0541
7630	0.773781	-41.7789
7640	0.773781	-41.7729
7650	0.773781	-41.8471
7660	0.773781	-41.7594
7670	0.773781	-44.2913
7680	0.773781	-42.0137
7690	0.773781	-41.9557
7700	0.773781	-42.1072
7710	0.773781	-44.1101
7720	0.773781	-43.099
7730	0.773781	-41.7702
7740	0.773781	-41.946
7750	0.773781	-41.8125
7760	0.773781	-42.3583
7770	0.773781	-41.8223
7780	0.773781	-41.8155
7790	0.773781	-41.7594
7800	0.773781	-41.8906
7810	0.773781	-41.9367
7820	0.773781	-42.4579
7830	0.773781	-41.7608
7840	0.773781	-41.8044
7850	0.773781	-42.0145
7860	0.773781	-41.7507
7870	0.773781	-41.7558
7880	0.773781	-41.7713
7890	0.773781	-42.1807
7900	0.773781	-41.8986
7910	0.773781	-43.1069
7920	0.773781	-41.7708
7930	0.773781	-41.9042
7940	0.773781	-41.7885
7950	0.773781	-41.8438
7960	0.773781	-41.9922
7970	0.773781	-41.8155
7980	0.773781	-41.8164
7990	0.773781	-41.8517
8000	0.773781	-41.9914
8010	0.773781	-41.9467
8020	0.773781	-41.8686
8030	0.773781	-41.779
8040	0.773781	-41.7602
8050	0.773781	-42.9975
8060	0.773781	-43.1593
8070	0.773781	-42.047
8080	0.773781	-41.812
8090	0.773781	-41.8081
8100	0.773781	-43.4413
8110	0.773781	-41.8426
8120	0.773781	-41.9789
8130	0.773781	-41.8354
8140	0.773781	-42.0962
8150	0.773781	-42.6978
8160	0.773781	-41.8272
8170	0.773781	-41.8057
8180	0.773781	-42.2901
8190	0.773781	-42.8138
8200	0.773781	-41.8023
8210	0.773781	-41.7726
8220	0.773781	-41.7605
8230	0.773781	-42.1464
8240	0.773781	-41.7649
8250	0.773781	-41.7607
8260	0.773781	-41.7546
8270	0.773781	-42.192
8280	0.773781	-41.7879
8290	0.773781	-42.1286
8300	0.773781	-41.7541
8310	0.773781	-41.8119
8320	0.773781	-41.916
8330	0.773781	-42.2707
8340	0.773781	-42.0092
8350	0.773781	-41.8441
8360	0.773781	-42.0528
8370	0.773781	-41.7612
8380	0.773781	-42.0179
8390	0.773781	-41.8029
8400	0.773781	-42.9746
8410	0.773781	-44.1514
8420	0.773781	-41.7832
8430	0.773781	-41.8258
8440	0.773781	-41.849
8450	0.773781	-41.7494
8460	0.773781	-41.7591
8470	0.773781	-42.0343
8480	0.773781	-42.4303
8490	0.773781	-41.8245
8500	0.773781	-41.8449
8510	0.773781	-41.8608
8520	0.773781	-42.7107
8530	0.773781	-41.7771
8540	0.773781	-41.8038
8550	0.773781	-42.0068
8560	0.773781	-41.9355
8570	0.773781	-42.5408
8580	0.773781	-41.787
8590	0.773781	-41.8129
8600	0.773781	-41.7801
8610	0.773781	-42.0161
8620	0.773781	-41.7597
8630	0.773781	-41.8683
8640	0.773781	-41.8436
8650	0.773781	-41.8371
8660	0.773781	-41.8479
8670	0.773781	-41.7609
8680	0.773781	-41.7553
8690	0.773781	-41.9677
8700	0.773781	-42.94
8710	0.773781	-42.181
8720	0.773781	-43.9186
8730	0.773781	-42.0591
8740	0.773781	-42.1092
8750	0.773781	-41.7851
8760	0.773781	-43.8142
8770	0.773781	-41.7775
8780	0.773781	-42.1094
8790	0.773781	-42.8892
8800	0.773781	-42.2883
8810	0.773781	-42.0505
8820	0.773781	-41.7669
8830	0.773781	-41.7704
8840	0.773781	-41.7624
8850	0.773781	-41.7956
8860	0.773781	-41.8032
8870	0.773781	-42.0897
8880	0.773781	-41.7681
8890	0.773781	-41.7534
8900	0.773781	-41.8058
8910	0.773781	-41.7639
8920	0.773781	-41.8055
8930	0.773781	-41.7758
8940	0.773781	-41.9919
8950	0.773781	-41.7758
8960	0.773781	-43.4417
8970	0.773781	-42.5162
8980	0.773781	-42.0376
8990	0.773781	-41.7774
9000	0.773781	-41.7726
9010	0.773781	-42.0187
9020	0.773781	-41.8829
9030	0.773781	-41.9816
9040	0.773781	-41.8851
9050	0.773781	-41.7854
9060	0.773781	-42.1449
9070	0.773781	-41.8473
9080	0.773781	-41.7715
9090	0.773781	-41.7817
9100	0.773781	-42.3426
9110	0.773781	-41.9151
9120	0.773781	-41.7586
9130	0.773781	-41.9552
9140	0.773781	-41.76
9150	0.773781	-41.9672
9160	0.773781	-41.7983
9170	0.773781	-42.8812
9180	0.773781	-41.9655
9190	0.773781	-41.7754
9200	0.773781	-42.7012
9210	0.773781	-41.7546
9220	0.773781	-41.8118
9230	0.773781	-41.7929
9240	0.773781	-42.7564
9250	0.773781	-42.1346
9260	0.773781	-41.801
9270	0.773781	-43.6043
9280	0.773781	-42.4784
9290	0.773781	-41.7594
9300	0.773781	-41.7591
9310	0.773781	-43.1922
9320	0.773781	-41.9771
9330	0.773781	-41.7966
9340	0.773781	-41.9182
9350	0.773781	-41.7577
9360	0.773781	-41.7581
9370	0.773781	-41.7641
9380	0.773781	-41.7913
9390	0.773781	-41.9204
9400	0.773781	-41.7928
9410	0.773781	-42.0487
9420	0.773781	-41.8296
9430	0.773781	-41.7682
9440	0.773781	-41.7988
9450	0.773781	-42.4971
9460	0.773781	-41.8227
9470	0.773781	-42.3549
9480	0.773781	-41.8167
9490	0.773781	-41.9765
9500	0.773781	-42.3061
9510	0.773781	-42.9647
9520	0.773781	-42.6368
9530	0.773781	-42.1228
9540	0.773781	-41.9409
9550	0.773781	-41.8943
9560	0.773781	-41.7833
9570	0.773781	-41.9518
9580	0.773781	-42.0137
9590	0.773781	-41.9596
9600	0.773781	-41.7498
9610	0.773781	-41.7704
9620	0.773781	-41.8632
9630	0.773781	-42.4371
9640	0.773781	-41.7591
9650	0.773781	-41.7651
9660	0.773781	-41.8613
9670	0.773781	-42.0094
9680	0.773781	-41.8777
9690	0.773781	-42.5256
9700	0.773781	-41.7495
9710	0.773781	-41.9286
9720	0.773781	-42.4651
9730	0.773781	-42.4457
9740	0.773781	-41.8216
9750	0.773781	-41.8121
9760	0.773781	-41.9314
9770	0.773781	-42.0399
9780	0.773781	-42.3082
9790	0.773781	-43.7909
9800	0.773781	-41.8698
9810	0.773781	-41.825
9820	0.773781	-41.8288
9830	0.773781	-41.7982
9840	0.773781	-41.9902
9850	0.773781	-41.8597
9860	0.773781	-41.8144
9870	0.773781	-41.7574
9880	0.773781	-42.3925
9890	0.773781	-43.0848
9900	0.773781	-41.961
9910	0.773781	-41.7938
9920	0.773781	-41.7768
9930	0.773781	-41.7868
9940	0.773781	-41.7681
9950	0.773781	-41.8334
9960	0.773781	-41.8431
9970	0.773781	-41.8471
9980	0.773781	-42.2407
9990	0.773781	-42.21
10000	0.773781	-43.8322
