state	power	likelihood
2510	0.0916133	-41.7662
2520	0.0916133	-49.8088
2530	0.0916133	-42.5174
2540	0.0916133	-41.8365
2550	0.0916133	-41.8297
2560	0.0916133	-42.0324
2570	0.0916133	-43.5081
2580	0.0916133	-42.3911
2590	0.0916133	-61.8493
2600	0.0916133	-41.7724
2610	0.0916133	-44.1701
2620	0.0916133	-41.7779
2630	0.0916133	-43.3377
2640	0.0916133	-41.843
2650	0.0916133	-43.0495
2660	0.0916133	-41.9778
2670	0.0916133	-45.9571
2680	0.0916133	-42.6437
2690	0.0916133	-44.4543
2700	0.0916133	-41.8502
2710	0.0916133	-41.76
2720	0.0916133	-41.7511
2730	0.0916133	-45.1892
2740	0.0916133	-42.6772
2750	0.0916133	-48.2876
2760	0.0916133	-41.7607
2770	0.0916133	-43.3629
2780	0.0916133	-42.1058
2790	0.0916133	-41.7724
2800	0.0916133	-42.1422
2810	0.0916133	-76.8577
2820	0.0916133	-42.5133
2830	0.0916133	-48.0743
2840	0.0916133	-41.8028
2850	0.0916133	-42.1243
2860	0.0916133	-44.4531
2870	0.0916133	-41.8692
2880	0.0916133	-65.484
2890	0.0916133	-46.8955
2900	0.0916133	-43.0466
2910	0.0916133	-46.6983
2920	0.0916133	-41.8007
2930	0.0916133	-41.8022
2940	0.0916133	-43.1038
2950	0.0916133	-61.2505
2960	0.0916133	-43.5423
2970	0.0916133	-41.7679
2980	0.0916133	-41.8042
2990	0.0916133	-49.9751
3000	0.0916133	-42.0575
3010	0.0916133	-42.3896
3020	0.0916133	-58.8217
3030	0.0916133	-44.1458
3040	0.0916133	-42.9284
3050	0.0916133	-43.1335
3060	0.0916133	-44.8427
3070	0.0916133	-62.8674
3080	0.0916133	-41.7834
3090	0.0916133	-42.2517
3100	0.0916133	-44.6894
3110	0.0916133	-42.5339
3120	0.0916133	-42.5966
3130	0.0916133	-41.8425
3140	0.0916133	-42.3227
3150	0.0916133	-41.7614
3160	0.0916133	-42.0366
3170	0.0916133	-41.7576
3180	0.0916133	-46.3888
3190	0.0916133	-41.7516
3200	0.0916133	-47.9606
3210	0.0916133	-41.7653
3220	0.0916133	-42.087
3230	0.0916133	-42.1721
3240	0.0916133	-42.6168
3250	0.0916133	-45.5025
3260	0.0916133	-43.8452
3270	0.0916133	-48.7668
3280	0.0916133	-46.0119
3290	0.0916133	-42.7915
3300	0.0916133	-57.6568
3310	0.0916133	-50.21
3320	0.0916133	-43.5926
3330	0.0916133	-42.194
3340	0.0916133	-41.8306
3350	0.0916133	-41.7745
3360	0.0916133	-41.7724
3370	0.0916133	-41.8931
3380	0.0916133	-41.933
3390	0.0916133	-54.6604
3400	0.0916133	-44.0518
3410	0.0916133	-41.8627
3420	0.0916133	-42.2893
3430	0.0916133	-42.2454
3440	0.0916133	-44.2899
3450	0.0916133	-41.806
3460	0.0916133	-45.7027
3470	0.0916133	-46.1639
3480	0.0916133	-41.7919
3490	0.0916133	-41.902
3500	0.0916133	-51.9228
3510	0.0916133	-41.773
3520	0.0916133	-41.8898
3530	0.0916133	-77.5352
3540	0.0916133	-41.8226
3550	0.0916133	-45.6182
3560	0.0916133	-41.7824
3570	0.0916133	-42.2324
3580	0.0916133	-44.6339
3590	0.0916133	-64.3686
3600	0.0916133	-48.2124
3610	0.0916133	-42.9566
3620	0.0916133	-49.2765
3630	0.0916133	-41.7661
3640	0.0916133	-48.6307
3650	0.0916133	-42.4638
3660	0.0916133	-65.0486
3670	0.0916133	-41.9857
3680	0.0916133	-44.691
3690	0.0916133	-42.2502
3700	0.0916133	-41.7684
3710	0.0916133	-46.5793
3720	0.0916133	-44.2833
3730	0.0916133	-52.2964
3740	0.0916133	-41.7569
3750	0.0916133	-41.7703
3760	0.0916133	-47.6981
3770	0.0916133	-44.0859
3780	0.0916133	-43.0442
3790	0.0916133	-41.8203
3800	0.0916133	-47.302
3810	0.0916133	-44.4804
3820	0.0916133	-42.7948
3830	0.0916133	-57.1798
3840	0.0916133	-41.9119
3850	0.0916133	-44.9042
3860	0.0916133	-41.9968
3870	0.0916133	-44.4619
3880	0.0916133	-50.2898
3890	0.0916133	-42.795
3900	0.0916133	-41.7582
3910	0.0916133	-50.0638
3920	0.0916133	-51.676
3930	0.0916133	-41.9239
3940	0.0916133	-41.8636
3950	0.0916133	-42.3143
3960	0.0916133	-44.8493
3970	0.0916133	-41.7619
3980	0.0916133	-42.9321
3990	0.0916133	-49.2932
4000	0.0916133	-45.9432
4010	0.0916133	-42.9147
4020	0.0916133	-46.5157
4030	0.0916133	-41.7538
4040	0.0916133	-42.2354
4050	0.0916133	-43.2902
4060	0.0916133	-43.5802
4070	0.0916133	-41.7649
4080	0.0916133	-50.9587
4090	0.0916133	-64.6343
4100	0.0916133	-41.8788
4110	0.0916133	-41.8637
4120	0.0916133	-41.8479
4130	0.0916133	-42.2435
4140	0.0916133	-41.9283
4150	0.0916133	-41.7737
4160	0.0916133	-45.3142
4170	0.0916133	-59.6188
4180	0.0916133	-51.9302
4190	0.0916133	-41.7853
4200	0.0916133	-44.1912
4210	0.0916133	-41.8117
4220	0.0916133	-44.0157
4230	0.0916133	-41.763
4240	0.0916133	-43.5247
4250	0.0916133	-64.963
4260	0.0916133	-41.8499
4270	0.0916133	-42.1563
4280	0.0916133	-41.7596
4290	0.0916133	-42.4762
4300	0.0916133	-42.1653
4310	0.0916133	-41.7576
4320	0.0916133	-55.8552
4330	0.0916133	-42.3702
4340	0.0916133	-42.0756
4350	0.0916133	-46.184
4360	0.0916133	-44.9183
4370	0.0916133	-41.7673
4380	0.0916133	-49.4973
4390	0.0916133	-42.0404
4400	0.0916133	-41.8915
4410	0.0916133	-41.9362
4420	0.0916133	-48.8883
4430	0.0916133	-42.2943
4440	0.0916133	-41.884
4450	0.0916133	-41.7562
4460	0.0916133	-41.8731
4470	0.0916133	-41.7566
4480	0.0916133	-41.7835
4490	0.0916133	-41.8366
4500	0.0916133	-44.7167
4510	0.0916133	-59.1364
4520	0.0916133	-41.8114
4530	0.0916133	-44.849
4540	0.0916133	-43.5365
4550	0.0916133	-41.7534
4560	0.0916133	-58.4906
4570	0.0916133	-46.9799
4580	0.0916133	-48.7402
4590	0.0916133	-44.1213
4600	0.0916133	-43.7505
4610	0.0916133	-41.7594
4620	0.0916133	-43.1797
4630	0.0916133	-41.7961
4640	0.0916133	-42.6646
4650	0.0916133	-41.792
4660	0.0916133	-42.928
4670	0.0916133	-41.7922
4680	0.0916133	-45.3336
4690	0.0916133	-42.1687
4700	0.0916133	-42.7959
4710	0.0916133	-42.4817
4720	0.0916133	-44.9804
4730	0.0916133	-42.1456
4740	0.0916133	-41.8376
4750	0.0916133	-41.7857
4760	0.0916133	-41.7574
4770	0.0916133	-41.785
4780	0.0916133	-41.8294
4790	0.0916133	-41.9498
4800	0.0916133	-49.6169
4810	0.0916133	-42.2439
4820	0.0916133	-42.2373
4830	0.0916133	-41.7809
4840	0.0916133	-41.7606
4850	0.0916133	-41.7641
4860	0.0916133	-42.9779
4870	0.0916133	-47.5569
4880	0.0916133	-44.9029
4890	0.0916133	-50.8741
4900	0.0916133	-41.8854
4910	0.0916133	-44.2544
4920	0.0916133	-41.7567
4930	0.0916133	-41.9606
4940	0.0916133	-42.0094
4950	0.0916133	-41.8929
4960	0.0916133	-46.5037
4970	0.0916133	-42.5814
4980	0.0916133	-41.9718
4990	0.0916133	-41.8891
5000	0.0916133	-41.7497
5010	0.0916133	-41.8057
5020	0.0916133	-41.9646
5030	0.0916133	-41.7526
5040	0.0916133	-42.1237
5050	0.0916133	-49.791
5060	0.0916133	-47.5815
5070	0.0916133	-41.7581
5080	0.0916133	-42.8514
5090	0.0916133	-41.8888
5100	0.0916133	-41.788
5110	0.0916133	-47.9979
5120	0.0916133	-53.5928
5130	0.0916133	-67.1397
5140	0.0916133	-42.0767
5150	0.0916133	-41.8093
5160	0.0916133	-44.2176
5170	0.0916133	-57.8805
5180	0.0916133	-47.8989
5190	0.0916133	-42.8663
5200	0.0916133	-42.0032
5210	0.0916133	-41.9341
5220	0.0916133	-42.3713
5230	0.0916133	-41.881
5240	0.0916133	-43.2547
5250	0.0916133	-41.8025
5260	0.0916133	-47.1564
5270	0.0916133	-43.8566
5280	0.0916133	-42.3858
5290	0.0916133	-47.614
5300	0.0916133	-43.068
5310	0.0916133	-42.9135
5320	0.0916133	-42.0807
5330	0.0916133	-43.1324
5340	0.0916133	-42.2024
5350	0.0916133	-42.881
5360	0.0916133	-41.8479
5370	0.0916133	-44.6309
5380	0.0916133	-45.938
5390	0.0916133	-45.5694
5400	0.0916133	-50.3429
5410	0.0916133	-42.5943
5420	0.0916133	-45.0305
5430	0.0916133	-41.9444
5440	0.0916133	-42.6287
5450	0.0916133	-43.4906
5460	0.0916133	-46.3337
5470	0.0916133	-43.3237
5480	0.0916133	-41.9027
5490	0.0916133	-48.4777
5500	0.0916133	-43.2656
5510	0.0916133	-53.9797
5520	0.0916133	-42.1622
5530	0.0916133	-42.5702
5540	0.0916133	-44.8601
5550	0.0916133	-45.23
5560	0.0916133	-41.766
5570	0.0916133	-41.902
5580	0.0916133	-42.6762
5590	0.0916133	-44.9551
5600	0.0916133	-41.8971
5610	0.0916133	-42.0155
5620	0.0916133	-44.6307
5630	0.0916133	-47.0713
5640	0.0916133	-47.878
5650	0.0916133	-41.8831
5660	0.0916133	-55.4734
5670	0.0916133	-41.7641
5680	0.0916133	-44.0482
5690	0.0916133	-41.8968
5700	0.0916133	-45.5599
5710	0.0916133	-41.7831
5720	0.0916133	-50.7121
5730	0.0916133	-42.1325
5740	0.0916133	-42.247
5750	0.0916133	-41.7562
5760	0.0916133	-42.0343
5770	0.0916133	-43.5273
5780	0.0916133	-44.4542
5790	0.0916133	-41.7827
5800	0.0916133	-49.8116
5810	0.0916133	-44.7275
5820	0.0916133	-41.7916
5830	0.0916133	-52.9465
5840	0.0916133	-42.5224
5850	0.0916133	-42.1179
5860	0.0916133	-41.8111
5870	0.0916133	-49.5272
5880	0.0916133	-46.4718
5890	0.0916133	-49.133
5900	0.0916133	-49.4812
5910	0.0916133	-52.0298
5920	0.0916133	-41.9328
5930	0.0916133	-49.6818
5940	0.0916133	-49.9443
5950	0.0916133	-41.9248
5960	0.0916133	-42.575
5970	0.0916133	-42.0742
5980	0.0916133	-42.1196
5990	0.0916133	-42.2401
6000	0.0916133	-53.6576
6010	0.0916133	-42.9033
6020	0.0916133	-51.1295
6030	0.0916133	-41.7944
6040	0.0916133	-45.3049
6050	0.0916133	-44.9343
6060	0.0916133	-48.0394
6070	0.0916133	-43.7461
6080	0.0916133	-42.1345
6090	0.0916133	-49.1422
6100	0.0916133	-41.7918
6110	0.0916133	-47.7048
6120	0.0916133	-44.7695
6130	0.0916133	-41.7486
6140	0.0916133	-42.3716
6150	0.0916133	-44.8765
6160	0.0916133	-41.9236
6170	0.0916133	-41.7775
6180	0.0916133	-42.541
6190	0.0916133	-43.1271
6200	0.0916133	-44.362
6210	0.0916133	-49.2191
6220	0.0916133	-42.2223
6230	0.0916133	-41.9767
6240	0.0916133	-51.7406
6250	0.0916133	-51.8505
6260	0.0916133	-41.7528
6270	0.0916133	-41.7629
6280	0.0916133	-41.7516
6290	0.0916133	-42.5861
6300	0.0916133	-46.7405
6310	0.0916133	-41.8177
6320	0.0916133	-41.9276
6330	0.0916133	-50.5702
6340	0.0916133	-42.1272
6350	0.0916133	-42.8174
6360	0.0916133	-43.4375
6370	0.0916133	-43.9241
6380	0.0916133	-42.0511
6390	0.0916133	-41.8011
6400	0.0916133	-42.9459
6410	0.0916133	-48.4172
6420	0.0916133	-42.0914
6430	0.0916133	-41.9071
6440	0.0916133	-45.8893
6450	0.0916133	-42.2137
6460	0.0916133	-44.3063
6470	0.0916133	-42.1027
6480	0.0916133	-41.8376
6490	0.0916133	-41.9187
6500	0.0916133	-42.1227
6510	0.0916133	-42.5166
6520	0.0916133	-41.7482
6530	0.0916133	-53.7878
6540	0.0916133	-48.0964
6550	0.0916133	-42.4172
6560	0.0916133	-43.8225
6570	0.0916133	-48.3835
6580	0.0916133	-41.8242
6590	0.0916133	-41.7616
6600	0.0916133	-42.6095
6610	0.0916133	-43.6624
6620	0.0916133	-41.8131
6630	0.0916133	-42.8836
6640	0.0916133	-41.7794
6650	0.0916133	-45.2278
6660	0.0916133	-52.1537
6670	0.0916133	-86.4714
6680	0.0916133	-42.3017
6690	0.0916133	-42.5157
6700	0.0916133	-41.9094
6710	0.0916133	-42.8719
6720	0.0916133	-42.1538
6730	0.0916133	-48.6807
6740	0.0916133	-49.9538
6750	0.0916133	-41.7913
6760	0.0916133	-48.154
6770	0.0916133	-42.5527
6780	0.0916133	-43.819
6790	0.0916133	-42.1977
6800	0.0916133	-42.9193
6810	0.0916133	-58.8244
6820	0.0916133	-41.7503
6830	0.0916133	-41.8165
6840	0.0916133	-41.8012
6850	0.0916133	-41.7566
6860	0.0916133	-64.7734
6870	0.0916133	-41.7895
6880	0.0916133	-42.6504
6890	0.0916133	-41.9404
6900	0.0916133	-41.7645
6910	0.0916133	-42.2977
6920	0.0916133	-42.0411
6930	0.0916133	-42.8364
6940	0.0916133	-41.7978
6950	0.0916133	-54.1624
6960	0.0916133	-53.2032
6970	0.0916133	-45.4842
6980	0.0916133	-44.9123
6990	0.0916133	-42.6882
7000	0.0916133	-41.7878
7010	0.0916133	-41.773
7020	0.0916133	-42.0191
7030	0.0916133	-44.5375
7040	0.0916133	-41.8711
7050	0.0916133	-41.9491
7060	0.0916133	-42.9231
7070	0.0916133	-49.0218
7080	0.0916133	-41.8027
7090	0.0916133	-58.2175
7100	0.0916133	-42.1963
7110	0.0916133	-42.2118
7120	0.0916133	-41.8681
7130	0.0916133	-41.7597
7140	0.0916133	-48.891
7150	0.0916133	-47.8392
7160	0.0916133	-56.6495
7170	0.0916133	-41.9532
7180	0.0916133	-42.2255
7190	0.0916133	-42.7177
7200	0.0916133	-44.2122
7210	0.0916133	-41.7753
7220	0.0916133	-44.4062
7230	0.0916133	-43.3824
7240	0.0916133	-42.1306
7250	0.0916133	-48.7697
7260	0.0916133	-42.9627
7270	0.0916133	-41.7717
7280	0.0916133	-41.9703
7290	0.0916133	-41.7835
7300	0.0916133	-41.7817
7310	0.0916133	-57.1496
7320	0.0916133	-42.2538
7330	0.0916133	-47.8436
7340	0.0916133	-42.7822
7350	0.0916133	-45.2204
7360	0.0916133	-41.7939
7370	0.0916133	-54.0339
7380	0.0916133	-43.7216
7390	0.0916133	-41.7567
7400	0.0916133	-43.2442
7410	0.0916133	-41.8268
7420	0.0916133	-41.7999
7430	0.0916133	-42.7176
7440	0.0916133	-41.8794
7450	0.0916133	-45.4348
7460	0.0916133	-41.7611
7470	0.0916133	-41.7756
7480	0.0916133	-53.8479
7490	0.0916133	-41.7627
7500	0.0916133	-42.0454
7510	0.0916133	-42.0317
7520	0.0916133	-64.4314
7530	0.0916133	-41.7703
7540	0.0916133	-41.7656
7550	0.0916133	-41.7996
7560	0.0916133	-57.1123
7570	0.0916133	-42.1119
7580	0.0916133	-41.805
7590	0.0916133	-45.8532
7600	0.0916133	-42.127
7610	0.0916133	-64.6891
7620	0.0916133	-48.6868
7630	0.0916133	-55.9224
7640	0.0916133	-42.181
7650	0.0916133	-42.1248
7660	0.0916133	-42.0837
7670	0.0916133	-41.9981
7680	0.0916133	-41.7685
7690	0.0916133	-41.8358
7700	0.0916133	-46.6014
7710	0.0916133	-41.7974
7720	0.0916133	-41.9052
7730	0.0916133	-41.823
7740	0.0916133	-41.7969
7750	0.0916133	-41.827
7760	0.0916133	-41.7603
7770	0.0916133	-43.4811
7780	0.0916133	-41.7616
7790	0.0916133	-41.7755
7800	0.0916133	-42.0411
7810	0.0916133	-41.8008
7820	0.0916133	-42.0057
7830	0.0916133	-44.4386
7840	0.0916133	-41.7886
7850	0.0916133	-41.784
7860	0.0916133	-69.1227
7870	0.0916133	-43.3896
7880	0.0916133	-55.9415
7890	0.0916133	-45.0948
7900	0.0916133	-45.9315
7910	0.0916133	-44.1538
7920	0.0916133	-41.8506
7930	0.0916133	-43.1106
7940	0.0916133	-45.0857
7950	0.0916133	-42.0878
7960	0.0916133	-54.6121
7970	0.0916133	-41.9484
7980	0.0916133	-42.1097
7990	0.0916133	-44.0118
8000	0.0916133	-44.6848
8010	0.0916133	-42.3965
8020	0.0916133	-41.8119
8030	0.0916133	-41.7546
8040	0.0916133	-44.4585
8050	0.0916133	-46.3597
8060	0.0916133	-59.2705
8070	0.0916133	-41.8011
8080	0.0916133	-41.7984
8090	0.0916133	-44.9296
8100	0.0916133	-41.8104
8110	0.0916133	-42.449
8120	0.0916133	-44.2069
8130	0.0916133	-42.7049
8140	0.0916133	-49.6202
8150	0.0916133	-43.6619
8160	0.0916133	-45.4747
8170	0.0916133	-42.4064
8180	0.0916133	-41.8095
8190	0.0916133	-43.3079
8200	0.0916133	-41.8367
8210	0.0916133	-42.2991
8220	0.0916133	-41.7598
8230	0.0916133	-41.8406
8240	0.0916133	-45.7442
8250	0.0916133	-41.8119
8260	0.0916133	-42.744
8270	0.0916133	-41.8332
8280	0.0916133	-45.1123
8290	0.0916133	-41.772
8300	0.0916133	-42.645
8310	0.0916133	-41.7799
8320	0.0916133	-42.6686
8330	0.0916133	-41.9339
8340	0.0916133	-41.9314
8350	0.0916133	-41.7764
8360	0.0916133	-42.9571
8370	0.0916133	-41.7578
8380	0.0916133	-46.6405
8390	0.0916133	-42.0673
8400	0.0916133	-43.7121
8410	0.0916133	-41.7741
8420	0.0916133	-42.5632
8430	0.0916133	-41.7942
8440	0.0916133	-54.0176
8450	0.0916133	-41.8153
8460	0.0916133	-42.003
8470	0.0916133	-41.8415
8480	0.0916133	-45.4321
8490	0.0916133	-41.7834
8500	0.0916133	-41.8734
8510	0.0916133	-42.6905
8520	0.0916133	-42.0317
8530	0.0916133	-42.3245
8540	0.0916133	-52.937
8550	0.0916133	-41.7995
8560	0.0916133	-46.8175
8570	0.0916133	-41.7899
8580	0.0916133	-46.627
8590	0.0916133	-42.0909
8600	0.0916133	-42.101
8610	0.0916133	-45.1292
8620	0.0916133	-41.8806
8630	0.0916133	-44.8404
8640	0.0916133	-59.012
8650	0.0916133	-50.3688
8660	0.0916133	-41.7535
8670	0.0916133	-41.9015
8680	0.0916133	-42.2522
8690	0.0916133	-41.9765
8700	0.0916133	-51.5263
8710	0.0916133	-42.8907
8720	0.0916133	-41.8572
8730	0.0916133	-41.7858
8740	0.0916133	-55.4032
8750	0.0916133	-41.9668
8760	0.0916133	-42.0453
8770	0.0916133	-41.7817
8780	0.0916133	-42.9737
8790	0.0916133	-47.6533
8800	0.0916133	-46.1001
8810	0.0916133	-56.4202
8820	0.0916133	-43.2396
8830	0.0916133	-66.2372
8840	0.0916133	-51.1878
8850	0.0916133	-48.6062
8860	0.0916133	-41.7714
8870	0.0916133	-42.8015
8880	0.0916133	-41.7615
8890	0.0916133	-48.639
8900	0.0916133	-53.2638
8910	0.0916133	-46.5942
8920	0.0916133	-42.785
8930	0.0916133	-42.8936
8940	0.0916133	-51.533
8950	0.0916133	-41.8952
8960	0.0916133	-43.1324
8970	0.0916133	-49.0676
8980	0.0916133	-55.1529
8990	0.0916133	-41.8502
9000	0.0916133	-54.7416
9010	0.0916133	-44.7779
9020	0.0916133	-42.0087
9030	0.0916133	-43.4061
9040	0.0916133	-42.8923
9050	0.0916133	-41.8064
9060	0.0916133	-45.1539
9070	0.0916133	-48.1591
9080	0.0916133	-43.236
9090	0.0916133	-44.8534
9100	0.0916133	-44.7573
9110	0.0916133	-81.0802
9120	0.0916133	-43.2638
9130	0.0916133	-42.037
9140	0.0916133	-54.085
9150	0.0916133	-53.1618
9160	0.0916133	-41.8816
9170	0.0916133	-45.0984
9180	0.0916133	-43.4883
9190	0.0916133	-42.8604
9200	0.0916133	-80.0227
9210	0.0916133	-44.2539
9220	0.0916133	-41.7584
9230	0.0916133	-41.8945
9240	0.0916133	-41.8935
9250	0.0916133	-43.4457
9260	0.0916133	-43.8181
9270	0.0916133	-42.0501
9280	0.0916133	-42.1382
9290	0.0916133	-50.2235
9300	0.0916133	-44.1361
9310	0.0916133	-46.6992
9320	0.0916133	-41.772
9330	0.0916133	-42.2277
9340	0.0916133	-44.1732
9350	0.0916133	-42.4827
9360	0.0916133	-41.7774
9370	0.0916133	-41.8533
9380	0.0916133	-41.7593
9390	0.0916133	-44.5376
9400	0.0916133	-53.9981
9410	0.0916133	-45.8065
9420	0.0916133	-42.0345
9430	0.0916133	-43.362
9440	0.0916133	-68.2316
9450	0.0916133	-42.3283
9460	0.0916133	-41.9
9470	0.0916133	-42.8434
9480	0.0916133	-41.8086
9490	0.0916133	-43.9663
9500	0.0916133	-50.063
9510	0.0916133	-44.4094
9520	0.0916133	-58.0059
9530	0.0916133	-47.1318
9540	0.0916133	-41.7631
9550	0.0916133	-44.3447
9560	0.0916133	-49.3633
9570	0.0916133	-41.833
9580	0.0916133	-48.0206
9590	0.0916133	-41.7644
9600	0.0916133	-44.8545
9610	0.0916133	-41.7612
9620	0.0916133	-46.2555
9630	0.0916133	-41.7648
9640	0.0916133	-45.5745
9650	0.0916133	-42.8009
9660	0.0916133	-41.9226
9670	0.0916133	-49.326
9680	0.0916133	-41.8706
9690	0.0916133	-42.5059
9700	0.0916133	-41.7671
9710	0.0916133	-49.9145
9720	0.0916133	-45.5029
9730	0.0916133	-53.868
9740	0.0916133	-46.3669
9750	0.0916133	-50.2463
9760	0.0916133	-42.5142
9770	0.0916133	-44.5178
9780	0.0916133	-44.152
9790	0.0916133	-46.3992
9800	0.0916133	-52.7093
9810	0.0916133	-59.1699
9820	0.0916133	-41.8421
9830	0.0916133	-45.2372
9840	0.0916133	-42.2234
9850	0.0916133	-41.9065
9860	0.0916133	-44.7839
9870	0.0916133	-42.0468
9880	0.0916133	-41.8446
9890	0.0916133	-49.9398
9900	0.0916133	-52.1621
9910	0.0916133	-41.8179
9920	0.0916133	-41.8178
9930	0.0916133	-42.2719
9940	0.0916133	-41.7699
9950	0.0916133	-69.699
9960	0.0916133	-43.6703
9970	0.0916133	-41.8476
9980	0.0916133	-49.8147
9990	0.0916133	-42.5402
10000	0.0916133	-41.8569
