state	power	likelihood
2510	0.0184528	-44.1536
2520	0.0184528	-90.562
2530	0.0184528	-45.4616
2540	0.0184528	-41.9503
2550	0.0184528	-41.8161
2560	0.0184528	-45.7807
2570	0.0184528	-41.9609
2580	0.0184528	-42.9465
2590	0.0184528	-44.2253
2600	0.0184528	-49.4261
2610	0.0184528	-42.2256
2620	0.0184528	-50.0173
2630	0.0184528	-54.7811
2640	0.0184528	-41.7585
2650	0.0184528	-41.8378
2660	0.0184528	-41.9478
2670	0.0184528	-41.8621
2680	0.0184528	-43.8892
2690	0.0184528	-48.1033
2700	0.0184528	-48.1582
2710	0.0184528	-56.2637
2720	0.0184528	-66.8856
2730	0.0184528	-54.4121
2740	0.0184528	-45.986
2750	0.0184528	-42.8684
2760	0.0184528	-45.6918
2770	0.0184528	-60.0412
2780	0.0184528	-46.4485
2790	0.0184528	-42.0392
2800	0.0184528	-41.9304
2810	0.0184528	-41.8045
2820	0.0184528	-55.055
2830	0.0184528	-43.1614
2840	0.0184528	-46.5539
2850	0.0184528	-41.9181
2860	0.0184528	-78.2735
2870	0.0184528	-44.3002
2880	0.0184528	-54.6939
2890	0.0184528	-149.586
2900	0.0184528	-49.6007
2910	0.0184528	-41.8319
2920	0.0184528	-73.2086
2930	0.0184528	-90.6955
2940	0.0184528	-42.2708
2950	0.0184528	-42.4288
2960	0.0184528	-68.4113
2970	0.0184528	-42.4813
2980	0.0184528	-43.6601
2990	0.0184528	-48.6311
3000	0.0184528	-41.9066
3010	0.0184528	-45.139
3020	0.0184528	-45.1676
3030	0.0184528	-45.4627
3040	0.0184528	-42.0164
3050	0.0184528	-41.8738
3060	0.0184528	-44.5463
3070	0.0184528	-49.109
3080	0.0184528	-66.2239
3090	0.0184528	-44.08
3100	0.0184528	-61.7036
3110	0.0184528	-43.1256
3120	0.0184528	-41.7847
3130	0.0184528	-54.5756
3140	0.0184528	-54.0495
3150	0.0184528	-42.7823
3160	0.0184528	-58.3982
3170	0.0184528	-46.3978
3180	0.0184528	-45.869
3190	0.0184528	-47.2629
3200	0.0184528	-41.7664
3210	0.0184528	-91.7594
3220	0.0184528	-42.3147
3230	0.0184528	-42.5061
3240	0.0184528	-41.75
3250	0.0184528	-55.8285
3260	0.0184528	-43.2461
3270	0.0184528	-87.0902
3280	0.0184528	-67.2241
3290	0.0184528	-42.4728
3300	0.0184528	-101.423
3310	0.0184528	-42.5085
3320	0.0184528	-47.5443
3330	0.0184528	-43.3519
3340	0.0184528	-41.7686
3350	0.0184528	-61.3406
3360	0.0184528	-41.9481
3370	0.0184528	-42.0375
3380	0.0184528	-60.9235
3390	0.0184528	-89.6779
3400	0.0184528	-44.9019
3410	0.0184528	-42.9023
3420	0.0184528	-60.9262
3430	0.0184528	-52.7084
3440	0.0184528	-81.4486
3450	0.0184528	-41.7979
3460	0.0184528	-47.2044
3470	0.0184528	-52.5189
3480	0.0184528	-54.144
3490	0.0184528	-41.8293
3500	0.0184528	-54.4783
3510	0.0184528	-42.1981
3520	0.0184528	-41.9313
3530	0.0184528	-43.4031
3540	0.0184528	-88.6115
3550	0.0184528	-41.7802
3560	0.0184528	-62.4915
3570	0.0184528	-43.3775
3580	0.0184528	-45.5246
3590	0.0184528	-46.0201
3600	0.0184528	-41.8257
3610	0.0184528	-41.7574
3620	0.0184528	-41.773
3630	0.0184528	-55.0129
3640	0.0184528	-42.6619
3650	0.0184528	-58.037
3660	0.0184528	-41.8176
3670	0.0184528	-58.9042
3680	0.0184528	-50.0884
3690	0.0184528	-41.7947
3700	0.0184528	-42.4312
3710	0.0184528	-48.9012
3720	0.0184528	-41.7708
3730	0.0184528	-53.6783
3740	0.0184528	-44.3185
3750	0.0184528	-41.9816
3760	0.0184528	-46.8615
3770	0.0184528	-41.7872
3780	0.0184528	-43.6706
3790	0.0184528	-47.4072
3800	0.0184528	-42.5756
3810	0.0184528	-41.9696
3820	0.0184528	-41.7865
3830	0.0184528	-50.4719
3840	0.0184528	-52.7587
3850	0.0184528	-54.1433
3860	0.0184528	-42.696
3870	0.0184528	-80.9699
3880	0.0184528	-97.1023
3890	0.0184528	-41.7504
3900	0.0184528	-66.5458
3910	0.0184528	-41.7522
3920	0.0184528	-41.7945
3930	0.0184528	-42.1958
3940	0.0184528	-44.5597
3950	0.0184528	-95.3723
3960	0.0184528	-42.2399
3970	0.0184528	-41.8267
3980	0.0184528	-44.369
3990	0.0184528	-49.0369
4000	0.0184528	-67.229
4010	0.0184528	-63.1069
4020	0.0184528	-46.163
4030	0.0184528	-50.149
4040	0.0184528	-74.2483
4050	0.0184528	-41.8003
4060	0.0184528	-45.2836
4070	0.0184528	-42.466
4080	0.0184528	-41.7861
4090	0.0184528	-44.5448
4100	0.0184528	-42.0144
4110	0.0184528	-55.3819
4120	0.0184528	-60.6528
4130	0.0184528	-43.4112
4140	0.0184528	-41.8834
4150	0.0184528	-46.352
4160	0.0184528	-53.4907
4170	0.0184528	-50.0313
4180	0.0184528	-97.6959
4190	0.0184528	-85.9714
4200	0.0184528	-41.7998
4210	0.0184528	-56.7675
4220	0.0184528	-42.0204
4230	0.0184528	-41.9225
4240	0.0184528	-44.8122
4250	0.0184528	-41.7593
4260	0.0184528	-45.6895
4270	0.0184528	-41.8662
4280	0.0184528	-42.4565
4290	0.0184528	-58.8766
4300	0.0184528	-41.8117
4310	0.0184528	-43.4669
4320	0.0184528	-45.3146
4330	0.0184528	-63.6842
4340	0.0184528	-42.3342
4350	0.0184528	-68.2777
4360	0.0184528	-46.8993
4370	0.0184528	-49.1622
4380	0.0184528	-42.5088
4390	0.0184528	-83.7032
4400	0.0184528	-41.7611
4410	0.0184528	-42.12
4420	0.0184528	-79.8112
4430	0.0184528	-71.5275
4440	0.0184528	-99.601
4450	0.0184528	-49.9057
4460	0.0184528	-47.7332
4470	0.0184528	-42.5728
4480	0.0184528	-66.5676
4490	0.0184528	-42.6726
4500	0.0184528	-41.952
4510	0.0184528	-41.7753
4520	0.0184528	-42.7854
4530	0.0184528	-42.3201
4540	0.0184528	-51.642
4550	0.0184528	-41.7488
4560	0.0184528	-71.1193
4570	0.0184528	-47.393
4580	0.0184528	-44.9902
4590	0.0184528	-71.555
4600	0.0184528	-42.677
4610	0.0184528	-47.9992
4620	0.0184528	-46.9266
4630	0.0184528	-41.7744
4640	0.0184528	-42.0183
4650	0.0184528	-41.7601
4660	0.0184528	-41.8232
4670	0.0184528	-42.0913
4680	0.0184528	-43.9225
4690	0.0184528	-58.5114
4700	0.0184528	-41.7773
4710	0.0184528	-42.4572
4720	0.0184528	-41.9068
4730	0.0184528	-45.4158
4740	0.0184528	-60.7302
4750	0.0184528	-42.8741
4760	0.0184528	-41.7915
4770	0.0184528	-41.8504
4780	0.0184528	-43.7533
4790	0.0184528	-41.7559
4800	0.0184528	-42.822
4810	0.0184528	-84.9564
4820	0.0184528	-48.5818
4830	0.0184528	-41.8283
4840	0.0184528	-49.3543
4850	0.0184528	-44.3071
4860	0.0184528	-55.8024
4870	0.0184528	-65.8697
4880	0.0184528	-42.3112
4890	0.0184528	-58.6783
4900	0.0184528	-49.3037
4910	0.0184528	-47.1604
4920	0.0184528	-42.78
4930	0.0184528	-41.7995
4940	0.0184528	-42.4399
4950	0.0184528	-103.106
4960	0.0184528	-42.6783
4970	0.0184528	-49.6769
4980	0.0184528	-49.7036
4990	0.0184528	-59.835
5000	0.0184528	-41.7555
5010	0.0184528	-45.4074
5020	0.0184528	-76.5627
5030	0.0184528	-41.8503
5040	0.0184528	-44.0868
5050	0.0184528	-59.8175
5060	0.0184528	-96.495
5070	0.0184528	-41.8649
5080	0.0184528	-42.2466
5090	0.0184528	-42.0269
5100	0.0184528	-41.7511
5110	0.0184528	-41.8043
5120	0.0184528	-41.8696
5130	0.0184528	-41.8617
5140	0.0184528	-95.1686
5150	0.0184528	-44.9678
5160	0.0184528	-46.9414
5170	0.0184528	-47.6092
5180	0.0184528	-61.5406
5190	0.0184528	-45.1507
5200	0.0184528	-44.9168
5210	0.0184528	-60.9706
5220	0.0184528	-58.403
5230	0.0184528	-44.851
5240	0.0184528	-41.7646
5250	0.0184528	-45.686
5260	0.0184528	-42.897
5270	0.0184528	-44.6119
5280	0.0184528	-77.5096
5290	0.0184528	-46.9252
5300	0.0184528	-41.9195
5310	0.0184528	-43.0476
5320	0.0184528	-45.3814
5330	0.0184528	-53.2524
5340	0.0184528	-85.6883
5350	0.0184528	-42.9882
5360	0.0184528	-47.6042
5370	0.0184528	-70.9543
5380	0.0184528	-43.63
5390	0.0184528	-64.7002
5400	0.0184528	-42.1257
5410	0.0184528	-93.403
5420	0.0184528	-73.0807
5430	0.0184528	-46.5334
5440	0.0184528	-44.3518
5450	0.0184528	-65.438
5460	0.0184528	-45.4218
5470	0.0184528	-41.7558
5480	0.0184528	-41.9554
5490	0.0184528	-41.7807
5500	0.0184528	-48.575
5510	0.0184528	-42.6429
5520	0.0184528	-59.5246
5530	0.0184528	-47.1238
5540	0.0184528	-41.977
5550	0.0184528	-44.0536
5560	0.0184528	-41.8337
5570	0.0184528	-41.7627
5580	0.0184528	-42.9673
5590	0.0184528	-47.228
5600	0.0184528	-41.7494
5610	0.0184528	-41.9707
5620	0.0184528	-42.468
5630	0.0184528	-43.844
5640	0.0184528	-46.772
5650	0.0184528	-45.7157
5660	0.0184528	-42.218
5670	0.0184528	-46.2447
5680	0.0184528	-41.7703
5690	0.0184528	-63.6574
5700	0.0184528	-45.2409
5710	0.0184528	-81.3296
5720	0.0184528	-47.6216
5730	0.0184528	-50.1349
5740	0.0184528	-41.7505
5750	0.0184528	-68.3563
5760	0.0184528	-68.2862
5770	0.0184528	-64.4761
5780	0.0184528	-44.2381
5790	0.0184528	-41.7548
5800	0.0184528	-41.9557
5810	0.0184528	-59.8689
5820	0.0184528	-42.309
5830	0.0184528	-67.3802
5840	0.0184528	-43.7016
5850	0.0184528	-83.7102
5860	0.0184528	-41.7665
5870	0.0184528	-49.5826
5880	0.0184528	-42.431
5890	0.0184528	-61.7755
5900	0.0184528	-42.7232
5910	0.0184528	-46.4051
5920	0.0184528	-47.6173
5930	0.0184528	-63.7829
5940	0.0184528	-56.1023
5950	0.0184528	-67.1652
5960	0.0184528	-47.7876
5970	0.0184528	-68.6178
5980	0.0184528	-42.3171
5990	0.0184528	-44.0784
6000	0.0184528	-43.2348
6010	0.0184528	-57.9446
6020	0.0184528	-41.7752
6030	0.0184528	-41.951
6040	0.0184528	-129.585
6050	0.0184528	-42.5556
6060	0.0184528	-41.8608
6070	0.0184528	-42.5581
6080	0.0184528	-59.3287
6090	0.0184528	-41.7598
6100	0.0184528	-66.8086
6110	0.0184528	-42.4551
6120	0.0184528	-55.2287
6130	0.0184528	-41.9037
6140	0.0184528	-42.5393
6150	0.0184528	-57.3443
6160	0.0184528	-47.101
6170	0.0184528	-42.3342
6180	0.0184528	-60.0077
6190	0.0184528	-41.7724
6200	0.0184528	-45.9925
6210	0.0184528	-50.0548
6220	0.0184528	-61.005
6230	0.0184528	-44.2173
6240	0.0184528	-42.0718
6250	0.0184528	-42.7841
6260	0.0184528	-62.7824
6270	0.0184528	-47.584
6280	0.0184528	-41.9191
6290	0.0184528	-41.7777
6300	0.0184528	-41.9455
6310	0.0184528	-69.2974
6320	0.0184528	-53.425
6330	0.0184528	-42.3006
6340	0.0184528	-44.7934
6350	0.0184528	-64.3949
6360	0.0184528	-63.6066
6370	0.0184528	-100.082
6380	0.0184528	-51.8868
6390	0.0184528	-42.9356
6400	0.0184528	-58.7923
6410	0.0184528	-45.8349
6420	0.0184528	-62.2205
6430	0.0184528	-45.3613
6440	0.0184528	-44.0961
6450	0.0184528	-56.3693
6460	0.0184528	-41.7625
6470	0.0184528	-59.9529
6480	0.0184528	-95.4656
6490	0.0184528	-45.1875
6500	0.0184528	-41.8666
6510	0.0184528	-41.8258
6520	0.0184528	-48.3668
6530	0.0184528	-50.2465
6540	0.0184528	-65.2107
6550	0.0184528	-44.6233
6560	0.0184528	-41.8301
6570	0.0184528	-54.8137
6580	0.0184528	-111.577
6590	0.0184528	-49.1386
6600	0.0184528	-62.8842
6610	0.0184528	-71.2504
6620	0.0184528	-45.6958
6630	0.0184528	-42.7552
6640	0.0184528	-59.7439
6650	0.0184528	-64.0025
6660	0.0184528	-57.4783
6670	0.0184528	-41.9045
6680	0.0184528	-41.8239
6690	0.0184528	-68.8178
6700	0.0184528	-41.7794
6710	0.0184528	-42.2356
6720	0.0184528	-57.2444
6730	0.0184528	-43.789
6740	0.0184528	-41.9005
6750	0.0184528	-45.4542
6760	0.0184528	-44.2462
6770	0.0184528	-44.7964
6780	0.0184528	-75.9265
6790	0.0184528	-41.7727
6800	0.0184528	-46.0798
6810	0.0184528	-49.479
6820	0.0184528	-41.99
6830	0.0184528	-62.7235
6840	0.0184528	-65.7313
6850	0.0184528	-41.7928
6860	0.0184528	-53.7946
6870	0.0184528	-108.718
6880	0.0184528	-43.1208
6890	0.0184528	-41.8647
6900	0.0184528	-50.2522
6910	0.0184528	-41.863
6920	0.0184528	-42.7599
6930	0.0184528	-74.3205
6940	0.0184528	-62.7654
6950	0.0184528	-41.773
6960	0.0184528	-50.817
6970	0.0184528	-42.8346
6980	0.0184528	-42.038
6990	0.0184528	-41.8016
7000	0.0184528	-49.891
7010	0.0184528	-45.2206
7020	0.0184528	-41.7861
7030	0.0184528	-41.8984
7040	0.0184528	-45.7968
7050	0.0184528	-54.5049
7060	0.0184528	-54.1146
7070	0.0184528	-42.9995
7080	0.0184528	-55.7686
7090	0.0184528	-52.2749
7100	0.0184528	-80.5885
7110	0.0184528	-43.6164
7120	0.0184528	-48.5928
7130	0.0184528	-43.0707
7140	0.0184528	-116.921
7150	0.0184528	-42.2207
7160	0.0184528	-42.9743
7170	0.0184528	-41.9429
7180	0.0184528	-138.395
7190	0.0184528	-44.5898
7200	0.0184528	-43.0736
7210	0.0184528	-41.7494
7220	0.0184528	-41.8915
7230	0.0184528	-41.7955
7240	0.0184528	-95.3874
7250	0.0184528	-45.1056
7260	0.0184528	-44.372
7270	0.0184528	-41.7913
7280	0.0184528	-42.0674
7290	0.0184528	-63.9218
7300	0.0184528	-50.5074
7310	0.0184528	-44.5501
7320	0.0184528	-41.8762
7330	0.0184528	-49.7589
7340	0.0184528	-46.8477
7350	0.0184528	-43.9018
7360	0.0184528	-57.7666
7370	0.0184528	-41.8297
7380	0.0184528	-41.7592
7390	0.0184528	-41.915
7400	0.0184528	-42.1495
7410	0.0184528	-51.2319
7420	0.0184528	-42.815
7430	0.0184528	-55.5407
7440	0.0184528	-41.7703
7450	0.0184528	-80.9126
7460	0.0184528	-52.4697
7470	0.0184528	-48.3942
7480	0.0184528	-52.246
7490	0.0184528	-53.531
7500	0.0184528	-41.7576
7510	0.0184528	-58.2619
7520	0.0184528	-49.7786
7530	0.0184528	-41.7638
7540	0.0184528	-57.6945
7550	0.0184528	-64.0377
7560	0.0184528	-45.9092
7570	0.0184528	-60.3637
7580	0.0184528	-44.2381
7590	0.0184528	-42.124
7600	0.0184528	-41.7619
7610	0.0184528	-63.7826
7620	0.0184528	-56.5269
7630	0.0184528	-55.8039
7640	0.0184528	-141.623
7650	0.0184528	-46.518
7660	0.0184528	-59.3286
7670	0.0184528	-41.8076
7680	0.0184528	-44.1589
7690	0.0184528	-153.065
7700	0.0184528	-61.596
7710	0.0184528	-52.7897
7720	0.0184528	-44.2894
7730	0.0184528	-42.605
7740	0.0184528	-44.3859
7750	0.0184528	-47.4803
7760	0.0184528	-41.8382
7770	0.0184528	-42.5872
7780	0.0184528	-102.141
7790	0.0184528	-136.85
7800	0.0184528	-71.6793
7810	0.0184528	-41.8491
7820	0.0184528	-43.1188
7830	0.0184528	-43.9154
7840	0.0184528	-41.9031
7850	0.0184528	-41.7489
7860	0.0184528	-50.7798
7870	0.0184528	-41.8995
7880	0.0184528	-42.3234
7890	0.0184528	-47.8968
7900	0.0184528	-81.2142
7910	0.0184528	-61.962
7920	0.0184528	-42.5409
7930	0.0184528	-59.0904
7940	0.0184528	-41.8671
7950	0.0184528	-41.9255
7960	0.0184528	-67.9555
7970	0.0184528	-41.809
7980	0.0184528	-41.7643
7990	0.0184528	-46.0315
8000	0.0184528	-41.8227
8010	0.0184528	-55.2445
8020	0.0184528	-43.0475
8030	0.0184528	-41.7819
8040	0.0184528	-113.456
8050	0.0184528	-51.6525
8060	0.0184528	-63.6087
8070	0.0184528	-44.277
8080	0.0184528	-41.7613
8090	0.0184528	-55.5027
8100	0.0184528	-41.7962
8110	0.0184528	-48.7332
8120	0.0184528	-41.8527
8130	0.0184528	-51.0577
8140	0.0184528	-70.233
8150	0.0184528	-44.5285
8160	0.0184528	-41.9169
8170	0.0184528	-41.8756
8180	0.0184528	-41.8234
8190	0.0184528	-41.8126
8200	0.0184528	-43.1211
8210	0.0184528	-44.4943
8220	0.0184528	-55.9147
8230	0.0184528	-58.5734
8240	0.0184528	-46.0552
8250	0.0184528	-41.7703
8260	0.0184528	-44.632
8270	0.0184528	-41.7684
8280	0.0184528	-44.4798
8290	0.0184528	-60.5383
8300	0.0184528	-47.737
8310	0.0184528	-42.3955
8320	0.0184528	-42.4894
8330	0.0184528	-42.2313
8340	0.0184528	-41.7738
8350	0.0184528	-92.2585
8360	0.0184528	-42.0272
8370	0.0184528	-41.7724
8380	0.0184528	-42.0025
8390	0.0184528	-46.9326
8400	0.0184528	-48.5281
8410	0.0184528	-42.2287
8420	0.0184528	-43.0283
8430	0.0184528	-42.2529
8440	0.0184528	-42.1581
8450	0.0184528	-41.9623
8460	0.0184528	-42.2067
8470	0.0184528	-45.5652
8480	0.0184528	-41.7623
8490	0.0184528	-41.7937
8500	0.0184528	-72.2176
8510	0.0184528	-50.6906
8520	0.0184528	-42.2978
8530	0.0184528	-66.035
8540	0.0184528	-47.3841
8550	0.0184528	-46.5777
8560	0.0184528	-42.5579
8570	0.0184528	-41.928
8580	0.0184528	-41.8507
8590	0.0184528	-57.6379
8600	0.0184528	-55.5571
8610	0.0184528	-77.2205
8620	0.0184528	-44.8867
8630	0.0184528	-43.4221
8640	0.0184528	-105.971
8650	0.0184528	-56.3987
8660	0.0184528	-42.6869
8670	0.0184528	-58.5819
8680	0.0184528	-51.2264
8690	0.0184528	-41.7619
8700	0.0184528	-43.6716
8710	0.0184528	-41.8921
8720	0.0184528	-48.3638
8730	0.0184528	-64.3594
8740	0.0184528	-42.52
8750	0.0184528	-44.1148
8760	0.0184528	-42.8936
8770	0.0184528	-111.435
8780	0.0184528	-48.7922
8790	0.0184528	-45.6513
8800	0.0184528	-93.5826
8810	0.0184528	-41.7721
8820	0.0184528	-46.7012
8830	0.0184528	-53.455
8840	0.0184528	-41.7719
8850	0.0184528	-69.8237
8860	0.0184528	-61.1339
8870	0.0184528	-46.9367
8880	0.0184528	-51.3013
8890	0.0184528	-63.1534
8900	0.0184528	-45.2176
8910	0.0184528	-41.769
8920	0.0184528	-44.1104
8930	0.0184528	-41.7736
8940	0.0184528	-88.2199
8950	0.0184528	-46.2195
8960	0.0184528	-41.7602
8970	0.0184528	-64.2853
8980	0.0184528	-41.8071
8990	0.0184528	-41.9375
9000	0.0184528	-68.3979
9010	0.0184528	-53.9988
9020	0.0184528	-41.9006
9030	0.0184528	-43.0592
9040	0.0184528	-43.5261
9050	0.0184528	-43.1146
9060	0.0184528	-41.7547
9070	0.0184528	-90.8315
9080	0.0184528	-41.8333
9090	0.0184528	-43.5888
9100	0.0184528	-48.7722
9110	0.0184528	-42.0971
9120	0.0184528	-43.5185
9130	0.0184528	-43.4016
9140	0.0184528	-84.1858
9150	0.0184528	-41.9078
9160	0.0184528	-48.2141
9170	0.0184528	-45.01
9180	0.0184528	-47.1202
9190	0.0184528	-61.0237
9200	0.0184528	-41.7854
9210	0.0184528	-55.0422
9220	0.0184528	-47.0981
9230	0.0184528	-58.2622
9240	0.0184528	-84.9071
9250	0.0184528	-54.8212
9260	0.0184528	-70.7125
9270	0.0184528	-58.8351
9280	0.0184528	-58.7427
9290	0.0184528	-58.7406
9300	0.0184528	-48.3378
9310	0.0184528	-45.4594
9320	0.0184528	-45.853
9330	0.0184528	-43.4685
9340	0.0184528	-44.2796
9350	0.0184528	-49.2711
9360	0.0184528	-42.0875
9370	0.0184528	-56.3275
9380	0.0184528	-46.4339
9390	0.0184528	-41.7639
9400	0.0184528	-43.6028
9410	0.0184528	-57.9317
9420	0.0184528	-46.0148
9430	0.0184528	-41.7517
9440	0.0184528	-48.1352
9450	0.0184528	-42.6205
9460	0.0184528	-44.3114
9470	0.0184528	-43.1538
9480	0.0184528	-42.1119
9490	0.0184528	-45.5425
9500	0.0184528	-60.7884
9510	0.0184528	-43.5495
9520	0.0184528	-55.6214
9530	0.0184528	-50.9447
9540	0.0184528	-50.4646
9550	0.0184528	-43.296
9560	0.0184528	-65.6835
9570	0.0184528	-42.3237
9580	0.0184528	-82.6659
9590	0.0184528	-68.9668
9600	0.0184528	-46.7353
9610	0.0184528	-66.9568
9620	0.0184528	-41.7763
9630	0.0184528	-41.7758
9640	0.0184528	-41.7882
9650	0.0184528	-43.8369
9660	0.0184528	-41.879
9670	0.0184528	-42.3096
9680	0.0184528	-58.2654
9690	0.0184528	-67.3452
9700	0.0184528	-42.8805
9710	0.0184528	-54.1937
9720	0.0184528	-53.4208
9730	0.0184528	-81.0172
9740	0.0184528	-55.6477
9750	0.0184528	-83.132
9760	0.0184528	-41.8412
9770	0.0184528	-56.183
9780	0.0184528	-50.0492
9790	0.0184528	-45.1513
9800	0.0184528	-41.7528
9810	0.0184528	-55.724
9820	0.0184528	-47.6667
9830	0.0184528	-41.7605
9840	0.0184528	-43.281
9850	0.0184528	-43.0253
9860	0.0184528	-41.7686
9870	0.0184528	-82.6744
9880	0.0184528	-44.9129
9890	0.0184528	-42.4474
9900	0.0184528	-66.7697
9910	0.0184528	-59.7179
9920	0.0184528	-44.3145
9930	0.0184528	-45.2004
9940	0.0184528	-47.8767
9950	0.0184528	-42.0826
9960	0.0184528	-43.4426
9970	0.0184528	-45.2853
9980	0.0184528	-52.7486
9990	0.0184528	-43.0556
10000	0.0184528	-55.5139
