state	power	likelihood
2510	1.024e-07	-51.5516
2520	1.024e-07	-77.3788
2530	1.024e-07	-45.3874
2540	1.024e-07	-58.3115
2550	1.024e-07	-43.7521
2560	1.024e-07	-41.7884
2570	1.024e-07	-42.9739
2580	1.024e-07	-51.3963
2590	1.024e-07	-51.6568
2600	1.024e-07	-60.4029
2610	1.024e-07	-127.813
2620	1.024e-07	-61.4305
2630	1.024e-07	-44.7412
2640	1.024e-07	-41.7855
2650	1.024e-07	-46.9942
2660	1.024e-07	-48.6528
2670	1.024e-07	-60.9074
2680	1.024e-07	-76.8656
2690	1.024e-07	-70.9273
2700	1.024e-07	-66.6576
2710	1.024e-07	-42.9135
2720	1.024e-07	-42.0535
2730	1.024e-07	-184.003
2740	1.024e-07	-41.8398
2750	1.024e-07	-91.201
2760	1.024e-07	-50.6521
2770	1.024e-07	-45.7941
2780	1.024e-07	-43.9431
2790	1.024e-07	-41.7732
2800	1.024e-07	-137.254
2810	1.024e-07	-52.2563
2820	1.024e-07	-71.2762
2830	1.024e-07	-44.5971
2840	1.024e-07	-66.3026
2850	1.024e-07	-42.5778
2860	1.024e-07	-46.0513
2870	1.024e-07	-113.609
2880	1.024e-07	-75.6324
2890	1.024e-07	-44.346
2900	1.024e-07	-41.8909
2910	1.024e-07	-42.7502
2920	1.024e-07	-72.2178
2930	1.024e-07	-42.1455
2940	1.024e-07	-49.9668
2950	1.024e-07	-43.0214
2960	1.024e-07	-65.308
2970	1.024e-07	-41.8156
2980	1.024e-07	-74.8142
2990	1.024e-07	-80.1653
3000	1.024e-07	-41.8336
3010	1.024e-07	-95.3286
3020	1.024e-07	-60.5347
3030	1.024e-07	-45.6187
3040	1.024e-07	-41.9688
3050	1.024e-07	-58.601
3060	1.024e-07	-42.0115
3070	1.024e-07	-47.5285
3080	1.024e-07	-47.2692
3090	1.024e-07	-109.87
3100	1.024e-07	-41.7767
3110	1.024e-07	-44.4275
3120	1.024e-07	-41.8814
3130	1.024e-07	-42.011
3140	1.024e-07	-41.8109
3150	1.024e-07	-43.5913
3160	1.024e-07	-43.4882
3170	1.024e-07	-66.4111
3180	1.024e-07	-43.8829
3190	1.024e-07	-87.9975
3200	1.024e-07	-51.5419
3210	1.024e-07	-47.1962
3220	1.024e-07	-41.7828
3230	1.024e-07	-54.1087
3240	1.024e-07	-85.179
3250	1.024e-07	-62.3876
3260	1.024e-07	-43.1137
3270	1.024e-07	-54.6846
3280	1.024e-07	-41.9318
3290	1.024e-07	-90.5233
3300	1.024e-07	-41.7648
3310	1.024e-07	-60.248
3320	1.024e-07	-45.741
3330	1.024e-07	-95.8208
3340	1.024e-07	-43.9105
3350	1.024e-07	-52.2482
3360	1.024e-07	-44.8725
3370	1.024e-07	-49.1362
3380	1.024e-07	-80.4629
3390	1.024e-07	-100.851
3400	1.024e-07	-41.7604
3410	1.024e-07	-44.3364
3420	1.024e-07	-45.1494
3430	1.024e-07	-63.5521
3440	1.024e-07	-118.796
3450	1.024e-07	-41.8017
3460	1.024e-07	-41.7599
3470	1.024e-07	-81.201
3480	1.024e-07	-41.8724
3490	1.024e-07	-54.1775
3500	1.024e-07	-95.9256
3510	1.024e-07	-43.4508
3520	1.024e-07	-41.849
3530	1.024e-07	-62.7241
3540	1.024e-07	-48.1407
3550	1.024e-07	-43.037
3560	1.024e-07	-50.656
3570	1.024e-07	-46.0741
3580	1.024e-07	-116.694
3590	1.024e-07	-41.7778
3600	1.024e-07	-48.0018
3610	1.024e-07	-43.8685
3620	1.024e-07	-52.5379
3630	1.024e-07	-42.5628
3640	1.024e-07	-53.7107
3650	1.024e-07	-41.7584
3660	1.024e-07	-69.5928
3670	1.024e-07	-41.7768
3680	1.024e-07	-64.5594
3690	1.024e-07	-46.7153
3700	1.024e-07	-41.7641
3710	1.024e-07	-41.9687
3720	1.024e-07	-53.2708
3730	1.024e-07	-46.1838
3740	1.024e-07	-46.6595
3750	1.024e-07	-42.1711
3760	1.024e-07	-41.7538
3770	1.024e-07	-41.8579
3780	1.024e-07	-59.8334
3790	1.024e-07	-72.5345
3800	1.024e-07	-62.327
3810	1.024e-07	-42.2951
3820	1.024e-07	-150.678
3830	1.024e-07	-46.5828
3840	1.024e-07	-45.5967
3850	1.024e-07	-51.4536
3860	1.024e-07	-64.9855
3870	1.024e-07	-41.9857
3880	1.024e-07	-64.5678
3890	1.024e-07	-119.032
3900	1.024e-07	-42.1859
3910	1.024e-07	-42.1429
3920	1.024e-07	-45.1979
3930	1.024e-07	-42.4136
3940	1.024e-07	-41.8113
3950	1.024e-07	-81.7759
3960	1.024e-07	-80.1333
3970	1.024e-07	-126.59
3980	1.024e-07	-41.7935
3990	1.024e-07	-50.5781
4000	1.024e-07	-91.8376
4010	1.024e-07	-84.0802
4020	1.024e-07	-84.263
4030	1.024e-07	-43.4965
4040	1.024e-07	-103.751
4050	1.024e-07	-41.8233
4060	1.024e-07	-50.7671
4070	1.024e-07	-49.4259
4080	1.024e-07	-41.9931
4090	1.024e-07	-73.0928
4100	1.024e-07	-41.9233
4110	1.024e-07	-54.3282
4120	1.024e-07	-41.8013
4130	1.024e-07	-90.4482
4140	1.024e-07	-46.6606
4150	1.024e-07	-41.8149
4160	1.024e-07	-42.9886
4170	1.024e-07	-124.305
4180	1.024e-07	-41.8559
4190	1.024e-07	-41.8707
4200	1.024e-07	-53.0263
4210	1.024e-07	-46.4723
4220	1.024e-07	-53.5533
4230	1.024e-07	-60.795
4240	1.024e-07	-51.4146
4250	1.024e-07	-60.3564
4260	1.024e-07	-97.9572
4270	1.024e-07	-41.7653
4280	1.024e-07	-96.1152
4290	1.024e-07	-71.1158
4300	1.024e-07	-91.8242
4310	1.024e-07	-66.1697
4320	1.024e-07	-46.5723
4330	1.024e-07	-41.7811
4340	1.024e-07	-53.6665
4350	1.024e-07	-85.8983
4360	1.024e-07	-47.4304
4370	1.024e-07	-41.769
4380	1.024e-07	-49.0279
4390	1.024e-07	-41.9867
4400	1.024e-07	-42.2957
4410	1.024e-07	-44.4769
4420	1.024e-07	-42.6866
4430	1.024e-07	-49.9729
4440	1.024e-07	-62.3026
4450	1.024e-07	-63.0452
4460	1.024e-07	-73.3894
4470	1.024e-07	-43.9283
4480	1.024e-07	-52.9859
4490	1.024e-07	-41.773
4500	1.024e-07	-45.9152
4510	1.024e-07	-41.8118
4520	1.024e-07	-101.476
4530	1.024e-07	-43.0669
4540	1.024e-07	-48.5545
4550	1.024e-07	-43.3801
4560	1.024e-07	-56.7577
4570	1.024e-07	-65.5995
4580	1.024e-07	-122.011
4590	1.024e-07	-61.3084
4600	1.024e-07	-142.152
4610	1.024e-07	-41.8394
4620	1.024e-07	-69.9106
4630	1.024e-07	-43.5575
4640	1.024e-07	-46.4613
4650	1.024e-07	-43.399
4660	1.024e-07	-59.6337
4670	1.024e-07	-102.649
4680	1.024e-07	-42.3048
4690	1.024e-07	-45.3598
4700	1.024e-07	-47.9688
4710	1.024e-07	-42.264
4720	1.024e-07	-41.8562
4730	1.024e-07	-72.0241
4740	1.024e-07	-74.9477
4750	1.024e-07	-54.4858
4760	1.024e-07	-47.5308
4770	1.024e-07	-87.077
4780	1.024e-07	-41.8178
4790	1.024e-07	-76.0631
4800	1.024e-07	-138.569
4810	1.024e-07	-51.6934
4820	1.024e-07	-134.85
4830	1.024e-07	-42.2677
4840	1.024e-07	-41.7847
4850	1.024e-07	-113.272
4860	1.024e-07	-46.1311
4870	1.024e-07	-41.7605
4880	1.024e-07	-62.6045
4890	1.024e-07	-62.529
4900	1.024e-07	-122.639
4910	1.024e-07	-79.8114
4920	1.024e-07	-43.4958
4930	1.024e-07	-57.2862
4940	1.024e-07	-46.4133
4950	1.024e-07	-67.2399
4960	1.024e-07	-41.7852
4970	1.024e-07	-41.9967
4980	1.024e-07	-44.7836
4990	1.024e-07	-41.7593
5000	1.024e-07	-45.302
5010	1.024e-07	-41.7801
5020	1.024e-07	-43.069
5030	1.024e-07	-41.7678
5040	1.024e-07	-95.1008
5050	1.024e-07	-46.3131
5060	1.024e-07	-51.9528
5070	1.024e-07	-48.914
5080	1.024e-07	-64.3525
5090	1.024e-07	-79.5951
5100	1.024e-07	-52.8971
5110	1.024e-07	-42.1598
5120	1.024e-07	-58.4589
5130	1.024e-07	-44.5559
5140	1.024e-07	-41.8003
5150	1.024e-07	-59.799
5160	1.024e-07	-70.9685
5170	1.024e-07	-42.48
5180	1.024e-07	-43.1522
5190	1.024e-07	-72.002
5200	1.024e-07	-41.9787
5210	1.024e-07	-58.9217
5220	1.024e-07	-50.3117
5230	1.024e-07	-51.5357
5240	1.024e-07	-48.5671
5250	1.024e-07	-44.4902
5260	1.024e-07	-46.5471
5270	1.024e-07	-43.3366
5280	1.024e-07	-43.5032
5290	1.024e-07	-62.8235
5300	1.024e-07	-80.84
5310	1.024e-07	-45.6276
5320	1.024e-07	-46.8202
5330	1.024e-07	-68.5885
5340	1.024e-07	-48.0446
5350	1.024e-07	-41.9721
5360	1.024e-07	-45.5635
5370	1.024e-07	-110.533
5380	1.024e-07	-47.2858
5390	1.024e-07	-43.3898
5400	1.024e-07	-52.7664
5410	1.024e-07	-45.5888
5420	1.024e-07	-64.315
5430	1.024e-07	-44.2017
5440	1.024e-07	-44.5158
5450	1.024e-07	-41.8727
5460	1.024e-07	-63.3178
5470	1.024e-07	-42.8173
5480	1.024e-07	-57.448
5490	1.024e-07	-42.7536
5500	1.024e-07	-62.6457
5510	1.024e-07	-42.0876
5520	1.024e-07	-41.9201
5530	1.024e-07	-41.7856
5540	1.024e-07	-48.9258
5550	1.024e-07	-48.8357
5560	1.024e-07	-45.2288
5570	1.024e-07	-49.1811
5580	1.024e-07	-41.754
5590	1.024e-07	-56.9495
5600	1.024e-07	-51.5656
5610	1.024e-07	-54.9477
5620	1.024e-07	-88.6963
5630	1.024e-07	-42.9647
5640	1.024e-07	-99.9372
5650	1.024e-07	-63.5397
5660	1.024e-07	-44.0123
5670	1.024e-07	-57.3899
5680	1.024e-07	-41.8882
5690	1.024e-07	-41.9122
5700	1.024e-07	-42.0759
5710	1.024e-07	-96.4558
5720	1.024e-07	-48.3734
5730	1.024e-07	-46.172
5740	1.024e-07	-121.929
5750	1.024e-07	-49.5794
5760	1.024e-07	-113.363
5770	1.024e-07	-98.8405
5780	1.024e-07	-44.7176
5790	1.024e-07	-41.8177
5800	1.024e-07	-46.4494
5810	1.024e-07	-52.5366
5820	1.024e-07	-41.9505
5830	1.024e-07	-44.52
5840	1.024e-07	-106.715
5850	1.024e-07	-54.9577
5860	1.024e-07	-43.8781
5870	1.024e-07	-43.0759
5880	1.024e-07	-44.85
5890	1.024e-07	-85.8995
5900	1.024e-07	-62.8651
5910	1.024e-07	-67.9822
5920	1.024e-07	-42.5679
5930	1.024e-07	-43.2274
5940	1.024e-07	-75.5882
5950	1.024e-07	-62.2381
5960	1.024e-07	-41.9173
5970	1.024e-07	-51.2495
5980	1.024e-07	-119.612
5990	1.024e-07	-51.9947
6000	1.024e-07	-41.9191
6010	1.024e-07	-41.7651
6020	1.024e-07	-77.0549
6030	1.024e-07	-66.3403
6040	1.024e-07	-45.6728
6050	1.024e-07	-101.888
6060	1.024e-07	-42.9515
6070	1.024e-07	-48.9964
6080	1.024e-07	-51.2791
6090	1.024e-07	-81.9449
6100	1.024e-07	-41.8561
6110	1.024e-07	-55.3129
6120	1.024e-07	-41.7887
6130	1.024e-07	-73.9941
6140	1.024e-07	-60.4814
6150	1.024e-07	-98.8734
6160	1.024e-07	-42.9093
6170	1.024e-07	-44.1822
6180	1.024e-07	-64.5439
6190	1.024e-07	-41.8184
6200	1.024e-07	-143.95
6210	1.024e-07	-44.7179
6220	1.024e-07	-41.7929
6230	1.024e-07	-42.1664
6240	1.024e-07	-55.6872
6250	1.024e-07	-86.968
6260	1.024e-07	-108.288
6270	1.024e-07	-62.2815
6280	1.024e-07	-52.1325
6290	1.024e-07	-55.5676
6300	1.024e-07	-84.8339
6310	1.024e-07	-50.2378
6320	1.024e-07	-48.4825
6330	1.024e-07	-71.5212
6340	1.024e-07	-86.48
6350	1.024e-07	-68.7176
6360	1.024e-07	-45.3598
6370	1.024e-07	-94.6233
6380	1.024e-07	-51.7929
6390	1.024e-07	-50.8285
6400	1.024e-07	-56.2276
6410	1.024e-07	-67.8171
6420	1.024e-07	-58.6596
6430	1.024e-07	-41.7837
6440	1.024e-07	-41.8425
6450	1.024e-07	-184.612
6460	1.024e-07	-46.5266
6470	1.024e-07	-41.927
6480	1.024e-07	-41.7954
6490	1.024e-07	-172.335
6500	1.024e-07	-42.3949
6510	1.024e-07	-176.719
6520	1.024e-07	-54.0978
6530	1.024e-07	-75.983
6540	1.024e-07	-47.9317
6550	1.024e-07	-199.766
6560	1.024e-07	-42.2062
6570	1.024e-07	-42.8016
6580	1.024e-07	-42.208
6590	1.024e-07	-41.8227
6600	1.024e-07	-42.8877
6610	1.024e-07	-84.913
6620	1.024e-07	-92.2926
6630	1.024e-07	-131.892
6640	1.024e-07	-43.4577
6650	1.024e-07	-67.5141
6660	1.024e-07	-62.1406
6670	1.024e-07	-62.4666
6680	1.024e-07	-67.344
6690	1.024e-07	-42.4682
6700	1.024e-07	-99.1304
6710	1.024e-07	-78.42
6720	1.024e-07	-98.4239
6730	1.024e-07	-41.8315
6740	1.024e-07	-43.5182
6750	1.024e-07	-45.5179
6760	1.024e-07	-46.6767
6770	1.024e-07	-44.285
6780	1.024e-07	-41.9814
6790	1.024e-07	-43.381
6800	1.024e-07	-82.1765
6810	1.024e-07	-66.7864
6820	1.024e-07	-48.8077
6830	1.024e-07	-63.591
6840	1.024e-07	-44.012
6850	1.024e-07	-43.271
6860	1.024e-07	-41.7649
6870	1.024e-07	-101.987
6880	1.024e-07	-41.8544
6890	1.024e-07	-62.8198
6900	1.024e-07	-67.0065
6910	1.024e-07	-42.0729
6920	1.024e-07	-42.4538
6930	1.024e-07	-44.5251
6940	1.024e-07	-41.8339
6950	1.024e-07	-44.2312
6960	1.024e-07	-71.4799
6970	1.024e-07	-71.3063
6980	1.024e-07	-43.3445
6990	1.024e-07	-42.1053
7000	1.024e-07	-209.172
7010	1.024e-07	-41.7656
7020	1.024e-07	-58.6355
7030	1.024e-07	-70.1389
7040	1.024e-07	-42.0581
7050	1.024e-07	-45.3107
7060	1.024e-07	-62.3087
7070	1.024e-07	-78.4292
7080	1.024e-07	-42.2729
7090	1.024e-07	-67.7403
7100	1.024e-07	-66.2379
7110	1.024e-07	-55.2103
7120	1.024e-07	-41.9003
7130	1.024e-07	-58.9012
7140	1.024e-07	-41.8615
7150	1.024e-07	-65.1458
7160	1.024e-07	-45.9367
7170	1.024e-07	-41.9555
7180	1.024e-07	-103.481
7190	1.024e-07	-47.4799
7200	1.024e-07	-85.6404
7210	1.024e-07	-42.3324
7220	1.024e-07	-50.1371
7230	1.024e-07	-42.3428
7240	1.024e-07	-41.8491
7250	1.024e-07	-58.6786
7260	1.024e-07	-48.0825
7270	1.024e-07	-125.864
7280	1.024e-07	-41.7532
7290	1.024e-07	-41.7562
7300	1.024e-07	-42.0673
7310	1.024e-07	-42.7259
7320	1.024e-07	-47.1565
7330	1.024e-07	-76.7096
7340	1.024e-07	-86.623
7350	1.024e-07	-46.6749
7360	1.024e-07	-146.99
7370	1.024e-07	-43.1478
7380	1.024e-07	-72.6224
7390	1.024e-07	-50.5046
7400	1.024e-07	-95.531
7410	1.024e-07	-45.6689
7420	1.024e-07	-124.037
7430	1.024e-07	-44.6966
7440	1.024e-07	-41.9135
7450	1.024e-07	-87.8651
7460	1.024e-07	-45.0052
7470	1.024e-07	-65.6773
7480	1.024e-07	-71.723
7490	1.024e-07	-43.9781
7500	1.024e-07	-87.8777
7510	1.024e-07	-81.3826
7520	1.024e-07	-51.1774
7530	1.024e-07	-49.3223
7540	1.024e-07	-73.9812
7550	1.024e-07	-46.273
7560	1.024e-07	-41.8024
7570	1.024e-07	-41.84
7580	1.024e-07	-41.8413
7590	1.024e-07	-41.9524
7600	1.024e-07	-42.1722
7610	1.024e-07	-45.3301
7620	1.024e-07	-52.4092
7630	1.024e-07	-83.2466
7640	1.024e-07	-47.917
7650	1.024e-07	-78.4694
7660	1.024e-07	-61.9817
7670	1.024e-07	-43.9917
7680	1.024e-07	-69.9885
7690	1.024e-07	-41.9079
7700	1.024e-07	-94.5196
7710	1.024e-07	-108.246
7720	1.024e-07	-46.2343
7730	1.024e-07	-44.7089
7740	1.024e-07	-44.1633
7750	1.024e-07	-41.8712
7760	1.024e-07	-58.4138
7770	1.024e-07	-53.7058
7780	1.024e-07	-50.5231
7790	1.024e-07	-43.2225
7800	1.024e-07	-43.6085
7810	1.024e-07	-76.9931
7820	1.024e-07	-41.7715
7830	1.024e-07	-54.8976
7840	1.024e-07	-41.7978
7850	1.024e-07	-42.8809
7860	1.024e-07	-42.5932
7870	1.024e-07	-62.5369
7880	1.024e-07	-56.1409
7890	1.024e-07	-42.469
7900	1.024e-07	-92.4621
7910	1.024e-07	-48.6129
7920	1.024e-07	-46.0582
7930	1.024e-07	-58.6977
7940	1.024e-07	-46.4106
7950	1.024e-07	-66.2077
7960	1.024e-07	-92.3619
7970	1.024e-07	-108.104
7980	1.024e-07	-41.8347
7990	1.024e-07	-41.8588
8000	1.024e-07	-46.7099
8010	1.024e-07	-45.5477
8020	1.024e-07	-41.9353
8030	1.024e-07	-41.8337
8040	1.024e-07	-41.8105
8050	1.024e-07	-58.1592
8060	1.024e-07	-92.1173
8070	1.024e-07	-85.8544
8080	1.024e-07	-65.6639
8090	1.024e-07	-73.3698
8100	1.024e-07	-83.3947
8110	1.024e-07	-41.7842
8120	1.024e-07	-55.4085
8130	1.024e-07	-78.0008
8140	1.024e-07	-42.3975
8150	1.024e-07	-42.2313
8160	1.024e-07	-51.4632
8170	1.024e-07	-95.9105
8180	1.024e-07	-47.5586
8190	1.024e-07	-86.0286
8200	1.024e-07	-42.3349
8210	1.024e-07	-41.7595
8220	1.024e-07	-42.2064
8230	1.024e-07	-64.0576
8240	1.024e-07	-41.794
8250	1.024e-07	-48.2877
8260	1.024e-07	-44.8006
8270	1.024e-07	-43.0026
8280	1.024e-07	-79.3873
8290	1.024e-07	-46.4196
8300	1.024e-07	-47.1735
8310	1.024e-07	-42.9885
8320	1.024e-07	-44.2301
8330	1.024e-07	-41.8807
8340	1.024e-07	-46.659
8350	1.024e-07	-100.461
8360	1.024e-07	-41.8403
8370	1.024e-07	-48.07
8380	1.024e-07	-58.037
8390	1.024e-07	-130.102
8400	1.024e-07	-55.841
8410	1.024e-07	-80.5017
8420	1.024e-07	-50.7353
8430	1.024e-07	-71.9479
8440	1.024e-07	-56.8154
8450	1.024e-07	-64.3207
8460	1.024e-07	-43.1775
8470	1.024e-07	-42.4013
8480	1.024e-07	-73.606
8490	1.024e-07	-61.6963
8500	1.024e-07	-43.2538
8510	1.024e-07	-43.3707
8520	1.024e-07	-84.3944
8530	1.024e-07	-42.3767
8540	1.024e-07	-61.9503
8550	1.024e-07	-42.9369
8560	1.024e-07	-41.8231
8570	1.024e-07	-64.593
8580	1.024e-07	-41.9028
8590	1.024e-07	-43.8349
8600	1.024e-07	-63.3383
8610	1.024e-07	-41.7598
8620	1.024e-07	-72.511
8630	1.024e-07	-44.062
8640	1.024e-07	-42.0787
8650	1.024e-07	-92.1352
8660	1.024e-07	-42.0775
8670	1.024e-07	-45.7937
8680	1.024e-07	-44.1614
8690	1.024e-07	-46.6264
8700	1.024e-07	-52.0257
8710	1.024e-07	-42.4438
8720	1.024e-07	-64.9046
8730	1.024e-07	-43.6687
8740	1.024e-07	-43.739
8750	1.024e-07	-87.6066
8760	1.024e-07	-46.1626
8770	1.024e-07	-65.3825
8780	1.024e-07	-41.7948
8790	1.024e-07	-55.7482
8800	1.024e-07	-42.7885
8810	1.024e-07	-69.3464
8820	1.024e-07	-56.5037
8830	1.024e-07	-112.085
8840	1.024e-07	-43.7613
8850	1.024e-07	-61.0393
8860	1.024e-07	-58.6022
8870	1.024e-07	-66.8935
8880	1.024e-07	-89.8258
8890	1.024e-07	-68.1579
8900	1.024e-07	-55.6861
8910	1.024e-07	-60.4205
8920	1.024e-07	-41.8882
8930	1.024e-07	-50.3852
8940	1.024e-07	-49.327
8950	1.024e-07	-42.0355
8960	1.024e-07	-50.3274
8970	1.024e-07	-55.4277
8980	1.024e-07	-67.4813
8990	1.024e-07	-61.7986
9000	1.024e-07	-54.7236
9010	1.024e-07	-48.8294
9020	1.024e-07	-64.1932
9030	1.024e-07	-55.3057
9040	1.024e-07	-41.787
9050	1.024e-07	-42.5254
9060	1.024e-07	-155.466
9070	1.024e-07	-41.8633
9080	1.024e-07	-41.772
9090	1.024e-07	-71.8243
9100	1.024e-07	-45.5082
9110	1.024e-07	-94.5843
9120	1.024e-07	-41.8073
9130	1.024e-07	-41.7826
9140	1.024e-07	-44.1457
9150	1.024e-07	-41.7623
9160	1.024e-07	-41.7484
9170	1.024e-07	-42.3027
9180	1.024e-07	-41.7814
9190	1.024e-07	-86.8514
9200	1.024e-07	-48.9386
9210	1.024e-07	-50.0828
9220	1.024e-07	-42.6564
9230	1.024e-07	-43.4918
9240	1.024e-07	-45.0547
9250	1.024e-07	-53.4917
9260	1.024e-07	-42.3468
9270	1.024e-07	-43.1449
9280	1.024e-07	-41.7606
9290	1.024e-07	-43.4479
9300	1.024e-07	-41.7604
9310	1.024e-07	-41.7621
9320	1.024e-07	-44.7552
9330	1.024e-07	-62.8141
9340	1.024e-07	-71.109
9350	1.024e-07	-44.5504
9360	1.024e-07	-41.86
9370	1.024e-07	-41.9377
9380	1.024e-07	-101.152
9390	1.024e-07	-51.6538
9400	1.024e-07	-88.7854
9410	1.024e-07	-45.7625
9420	1.024e-07	-53.6295
9430	1.024e-07	-60.5969
9440	1.024e-07	-42.0233
9450	1.024e-07	-43.3038
9460	1.024e-07	-41.7656
9470	1.024e-07	-68.6215
9480	1.024e-07	-42.6621
9490	1.024e-07	-71.5299
9500	1.024e-07	-51.7245
9510	1.024e-07	-41.8125
9520	1.024e-07	-43.5053
9530	1.024e-07	-46.0835
9540	1.024e-07	-135.171
9550	1.024e-07	-43.167
9560	1.024e-07	-42.4751
9570	1.024e-07	-91.6647
9580	1.024e-07	-41.7641
9590	1.024e-07	-41.7998
9600	1.024e-07	-62.0626
9610	1.024e-07	-44.5352
9620	1.024e-07	-41.796
9630	1.024e-07	-41.7946
9640	1.024e-07	-72.5484
9650	1.024e-07	-48.3844
9660	1.024e-07	-91.5107
9670	1.024e-07	-41.761
9680	1.024e-07	-43.6971
9690	1.024e-07	-42.4867
9700	1.024e-07	-69.9822
9710	1.024e-07	-48.9225
9720	1.024e-07	-43.4319
9730	1.024e-07	-57.7421
9740	1.024e-07	-81.369
9750	1.024e-07	-41.7742
9760	1.024e-07	-48.486
9770	1.024e-07	-66.937
9780	1.024e-07	-41.7711
9790	1.024e-07	-101.672
9800	1.024e-07	-41.7622
9810	1.024e-07	-42.2758
9820	1.024e-07	-44.0168
9830	1.024e-07	-44.5123
9840	1.024e-07	-41.9806
9850	1.024e-07	-42.3915
9860	1.024e-07	-41.8626
9870	1.024e-07	-54.8247
9880	1.024e-07	-42.8037
9890	1.024e-07	-58.4069
9900	1.024e-07	-41.768
9910	1.024e-07	-42.241
9920	1.024e-07	-44.0844
9930	1.024e-07	-89.9221
9940	1.024e-07	-57.4719
9950	1.024e-07	-81.4482
9960	1.024e-07	-80.576
9970	1.024e-07	-41.8875
9980	1.024e-07	-46.2657
9990	1.024e-07	-42.7696
10000	1.024e-07	-144.903
