state	power	likelihood
2510	0.558406	-41.7902
2520	0.558406	-42.984
2530	0.558406	-42.0336
2540	0.558406	-45.2184
2550	0.558406	-41.7933
2560	0.558406	-42.46
2570	0.558406	-41.9351
2580	0.558406	-41.8461
2590	0.558406	-42.7905
2600	0.558406	-41.822
2610	0.558406	-42.9279
2620	0.558406	-47.9191
2630	0.558406	-41.9312
2640	0.558406	-41.8345
2650	0.558406	-43.1251
2660	0.558406	-41.8618
2670	0.558406	-42.2801
2680	0.558406	-43.0706
2690	0.558406	-42.3406
2700	0.558406	-43.5073
2710	0.558406	-41.7596
2720	0.558406	-43.7976
2730	0.558406	-41.7629
2740	0.558406	-41.7694
2750	0.558406	-41.8825
2760	0.558406	-43.6489
2770	0.558406	-41.9384
2780	0.558406	-41.7692
2790	0.558406	-41.7958
2800	0.558406	-41.9221
2810	0.558406	-42.1093
2820	0.558406	-41.9743
2830	0.558406	-43.8634
2840	0.558406	-41.7669
2850	0.558406	-42.11
2860	0.558406	-41.8571
2870	0.558406	-41.7741
2880	0.558406	-41.7657
2890	0.558406	-42.493
2900	0.558406	-41.7616
2910	0.558406	-41.7722
2920	0.558406	-41.7707
2930	0.558406	-42.7727
2940	0.558406	-41.7527
2950	0.558406	-45.4105
2960	0.558406	-41.7948
2970	0.558406	-44.0556
2980	0.558406	-42.9903
2990	0.558406	-42.6833
3000	0.558406	-41.9529
3010	0.558406	-41.8924
3020	0.558406	-44.2235
3030	0.558406	-41.8491
3040	0.558406	-42.6275
3050	0.558406	-41.9021
3060	0.558406	-41.7997
3070	0.558406	-41.9194
3080	0.558406	-42.1746
3090	0.558406	-41.7638
3100	0.558406	-41.7827
3110	0.558406	-42.0585
3120	0.558406	-41.7495
3130	0.558406	-41.7623
3140	0.558406	-41.7657
3150	0.558406	-41.8801
3160	0.558406	-41.9003
3170	0.558406	-41.803
3180	0.558406	-41.8617
3190	0.558406	-41.7693
3200	0.558406	-41.771
3210	0.558406	-43.1767
3220	0.558406	-41.8544
3230	0.558406	-42.5132
3240	0.558406	-41.8817
3250	0.558406	-41.8603
3260	0.558406	-45.5295
3270	0.558406	-42.8293
3280	0.558406	-41.7801
3290	0.558406	-41.7503
3300	0.558406	-41.871
3310	0.558406	-41.8586
3320	0.558406	-42.2274
3330	0.558406	-42.2551
3340	0.558406	-41.7787
3350	0.558406	-42.2359
3360	0.558406	-42.1802
3370	0.558406	-41.9521
3380	0.558406	-43.3309
3390	0.558406	-41.8113
3400	0.558406	-41.7805
3410	0.558406	-41.7652
3420	0.558406	-42.7897
3430	0.558406	-44.516
3440	0.558406	-41.7881
3450	0.558406	-42.4813
3460	0.558406	-41.9003
3470	0.558406	-43.848
3480	0.558406	-44.0697
3490	0.558406	-41.8123
3500	0.558406	-42.0345
3510	0.558406	-42.3402
3520	0.558406	-41.7795
3530	0.558406	-41.7947
3540	0.558406	-42.1505
3550	0.558406	-44.4135
3560	0.558406	-41.7933
3570	0.558406	-41.7597
3580	0.558406	-41.804
3590	0.558406	-41.9554
3600	0.558406	-42.2065
3610	0.558406	-41.7753
3620	0.558406	-41.7499
3630	0.558406	-41.9293
3640	0.558406	-42.7044
3650	0.558406	-41.8167
3660	0.558406	-42.2956
3670	0.558406	-41.7731
3680	0.558406	-41.7763
3690	0.558406	-42.0477
3700	0.558406	-41.7891
3710	0.558406	-43.4162
3720	0.558406	-42.2457
3730	0.558406	-41.8187
3740	0.558406	-41.764
3750	0.558406	-46.3757
3760	0.558406	-44.7435
3770	0.558406	-41.8571
3780	0.558406	-42.9619
3790	0.558406	-42.8172
3800	0.558406	-42.1514
3810	0.558406	-41.7618
3820	0.558406	-41.7708
3830	0.558406	-41.7664
3840	0.558406	-44.1246
3850	0.558406	-42.6897
3860	0.558406	-41.7617
3870	0.558406	-42.2871
3880	0.558406	-41.9071
3890	0.558406	-41.8757
3900	0.558406	-42.3736
3910	0.558406	-41.9335
3920	0.558406	-41.8219
3930	0.558406	-41.7601
3940	0.558406	-43.7571
3950	0.558406	-41.9427
3960	0.558406	-41.7984
3970	0.558406	-41.7823
3980	0.558406	-41.7661
3990	0.558406	-41.7985
4000	0.558406	-41.8076
4010	0.558406	-43.7965
4020	0.558406	-44.1634
4030	0.558406	-42.4695
4040	0.558406	-42.3226
4050	0.558406	-41.8962
4060	0.558406	-41.7709
4070	0.558406	-42.421
4080	0.558406	-41.8893
4090	0.558406	-45.2975
4100	0.558406	-41.8474
4110	0.558406	-42.4329
4120	0.558406	-41.857
4130	0.558406	-42.0871
4140	0.558406	-42.1103
4150	0.558406	-41.8308
4160	0.558406	-41.7916
4170	0.558406	-41.7656
4180	0.558406	-41.7941
4190	0.558406	-41.7971
4200	0.558406	-41.7595
4210	0.558406	-41.956
4220	0.558406	-41.8573
4230	0.558406	-42.4453
4240	0.558406	-41.7527
4250	0.558406	-41.8976
4260	0.558406	-42.0325
4270	0.558406	-41.8556
4280	0.558406	-41.8754
4290	0.558406	-41.7501
4300	0.558406	-41.8261
4310	0.558406	-41.809
4320	0.558406	-41.9426
4330	0.558406	-41.7949
4340	0.558406	-43.5279
4350	0.558406	-41.7742
4360	0.558406	-41.7654
4370	0.558406	-41.9143
4380	0.558406	-43.3998
4390	0.558406	-42.1421
4400	0.558406	-42.5568
4410	0.558406	-41.8086
4420	0.558406	-42.4895
4430	0.558406	-43.8618
4440	0.558406	-41.762
4450	0.558406	-41.7925
4460	0.558406	-42.1107
4470	0.558406	-42.018
4480	0.558406	-43.0986
4490	0.558406	-42.4063
4500	0.558406	-41.8055
4510	0.558406	-41.8518
4520	0.558406	-41.7502
4530	0.558406	-41.8059
4540	0.558406	-43.8193
4550	0.558406	-43.0674
4560	0.558406	-41.8864
4570	0.558406	-42.1606
4580	0.558406	-41.9851
4590	0.558406	-41.8005
4600	0.558406	-41.9082
4610	0.558406	-41.9576
4620	0.558406	-43.1494
4630	0.558406	-41.8375
4640	0.558406	-41.8315
4650	0.558406	-41.7532
4660	0.558406	-41.7591
4670	0.558406	-41.9471
4680	0.558406	-41.7577
4690	0.558406	-42.3862
4700	0.558406	-42.3405
4710	0.558406	-41.9742
4720	0.558406	-42.5472
4730	0.558406	-41.7881
4740	0.558406	-42.7885
4750	0.558406	-41.8463
4760	0.558406	-41.7524
4770	0.558406	-41.7614
4780	0.558406	-42.2971
4790	0.558406	-42.1883
4800	0.558406	-41.7689
4810	0.558406	-42.8559
4820	0.558406	-41.8918
4830	0.558406	-41.7756
4840	0.558406	-42.1344
4850	0.558406	-42.1041
4860	0.558406	-41.7702
4870	0.558406	-41.7941
4880	0.558406	-41.7844
4890	0.558406	-42.3549
4900	0.558406	-42.3903
4910	0.558406	-42.0259
4920	0.558406	-42.2189
4930	0.558406	-45.2156
4940	0.558406	-41.8086
4950	0.558406	-41.8148
4960	0.558406	-42.1554
4970	0.558406	-42.9976
4980	0.558406	-42.2327
4990	0.558406	-41.8565
5000	0.558406	-43.2451
5010	0.558406	-42.1105
5020	0.558406	-41.779
5030	0.558406	-45.1068
5040	0.558406	-41.9441
5050	0.558406	-42.3016
5060	0.558406	-41.8321
5070	0.558406	-43.1441
5080	0.558406	-41.8055
5090	0.558406	-41.8566
5100	0.558406	-41.7925
5110	0.558406	-41.7688
5120	0.558406	-41.7856
5130	0.558406	-41.8524
5140	0.558406	-41.8277
5150	0.558406	-41.7608
5160	0.558406	-42.865
5170	0.558406	-41.8319
5180	0.558406	-41.8632
5190	0.558406	-42.359
5200	0.558406	-41.7725
5210	0.558406	-41.7827
5220	0.558406	-41.8282
5230	0.558406	-42.6136
5240	0.558406	-41.7626
5250	0.558406	-41.8031
5260	0.558406	-41.7926
5270	0.558406	-41.8072
5280	0.558406	-41.9384
5290	0.558406	-41.9505
5300	0.558406	-42.9782
5310	0.558406	-42.362
5320	0.558406	-42.4021
5330	0.558406	-41.7642
5340	0.558406	-42.6989
5350	0.558406	-41.938
5360	0.558406	-41.9277
5370	0.558406	-41.8395
5380	0.558406	-42.2559
5390	0.558406	-41.7578
5400	0.558406	-42.3426
5410	0.558406	-41.9221
5420	0.558406	-41.7804
5430	0.558406	-41.7851
5440	0.558406	-43.0701
5450	0.558406	-41.7706
5460	0.558406	-41.8447
5470	0.558406	-42.2738
5480	0.558406	-42.065
5490	0.558406	-41.9182
5500	0.558406	-42.219
5510	0.558406	-41.7575
5520	0.558406	-41.7554
5530	0.558406	-41.7554
5540	0.558406	-41.7727
5550	0.558406	-47.6622
5560	0.558406	-41.7578
5570	0.558406	-42.0561
5580	0.558406	-41.7928
5590	0.558406	-41.7522
5600	0.558406	-41.7571
5610	0.558406	-41.8344
5620	0.558406	-41.9053
5630	0.558406	-41.8465
5640	0.558406	-41.8219
5650	0.558406	-41.7588
5660	0.558406	-47.431
5670	0.558406	-42.5135
5680	0.558406	-41.8387
5690	0.558406	-42.1382
5700	0.558406	-41.9238
5710	0.558406	-44.4102
5720	0.558406	-41.78
5730	0.558406	-41.7596
5740	0.558406	-41.7748
5750	0.558406	-41.8746
5760	0.558406	-42.1342
5770	0.558406	-41.9784
5780	0.558406	-41.948
5790	0.558406	-41.9142
5800	0.558406	-41.7537
5810	0.558406	-41.7616
5820	0.558406	-42.0281
5830	0.558406	-42.0241
5840	0.558406	-41.8377
5850	0.558406	-41.7942
5860	0.558406	-41.7551
5870	0.558406	-42.2471
5880	0.558406	-41.8267
5890	0.558406	-41.7486
5900	0.558406	-43.6828
5910	0.558406	-41.7662
5920	0.558406	-41.7793
5930	0.558406	-41.765
5940	0.558406	-42.683
5950	0.558406	-41.9614
5960	0.558406	-44.1786
5970	0.558406	-41.7761
5980	0.558406	-41.7998
5990	0.558406	-41.8355
6000	0.558406	-42.0979
6010	0.558406	-42.29
6020	0.558406	-41.8803
6030	0.558406	-41.8286
6040	0.558406	-41.8693
6050	0.558406	-42.8416
6060	0.558406	-42.0236
6070	0.558406	-41.9337
6080	0.558406	-41.7685
6090	0.558406	-43.4414
6100	0.558406	-41.7935
6110	0.558406	-42.591
6120	0.558406	-45.1479
6130	0.558406	-41.766
6140	0.558406	-42.3747
6150	0.558406	-41.7643
6160	0.558406	-44.1943
6170	0.558406	-42.3292
6180	0.558406	-41.757
6190	0.558406	-43.7868
6200	0.558406	-42.9223
6210	0.558406	-41.9449
6220	0.558406	-41.899
6230	0.558406	-41.8393
6240	0.558406	-46.1924
6250	0.558406	-41.761
6260	0.558406	-42.882
6270	0.558406	-42.4975
6280	0.558406	-41.8661
6290	0.558406	-41.8488
6300	0.558406	-41.8411
6310	0.558406	-44.2379
6320	0.558406	-42.5036
6330	0.558406	-41.887
6340	0.558406	-41.7609
6350	0.558406	-41.8118
6360	0.558406	-42.7695
6370	0.558406	-41.8882
6380	0.558406	-45.1361
6390	0.558406	-42.6143
6400	0.558406	-41.7621
6410	0.558406	-41.8595
6420	0.558406	-42.1288
6430	0.558406	-41.7748
6440	0.558406	-42.5397
6450	0.558406	-42.4792
6460	0.558406	-42.4903
6470	0.558406	-43.0594
6480	0.558406	-43.3908
6490	0.558406	-41.7773
6500	0.558406	-41.7562
6510	0.558406	-44.2337
6520	0.558406	-41.7639
6530	0.558406	-42.1339
6540	0.558406	-41.7879
6550	0.558406	-41.9834
6560	0.558406	-41.8145
6570	0.558406	-41.7679
6580	0.558406	-41.7951
6590	0.558406	-41.7764
6600	0.558406	-41.7766
6610	0.558406	-41.7758
6620	0.558406	-42.0891
6630	0.558406	-43.6726
6640	0.558406	-41.7604
6650	0.558406	-41.823
6660	0.558406	-41.8192
6670	0.558406	-41.9322
6680	0.558406	-42.1549
6690	0.558406	-41.8001
6700	0.558406	-41.8622
6710	0.558406	-41.7606
6720	0.558406	-41.7751
6730	0.558406	-41.7914
6740	0.558406	-41.7537
6750	0.558406	-41.7491
6760	0.558406	-41.8081
6770	0.558406	-41.7485
6780	0.558406	-41.8692
6790	0.558406	-42.9168
6800	0.558406	-42.4008
6810	0.558406	-41.7776
6820	0.558406	-41.867
6830	0.558406	-42.2734
6840	0.558406	-43.4613
6850	0.558406	-42.3578
6860	0.558406	-41.7514
6870	0.558406	-43.976
6880	0.558406	-41.7524
6890	0.558406	-41.9576
6900	0.558406	-43.1746
6910	0.558406	-41.8983
6920	0.558406	-42.2874
6930	0.558406	-42.3647
6940	0.558406	-41.7637
6950	0.558406	-41.8337
6960	0.558406	-41.7695
6970	0.558406	-42.0782
6980	0.558406	-42.033
6990	0.558406	-43.3751
7000	0.558406	-41.8465
7010	0.558406	-41.9874
7020	0.558406	-43.0045
7030	0.558406	-41.7593
7040	0.558406	-41.7622
7050	0.558406	-41.7523
7060	0.558406	-41.7621
7070	0.558406	-41.82
7080	0.558406	-41.9132
7090	0.558406	-43.1494
7100	0.558406	-42.2368
7110	0.558406	-41.8377
7120	0.558406	-41.9277
7130	0.558406	-41.8551
7140	0.558406	-41.9822
7150	0.558406	-43.2865
7160	0.558406	-41.7574
7170	0.558406	-41.7775
7180	0.558406	-42.3603
7190	0.558406	-42.5652
7200	0.558406	-44.2532
7210	0.558406	-42.5105
7220	0.558406	-42.2077
7230	0.558406	-41.8231
7240	0.558406	-42.0075
7250	0.558406	-41.7516
7260	0.558406	-42.0407
7270	0.558406	-41.7997
7280	0.558406	-43.9957
7290	0.558406	-41.8263
7300	0.558406	-42.2972
7310	0.558406	-41.8115
7320	0.558406	-42.771
7330	0.558406	-41.8805
7340	0.558406	-44.1299
7350	0.558406	-42.3913
7360	0.558406	-41.8843
7370	0.558406	-41.7568
7380	0.558406	-41.7705
7390	0.558406	-41.9678
7400	0.558406	-45.4526
7410	0.558406	-41.7904
7420	0.558406	-41.8711
7430	0.558406	-43.1551
7440	0.558406	-45.9209
7450	0.558406	-42.6382
7460	0.558406	-44.0418
7470	0.558406	-41.8387
7480	0.558406	-42.8288
7490	0.558406	-48.381
7500	0.558406	-41.7889
7510	0.558406	-41.7643
7520	0.558406	-42.0511
7530	0.558406	-42.6508
7540	0.558406	-42.1127
7550	0.558406	-42.1989
7560	0.558406	-41.7801
7570	0.558406	-41.7767
7580	0.558406	-41.8577
7590	0.558406	-41.7772
7600	0.558406	-41.7678
7610	0.558406	-41.7611
7620	0.558406	-41.8649
7630	0.558406	-44.9362
7640	0.558406	-44.1664
7650	0.558406	-42.2599
7660	0.558406	-41.8005
7670	0.558406	-41.8472
7680	0.558406	-41.7586
7690	0.558406	-41.7711
7700	0.558406	-41.8464
7710	0.558406	-41.8227
7720	0.558406	-41.8828
7730	0.558406	-42.3442
7740	0.558406	-41.7908
7750	0.558406	-43.3327
7760	0.558406	-42.1894
7770	0.558406	-41.849
7780	0.558406	-41.9707
7790	0.558406	-41.9236
7800	0.558406	-42.3306
7810	0.558406	-41.8334
7820	0.558406	-42.3623
7830	0.558406	-41.8072
7840	0.558406	-41.77
7850	0.558406	-42.2886
7860	0.558406	-41.8152
7870	0.558406	-42.0694
7880	0.558406	-41.8071
7890	0.558406	-43.2122
7900	0.558406	-41.7952
7910	0.558406	-41.7604
7920	0.558406	-42.3995
7930	0.558406	-43.9772
7940	0.558406	-41.8821
7950	0.558406	-43.5738
7960	0.558406	-41.7877
7970	0.558406	-41.9117
7980	0.558406	-42.9334
7990	0.558406	-41.7601
8000	0.558406	-42.2371
8010	0.558406	-42.2461
8020	0.558406	-41.8359
8030	0.558406	-41.9618
8040	0.558406	-41.7909
8050	0.558406	-42.4367
8060	0.558406	-42.2203
8070	0.558406	-41.7883
8080	0.558406	-42.0965
8090	0.558406	-46.6447
8100	0.558406	-42.0191
8110	0.558406	-41.9056
8120	0.558406	-41.8064
8130	0.558406	-41.9817
8140	0.558406	-41.8271
8150	0.558406	-42.1809
8160	0.558406	-42.1603
8170	0.558406	-42.3448
8180	0.558406	-43.5566
8190	0.558406	-42.08
8200	0.558406	-41.9059
8210	0.558406	-44.2719
8220	0.558406	-41.8101
8230	0.558406	-41.9723
8240	0.558406	-42.5396
8250	0.558406	-41.9075
8260	0.558406	-41.866
8270	0.558406	-41.9284
8280	0.558406	-42.3559
8290	0.558406	-41.7521
8300	0.558406	-41.8711
8310	0.558406	-43.2941
8320	0.558406	-43.1885
8330	0.558406	-41.7627
8340	0.558406	-43.4855
8350	0.558406	-42.7178
8360	0.558406	-41.7606
8370	0.558406	-42.3568
8380	0.558406	-41.9375
8390	0.558406	-41.9554
8400	0.558406	-41.8549
8410	0.558406	-41.7819
8420	0.558406	-42.6652
8430	0.558406	-41.9482
8440	0.558406	-41.7708
8450	0.558406	-42.1535
8460	0.558406	-42.0456
8470	0.558406	-41.7618
8480	0.558406	-41.811
8490	0.558406	-41.7609
8500	0.558406	-41.8032
8510	0.558406	-41.7852
8520	0.558406	-41.8224
8530	0.558406	-41.7748
8540	0.558406	-41.7766
8550	0.558406	-43.2951
8560	0.558406	-42.517
8570	0.558406	-42.5942
8580	0.558406	-41.8124
8590	0.558406	-41.7695
8600	0.558406	-41.8663
8610	0.558406	-42.589
8620	0.558406	-41.8998
8630	0.558406	-41.8666
8640	0.558406	-41.7982
8650	0.558406	-44.7417
8660	0.558406	-41.8288
8670	0.558406	-42.0179
8680	0.558406	-41.7797
8690	0.558406	-41.8565
8700	0.558406	-41.7554
8710	0.558406	-42.0073
8720	0.558406	-41.7529
8730	0.558406	-41.8012
8740	0.558406	-43.5408
8750	0.558406	-42.9028
8760	0.558406	-41.765
8770	0.558406	-42.9359
8780	0.558406	-42.1684
8790	0.558406	-41.7639
8800	0.558406	-41.7766
8810	0.558406	-41.8305
8820	0.558406	-44.1536
8830	0.558406	-42.2161
8840	0.558406	-41.8044
8850	0.558406	-42.1761
8860	0.558406	-42.2748
8870	0.558406	-41.9001
8880	0.558406	-42.3569
8890	0.558406	-41.7787
8900	0.558406	-41.7896
8910	0.558406	-42.5512
8920	0.558406	-44.9621
8930	0.558406	-41.7674
8940	0.558406	-41.7617
8950	0.558406	-41.7782
8960	0.558406	-42.5727
8970	0.558406	-41.9592
8980	0.558406	-41.8107
8990	0.558406	-41.878
9000	0.558406	-42.9905
9010	0.558406	-41.7923
9020	0.558406	-41.9691
9030	0.558406	-43.1168
9040	0.558406	-41.8712
9050	0.558406	-45.4774
9060	0.558406	-44.768
9070	0.558406	-41.8176
9080	0.558406	-41.8179
9090	0.558406	-41.9031
9100	0.558406	-42.3207
9110	0.558406	-43.5058
9120	0.558406	-41.8539
9130	0.558406	-44.2046
9140	0.558406	-42.4072
9150	0.558406	-42.2932
9160	0.558406	-41.8716
9170	0.558406	-41.853
9180	0.558406	-44.2055
9190	0.558406	-42.0379
9200	0.558406	-43.3235
9210	0.558406	-42.6591
9220	0.558406	-41.7708
9230	0.558406	-41.8921
9240	0.558406	-43.1754
9250	0.558406	-42.9103
9260	0.558406	-42.005
9270	0.558406	-41.9984
9280	0.558406	-42.384
9290	0.558406	-41.8779
9300	0.558406	-42.0246
9310	0.558406	-41.9186
9320	0.558406	-43.5691
9330	0.558406	-43.3755
9340	0.558406	-42.3426
9350	0.558406	-44.1137
9360	0.558406	-41.8289
9370	0.558406	-41.7668
9380	0.558406	-46.3446
9390	0.558406	-42.2056
9400	0.558406	-41.7505
9410	0.558406	-41.7619
9420	0.558406	-41.8246
9430	0.558406	-43.2303
9440	0.558406	-41.7538
9450	0.558406	-42.2473
9460	0.558406	-41.7956
9470	0.558406	-41.7745
9480	0.558406	-42.6638
9490	0.558406	-42.7078
9500	0.558406	-43.3149
9510	0.558406	-41.842
9520	0.558406	-42.231
9530	0.558406	-41.7628
9540	0.558406	-41.8222
9550	0.558406	-42.1885
9560	0.558406	-41.7494
9570	0.558406	-42.0104
9580	0.558406	-42.1085
9590	0.558406	-41.8249
9600	0.558406	-42.3558
9610	0.558406	-43.2383
9620	0.558406	-41.7564
9630	0.558406	-42.0448
9640	0.558406	-41.765
9650	0.558406	-41.9413
9660	0.558406	-41.7738
9670	0.558406	-41.8063
9680	0.558406	-43.5671
9690	0.558406	-41.831
9700	0.558406	-41.7625
9710	0.558406	-42.1119
9720	0.558406	-44.0729
9730	0.558406	-41.7971
9740	0.558406	-41.7632
9750	0.558406	-41.7765
9760	0.558406	-41.9189
9770	0.558406	-41.8181
9780	0.558406	-41.7565
9790	0.558406	-41.7983
9800	0.558406	-41.7558
9810	0.558406	-41.9774
9820	0.558406	-41.7801
9830	0.558406	-42.1189
9840	0.558406	-45.943
9850	0.558406	-42.7009
9860	0.558406	-41.7522
9870	0.558406	-42.1324
9880	0.558406	-42.3418
9890	0.558406	-42.7488
9900	0.558406	-42.5576
9910	0.558406	-43.1745
9920	0.558406	-41.8043
9930	0.558406	-41.9305
9940	0.558406	-41.8599
9950	0.558406	-41.7511
9960	0.558406	-42.865
9970	0.558406	-41.9249
9980	0.558406	-41.9411
9990	0.558406	-41.7793
10000	0.558406	-41.8305
