state	power	likelihood
2510	0.07776	-49.6895
2520	0.07776	-56.9527
2530	0.07776	-41.7919
2540	0.07776	-41.8079
2550	0.07776	-41.868
2560	0.07776	-77.2872
2570	0.07776	-56.9302
2580	0.07776	-42.6074
2590	0.07776	-49.0498
2600	0.07776	-51.6514
2610	0.07776	-41.8741
2620	0.07776	-45.9291
2630	0.07776	-51.4108
2640	0.07776	-41.7936
2650	0.07776	-43.3615
2660	0.07776	-41.8522
2670	0.07776	-45.9333
2680	0.07776	-54.5947
2690	0.07776	-42.439
2700	0.07776	-41.7822
2710	0.07776	-49.38
2720	0.07776	-41.7617
2730	0.07776	-41.967
2740	0.07776	-41.7783
2750	0.07776	-52.9956
2760	0.07776	-42.0133
2770	0.07776	-42.5303
2780	0.07776	-41.9392
2790	0.07776	-41.9546
2800	0.07776	-41.7866
2810	0.07776	-47.7393
2820	0.07776	-41.8582
2830	0.07776	-46.861
2840	0.07776	-68.233
2850	0.07776	-42.2785
2860	0.07776	-43.8808
2870	0.07776	-41.8047
2880	0.07776	-44.3553
2890	0.07776	-46.4285
2900	0.07776	-50.917
2910	0.07776	-43.8481
2920	0.07776	-43.8056
2930	0.07776	-50.3527
2940	0.07776	-42.5478
2950	0.07776	-44.901
2960	0.07776	-58.6223
2970	0.07776	-47.1037
2980	0.07776	-58.3443
2990	0.07776	-42.8085
3000	0.07776	-50.197
3010	0.07776	-42.9272
3020	0.07776	-42.6595
3030	0.07776	-41.8079
3040	0.07776	-41.7843
3050	0.07776	-48.3159
3060	0.07776	-44.1864
3070	0.07776	-63.1235
3080	0.07776	-41.7557
3090	0.07776	-44.0415
3100	0.07776	-47.015
3110	0.07776	-41.8002
3120	0.07776	-45.5956
3130	0.07776	-58.4289
3140	0.07776	-54.1067
3150	0.07776	-42.5164
3160	0.07776	-43.4762
3170	0.07776	-43.3621
3180	0.07776	-41.7645
3190	0.07776	-41.7676
3200	0.07776	-44.1648
3210	0.07776	-44.6067
3220	0.07776	-47.3003
3230	0.07776	-42.4698
3240	0.07776	-43.9091
3250	0.07776	-43.4537
3260	0.07776	-43.6749
3270	0.07776	-44.6547
3280	0.07776	-42.9333
3290	0.07776	-49.9613
3300	0.07776	-43.2723
3310	0.07776	-44.7983
3320	0.07776	-51.9023
3330	0.07776	-41.7683
3340	0.07776	-50.144
3350	0.07776	-44.0578
3360	0.07776	-43.1207
3370	0.07776	-42.3323
3380	0.07776	-54.1036
3390	0.07776	-42.0598
3400	0.07776	-69.641
3410	0.07776	-44.0951
3420	0.07776	-47.8558
3430	0.07776	-41.8858
3440	0.07776	-42.3196
3450	0.07776	-43.1918
3460	0.07776	-76.962
3470	0.07776	-41.7935
3480	0.07776	-64.5481
3490	0.07776	-42.6999
3500	0.07776	-45.5913
3510	0.07776	-42.2818
3520	0.07776	-52.8944
3530	0.07776	-41.8076
3540	0.07776	-60.2507
3550	0.07776	-51.5042
3560	0.07776	-41.8607
3570	0.07776	-43.1135
3580	0.07776	-42.1207
3590	0.07776	-51.185
3600	0.07776	-47.3123
3610	0.07776	-45.8898
3620	0.07776	-41.767
3630	0.07776	-41.9862
3640	0.07776	-41.7654
3650	0.07776	-47.3335
3660	0.07776	-52.9266
3670	0.07776	-41.8391
3680	0.07776	-51.6565
3690	0.07776	-42.3177
3700	0.07776	-46.9284
3710	0.07776	-42.7087
3720	0.07776	-43.4339
3730	0.07776	-41.8203
3740	0.07776	-44.3915
3750	0.07776	-41.8922
3760	0.07776	-43.3475
3770	0.07776	-43.4527
3780	0.07776	-41.9838
3790	0.07776	-43.1199
3800	0.07776	-42.543
3810	0.07776	-63.0412
3820	0.07776	-46.0838
3830	0.07776	-48.6757
3840	0.07776	-42.9191
3850	0.07776	-41.7545
3860	0.07776	-42.1243
3870	0.07776	-43.9736
3880	0.07776	-52.6622
3890	0.07776	-48.2974
3900	0.07776	-41.899
3910	0.07776	-42.512
3920	0.07776	-45.4082
3930	0.07776	-41.7624
3940	0.07776	-41.7622
3950	0.07776	-46.3962
3960	0.07776	-46.5607
3970	0.07776	-63.3703
3980	0.07776	-41.8561
3990	0.07776	-57.3243
4000	0.07776	-41.9222
4010	0.07776	-43.8266
4020	0.07776	-43.1959
4030	0.07776	-41.8018
4040	0.07776	-41.7616
4050	0.07776	-42.0645
4060	0.07776	-41.8455
4070	0.07776	-42.0227
4080	0.07776	-54.1212
4090	0.07776	-47.0978
4100	0.07776	-42.2508
4110	0.07776	-41.7659
4120	0.07776	-44.2854
4130	0.07776	-42.6435
4140	0.07776	-42.4989
4150	0.07776	-41.889
4160	0.07776	-42.0593
4170	0.07776	-41.8754
4180	0.07776	-52.7649
4190	0.07776	-42.7394
4200	0.07776	-42.6455
4210	0.07776	-43.6337
4220	0.07776	-45.4736
4230	0.07776	-48.8016
4240	0.07776	-41.9081
4250	0.07776	-55.6384
4260	0.07776	-41.9429
4270	0.07776	-41.8017
4280	0.07776	-48.6921
4290	0.07776	-41.7919
4300	0.07776	-53.5482
4310	0.07776	-43.2387
4320	0.07776	-45.7801
4330	0.07776	-47.7875
4340	0.07776	-43.047
4350	0.07776	-56.7141
4360	0.07776	-53.8976
4370	0.07776	-46.8748
4380	0.07776	-47.6146
4390	0.07776	-49.8248
4400	0.07776	-42.2254
4410	0.07776	-42.106
4420	0.07776	-44.6824
4430	0.07776	-45.7039
4440	0.07776	-45.9557
4450	0.07776	-48.1137
4460	0.07776	-59.3257
4470	0.07776	-43.1675
4480	0.07776	-41.8264
4490	0.07776	-45.3824
4500	0.07776	-67.3231
4510	0.07776	-44.698
4520	0.07776	-47.1456
4530	0.07776	-48.3503
4540	0.07776	-41.8455
4550	0.07776	-51.237
4560	0.07776	-41.7566
4570	0.07776	-42.484
4580	0.07776	-41.797
4590	0.07776	-41.7983
4600	0.07776	-49.2327
4610	0.07776	-42.018
4620	0.07776	-41.7562
4630	0.07776	-42.0247
4640	0.07776	-43.9484
4650	0.07776	-42.9129
4660	0.07776	-43.1762
4670	0.07776	-41.7659
4680	0.07776	-41.8087
4690	0.07776	-47.2064
4700	0.07776	-46.1176
4710	0.07776	-41.7846
4720	0.07776	-42.0074
4730	0.07776	-42.0791
4740	0.07776	-43.5935
4750	0.07776	-50.014
4760	0.07776	-41.7665
4770	0.07776	-43.0246
4780	0.07776	-62.0662
4790	0.07776	-41.7573
4800	0.07776	-41.9688
4810	0.07776	-41.8708
4820	0.07776	-42.1164
4830	0.07776	-43.1171
4840	0.07776	-42.6097
4850	0.07776	-41.8819
4860	0.07776	-45.8387
4870	0.07776	-42.3601
4880	0.07776	-43.183
4890	0.07776	-41.9753
4900	0.07776	-52.6404
4910	0.07776	-41.7949
4920	0.07776	-49.1058
4930	0.07776	-42.9212
4940	0.07776	-51.6088
4950	0.07776	-46.136
4960	0.07776	-43.3826
4970	0.07776	-41.7725
4980	0.07776	-41.8582
4990	0.07776	-41.8721
5000	0.07776	-42.4379
5010	0.07776	-43.5892
5020	0.07776	-42.4977
5030	0.07776	-42.6568
5040	0.07776	-41.8237
5050	0.07776	-43.6037
5060	0.07776	-42.3995
5070	0.07776	-41.7977
5080	0.07776	-51.7568
5090	0.07776	-43.4392
5100	0.07776	-42.4254
5110	0.07776	-43.4602
5120	0.07776	-68.2373
5130	0.07776	-41.7832
5140	0.07776	-41.8881
5150	0.07776	-41.8624
5160	0.07776	-43.9698
5170	0.07776	-41.752
5180	0.07776	-41.7904
5190	0.07776	-57.7385
5200	0.07776	-41.7608
5210	0.07776	-46.5379
5220	0.07776	-41.7625
5230	0.07776	-44.9937
5240	0.07776	-41.8215
5250	0.07776	-45.3679
5260	0.07776	-41.8812
5270	0.07776	-41.8604
5280	0.07776	-43.6463
5290	0.07776	-42.2999
5300	0.07776	-43.9322
5310	0.07776	-46.7542
5320	0.07776	-45.9226
5330	0.07776	-41.9659
5340	0.07776	-41.8154
5350	0.07776	-41.7662
5360	0.07776	-44.0881
5370	0.07776	-47.8078
5380	0.07776	-53.2802
5390	0.07776	-48.42
5400	0.07776	-42.3458
5410	0.07776	-41.7624
5420	0.07776	-41.7593
5430	0.07776	-41.9064
5440	0.07776	-43.8755
5450	0.07776	-44.6473
5460	0.07776	-46.6393
5470	0.07776	-42.7825
5480	0.07776	-50.1053
5490	0.07776	-49.9344
5500	0.07776	-42.4922
5510	0.07776	-41.756
5520	0.07776	-42.2719
5530	0.07776	-45.2214
5540	0.07776	-48.0256
5550	0.07776	-43.3753
5560	0.07776	-42.0259
5570	0.07776	-45.0157
5580	0.07776	-43.7406
5590	0.07776	-42.9823
5600	0.07776	-48.3953
5610	0.07776	-41.7605
5620	0.07776	-47.4053
5630	0.07776	-43.1484
5640	0.07776	-42.8776
5650	0.07776	-41.7565
5660	0.07776	-47.1413
5670	0.07776	-41.8631
5680	0.07776	-41.9035
5690	0.07776	-42.058
5700	0.07776	-46.53
5710	0.07776	-60.4012
5720	0.07776	-41.8443
5730	0.07776	-42.3845
5740	0.07776	-44.2528
5750	0.07776	-47.6314
5760	0.07776	-41.7799
5770	0.07776	-45.9535
5780	0.07776	-42.0731
5790	0.07776	-44.876
5800	0.07776	-46.2917
5810	0.07776	-52.027
5820	0.07776	-55.082
5830	0.07776	-47.4741
5840	0.07776	-41.9309
5850	0.07776	-46.317
5860	0.07776	-57.5781
5870	0.07776	-42.0776
5880	0.07776	-50.4996
5890	0.07776	-66.0403
5900	0.07776	-41.8071
5910	0.07776	-52.9357
5920	0.07776	-41.7524
5930	0.07776	-41.8162
5940	0.07776	-44.8319
5950	0.07776	-43.2113
5960	0.07776	-59.561
5970	0.07776	-42.1645
5980	0.07776	-45.2787
5990	0.07776	-42.1294
6000	0.07776	-43.0829
6010	0.07776	-41.9856
6020	0.07776	-50.1442
6030	0.07776	-46.507
6040	0.07776	-45.7276
6050	0.07776	-42.0408
6060	0.07776	-42.5096
6070	0.07776	-49.2365
6080	0.07776	-59.0218
6090	0.07776	-43.3459
6100	0.07776	-46.5736
6110	0.07776	-52.8363
6120	0.07776	-42.0671
6130	0.07776	-41.7975
6140	0.07776	-42.1616
6150	0.07776	-41.7709
6160	0.07776	-49.4562
6170	0.07776	-41.8738
6180	0.07776	-44.0954
6190	0.07776	-41.8405
6200	0.07776	-41.9285
6210	0.07776	-43.3543
6220	0.07776	-68.6672
6230	0.07776	-46.2738
6240	0.07776	-53.129
6250	0.07776	-41.7845
6260	0.07776	-41.766
6270	0.07776	-41.7946
6280	0.07776	-46.9314
6290	0.07776	-41.938
6300	0.07776	-44.158
6310	0.07776	-41.755
6320	0.07776	-42.7766
6330	0.07776	-42.0021
6340	0.07776	-46.5663
6350	0.07776	-71.8373
6360	0.07776	-52.2625
6370	0.07776	-48.1543
6380	0.07776	-49.8792
6390	0.07776	-42.8218
6400	0.07776	-42.031
6410	0.07776	-44.0303
6420	0.07776	-41.7653
6430	0.07776	-42.1006
6440	0.07776	-41.7575
6450	0.07776	-41.804
6460	0.07776	-42.6838
6470	0.07776	-41.7614
6480	0.07776	-42.0564
6490	0.07776	-42.0373
6500	0.07776	-41.8266
6510	0.07776	-41.7789
6520	0.07776	-42.0711
6530	0.07776	-51.8336
6540	0.07776	-46.4067
6550	0.07776	-48.938
6560	0.07776	-43.4366
6570	0.07776	-42.5351
6580	0.07776	-43.9894
6590	0.07776	-44.9753
6600	0.07776	-43.0315
6610	0.07776	-42.0073
6620	0.07776	-42.0848
6630	0.07776	-42.6674
6640	0.07776	-41.7926
6650	0.07776	-41.8973
6660	0.07776	-41.8747
6670	0.07776	-44.7782
6680	0.07776	-41.9537
6690	0.07776	-47.2755
6700	0.07776	-45.5868
6710	0.07776	-42.6593
6720	0.07776	-41.7624
6730	0.07776	-41.7744
6740	0.07776	-41.9192
6750	0.07776	-58.739
6760	0.07776	-41.7599
6770	0.07776	-55.8252
6780	0.07776	-42.4741
6790	0.07776	-48.9435
6800	0.07776	-48.3232
6810	0.07776	-41.9517
6820	0.07776	-50.0012
6830	0.07776	-41.7527
6840	0.07776	-41.785
6850	0.07776	-41.76
6860	0.07776	-45.3542
6870	0.07776	-41.8315
6880	0.07776	-72.0952
6890	0.07776	-41.993
6900	0.07776	-47.7494
6910	0.07776	-47.5935
6920	0.07776	-54.1895
6930	0.07776	-41.8988
6940	0.07776	-42.1583
6950	0.07776	-41.9499
6960	0.07776	-42.8774
6970	0.07776	-41.9427
6980	0.07776	-41.8183
6990	0.07776	-41.7746
7000	0.07776	-73.4032
7010	0.07776	-49.7812
7020	0.07776	-43.9211
7030	0.07776	-42.0619
7040	0.07776	-42.6222
7050	0.07776	-42.8981
7060	0.07776	-42.0315
7070	0.07776	-49.6048
7080	0.07776	-44.8181
7090	0.07776	-41.8741
7100	0.07776	-42.3628
7110	0.07776	-44.9595
7120	0.07776	-41.8635
7130	0.07776	-42.3256
7140	0.07776	-41.7678
7150	0.07776	-41.9932
7160	0.07776	-42.1886
7170	0.07776	-55.1825
7180	0.07776	-41.7984
7190	0.07776	-41.7695
7200	0.07776	-41.828
7210	0.07776	-41.7664
7220	0.07776	-41.7606
7230	0.07776	-41.7539
7240	0.07776	-45.0732
7250	0.07776	-42.3307
7260	0.07776	-41.7606
7270	0.07776	-43.1186
7280	0.07776	-54.0797
7290	0.07776	-41.8158
7300	0.07776	-46.6736
7310	0.07776	-42.3356
7320	0.07776	-41.7611
7330	0.07776	-43.3624
7340	0.07776	-43.508
7350	0.07776	-54.2167
7360	0.07776	-51.0292
7370	0.07776	-44.362
7380	0.07776	-42.348
7390	0.07776	-41.7835
7400	0.07776	-41.876
7410	0.07776	-41.7652
7420	0.07776	-41.9254
7430	0.07776	-42.0068
7440	0.07776	-41.777
7450	0.07776	-43.7083
7460	0.07776	-48.0408
7470	0.07776	-41.919
7480	0.07776	-41.8876
7490	0.07776	-41.8454
7500	0.07776	-43.663
7510	0.07776	-41.7706
7520	0.07776	-41.765
7530	0.07776	-53.5831
7540	0.07776	-45.99
7550	0.07776	-42.0275
7560	0.07776	-41.7648
7570	0.07776	-58.4089
7580	0.07776	-47.3665
7590	0.07776	-41.7524
7600	0.07776	-50.0562
7610	0.07776	-47.4145
7620	0.07776	-47.0076
7630	0.07776	-41.7529
7640	0.07776	-41.9383
7650	0.07776	-41.8998
7660	0.07776	-57.98
7670	0.07776	-44.1528
7680	0.07776	-43.1143
7690	0.07776	-41.99
7700	0.07776	-41.7556
7710	0.07776	-49.5057
7720	0.07776	-50.4282
7730	0.07776	-41.7763
7740	0.07776	-45.8409
7750	0.07776	-41.7657
7760	0.07776	-41.7562
7770	0.07776	-42.3969
7780	0.07776	-44.0724
7790	0.07776	-41.9261
7800	0.07776	-41.951
7810	0.07776	-44.7367
7820	0.07776	-48.2571
7830	0.07776	-51.448
7840	0.07776	-41.8396
7850	0.07776	-52.3577
7860	0.07776	-41.8879
7870	0.07776	-67.5283
7880	0.07776	-50.4096
7890	0.07776	-41.9742
7900	0.07776	-41.7648
7910	0.07776	-41.7935
7920	0.07776	-46.4748
7930	0.07776	-42.5552
7940	0.07776	-41.7593
7950	0.07776	-41.8256
7960	0.07776	-46.928
7970	0.07776	-41.8383
7980	0.07776	-44.2511
7990	0.07776	-55.252
8000	0.07776	-42.1601
8010	0.07776	-88.2481
8020	0.07776	-41.8877
8030	0.07776	-46.7217
8040	0.07776	-55.035
8050	0.07776	-45.2103
8060	0.07776	-43.8191
8070	0.07776	-43.4543
8080	0.07776	-47.8522
8090	0.07776	-41.9073
8100	0.07776	-74.4702
8110	0.07776	-50.1978
8120	0.07776	-41.7613
8130	0.07776	-41.9657
8140	0.07776	-43.9906
8150	0.07776	-65.0224
8160	0.07776	-45.4112
8170	0.07776	-42.8542
8180	0.07776	-41.7546
8190	0.07776	-44.132
8200	0.07776	-44.5219
8210	0.07776	-41.8223
8220	0.07776	-41.8526
8230	0.07776	-41.9901
8240	0.07776	-41.8775
8250	0.07776	-50.6289
8260	0.07776	-45.8391
8270	0.07776	-41.7513
8280	0.07776	-45.5871
8290	0.07776	-55.9453
8300	0.07776	-43.5903
8310	0.07776	-41.7518
8320	0.07776	-42.1663
8330	0.07776	-41.7645
8340	0.07776	-45.5782
8350	0.07776	-54.621
8360	0.07776	-44.5324
8370	0.07776	-42.7764
8380	0.07776	-44.7793
8390	0.07776	-42.0508
8400	0.07776	-44.8146
8410	0.07776	-42.2547
8420	0.07776	-51.0672
8430	0.07776	-48.0179
8440	0.07776	-44.6294
8450	0.07776	-43.0579
8460	0.07776	-42.3783
8470	0.07776	-59.8074
8480	0.07776	-57.2776
8490	0.07776	-44.0036
8500	0.07776	-42.399
8510	0.07776	-42.6151
8520	0.07776	-46.513
8530	0.07776	-42.0172
8540	0.07776	-41.7773
8550	0.07776	-41.9107
8560	0.07776	-42.3691
8570	0.07776	-42.0168
8580	0.07776	-41.7712
8590	0.07776	-41.9346
8600	0.07776	-45.9716
8610	0.07776	-45.4924
8620	0.07776	-49.7366
8630	0.07776	-42.7051
8640	0.07776	-43.2104
8650	0.07776	-41.9399
8660	0.07776	-44.4044
8670	0.07776	-42.1128
8680	0.07776	-42.792
8690	0.07776	-55.3554
8700	0.07776	-49.8946
8710	0.07776	-41.8344
8720	0.07776	-41.9081
8730	0.07776	-41.8113
8740	0.07776	-41.9868
8750	0.07776	-70.0039
8760	0.07776	-59.2444
8770	0.07776	-41.7951
8780	0.07776	-41.9539
8790	0.07776	-45.4754
8800	0.07776	-42.1843
8810	0.07776	-53.086
8820	0.07776	-46.8583
8830	0.07776	-41.7692
8840	0.07776	-46.1889
8850	0.07776	-42.9717
8860	0.07776	-42.2651
8870	0.07776	-42.1288
8880	0.07776	-50.8404
8890	0.07776	-46.2045
8900	0.07776	-45.1482
8910	0.07776	-42.1283
8920	0.07776	-41.7868
8930	0.07776	-45.0248
8940	0.07776	-46.9178
8950	0.07776	-42.3984
8960	0.07776	-42.0746
8970	0.07776	-52.9251
8980	0.07776	-41.8441
8990	0.07776	-45.9257
9000	0.07776	-54.3497
9010	0.07776	-46.548
9020	0.07776	-47.8439
9030	0.07776	-50.0867
9040	0.07776	-41.7538
9050	0.07776	-45.026
9060	0.07776	-42.0216
9070	0.07776	-42.4409
9080	0.07776	-42.359
9090	0.07776	-43.0692
9100	0.07776	-79.26
9110	0.07776	-45.4573
9120	0.07776	-43.2697
9130	0.07776	-42.7992
9140	0.07776	-42.0734
9150	0.07776	-46.8508
9160	0.07776	-42.7542
9170	0.07776	-41.8103
9180	0.07776	-66.2311
9190	0.07776	-49.1256
9200	0.07776	-43.5637
9210	0.07776	-41.7504
9220	0.07776	-42.8713
9230	0.07776	-41.8291
9240	0.07776	-42.0107
9250	0.07776	-70.1205
9260	0.07776	-41.7997
9270	0.07776	-41.7796
9280	0.07776	-41.9022
9290	0.07776	-41.9127
9300	0.07776	-41.9109
9310	0.07776	-41.88
9320	0.07776	-45.2967
9330	0.07776	-42.6275
9340	0.07776	-43.955
9350	0.07776	-54.7474
9360	0.07776	-42.2755
9370	0.07776	-53.4851
9380	0.07776	-44.2507
9390	0.07776	-51.4309
9400	0.07776	-67.7533
9410	0.07776	-41.7723
9420	0.07776	-41.778
9430	0.07776	-41.7893
9440	0.07776	-53.5503
9450	0.07776	-42.1487
9460	0.07776	-42.1132
9470	0.07776	-46.0623
9480	0.07776	-42.0946
9490	0.07776	-42.4126
9500	0.07776	-41.7867
9510	0.07776	-42.2211
9520	0.07776	-41.7652
9530	0.07776	-42.737
9540	0.07776	-53.4748
9550	0.07776	-42.0293
9560	0.07776	-42.0696
9570	0.07776	-55.1712
9580	0.07776	-45.2838
9590	0.07776	-46.1605
9600	0.07776	-41.7677
9610	0.07776	-47.7148
9620	0.07776	-53.8417
9630	0.07776	-41.7603
9640	0.07776	-41.7886
9650	0.07776	-43.4216
9660	0.07776	-76.4413
9670	0.07776	-60.096
9680	0.07776	-45.2822
9690	0.07776	-41.7608
9700	0.07776	-41.7625
9710	0.07776	-41.7568
9720	0.07776	-41.7755
9730	0.07776	-54.8767
9740	0.07776	-41.795
9750	0.07776	-42.858
9760	0.07776	-53.5201
9770	0.07776	-43.2831
9780	0.07776	-44.4856
9790	0.07776	-49.9539
9800	0.07776	-48.6318
9810	0.07776	-44.5161
9820	0.07776	-42.6227
9830	0.07776	-53.8369
9840	0.07776	-44.5227
9850	0.07776	-43.9011
9860	0.07776	-42.4081
9870	0.07776	-42.5595
9880	0.07776	-48.646
9890	0.07776	-43.6618
9900	0.07776	-42.5596
9910	0.07776	-41.8273
9920	0.07776	-48.5341
9930	0.07776	-41.8411
9940	0.07776	-41.7607
9950	0.07776	-42.0496
9960	0.07776	-45.8171
9970	0.07776	-47.7176
9980	0.07776	-44.5134
9990	0.07776	-64.4042
10000	0.07776	-42.3791
