state	power	likelihood
2510	2.48832e-05	-41.887
2520	2.48832e-05	-53.5018
2530	2.48832e-05	-113.927
2540	2.48832e-05	-91.5686
2550	2.48832e-05	-44.9695
2560	2.48832e-05	-136.941
2570	2.48832e-05	-41.8677
2580	2.48832e-05	-41.7618
2590	2.48832e-05	-117.805
2600	2.48832e-05	-80.5854
2610	2.48832e-05	-53.9748
2620	2.48832e-05	-46.4599
2630	2.48832e-05	-41.8711
2640	2.48832e-05	-91.7161
2650	2.48832e-05	-62.101
2660	2.48832e-05	-41.7854
2670	2.48832e-05	-47.464
2680	2.48832e-05	-89.0573
2690	2.48832e-05	-86.0544
2700	2.48832e-05	-76.086
2710	2.48832e-05	-48.644
2720	2.48832e-05	-43.6281
2730	2.48832e-05	-68.8448
2740	2.48832e-05	-47.1183
2750	2.48832e-05	-56.3901
2760	2.48832e-05	-53.6143
2770	2.48832e-05	-41.9632
2780	2.48832e-05	-43.8239
2790	2.48832e-05	-75.8741
2800	2.48832e-05	-49.4512
2810	2.48832e-05	-52.2816
2820	2.48832e-05	-60.9063
2830	2.48832e-05	-133.96
2840	2.48832e-05	-41.8303
2850	2.48832e-05	-43.4202
2860	2.48832e-05	-47.8231
2870	2.48832e-05	-41.9646
2880	2.48832e-05	-62.7116
2890	2.48832e-05	-41.7899
2900	2.48832e-05	-81.3802
2910	2.48832e-05	-41.7634
2920	2.48832e-05	-48.981
2930	2.48832e-05	-83.6944
2940	2.48832e-05	-41.895
2950	2.48832e-05	-60.247
2960	2.48832e-05	-41.8832
2970	2.48832e-05	-42.7872
2980	2.48832e-05	-44.0125
2990	2.48832e-05	-41.9988
3000	2.48832e-05	-66.6566
3010	2.48832e-05	-42.8274
3020	2.48832e-05	-48.4597
3030	2.48832e-05	-42.1288
3040	2.48832e-05	-41.8304
3050	2.48832e-05	-41.8407
3060	2.48832e-05	-42.915
3070	2.48832e-05	-55.1374
3080	2.48832e-05	-41.7531
3090	2.48832e-05	-44.7506
3100	2.48832e-05	-50.7692
3110	2.48832e-05	-47.3388
3120	2.48832e-05	-47.8131
3130	2.48832e-05	-107.288
3140	2.48832e-05	-51.1761
3150	2.48832e-05	-42.5707
3160	2.48832e-05	-41.9907
3170	2.48832e-05	-41.8424
3180	2.48832e-05	-42.1345
3190	2.48832e-05	-83.4104
3200	2.48832e-05	-41.9158
3210	2.48832e-05	-96.0995
3220	2.48832e-05	-72.0743
3230	2.48832e-05	-51.3804
3240	2.48832e-05	-43.5541
3250	2.48832e-05	-46.8683
3260	2.48832e-05	-41.9113
3270	2.48832e-05	-41.7533
3280	2.48832e-05	-42.3054
3290	2.48832e-05	-41.7919
3300	2.48832e-05	-68.3241
3310	2.48832e-05	-45.9556
3320	2.48832e-05	-42.4717
3330	2.48832e-05	-62.5422
3340	2.48832e-05	-121.743
3350	2.48832e-05	-41.7654
3360	2.48832e-05	-45.4223
3370	2.48832e-05	-68.5063
3380	2.48832e-05	-41.7969
3390	2.48832e-05	-62.5786
3400	2.48832e-05	-50.356
3410	2.48832e-05	-328.883
3420	2.48832e-05	-41.7569
3430	2.48832e-05	-42.2853
3440	2.48832e-05	-52.7347
3450	2.48832e-05	-86.0725
3460	2.48832e-05	-100.701
3470	2.48832e-05	-41.9058
3480	2.48832e-05	-41.755
3490	2.48832e-05	-52.733
3500	2.48832e-05	-41.9524
3510	2.48832e-05	-88.4585
3520	2.48832e-05	-75.9954
3530	2.48832e-05	-53.1984
3540	2.48832e-05	-51.3792
3550	2.48832e-05	-115.994
3560	2.48832e-05	-42.5062
3570	2.48832e-05	-44.6688
3580	2.48832e-05	-44.1863
3590	2.48832e-05	-42.6062
3600	2.48832e-05	-41.9203
3610	2.48832e-05	-107.138
3620	2.48832e-05	-42.093
3630	2.48832e-05	-41.809
3640	2.48832e-05	-45.1896
3650	2.48832e-05	-41.7735
3660	2.48832e-05	-42.3381
3670	2.48832e-05	-41.7514
3680	2.48832e-05	-49.2486
3690	2.48832e-05	-50.6618
3700	2.48832e-05	-41.9315
3710	2.48832e-05	-41.7862
3720	2.48832e-05	-46.3966
3730	2.48832e-05	-52.8995
3740	2.48832e-05	-73.6205
3750	2.48832e-05	-66.8019
3760	2.48832e-05	-41.8132
3770	2.48832e-05	-90.3978
3780	2.48832e-05	-45.988
3790	2.48832e-05	-199.691
3800	2.48832e-05	-84.5735
3810	2.48832e-05	-115.097
3820	2.48832e-05	-42.8345
3830	2.48832e-05	-53.542
3840	2.48832e-05	-48.0052
3850	2.48832e-05	-64.8382
3860	2.48832e-05	-59.9162
3870	2.48832e-05	-104.648
3880	2.48832e-05	-96.5655
3890	2.48832e-05	-43.3513
3900	2.48832e-05	-65.1233
3910	2.48832e-05	-42.8405
3920	2.48832e-05	-60.761
3930	2.48832e-05	-67.3739
3940	2.48832e-05	-43.3603
3950	2.48832e-05	-42.8399
3960	2.48832e-05	-51.6091
3970	2.48832e-05	-81.8123
3980	2.48832e-05	-92.5975
3990	2.48832e-05	-98.7987
4000	2.48832e-05	-42.9313
4010	2.48832e-05	-120.559
4020	2.48832e-05	-41.8342
4030	2.48832e-05	-41.8899
4040	2.48832e-05	-47.738
4050	2.48832e-05	-91.0938
4060	2.48832e-05	-54.9599
4070	2.48832e-05	-73.2855
4080	2.48832e-05	-44.8129
4090	2.48832e-05	-70.7454
4100	2.48832e-05	-87.4481
4110	2.48832e-05	-41.9026
4120	2.48832e-05	-68.0009
4130	2.48832e-05	-42.1901
4140	2.48832e-05	-108.481
4150	2.48832e-05	-42.1075
4160	2.48832e-05	-53.9615
4170	2.48832e-05	-42.7086
4180	2.48832e-05	-73.1565
4190	2.48832e-05	-42.2529
4200	2.48832e-05	-44.1357
4210	2.48832e-05	-41.8192
4220	2.48832e-05	-44.7238
4230	2.48832e-05	-41.8642
4240	2.48832e-05	-42.186
4250	2.48832e-05	-52.53
4260	2.48832e-05	-116.802
4270	2.48832e-05	-150.817
4280	2.48832e-05	-42.1567
4290	2.48832e-05	-43.2375
4300	2.48832e-05	-50.0592
4310	2.48832e-05	-48.7923
4320	2.48832e-05	-55.3955
4330	2.48832e-05	-129.073
4340	2.48832e-05	-59.5616
4350	2.48832e-05	-97.6131
4360	2.48832e-05	-42.4345
4370	2.48832e-05	-42.1218
4380	2.48832e-05	-41.8337
4390	2.48832e-05	-53.2901
4400	2.48832e-05	-80.5651
4410	2.48832e-05	-76.8448
4420	2.48832e-05	-41.7908
4430	2.48832e-05	-42.0629
4440	2.48832e-05	-79.8388
4450	2.48832e-05	-55.794
4460	2.48832e-05	-83.2275
4470	2.48832e-05	-47.4924
4480	2.48832e-05	-52.2925
4490	2.48832e-05	-50.2913
4500	2.48832e-05	-42.7207
4510	2.48832e-05	-41.7562
4520	2.48832e-05	-41.7632
4530	2.48832e-05	-46.2524
4540	2.48832e-05	-52.3785
4550	2.48832e-05	-78.0306
4560	2.48832e-05	-91.5611
4570	2.48832e-05	-41.7597
4580	2.48832e-05	-76.1596
4590	2.48832e-05	-61.9668
4600	2.48832e-05	-46.4643
4610	2.48832e-05	-41.8159
4620	2.48832e-05	-62.0105
4630	2.48832e-05	-54.6103
4640	2.48832e-05	-60.1944
4650	2.48832e-05	-41.806
4660	2.48832e-05	-58.0468
4670	2.48832e-05	-95.4222
4680	2.48832e-05	-42.1903
4690	2.48832e-05	-58.1056
4700	2.48832e-05	-42.2434
4710	2.48832e-05	-42.4223
4720	2.48832e-05	-42.1745
4730	2.48832e-05	-126.56
4740	2.48832e-05	-43.4735
4750	2.48832e-05	-45.5244
4760	2.48832e-05	-41.946
4770	2.48832e-05	-52.206
4780	2.48832e-05	-47.8798
4790	2.48832e-05	-59.4229
4800	2.48832e-05	-65.8391
4810	2.48832e-05	-57.4317
4820	2.48832e-05	-41.8104
4830	2.48832e-05	-41.8498
4840	2.48832e-05	-42.3457
4850	2.48832e-05	-42.3419
4860	2.48832e-05	-54.1688
4870	2.48832e-05	-62.3012
4880	2.48832e-05	-53.7485
4890	2.48832e-05	-41.9328
4900	2.48832e-05	-117.738
4910	2.48832e-05	-44.0248
4920	2.48832e-05	-55.2804
4930	2.48832e-05	-76.4742
4940	2.48832e-05	-44.148
4950	2.48832e-05	-62.8218
4960	2.48832e-05	-43.5085
4970	2.48832e-05	-45.3351
4980	2.48832e-05	-56.7955
4990	2.48832e-05	-46.2269
5000	2.48832e-05	-98.4668
5010	2.48832e-05	-57.6542
5020	2.48832e-05	-90.7448
5030	2.48832e-05	-46.9828
5040	2.48832e-05	-42.8582
5050	2.48832e-05	-62.6697
5060	2.48832e-05	-41.7522
5070	2.48832e-05	-118.952
5080	2.48832e-05	-90.6887
5090	2.48832e-05	-42.574
5100	2.48832e-05	-60.4333
5110	2.48832e-05	-51.2909
5120	2.48832e-05	-62.1859
5130	2.48832e-05	-80.7841
5140	2.48832e-05	-41.7616
5150	2.48832e-05	-112.718
5160	2.48832e-05	-42.9715
5170	2.48832e-05	-47.2151
5180	2.48832e-05	-56.8379
5190	2.48832e-05	-46.8019
5200	2.48832e-05	-49.7324
5210	2.48832e-05	-43.4762
5220	2.48832e-05	-47.9817
5230	2.48832e-05	-149.864
5240	2.48832e-05	-41.8705
5250	2.48832e-05	-66.6514
5260	2.48832e-05	-44.3729
5270	2.48832e-05	-71.4139
5280	2.48832e-05	-42.0201
5290	2.48832e-05	-58.6615
5300	2.48832e-05	-41.7538
5310	2.48832e-05	-50.0112
5320	2.48832e-05	-41.7628
5330	2.48832e-05	-42.6525
5340	2.48832e-05	-41.7556
5350	2.48832e-05	-99.8557
5360	2.48832e-05	-170.633
5370	2.48832e-05	-56.9047
5380	2.48832e-05	-53.7242
5390	2.48832e-05	-41.9857
5400	2.48832e-05	-125.654
5410	2.48832e-05	-41.753
5420	2.48832e-05	-67.9315
5430	2.48832e-05	-53.3229
5440	2.48832e-05	-49.775
5450	2.48832e-05	-71.1267
5460	2.48832e-05	-41.9985
5470	2.48832e-05	-71.9645
5480	2.48832e-05	-41.9507
5490	2.48832e-05	-72.5245
5500	2.48832e-05	-41.7813
5510	2.48832e-05	-109.955
5520	2.48832e-05	-64.1443
5530	2.48832e-05	-42.8322
5540	2.48832e-05	-105.259
5550	2.48832e-05	-43.1132
5560	2.48832e-05	-76.6737
5570	2.48832e-05	-42.1506
5580	2.48832e-05	-44.9423
5590	2.48832e-05	-44.2641
5600	2.48832e-05	-138.141
5610	2.48832e-05	-48.3192
5620	2.48832e-05	-41.8062
5630	2.48832e-05	-44.5647
5640	2.48832e-05	-63.2028
5650	2.48832e-05	-42.4147
5660	2.48832e-05	-41.9769
5670	2.48832e-05	-103.836
5680	2.48832e-05	-58.1055
5690	2.48832e-05	-41.7491
5700	2.48832e-05	-42.6795
5710	2.48832e-05	-63.9555
5720	2.48832e-05	-96.9349
5730	2.48832e-05	-46.1461
5740	2.48832e-05	-98.0161
5750	2.48832e-05	-44.4203
5760	2.48832e-05	-74.1755
5770	2.48832e-05	-43.5072
5780	2.48832e-05	-55.6661
5790	2.48832e-05	-65.142
5800	2.48832e-05	-43.0789
5810	2.48832e-05	-42.1901
5820	2.48832e-05	-56.0859
5830	2.48832e-05	-49.6116
5840	2.48832e-05	-70.1104
5850	2.48832e-05	-42.7212
5860	2.48832e-05	-97.8292
5870	2.48832e-05	-43.7846
5880	2.48832e-05	-63.4629
5890	2.48832e-05	-76.511
5900	2.48832e-05	-78.1171
5910	2.48832e-05	-57.6007
5920	2.48832e-05	-120.4
5930	2.48832e-05	-44.6253
5940	2.48832e-05	-41.7538
5950	2.48832e-05	-42.37
5960	2.48832e-05	-64.5885
5970	2.48832e-05	-41.8244
5980	2.48832e-05	-58.7868
5990	2.48832e-05	-45.4431
6000	2.48832e-05	-44.395
6010	2.48832e-05	-57.6779
6020	2.48832e-05	-48.0263
6030	2.48832e-05	-126.172
6040	2.48832e-05	-41.7549
6050	2.48832e-05	-41.7882
6060	2.48832e-05	-44.1802
6070	2.48832e-05	-44.4312
6080	2.48832e-05	-46.0415
6090	2.48832e-05	-50.8238
6100	2.48832e-05	-41.7557
6110	2.48832e-05	-49.2519
6120	2.48832e-05	-66.9782
6130	2.48832e-05	-77.3075
6140	2.48832e-05	-62.1377
6150	2.48832e-05	-41.8128
6160	2.48832e-05	-104.817
6170	2.48832e-05	-63.0908
6180	2.48832e-05	-85.8834
6190	2.48832e-05	-48.7954
6200	2.48832e-05	-42.1458
6210	2.48832e-05	-97.3757
6220	2.48832e-05	-45.4602
6230	2.48832e-05	-41.8318
6240	2.48832e-05	-41.7835
6250	2.48832e-05	-86.4369
6260	2.48832e-05	-82.8534
6270	2.48832e-05	-41.8437
6280	2.48832e-05	-73.0891
6290	2.48832e-05	-56.7501
6300	2.48832e-05	-88.7202
6310	2.48832e-05	-51.1123
6320	2.48832e-05	-66.9784
6330	2.48832e-05	-45.6397
6340	2.48832e-05	-78.583
6350	2.48832e-05	-113.534
6360	2.48832e-05	-99.0635
6370	2.48832e-05	-41.7762
6380	2.48832e-05	-160.503
6390	2.48832e-05	-74.4144
6400	2.48832e-05	-41.924
6410	2.48832e-05	-83.3385
6420	2.48832e-05	-44.4792
6430	2.48832e-05	-70.5111
6440	2.48832e-05	-43.973
6450	2.48832e-05	-41.8611
6460	2.48832e-05	-79.7166
6470	2.48832e-05	-58.7791
6480	2.48832e-05	-125.346
6490	2.48832e-05	-57.7368
6500	2.48832e-05	-52.6798
6510	2.48832e-05	-43.1883
6520	2.48832e-05	-74.3701
6530	2.48832e-05	-143.937
6540	2.48832e-05	-138.471
6550	2.48832e-05	-143.539
6560	2.48832e-05	-58.7366
6570	2.48832e-05	-42.1421
6580	2.48832e-05	-107.705
6590	2.48832e-05	-80.6948
6600	2.48832e-05	-44.8042
6610	2.48832e-05	-51.0324
6620	2.48832e-05	-41.8775
6630	2.48832e-05	-43.4539
6640	2.48832e-05	-41.7809
6650	2.48832e-05	-41.8302
6660	2.48832e-05	-55.9662
6670	2.48832e-05	-43.2632
6680	2.48832e-05	-41.8781
6690	2.48832e-05	-44.9491
6700	2.48832e-05	-122.296
6710	2.48832e-05	-45.9326
6720	2.48832e-05	-89.9731
6730	2.48832e-05	-42.835
6740	2.48832e-05	-143.179
6750	2.48832e-05	-140.621
6760	2.48832e-05	-45.1862
6770	2.48832e-05	-57.949
6780	2.48832e-05	-42.4452
6790	2.48832e-05	-75.6577
6800	2.48832e-05	-55.2416
6810	2.48832e-05	-45.8843
6820	2.48832e-05	-43.4453
6830	2.48832e-05	-48.996
6840	2.48832e-05	-47.7023
6850	2.48832e-05	-53.3553
6860	2.48832e-05	-42.1156
6870	2.48832e-05	-41.8379
6880	2.48832e-05	-42.0254
6890	2.48832e-05	-73.6951
6900	2.48832e-05	-89.5548
6910	2.48832e-05	-45.3749
6920	2.48832e-05	-96.0889
6930	2.48832e-05	-73.3922
6940	2.48832e-05	-41.7553
6950	2.48832e-05	-52.7049
6960	2.48832e-05	-41.7854
6970	2.48832e-05	-54.2441
6980	2.48832e-05	-69.9702
6990	2.48832e-05	-49.6458
7000	2.48832e-05	-46.235
7010	2.48832e-05	-45.5873
7020	2.48832e-05	-127.919
7030	2.48832e-05	-41.9012
7040	2.48832e-05	-41.7763
7050	2.48832e-05	-49.4821
7060	2.48832e-05	-41.8888
7070	2.48832e-05	-57.4077
7080	2.48832e-05	-49.4551
7090	2.48832e-05	-141.464
7100	2.48832e-05	-64.7567
7110	2.48832e-05	-50.492
7120	2.48832e-05	-41.9424
7130	2.48832e-05	-51.1229
7140	2.48832e-05	-44.7092
7150	2.48832e-05	-69.5715
7160	2.48832e-05	-142.016
7170	2.48832e-05	-79.3205
7180	2.48832e-05	-52.8476
7190	2.48832e-05	-62.2743
7200	2.48832e-05	-61.0811
7210	2.48832e-05	-57.4341
7220	2.48832e-05	-60.8193
7230	2.48832e-05	-42.4826
7240	2.48832e-05	-50.1825
7250	2.48832e-05	-41.775
7260	2.48832e-05	-84.3668
7270	2.48832e-05	-55.7436
7280	2.48832e-05	-55.7545
7290	2.48832e-05	-41.8889
7300	2.48832e-05	-120.125
7310	2.48832e-05	-41.7772
7320	2.48832e-05	-42.7009
7330	2.48832e-05	-87.6762
7340	2.48832e-05	-54.7629
7350	2.48832e-05	-67.9074
7360	2.48832e-05	-42.4891
7370	2.48832e-05	-74.9908
7380	2.48832e-05	-55.761
7390	2.48832e-05	-72.7246
7400	2.48832e-05	-41.7527
7410	2.48832e-05	-43.9882
7420	2.48832e-05	-74.8969
7430	2.48832e-05	-50.3259
7440	2.48832e-05	-41.8403
7450	2.48832e-05	-44.9302
7460	2.48832e-05	-42.7318
7470	2.48832e-05	-95.1993
7480	2.48832e-05	-65.559
7490	2.48832e-05	-164.385
7500	2.48832e-05	-46.2673
7510	2.48832e-05	-59.722
7520	2.48832e-05	-54.4036
7530	2.48832e-05	-47.2949
7540	2.48832e-05	-61.1047
7550	2.48832e-05	-41.811
7560	2.48832e-05	-44.3713
7570	2.48832e-05	-52.531
7580	2.48832e-05	-47.7674
7590	2.48832e-05	-41.8557
7600	2.48832e-05	-63.1854
7610	2.48832e-05	-46.182
7620	2.48832e-05	-45.3276
7630	2.48832e-05	-41.864
7640	2.48832e-05	-61.7012
7650	2.48832e-05	-43.0274
7660	2.48832e-05	-61.4794
7670	2.48832e-05	-107.687
7680	2.48832e-05	-41.8089
7690	2.48832e-05	-42.9245
7700	2.48832e-05	-150.447
7710	2.48832e-05	-43.7944
7720	2.48832e-05	-69.6181
7730	2.48832e-05	-75.7119
7740	2.48832e-05	-107.413
7750	2.48832e-05	-42.4698
7760	2.48832e-05	-47.273
7770	2.48832e-05	-42.0186
7780	2.48832e-05	-80.2932
7790	2.48832e-05	-50.987
7800	2.48832e-05	-42.708
7810	2.48832e-05	-41.7651
7820	2.48832e-05	-68.6363
7830	2.48832e-05	-41.7845
7840	2.48832e-05	-44.5787
7850	2.48832e-05	-50.0926
7860	2.48832e-05	-84.8346
7870	2.48832e-05	-116.417
7880	2.48832e-05	-43.9236
7890	2.48832e-05	-114.382
7900	2.48832e-05	-69.4769
7910	2.48832e-05	-47.5061
7920	2.48832e-05	-43.6625
7930	2.48832e-05	-57.1564
7940	2.48832e-05	-44.0271
7950	2.48832e-05	-70.719
7960	2.48832e-05	-63.1903
7970	2.48832e-05	-58.6962
7980	2.48832e-05	-42.5378
7990	2.48832e-05	-43.6229
8000	2.48832e-05	-55.1721
8010	2.48832e-05	-54.272
8020	2.48832e-05	-62.5684
8030	2.48832e-05	-64.0697
8040	2.48832e-05	-42.7503
8050	2.48832e-05	-42.0314
8060	2.48832e-05	-51.5811
8070	2.48832e-05	-87.1208
8080	2.48832e-05	-44.3884
8090	2.48832e-05	-51.0772
8100	2.48832e-05	-51.233
8110	2.48832e-05	-89.3892
8120	2.48832e-05	-48.8692
8130	2.48832e-05	-51.7435
8140	2.48832e-05	-41.7522
8150	2.48832e-05	-76.7102
8160	2.48832e-05	-41.8503
8170	2.48832e-05	-41.8092
8180	2.48832e-05	-41.915
8190	2.48832e-05	-61.3302
8200	2.48832e-05	-42.2119
8210	2.48832e-05	-43.0216
8220	2.48832e-05	-62.2567
8230	2.48832e-05	-41.7788
8240	2.48832e-05	-59.3521
8250	2.48832e-05	-108.136
8260	2.48832e-05	-43.8445
8270	2.48832e-05	-63.4787
8280	2.48832e-05	-58.4985
8290	2.48832e-05	-105.218
8300	2.48832e-05	-105.304
8310	2.48832e-05	-43.0319
8320	2.48832e-05	-45.6217
8330	2.48832e-05	-44.1604
8340	2.48832e-05	-68.1448
8350	2.48832e-05	-49.9653
8360	2.48832e-05	-43.7342
8370	2.48832e-05	-47.4282
8380	2.48832e-05	-43.4729
8390	2.48832e-05	-50.7824
8400	2.48832e-05	-41.7767
8410	2.48832e-05	-41.7705
8420	2.48832e-05	-62.91
8430	2.48832e-05	-42.1156
8440	2.48832e-05	-44.5937
8450	2.48832e-05	-42.3006
8460	2.48832e-05	-43.4508
8470	2.48832e-05	-44.9266
8480	2.48832e-05	-43.509
8490	2.48832e-05	-50.582
8500	2.48832e-05	-41.7992
8510	2.48832e-05	-46.3351
8520	2.48832e-05	-60.7571
8530	2.48832e-05	-43.0496
8540	2.48832e-05	-46.2438
8550	2.48832e-05	-47.2753
8560	2.48832e-05	-119.791
8570	2.48832e-05	-67.3784
8580	2.48832e-05	-46.702
8590	2.48832e-05	-96.475
8600	2.48832e-05	-105.508
8610	2.48832e-05	-100.927
8620	2.48832e-05	-48.5554
8630	2.48832e-05	-65.8435
8640	2.48832e-05	-118.086
8650	2.48832e-05	-46.6698
8660	2.48832e-05	-42.3419
8670	2.48832e-05	-58.9007
8680	2.48832e-05	-61.1089
8690	2.48832e-05	-57.4142
8700	2.48832e-05	-42.3849
8710	2.48832e-05	-42.1927
8720	2.48832e-05	-41.7618
8730	2.48832e-05	-42.5001
8740	2.48832e-05	-45.4377
8750	2.48832e-05	-46.308
8760	2.48832e-05	-97.4987
8770	2.48832e-05	-42.1769
8780	2.48832e-05	-49.074
8790	2.48832e-05	-43.588
8800	2.48832e-05	-42.7077
8810	2.48832e-05	-57.0568
8820	2.48832e-05	-41.7705
8830	2.48832e-05	-41.8147
8840	2.48832e-05	-56.5605
8850	2.48832e-05	-47.6324
8860	2.48832e-05	-93.349
8870	2.48832e-05	-43.6668
8880	2.48832e-05	-42.076
8890	2.48832e-05	-42.7374
8900	2.48832e-05	-42.2882
8910	2.48832e-05	-43.046
8920	2.48832e-05	-42.0727
8930	2.48832e-05	-41.8667
8940	2.48832e-05	-47.4108
8950	2.48832e-05	-94.5816
8960	2.48832e-05	-55.3957
8970	2.48832e-05	-89.658
8980	2.48832e-05	-45.2758
8990	2.48832e-05	-47.0193
9000	2.48832e-05	-73.4821
9010	2.48832e-05	-99.7124
9020	2.48832e-05	-42.3316
9030	2.48832e-05	-41.7722
9040	2.48832e-05	-80.2461
9050	2.48832e-05	-61.105
9060	2.48832e-05	-41.7939
9070	2.48832e-05	-42.6124
9080	2.48832e-05	-55.3193
9090	2.48832e-05	-41.7595
9100	2.48832e-05	-42.7225
9110	2.48832e-05	-87.3389
9120	2.48832e-05	-91.5096
9130	2.48832e-05	-41.9928
9140	2.48832e-05	-61.4457
9150	2.48832e-05	-41.8806
9160	2.48832e-05	-71.5992
9170	2.48832e-05	-41.7673
9180	2.48832e-05	-57.5717
9190	2.48832e-05	-41.8355
9200	2.48832e-05	-45.2358
9210	2.48832e-05	-43.4235
9220	2.48832e-05	-47.3029
9230	2.48832e-05	-47.9269
9240	2.48832e-05	-41.8583
9250	2.48832e-05	-52.5428
9260	2.48832e-05	-45.2232
9270	2.48832e-05	-42.5222
9280	2.48832e-05	-50.6907
9290	2.48832e-05	-41.7636
9300	2.48832e-05	-78.5056
9310	2.48832e-05	-63.8068
9320	2.48832e-05	-44.0512
9330	2.48832e-05	-68.7701
9340	2.48832e-05	-41.9028
9350	2.48832e-05	-52.7747
9360	2.48832e-05	-51.9449
9370	2.48832e-05	-43.1981
9380	2.48832e-05	-46.6801
9390	2.48832e-05	-42.0965
9400	2.48832e-05	-43.3409
9410	2.48832e-05	-51.7704
9420	2.48832e-05	-53.6013
9430	2.48832e-05	-63.1949
9440	2.48832e-05	-63.6071
9450	2.48832e-05	-72.7085
9460	2.48832e-05	-42.2849
9470	2.48832e-05	-54.5152
9480	2.48832e-05	-50.2563
9490	2.48832e-05	-68.7361
9500	2.48832e-05	-42.3982
9510	2.48832e-05	-42.1114
9520	2.48832e-05	-108.561
9530	2.48832e-05	-57.4219
9540	2.48832e-05	-54.116
9550	2.48832e-05	-43.0624
9560	2.48832e-05	-42.4656
9570	2.48832e-05	-62.228
9580	2.48832e-05	-47.7374
9590	2.48832e-05	-44.4534
9600	2.48832e-05	-58.0954
9610	2.48832e-05	-55.5466
9620	2.48832e-05	-54.321
9630	2.48832e-05	-69.4092
9640	2.48832e-05	-78.1623
9650	2.48832e-05	-65.9731
9660	2.48832e-05	-47.4503
9670	2.48832e-05	-41.7693
9680	2.48832e-05	-56.0881
9690	2.48832e-05	-57.3457
9700	2.48832e-05	-49.7009
9710	2.48832e-05	-78.4458
9720	2.48832e-05	-82.3481
9730	2.48832e-05	-59.3848
9740	2.48832e-05	-41.7582
9750	2.48832e-05	-41.8764
9760	2.48832e-05	-41.8636
9770	2.48832e-05	-98.3524
9780	2.48832e-05	-41.7531
9790	2.48832e-05	-64.6293
9800	2.48832e-05	-43.1244
9810	2.48832e-05	-49.0309
9820	2.48832e-05	-46.4903
9830	2.48832e-05	-48.6263
9840	2.48832e-05	-41.8416
9850	2.48832e-05	-41.7918
9860	2.48832e-05	-41.9348
9870	2.48832e-05	-47.5397
9880	2.48832e-05	-42.5885
9890	2.48832e-05	-46.2127
9900	2.48832e-05	-101.766
9910	2.48832e-05	-54.3616
9920	2.48832e-05	-63.2813
9930	2.48832e-05	-149.184
9940	2.48832e-05	-86.6257
9950	2.48832e-05	-41.9466
9960	2.48832e-05	-42.1313
9970	2.48832e-05	-41.8084
9980	2.48832e-05	-57.0759
9990	2.48832e-05	-149.521
10000	2.48832e-05	-61.6495
