state	power	likelihood
2510	0.0184528	-78.9838
2520	0.0184528	-41.9092
2530	0.0184528	-48.1219
2540	0.0184528	-165.223
2550	0.0184528	-115.364
2560	0.0184528	-41.7484
2570	0.0184528	-112.122
2580	0.0184528	-41.8714
2590	0.0184528	-41.8817
2600	0.0184528	-67.8916
2610	0.0184528	-42.5092
2620	0.0184528	-88.5935
2630	0.0184528	-68.3849
2640	0.0184528	-90.2808
2650	0.0184528	-135.46
2660	0.0184528	-41.8579
2670	0.0184528	-52.7242
2680	0.0184528	-41.7809
2690	0.0184528	-79.2855
2700	0.0184528	-41.8154
2710	0.0184528	-63.9772
2720	0.0184528	-63.9559
2730	0.0184528	-47.2147
2740	0.0184528	-42.8354
2750	0.0184528	-42.3463
2760	0.0184528	-46.7334
2770	0.0184528	-55.3207
2780	0.0184528	-54.7953
2790	0.0184528	-52.012
2800	0.0184528	-80.17
2810	0.0184528	-54.3387
2820	0.0184528	-52.0438
2830	0.0184528	-102.206
2840	0.0184528	-78.071
2850	0.0184528	-46.8393
2860	0.0184528	-45.8241
2870	0.0184528	-118.976
2880	0.0184528	-60.0935
2890	0.0184528	-43.3394
2900	0.0184528	-128.118
2910	0.0184528	-131.253
2920	0.0184528	-50.7288
2930	0.0184528	-43.449
2940	0.0184528	-87.5581
2950	0.0184528	-103.076
2960	0.0184528	-77.9692
2970	0.0184528	-152.306
2980	0.0184528	-112.694
2990	0.0184528	-206.375
3000	0.0184528	-41.9489
3010	0.0184528	-138.169
3020	0.0184528	-136.283
3030	0.0184528	-47.1848
3040	0.0184528	-72.8014
3050	0.0184528	-54.2244
3060	0.0184528	-96.3479
3070	0.0184528	-43.2113
3080	0.0184528	-74.4265
3090	0.0184528	-126.204
3100	0.0184528	-55.4614
3110	0.0184528	-42.1595
3120	0.0184528	-58.3523
3130	0.0184528	-43.0208
3140	0.0184528	-41.7514
3150	0.0184528	-48.9403
3160	0.0184528	-41.7487
3170	0.0184528	-88.663
3180	0.0184528	-200.537
3190	0.0184528	-43.8098
3200	0.0184528	-122.322
3210	0.0184528	-72.5548
3220	0.0184528	-48.6298
3230	0.0184528	-43.205
3240	0.0184528	-86.1678
3250	0.0184528	-99.0386
3260	0.0184528	-43.0859
3270	0.0184528	-83.1732
3280	0.0184528	-68.4895
3290	0.0184528	-41.8001
3300	0.0184528	-81.5683
3310	0.0184528	-46.0864
3320	0.0184528	-63.3609
3330	0.0184528	-55.4813
3340	0.0184528	-76.0534
3350	0.0184528	-50.7541
3360	0.0184528	-59.4893
3370	0.0184528	-49.5173
3380	0.0184528	-41.9002
3390	0.0184528	-47.8941
3400	0.0184528	-42.5318
3410	0.0184528	-58.4009
3420	0.0184528	-70.3221
3430	0.0184528	-42.1141
3440	0.0184528	-67.3364
3450	0.0184528	-41.7979
3460	0.0184528	-50.3996
3470	0.0184528	-42.5984
3480	0.0184528	-171.68
3490	0.0184528	-82.3135
3500	0.0184528	-43.0168
3510	0.0184528	-60.3782
3520	0.0184528	-93.0726
3530	0.0184528	-57.4777
3540	0.0184528	-43.9067
3550	0.0184528	-84.5674
3560	0.0184528	-59.9801
3570	0.0184528	-41.7626
3580	0.0184528	-91.3733
3590	0.0184528	-51.7708
3600	0.0184528	-42.9114
3610	0.0184528	-67.0718
3620	0.0184528	-51.388
3630	0.0184528	-50.1744
3640	0.0184528	-56.2259
3650	0.0184528	-41.9949
3660	0.0184528	-41.8021
3670	0.0184528	-42.9541
3680	0.0184528	-50.9421
3690	0.0184528	-42.4091
3700	0.0184528	-42.0012
3710	0.0184528	-68.4227
3720	0.0184528	-42.6861
3730	0.0184528	-42.3982
3740	0.0184528	-42.1523
3750	0.0184528	-41.7533
3760	0.0184528	-42.0839
3770	0.0184528	-42.0779
3780	0.0184528	-42.322
3790	0.0184528	-51.0988
3800	0.0184528	-41.8896
3810	0.0184528	-63.8728
3820	0.0184528	-56.6963
3830	0.0184528	-184.952
3840	0.0184528	-42.2376
3850	0.0184528	-50.8541
3860	0.0184528	-45.7379
3870	0.0184528	-98.7485
3880	0.0184528	-43.988
3890	0.0184528	-41.9016
3900	0.0184528	-127.341
3910	0.0184528	-49.4819
3920	0.0184528	-47.5877
3930	0.0184528	-86.1815
3940	0.0184528	-135.417
3950	0.0184528	-54.6492
3960	0.0184528	-88.0111
3970	0.0184528	-64.2573
3980	0.0184528	-50.9818
3990	0.0184528	-45.1092
4000	0.0184528	-56.0662
4010	0.0184528	-62.0997
4020	0.0184528	-67.0314
4030	0.0184528	-41.7707
4040	0.0184528	-42.6195
4050	0.0184528	-53.3212
4060	0.0184528	-44.174
4070	0.0184528	-42.0726
4080	0.0184528	-71.1608
4090	0.0184528	-70.0914
4100	0.0184528	-108.55
4110	0.0184528	-51.4429
4120	0.0184528	-43.8406
4130	0.0184528	-95.1691
4140	0.0184528	-65.5048
4150	0.0184528	-44.5488
4160	0.0184528	-67.5711
4170	0.0184528	-79.1929
4180	0.0184528	-66.047
4190	0.0184528	-65.2357
4200	0.0184528	-49.3306
4210	0.0184528	-64.4596
4220	0.0184528	-55.9174
4230	0.0184528	-129.98
4240	0.0184528	-200.721
4250	0.0184528	-72.7686
4260	0.0184528	-58.8906
4270	0.0184528	-41.7487
4280	0.0184528	-87.6362
4290	0.0184528	-122.164
4300	0.0184528	-93.3571
4310	0.0184528	-89.9257
4320	0.0184528	-61.6125
4330	0.0184528	-48.9593
4340	0.0184528	-44.083
4350	0.0184528	-62.1965
4360	0.0184528	-43.1127
4370	0.0184528	-55.4964
4380	0.0184528	-75.4442
4390	0.0184528	-69.3442
4400	0.0184528	-110.987
4410	0.0184528	-111.745
4420	0.0184528	-50.988
4430	0.0184528	-134.904
4440	0.0184528	-73.4546
4450	0.0184528	-159.95
4460	0.0184528	-78.0035
4470	0.0184528	-54.6749
4480	0.0184528	-41.9808
4490	0.0184528	-48.4208
4500	0.0184528	-63.4691
4510	0.0184528	-60.5622
4520	0.0184528	-44.2849
4530	0.0184528	-43.9021
4540	0.0184528	-113.235
4550	0.0184528	-66.2306
4560	0.0184528	-48.1357
4570	0.0184528	-42.3706
4580	0.0184528	-44.9427
4590	0.0184528	-83.142
4600	0.0184528	-45.9178
4610	0.0184528	-55.4337
4620	0.0184528	-103.052
4630	0.0184528	-46.5827
4640	0.0184528	-63.985
4650	0.0184528	-50.1025
4660	0.0184528	-54.6891
4670	0.0184528	-42.5972
4680	0.0184528	-148.558
4690	0.0184528	-50.7513
4700	0.0184528	-62.2574
4710	0.0184528	-48.7874
4720	0.0184528	-121.904
4730	0.0184528	-69.7665
4740	0.0184528	-52.0417
4750	0.0184528	-41.9399
4760	0.0184528	-54.8825
4770	0.0184528	-99.4371
4780	0.0184528	-63.7578
4790	0.0184528	-41.9522
4800	0.0184528	-67.9651
4810	0.0184528	-64.8522
4820	0.0184528	-57.1821
4830	0.0184528	-63.8377
4840	0.0184528	-42.4504
4850	0.0184528	-47.0442
4860	0.0184528	-41.7659
4870	0.0184528	-53.9172
4880	0.0184528	-50.6823
4890	0.0184528	-44.5999
4900	0.0184528	-71.5333
4910	0.0184528	-47.3086
4920	0.0184528	-58.7511
4930	0.0184528	-59.2993
4940	0.0184528	-76.3118
4950	0.0184528	-41.8056
4960	0.0184528	-65.7099
4970	0.0184528	-84.3194
4980	0.0184528	-80.4852
4990	0.0184528	-52.2982
5000	0.0184528	-41.8048
5010	0.0184528	-90.402
5020	0.0184528	-184.383
5030	0.0184528	-100.237
5040	0.0184528	-83.3186
5050	0.0184528	-67.2659
5060	0.0184528	-49.4305
5070	0.0184528	-54.847
5080	0.0184528	-41.8026
5090	0.0184528	-45.9783
5100	0.0184528	-98.5769
5110	0.0184528	-45.3702
5120	0.0184528	-54.9842
5130	0.0184528	-74.0938
5140	0.0184528	-43.9072
5150	0.0184528	-42.0407
5160	0.0184528	-42.1031
5170	0.0184528	-172.373
5180	0.0184528	-81.2153
5190	0.0184528	-50.853
5200	0.0184528	-100.693
5210	0.0184528	-86.4022
5220	0.0184528	-57.5295
5230	0.0184528	-55.0608
5240	0.0184528	-44.3636
5250	0.0184528	-63.9257
5260	0.0184528	-57.0279
5270	0.0184528	-52.7779
5280	0.0184528	-70.4801
5290	0.0184528	-42.088
5300	0.0184528	-82.7946
5310	0.0184528	-57.5689
5320	0.0184528	-69.2489
5330	0.0184528	-45.7768
5340	0.0184528	-48.488
5350	0.0184528	-116.612
5360	0.0184528	-146.089
5370	0.0184528	-89.2431
5380	0.0184528	-57.8077
5390	0.0184528	-51.5544
5400	0.0184528	-42.3723
5410	0.0184528	-87.915
5420	0.0184528	-42.4527
5430	0.0184528	-70.5428
5440	0.0184528	-138.813
5450	0.0184528	-67.7821
5460	0.0184528	-65.0398
5470	0.0184528	-61.4737
5480	0.0184528	-87.083
5490	0.0184528	-92.6014
5500	0.0184528	-97.6272
5510	0.0184528	-41.8464
5520	0.0184528	-58.5121
5530	0.0184528	-87.5123
5540	0.0184528	-53.458
5550	0.0184528	-41.8374
5560	0.0184528	-147.917
5570	0.0184528	-116.683
5580	0.0184528	-62.1669
5590	0.0184528	-58.3061
5600	0.0184528	-57.3327
5610	0.0184528	-77.7929
5620	0.0184528	-166.634
5630	0.0184528	-72.181
5640	0.0184528	-44.9394
5650	0.0184528	-41.7574
5660	0.0184528	-90.9389
5670	0.0184528	-45.1209
5680	0.0184528	-45.1566
5690	0.0184528	-96.6187
5700	0.0184528	-42.6799
5710	0.0184528	-41.8471
5720	0.0184528	-41.8102
5730	0.0184528	-62.0247
5740	0.0184528	-42.0696
5750	0.0184528	-161.361
5760	0.0184528	-43.0316
5770	0.0184528	-51.8267
5780	0.0184528	-42.0749
5790	0.0184528	-74.6804
5800	0.0184528	-44.6845
5810	0.0184528	-52.7542
5820	0.0184528	-44.8987
5830	0.0184528	-41.7618
5840	0.0184528	-41.8955
5850	0.0184528	-41.7732
5860	0.0184528	-50.5896
5870	0.0184528	-53.6702
5880	0.0184528	-41.7857
5890	0.0184528	-44.8216
5900	0.0184528	-45.4851
5910	0.0184528	-41.7504
5920	0.0184528	-51.1269
5930	0.0184528	-112.353
5940	0.0184528	-61.481
5950	0.0184528	-67.274
5960	0.0184528	-54.6001
5970	0.0184528	-52.3783
5980	0.0184528	-65.8735
5990	0.0184528	-56.907
6000	0.0184528	-65.033
6010	0.0184528	-133.45
6020	0.0184528	-42.1011
6030	0.0184528	-120.95
6040	0.0184528	-47.3382
6050	0.0184528	-43.8386
6060	0.0184528	-150.723
6070	0.0184528	-56.4993
6080	0.0184528	-59.3494
6090	0.0184528	-85.1727
6100	0.0184528	-58.3164
6110	0.0184528	-96.2672
6120	0.0184528	-77.6447
6130	0.0184528	-67.7184
6140	0.0184528	-105.044
6150	0.0184528	-98.8407
6160	0.0184528	-105.436
6170	0.0184528	-84.8304
6180	0.0184528	-45.2531
6190	0.0184528	-55.492
6200	0.0184528	-45.2037
6210	0.0184528	-44.5368
6220	0.0184528	-64.8834
6230	0.0184528	-52.2572
6240	0.0184528	-42.034
6250	0.0184528	-41.7591
6260	0.0184528	-63.8867
6270	0.0184528	-47.6425
6280	0.0184528	-43.6162
6290	0.0184528	-46.3814
6300	0.0184528	-43.1138
6310	0.0184528	-43.7285
6320	0.0184528	-51.7968
6330	0.0184528	-83.2728
6340	0.0184528	-84.5832
6350	0.0184528	-58.7102
6360	0.0184528	-80.519
6370	0.0184528	-42.2788
6380	0.0184528	-179.065
6390	0.0184528	-52.0978
6400	0.0184528	-41.954
6410	0.0184528	-95.6709
6420	0.0184528	-60.1854
6430	0.0184528	-42.004
6440	0.0184528	-53.2345
6450	0.0184528	-64.1552
6460	0.0184528	-54.1662
6470	0.0184528	-51.9258
6480	0.0184528	-135.737
6490	0.0184528	-41.7483
6500	0.0184528	-61.896
6510	0.0184528	-84.68
6520	0.0184528	-53.7733
6530	0.0184528	-41.9843
6540	0.0184528	-49.2228
6550	0.0184528	-203.79
6560	0.0184528	-193.596
6570	0.0184528	-51.841
6580	0.0184528	-48.6656
6590	0.0184528	-112.091
6600	0.0184528	-60.2408
6610	0.0184528	-47.7538
6620	0.0184528	-72.6566
6630	0.0184528	-175.442
6640	0.0184528	-50.8384
6650	0.0184528	-46.6518
6660	0.0184528	-41.9559
6670	0.0184528	-88.3803
6680	0.0184528	-42.6316
6690	0.0184528	-61.0354
6700	0.0184528	-135.695
6710	0.0184528	-42.2453
6720	0.0184528	-58.0681
6730	0.0184528	-79.2247
6740	0.0184528	-142.457
6750	0.0184528	-92.833
6760	0.0184528	-42.2499
6770	0.0184528	-127.322
6780	0.0184528	-63.3566
6790	0.0184528	-116.092
6800	0.0184528	-86.9311
6810	0.0184528	-41.8301
6820	0.0184528	-50.9129
6830	0.0184528	-104.837
6840	0.0184528	-42.2223
6850	0.0184528	-77.1974
6860	0.0184528	-48.2363
6870	0.0184528	-78.2269
6880	0.0184528	-69.1834
6890	0.0184528	-46.0304
6900	0.0184528	-65.7039
6910	0.0184528	-53.9526
6920	0.0184528	-41.7486
6930	0.0184528	-46.2795
6940	0.0184528	-61.6675
6950	0.0184528	-74.0429
6960	0.0184528	-51.5786
6970	0.0184528	-49.6666
6980	0.0184528	-65.0926
6990	0.0184528	-43.7345
7000	0.0184528	-42.0222
7010	0.0184528	-71.6322
7020	0.0184528	-59.1874
7030	0.0184528	-42.3674
7040	0.0184528	-41.9584
7050	0.0184528	-45.4352
7060	0.0184528	-162.485
7070	0.0184528	-87.1038
7080	0.0184528	-41.7683
7090	0.0184528	-86.231
7100	0.0184528	-81.8565
7110	0.0184528	-41.8443
7120	0.0184528	-72.9579
7130	0.0184528	-42.0627
7140	0.0184528	-44.3212
7150	0.0184528	-169.751
7160	0.0184528	-45.0162
7170	0.0184528	-41.7488
7180	0.0184528	-67.2282
7190	0.0184528	-61.1339
7200	0.0184528	-41.9519
7210	0.0184528	-68.5394
7220	0.0184528	-41.7552
7230	0.0184528	-49.9238
7240	0.0184528	-45.0503
7250	0.0184528	-55.5873
7260	0.0184528	-42.3322
7270	0.0184528	-42.025
7280	0.0184528	-41.767
7290	0.0184528	-412.284
7300	0.0184528	-43.6254
7310	0.0184528	-49.7094
7320	0.0184528	-47.271
7330	0.0184528	-57.8893
7340	0.0184528	-91.9126
7350	0.0184528	-47.1787
7360	0.0184528	-94.6921
7370	0.0184528	-86.9582
7380	0.0184528	-64.8245
7390	0.0184528	-110.22
7400	0.0184528	-41.8803
7410	0.0184528	-71.4003
7420	0.0184528	-81.0304
7430	0.0184528	-109.21
7440	0.0184528	-41.9348
7450	0.0184528	-46.0972
7460	0.0184528	-75.3399
7470	0.0184528	-82.1438
7480	0.0184528	-53.5652
7490	0.0184528	-52.5102
7500	0.0184528	-49.3592
7510	0.0184528	-251.93
7520	0.0184528	-61.0199
7530	0.0184528	-75.8307
7540	0.0184528	-73.1652
7550	0.0184528	-48.167
7560	0.0184528	-41.7919
7570	0.0184528	-113.492
7580	0.0184528	-46.1757
7590	0.0184528	-68.796
7600	0.0184528	-84.5556
7610	0.0184528	-71.8599
7620	0.0184528	-86.7132
7630	0.0184528	-46.4876
7640	0.0184528	-63.069
7650	0.0184528	-103.915
7660	0.0184528	-67.8194
7670	0.0184528	-54.6746
7680	0.0184528	-42.3686
7690	0.0184528	-93.3896
7700	0.0184528	-49.8346
7710	0.0184528	-41.8075
7720	0.0184528	-47.6574
7730	0.0184528	-55.4726
7740	0.0184528	-77.6157
7750	0.0184528	-42.2969
7760	0.0184528	-42.0912
7770	0.0184528	-58.5175
7780	0.0184528	-48.3837
7790	0.0184528	-81.282
7800	0.0184528	-62.3156
7810	0.0184528	-49.751
7820	0.0184528	-141.553
7830	0.0184528	-44.8949
7840	0.0184528	-41.974
7850	0.0184528	-42.1935
7860	0.0184528	-148.082
7870	0.0184528	-43.4271
7880	0.0184528	-54.9605
7890	0.0184528	-52.239
7900	0.0184528	-84.3043
7910	0.0184528	-58.0243
7920	0.0184528	-67.1736
7930	0.0184528	-72.6606
7940	0.0184528	-62.8956
7950	0.0184528	-106.652
7960	0.0184528	-43.65
7970	0.0184528	-84.3105
7980	0.0184528	-55.6981
7990	0.0184528	-81.6632
8000	0.0184528	-64.8815
8010	0.0184528	-80.8479
8020	0.0184528	-42.0448
8030	0.0184528	-43.8915
8040	0.0184528	-46.8179
8050	0.0184528	-53.1481
8060	0.0184528	-61.4493
8070	0.0184528	-85.1468
8080	0.0184528	-54.7945
8090	0.0184528	-130.012
8100	0.0184528	-162.853
8110	0.0184528	-115.178
8120	0.0184528	-61.1005
8130	0.0184528	-138.535
8140	0.0184528	-85.5884
8150	0.0184528	-80.4943
8160	0.0184528	-41.7518
8170	0.0184528	-42.2591
8180	0.0184528	-100.083
8190	0.0184528	-54.584
8200	0.0184528	-101.716
8210	0.0184528	-101.826
8220	0.0184528	-175.211
8230	0.0184528	-167.194
8240	0.0184528	-103.883
8250	0.0184528	-52.4632
8260	0.0184528	-59.8939
8270	0.0184528	-43.62
8280	0.0184528	-83.6004
8290	0.0184528	-102.993
8300	0.0184528	-44.7672
8310	0.0184528	-48.0849
8320	0.0184528	-42.1985
8330	0.0184528	-57.9484
8340	0.0184528	-70.8949
8350	0.0184528	-61.1403
8360	0.0184528	-43.3028
8370	0.0184528	-96.9956
8380	0.0184528	-46.7772
8390	0.0184528	-55.859
8400	0.0184528	-41.7791
8410	0.0184528	-53.5144
8420	0.0184528	-42.0021
8430	0.0184528	-41.813
8440	0.0184528	-46.0759
8450	0.0184528	-43.9253
8460	0.0184528	-134.093
8470	0.0184528	-81.3185
8480	0.0184528	-96.6018
8490	0.0184528	-43.9862
8500	0.0184528	-41.7545
8510	0.0184528	-66.8896
8520	0.0184528	-52.8857
8530	0.0184528	-64.4697
8540	0.0184528	-67.8875
8550	0.0184528	-90.0412
8560	0.0184528	-53.7874
8570	0.0184528	-81.4764
8580	0.0184528	-102.011
8590	0.0184528	-103.917
8600	0.0184528	-58.5203
8610	0.0184528	-82.9761
8620	0.0184528	-45.0223
8630	0.0184528	-85.5101
8640	0.0184528	-54.2945
8650	0.0184528	-41.8513
8660	0.0184528	-69.4117
8670	0.0184528	-45.902
8680	0.0184528	-62.7343
8690	0.0184528	-147.545
8700	0.0184528	-56.1188
8710	0.0184528	-46.1233
8720	0.0184528	-202.738
8730	0.0184528	-172.071
8740	0.0184528	-48.2191
8750	0.0184528	-44.8847
8760	0.0184528	-41.9551
8770	0.0184528	-146.402
8780	0.0184528	-121.501
8790	0.0184528	-42.187
8800	0.0184528	-60.1819
8810	0.0184528	-80.3528
8820	0.0184528	-41.7479
8830	0.0184528	-58.9483
8840	0.0184528	-42.9404
8850	0.0184528	-42.1122
8860	0.0184528	-43.7992
8870	0.0184528	-43.2321
8880	0.0184528	-41.7519
8890	0.0184528	-51.7907
8900	0.0184528	-68.6147
8910	0.0184528	-43.7481
8920	0.0184528	-72.3751
8930	0.0184528	-77.7122
8940	0.0184528	-53.2778
8950	0.0184528	-45.5712
8960	0.0184528	-91.4219
8970	0.0184528	-64.1629
8980	0.0184528	-43.8111
8990	0.0184528	-56.3479
9000	0.0184528	-68.4207
9010	0.0184528	-128.244
9020	0.0184528	-114.786
9030	0.0184528	-68.6493
9040	0.0184528	-123.99
9050	0.0184528	-43.7528
9060	0.0184528	-66.3219
9070	0.0184528	-71.4375
9080	0.0184528	-57.165
9090	0.0184528	-41.7835
9100	0.0184528	-83.0263
9110	0.0184528	-41.8142
9120	0.0184528	-42.0658
9130	0.0184528	-68.0954
9140	0.0184528	-49.5307
9150	0.0184528	-122.015
9160	0.0184528	-44.0281
9170	0.0184528	-46.3125
9180	0.0184528	-144.292
9190	0.0184528	-41.822
9200	0.0184528	-103.305
9210	0.0184528	-44.7279
9220	0.0184528	-41.766
9230	0.0184528	-41.9913
9240	0.0184528	-67.3696
9250	0.0184528	-42.7034
9260	0.0184528	-138.273
9270	0.0184528	-84.919
9280	0.0184528	-44.1254
9290	0.0184528	-45.194
9300	0.0184528	-57.6676
9310	0.0184528	-46.0431
9320	0.0184528	-60.1229
9330	0.0184528	-50.1966
9340	0.0184528	-41.8264
9350	0.0184528	-85.9287
9360	0.0184528	-48.9201
9370	0.0184528	-42.3473
9380	0.0184528	-42.4909
9390	0.0184528	-106.171
9400	0.0184528	-57.1279
9410	0.0184528	-64.8348
9420	0.0184528	-41.8023
9430	0.0184528	-127.566
9440	0.0184528	-82.7542
9450	0.0184528	-42.1893
9460	0.0184528	-66.6828
9470	0.0184528	-67.4564
9480	0.0184528	-41.8548
9490	0.0184528	-68.4556
9500	0.0184528	-42.4059
9510	0.0184528	-43.4397
9520	0.0184528	-50.3068
9530	0.0184528	-50.874
9540	0.0184528	-90.1198
9550	0.0184528	-58.7032
9560	0.0184528	-102.378
9570	0.0184528	-53.392
9580	0.0184528	-45.6584
9590	0.0184528	-73.8255
9600	0.0184528	-58.5608
9610	0.0184528	-103.1
9620	0.0184528	-49.4852
9630	0.0184528	-47.1273
9640	0.0184528	-42.7144
9650	0.0184528	-42.9621
9660	0.0184528	-45.3583
9670	0.0184528	-53.7877
9680	0.0184528	-45.9944
9690	0.0184528	-44.7433
9700	0.0184528	-103.831
9710	0.0184528	-49.7268
9720	0.0184528	-66.4048
9730	0.0184528	-88.0462
9740	0.0184528	-57.0975
9750	0.0184528	-76.2522
9760	0.0184528	-48.568
9770	0.0184528	-215.235
9780	0.0184528	-48.7499
9790	0.0184528	-123.054
9800	0.0184528	-79.2789
9810	0.0184528	-41.9981
9820	0.0184528	-47.2933
9830	0.0184528	-140.202
9840	0.0184528	-57.5173
9850	0.0184528	-44.3595
9860	0.0184528	-105.077
9870	0.0184528	-52.6305
9880	0.0184528	-101.091
9890	0.0184528	-41.9916
9900	0.0184528	-74.1389
9910	0.0184528	-41.7479
9920	0.0184528	-52.293
9930	0.0184528	-43.9763
9940	0.0184528	-41.7507
9950	0.0184528	-79.9738
9960	0.0184528	-67.5967
9970	0.0184528	-96.9324
9980	0.0184528	-168.605
9990	0.0184528	-98.6704
10000	0.0184528	-41.859
