state	power	likelihood
2510	0.0282475	-62.0925
2520	0.0282475	-42.0013
2530	0.0282475	-45.5264
2540	0.0282475	-113.264
2550	0.0282475	-55.6558
2560	0.0282475	-43.2683
2570	0.0282475	-50.5251
2580	0.0282475	-121.652
2590	0.0282475	-102.738
2600	0.0282475	-65.1672
2610	0.0282475	-42.963
2620	0.0282475	-43.0685
2630	0.0282475	-54.5512
2640	0.0282475	-62.4227
2650	0.0282475	-72.1346
2660	0.0282475	-41.7799
2670	0.0282475	-93.8457
2680	0.0282475	-42.0245
2690	0.0282475	-60.2667
2700	0.0282475	-42.5855
2710	0.0282475	-59.6041
2720	0.0282475	-42.8461
2730	0.0282475	-95.9175
2740	0.0282475	-84.0731
2750	0.0282475	-42.5189
2760	0.0282475	-69.314
2770	0.0282475	-44.2383
2780	0.0282475	-45.9313
2790	0.0282475	-41.758
2800	0.0282475	-65.2855
2810	0.0282475	-42.1228
2820	0.0282475	-46.4713
2830	0.0282475	-68.7239
2840	0.0282475	-77.6905
2850	0.0282475	-45.0632
2860	0.0282475	-42.2697
2870	0.0282475	-55.8066
2880	0.0282475	-42.6492
2890	0.0282475	-46.2335
2900	0.0282475	-49.2062
2910	0.0282475	-59.0533
2920	0.0282475	-60.0045
2930	0.0282475	-79.84
2940	0.0282475	-83.1432
2950	0.0282475	-41.9451
2960	0.0282475	-63.249
2970	0.0282475	-93.1729
2980	0.0282475	-77.0808
2990	0.0282475	-63.3708
3000	0.0282475	-41.8865
3010	0.0282475	-49.0946
3020	0.0282475	-50.5174
3030	0.0282475	-41.768
3040	0.0282475	-42.3329
3050	0.0282475	-54.282
3060	0.0282475	-42.0691
3070	0.0282475	-75.123
3080	0.0282475	-60.8475
3090	0.0282475	-41.9678
3100	0.0282475	-46.5681
3110	0.0282475	-43.8574
3120	0.0282475	-65.5113
3130	0.0282475	-153.28
3140	0.0282475	-48.4349
3150	0.0282475	-67.935
3160	0.0282475	-42.6721
3170	0.0282475	-58.5638
3180	0.0282475	-44.5105
3190	0.0282475	-48.0425
3200	0.0282475	-47.6136
3210	0.0282475	-58.0755
3220	0.0282475	-45.3719
3230	0.0282475	-61.0552
3240	0.0282475	-56.2416
3250	0.0282475	-42.7031
3260	0.0282475	-41.7697
3270	0.0282475	-43.9002
3280	0.0282475	-60.9234
3290	0.0282475	-42.1832
3300	0.0282475	-76.4696
3310	0.0282475	-47.0105
3320	0.0282475	-111.4
3330	0.0282475	-117.991
3340	0.0282475	-52.8363
3350	0.0282475	-51.0441
3360	0.0282475	-44.3226
3370	0.0282475	-46.0095
3380	0.0282475	-59.1484
3390	0.0282475	-63.1443
3400	0.0282475	-78.4143
3410	0.0282475	-43.4642
3420	0.0282475	-57.7008
3430	0.0282475	-42.0355
3440	0.0282475	-69.0437
3450	0.0282475	-69.7913
3460	0.0282475	-88.0694
3470	0.0282475	-46.4572
3480	0.0282475	-42.8967
3490	0.0282475	-79.4827
3500	0.0282475	-50.1738
3510	0.0282475	-42.1079
3520	0.0282475	-55.8851
3530	0.0282475	-46.6081
3540	0.0282475	-42.0006
3550	0.0282475	-110.912
3560	0.0282475	-54.2547
3570	0.0282475	-59.4155
3580	0.0282475	-68.5376
3590	0.0282475	-41.9899
3600	0.0282475	-41.7902
3610	0.0282475	-51.8797
3620	0.0282475	-82.8364
3630	0.0282475	-80.3556
3640	0.0282475	-56.6583
3650	0.0282475	-69.3904
3660	0.0282475	-53.6834
3670	0.0282475	-65.7144
3680	0.0282475	-94.5886
3690	0.0282475	-42.0925
3700	0.0282475	-49.8065
3710	0.0282475	-42.6844
3720	0.0282475	-129.937
3730	0.0282475	-51.7416
3740	0.0282475	-114.434
3750	0.0282475	-61.1574
3760	0.0282475	-126.327
3770	0.0282475	-41.7588
3780	0.0282475	-45.6604
3790	0.0282475	-73.9858
3800	0.0282475	-82.7682
3810	0.0282475	-42.8557
3820	0.0282475	-43.9435
3830	0.0282475	-41.8898
3840	0.0282475	-59.8763
3850	0.0282475	-58.0211
3860	0.0282475	-49.635
3870	0.0282475	-42.0188
3880	0.0282475	-54.537
3890	0.0282475	-42.5522
3900	0.0282475	-109.542
3910	0.0282475	-44.8797
3920	0.0282475	-45.0993
3930	0.0282475	-85.2461
3940	0.0282475	-120.063
3950	0.0282475	-55.323
3960	0.0282475	-42.1533
3970	0.0282475	-46.2646
3980	0.0282475	-59.7115
3990	0.0282475	-71.0559
4000	0.0282475	-48.4196
4010	0.0282475	-149.981
4020	0.0282475	-42.4525
4030	0.0282475	-53.5111
4040	0.0282475	-71.6179
4050	0.0282475	-82.765
4060	0.0282475	-56.8414
4070	0.0282475	-46.8841
4080	0.0282475	-161.415
4090	0.0282475	-43.3207
4100	0.0282475	-85.4764
4110	0.0282475	-42.6637
4120	0.0282475	-42.2372
4130	0.0282475	-47.0242
4140	0.0282475	-42.4758
4150	0.0282475	-43.9022
4160	0.0282475	-50.4636
4170	0.0282475	-67.1755
4180	0.0282475	-41.9921
4190	0.0282475	-52.4797
4200	0.0282475	-54.3098
4210	0.0282475	-47.4597
4220	0.0282475	-71.0153
4230	0.0282475	-57.757
4240	0.0282475	-88.2205
4250	0.0282475	-55.3521
4260	0.0282475	-88.2986
4270	0.0282475	-46.6132
4280	0.0282475	-71.9265
4290	0.0282475	-48.9044
4300	0.0282475	-106.784
4310	0.0282475	-71.4954
4320	0.0282475	-41.7671
4330	0.0282475	-52.9538
4340	0.0282475	-104.29
4350	0.0282475	-70.9514
4360	0.0282475	-63.5899
4370	0.0282475	-45.326
4380	0.0282475	-49.1044
4390	0.0282475	-53.5678
4400	0.0282475	-52.8104
4410	0.0282475	-57.2311
4420	0.0282475	-44.0893
4430	0.0282475	-76.3089
4440	0.0282475	-41.8861
4450	0.0282475	-41.8121
4460	0.0282475	-49.9999
4470	0.0282475	-49.7758
4480	0.0282475	-56.0895
4490	0.0282475	-41.7902
4500	0.0282475	-48.886
4510	0.0282475	-51.9032
4520	0.0282475	-42.2116
4530	0.0282475	-48.735
4540	0.0282475	-45.2725
4550	0.0282475	-89.1613
4560	0.0282475	-62.0887
4570	0.0282475	-45.9114
4580	0.0282475	-55.2707
4590	0.0282475	-42.6222
4600	0.0282475	-42.4594
4610	0.0282475	-43.8878
4620	0.0282475	-46.5659
4630	0.0282475	-42.2038
4640	0.0282475	-58.3386
4650	0.0282475	-49.2223
4660	0.0282475	-42.3547
4670	0.0282475	-43.2191
4680	0.0282475	-66.6263
4690	0.0282475	-131.115
4700	0.0282475	-55.5887
4710	0.0282475	-75.7971
4720	0.0282475	-61.1449
4730	0.0282475	-53.4677
4740	0.0282475	-42.1062
4750	0.0282475	-108.402
4760	0.0282475	-41.8806
4770	0.0282475	-69.6704
4780	0.0282475	-63.4941
4790	0.0282475	-77.9079
4800	0.0282475	-51.527
4810	0.0282475	-42.0974
4820	0.0282475	-41.7481
4830	0.0282475	-43.7973
4840	0.0282475	-48.5561
4850	0.0282475	-54.9033
4860	0.0282475	-56.5849
4870	0.0282475	-48.1322
4880	0.0282475	-56.1257
4890	0.0282475	-65.7144
4900	0.0282475	-60.4166
4910	0.0282475	-43.5252
4920	0.0282475	-41.776
4930	0.0282475	-74.6374
4940	0.0282475	-42.0229
4950	0.0282475	-72.2332
4960	0.0282475	-89.5561
4970	0.0282475	-43.7689
4980	0.0282475	-41.8201
4990	0.0282475	-83.1923
5000	0.0282475	-42.5829
5010	0.0282475	-54.7494
5020	0.0282475	-61.3261
5030	0.0282475	-74.4935
5040	0.0282475	-70.8707
5050	0.0282475	-41.896
5060	0.0282475	-71.0642
5070	0.0282475	-42.0748
5080	0.0282475	-41.8706
5090	0.0282475	-44.407
5100	0.0282475	-60.7943
5110	0.0282475	-65.5035
5120	0.0282475	-58.0497
5130	0.0282475	-44.1975
5140	0.0282475	-43.2687
5150	0.0282475	-63.7289
5160	0.0282475	-42.5961
5170	0.0282475	-43.7743
5180	0.0282475	-44.5968
5190	0.0282475	-69.5638
5200	0.0282475	-81.4022
5210	0.0282475	-102.29
5220	0.0282475	-50.7939
5230	0.0282475	-41.94
5240	0.0282475	-68.6552
5250	0.0282475	-41.8648
5260	0.0282475	-45.4866
5270	0.0282475	-78.5656
5280	0.0282475	-42.2866
5290	0.0282475	-60.4528
5300	0.0282475	-45.609
5310	0.0282475	-45.4823
5320	0.0282475	-41.8777
5330	0.0282475	-65.8868
5340	0.0282475	-54.4053
5350	0.0282475	-95.0508
5360	0.0282475	-45.0558
5370	0.0282475	-67.041
5380	0.0282475	-153.074
5390	0.0282475	-42.0271
5400	0.0282475	-55.9591
5410	0.0282475	-68.4399
5420	0.0282475	-45.4503
5430	0.0282475	-87.198
5440	0.0282475	-137.516
5450	0.0282475	-116.85
5460	0.0282475	-79.7361
5470	0.0282475	-41.7838
5480	0.0282475	-75.464
5490	0.0282475	-107.462
5500	0.0282475	-56.6176
5510	0.0282475	-48.4642
5520	0.0282475	-46.4973
5530	0.0282475	-72.0102
5540	0.0282475	-42.5466
5550	0.0282475	-89.4616
5560	0.0282475	-58.96
5570	0.0282475	-42.4847
5580	0.0282475	-67.7487
5590	0.0282475	-49.5618
5600	0.0282475	-42.5382
5610	0.0282475	-65.1448
5620	0.0282475	-54.9234
5630	0.0282475	-75.7304
5640	0.0282475	-65.5939
5650	0.0282475	-52.3463
5660	0.0282475	-72.0676
5670	0.0282475	-42.9389
5680	0.0282475	-55.0317
5690	0.0282475	-44.0204
5700	0.0282475	-45.3951
5710	0.0282475	-41.9564
5720	0.0282475	-41.9567
5730	0.0282475	-51.7395
5740	0.0282475	-54.1252
5750	0.0282475	-45.4317
5760	0.0282475	-41.9901
5770	0.0282475	-62.5245
5780	0.0282475	-63.9413
5790	0.0282475	-47.2303
5800	0.0282475	-44.6815
5810	0.0282475	-43.4497
5820	0.0282475	-73.5276
5830	0.0282475	-96.0018
5840	0.0282475	-84.6671
5850	0.0282475	-62.9365
5860	0.0282475	-43.705
5870	0.0282475	-102.854
5880	0.0282475	-67.5559
5890	0.0282475	-47.6162
5900	0.0282475	-42.5072
5910	0.0282475	-57.6656
5920	0.0282475	-44.6102
5930	0.0282475	-43.0096
5940	0.0282475	-43.2891
5950	0.0282475	-79.5342
5960	0.0282475	-47.4693
5970	0.0282475	-43.3742
5980	0.0282475	-71.6163
5990	0.0282475	-81.2215
6000	0.0282475	-47.9293
6010	0.0282475	-56.4876
6020	0.0282475	-43.3291
6030	0.0282475	-41.9776
6040	0.0282475	-75.6624
6050	0.0282475	-58.8972
6060	0.0282475	-41.8026
6070	0.0282475	-41.778
6080	0.0282475	-88.2537
6090	0.0282475	-41.753
6100	0.0282475	-44.7414
6110	0.0282475	-42.5268
6120	0.0282475	-43.8944
6130	0.0282475	-42.1194
6140	0.0282475	-45.4178
6150	0.0282475	-72.4495
6160	0.0282475	-67.2384
6170	0.0282475	-65.1647
6180	0.0282475	-52.2755
6190	0.0282475	-70.4644
6200	0.0282475	-83.7651
6210	0.0282475	-71.4581
6220	0.0282475	-52.1188
6230	0.0282475	-57.1805
6240	0.0282475	-58.532
6250	0.0282475	-46.884
6260	0.0282475	-41.8171
6270	0.0282475	-54.8927
6280	0.0282475	-49.4129
6290	0.0282475	-78.5674
6300	0.0282475	-43.6491
6310	0.0282475	-43.4037
6320	0.0282475	-47.0403
6330	0.0282475	-115.124
6340	0.0282475	-75.5965
6350	0.0282475	-48.4849
6360	0.0282475	-52.0537
6370	0.0282475	-58.1109
6380	0.0282475	-53.7341
6390	0.0282475	-61.108
6400	0.0282475	-105.508
6410	0.0282475	-49.1342
6420	0.0282475	-71.5263
6430	0.0282475	-51.5753
6440	0.0282475	-51.3925
6450	0.0282475	-53.7237
6460	0.0282475	-97.8676
6470	0.0282475	-42.0196
6480	0.0282475	-44.222
6490	0.0282475	-51.7704
6500	0.0282475	-46.7313
6510	0.0282475	-49.6507
6520	0.0282475	-82.3192
6530	0.0282475	-91.6792
6540	0.0282475	-56.0777
6550	0.0282475	-51.772
6560	0.0282475	-81.8952
6570	0.0282475	-43.6802
6580	0.0282475	-157.651
6590	0.0282475	-65.5523
6600	0.0282475	-41.7556
6610	0.0282475	-41.8434
6620	0.0282475	-41.823
6630	0.0282475	-99.5681
6640	0.0282475	-85.6112
6650	0.0282475	-52.728
6660	0.0282475	-42.6776
6670	0.0282475	-60.7405
6680	0.0282475	-63.7994
6690	0.0282475	-92.1932
6700	0.0282475	-57.281
6710	0.0282475	-42.5547
6720	0.0282475	-133.109
6730	0.0282475	-58.7813
6740	0.0282475	-90.5831
6750	0.0282475	-64.9132
6760	0.0282475	-41.7606
6770	0.0282475	-43.4594
6780	0.0282475	-43.8106
6790	0.0282475	-45.6004
6800	0.0282475	-46.7279
6810	0.0282475	-46.1562
6820	0.0282475	-66.6049
6830	0.0282475	-112.889
6840	0.0282475	-41.9158
6850	0.0282475	-67.7858
6860	0.0282475	-84.0213
6870	0.0282475	-41.7618
6880	0.0282475	-50.374
6890	0.0282475	-45.3974
6900	0.0282475	-42.4965
6910	0.0282475	-45.0561
6920	0.0282475	-53.0752
6930	0.0282475	-109.91
6940	0.0282475	-43.5957
6950	0.0282475	-121.23
6960	0.0282475	-52.7047
6970	0.0282475	-54.3987
6980	0.0282475	-46.4774
6990	0.0282475	-142.784
7000	0.0282475	-64.4156
7010	0.0282475	-67.7544
7020	0.0282475	-42.4054
7030	0.0282475	-43.3568
7040	0.0282475	-42.5932
7050	0.0282475	-60.4698
7060	0.0282475	-44.2249
7070	0.0282475	-64.5684
7080	0.0282475	-41.9954
7090	0.0282475	-41.7972
7100	0.0282475	-41.7669
7110	0.0282475	-100.466
7120	0.0282475	-41.7527
7130	0.0282475	-41.7483
7140	0.0282475	-159.073
7150	0.0282475	-46.9365
7160	0.0282475	-51.0713
7170	0.0282475	-41.9056
7180	0.0282475	-41.7482
7190	0.0282475	-41.7598
7200	0.0282475	-117.492
7210	0.0282475	-41.7675
7220	0.0282475	-44.925
7230	0.0282475	-73.2389
7240	0.0282475	-45.6847
7250	0.0282475	-43.182
7260	0.0282475	-55.1556
7270	0.0282475	-46.2234
7280	0.0282475	-88.8516
7290	0.0282475	-102.752
7300	0.0282475	-55.6636
7310	0.0282475	-56.0736
7320	0.0282475	-54.971
7330	0.0282475	-43.8087
7340	0.0282475	-43.8978
7350	0.0282475	-41.7482
7360	0.0282475	-44.9558
7370	0.0282475	-61.112
7380	0.0282475	-124.298
7390	0.0282475	-50.8538
7400	0.0282475	-63.3553
7410	0.0282475	-41.7732
7420	0.0282475	-80.4341
7430	0.0282475	-75.7482
7440	0.0282475	-47.5721
7450	0.0282475	-104.776
7460	0.0282475	-52.6828
7470	0.0282475	-63.8141
7480	0.0282475	-60.7974
7490	0.0282475	-42.7451
7500	0.0282475	-91.4591
7510	0.0282475	-60.5954
7520	0.0282475	-66.9214
7530	0.0282475	-67.1666
7540	0.0282475	-41.8699
7550	0.0282475	-63.5179
7560	0.0282475	-53.94
7570	0.0282475	-83.7191
7580	0.0282475	-69.4747
7590	0.0282475	-74.3582
7600	0.0282475	-42.104
7610	0.0282475	-46.4844
7620	0.0282475	-41.7674
7630	0.0282475	-51.1511
7640	0.0282475	-53.7361
7650	0.0282475	-41.9307
7660	0.0282475	-45.4354
7670	0.0282475	-67.2328
7680	0.0282475	-58.9845
7690	0.0282475	-71.7587
7700	0.0282475	-47.4458
7710	0.0282475	-76.3744
7720	0.0282475	-48.8736
7730	0.0282475	-47.1314
7740	0.0282475	-86.4366
7750	0.0282475	-68.2673
7760	0.0282475	-124.836
7770	0.0282475	-83.4063
7780	0.0282475	-80.8754
7790	0.0282475	-41.7585
7800	0.0282475	-41.7558
7810	0.0282475	-42.4877
7820	0.0282475	-42.3629
7830	0.0282475	-50.1424
7840	0.0282475	-49.6645
7850	0.0282475	-59.498
7860	0.0282475	-56.7304
7870	0.0282475	-54.4923
7880	0.0282475	-41.7483
7890	0.0282475	-52.6038
7900	0.0282475	-56.617
7910	0.0282475	-89.1676
7920	0.0282475	-59.3116
7930	0.0282475	-41.7479
7940	0.0282475	-43.2072
7950	0.0282475	-43.7341
7960	0.0282475	-47.5842
7970	0.0282475	-53.0231
7980	0.0282475	-60.4339
7990	0.0282475	-48.1408
8000	0.0282475	-68.1473
8010	0.0282475	-52.996
8020	0.0282475	-41.7746
8030	0.0282475	-63.9565
8040	0.0282475	-58.4316
8050	0.0282475	-57.0337
8060	0.0282475	-44.1943
8070	0.0282475	-48.8112
8080	0.0282475	-41.8147
8090	0.0282475	-42.5987
8100	0.0282475	-69.2045
8110	0.0282475	-56.8973
8120	0.0282475	-55.5213
8130	0.0282475	-48.4484
8140	0.0282475	-54.9511
8150	0.0282475	-41.8606
8160	0.0282475	-52.683
8170	0.0282475	-50.3705
8180	0.0282475	-42.3784
8190	0.0282475	-52.6076
8200	0.0282475	-41.749
8210	0.0282475	-42.1279
8220	0.0282475	-41.8023
8230	0.0282475	-78.0206
8240	0.0282475	-77.6363
8250	0.0282475	-48.167
8260	0.0282475	-82.8046
8270	0.0282475	-41.7494
8280	0.0282475	-45.9116
8290	0.0282475	-62.9915
8300	0.0282475	-84.1109
8310	0.0282475	-43.6736
8320	0.0282475	-42.2984
8330	0.0282475	-58.7674
8340	0.0282475	-88.9509
8350	0.0282475	-43.0872
8360	0.0282475	-41.8978
8370	0.0282475	-75.3005
8380	0.0282475	-92.681
8390	0.0282475	-41.82
8400	0.0282475	-44.1919
8410	0.0282475	-76.2442
8420	0.0282475	-98.2877
8430	0.0282475	-50.1333
8440	0.0282475	-44.0727
8450	0.0282475	-72.1104
8460	0.0282475	-62.0632
8470	0.0282475	-47.7131
8480	0.0282475	-63.8103
8490	0.0282475	-41.8918
8500	0.0282475	-112.388
8510	0.0282475	-41.8497
8520	0.0282475	-41.9334
8530	0.0282475	-62.2527
8540	0.0282475	-83.44
8550	0.0282475	-46.9369
8560	0.0282475	-55.0565
8570	0.0282475	-45.6809
8580	0.0282475	-67.6266
8590	0.0282475	-65.0114
8600	0.0282475	-48.9641
8610	0.0282475	-41.7611
8620	0.0282475	-43.4589
8630	0.0282475	-126.06
8640	0.0282475	-99.3348
8650	0.0282475	-108.199
8660	0.0282475	-83.5318
8670	0.0282475	-108.873
8680	0.0282475	-75.7541
8690	0.0282475	-41.8503
8700	0.0282475	-41.7552
8710	0.0282475	-42.047
8720	0.0282475	-68.6517
8730	0.0282475	-77.7563
8740	0.0282475	-41.7874
8750	0.0282475	-42.0445
8760	0.0282475	-45.5801
8770	0.0282475	-67.4831
8780	0.0282475	-69.8271
8790	0.0282475	-53.4958
8800	0.0282475	-44.207
8810	0.0282475	-52.1124
8820	0.0282475	-58.158
8830	0.0282475	-101.995
8840	0.0282475	-41.8879
8850	0.0282475	-74.5278
8860	0.0282475	-56.8924
8870	0.0282475	-78.9202
8880	0.0282475	-45.5821
8890	0.0282475	-41.7926
8900	0.0282475	-68.7461
8910	0.0282475	-44.3924
8920	0.0282475	-72.7842
8930	0.0282475	-63.8584
8940	0.0282475	-60.8321
8950	0.0282475	-41.7565
8960	0.0282475	-60.764
8970	0.0282475	-46.1328
8980	0.0282475	-82.747
8990	0.0282475	-70.4459
9000	0.0282475	-41.809
9010	0.0282475	-50.8368
9020	0.0282475	-49.9188
9030	0.0282475	-59.7781
9040	0.0282475	-42.0208
9050	0.0282475	-65.812
9060	0.0282475	-65.8321
9070	0.0282475	-87.9543
9080	0.0282475	-64.2246
9090	0.0282475	-44.4055
9100	0.0282475	-62.9859
9110	0.0282475	-80.4585
9120	0.0282475	-69.7064
9130	0.0282475	-43.3987
9140	0.0282475	-122.606
9150	0.0282475	-73.3212
9160	0.0282475	-41.9299
9170	0.0282475	-41.7514
9180	0.0282475	-41.9858
9190	0.0282475	-42.0861
9200	0.0282475	-49.6264
9210	0.0282475	-51.6618
9220	0.0282475	-65.2216
9230	0.0282475	-72.8932
9240	0.0282475	-102.854
9250	0.0282475	-42.9973
9260	0.0282475	-42.5937
9270	0.0282475	-69.914
9280	0.0282475	-41.8053
9290	0.0282475	-74.0459
9300	0.0282475	-121.011
9310	0.0282475	-64.4677
9320	0.0282475	-83.9845
9330	0.0282475	-47.3818
9340	0.0282475	-44.1662
9350	0.0282475	-42.0259
9360	0.0282475	-62.8013
9370	0.0282475	-41.9475
9380	0.0282475	-53.0556
9390	0.0282475	-49.6969
9400	0.0282475	-43.9072
9410	0.0282475	-42.6986
9420	0.0282475	-92.3729
9430	0.0282475	-41.7479
9440	0.0282475	-57.1403
9450	0.0282475	-41.7496
9460	0.0282475	-48.8297
9470	0.0282475	-46.8473
9480	0.0282475	-53.1544
9490	0.0282475	-121.146
9500	0.0282475	-127.88
9510	0.0282475	-66.7328
9520	0.0282475	-41.8033
9530	0.0282475	-52.2914
9540	0.0282475	-44.8434
9550	0.0282475	-52.5433
9560	0.0282475	-48.8102
9570	0.0282475	-45.0652
9580	0.0282475	-44.3107
9590	0.0282475	-68.7204
9600	0.0282475	-80.0921
9610	0.0282475	-41.7536
9620	0.0282475	-62.5252
9630	0.0282475	-41.9783
9640	0.0282475	-41.8013
9650	0.0282475	-45.7691
9660	0.0282475	-80.1068
9670	0.0282475	-53.9432
9680	0.0282475	-41.8404
9690	0.0282475	-74.448
9700	0.0282475	-89.7972
9710	0.0282475	-41.8976
9720	0.0282475	-41.8575
9730	0.0282475	-70.987
9740	0.0282475	-43.8295
9750	0.0282475	-48.0529
9760	0.0282475	-66.5575
9770	0.0282475	-113.788
9780	0.0282475	-115.99
9790	0.0282475	-46.0568
9800	0.0282475	-48.3405
9810	0.0282475	-48.9198
9820	0.0282475	-51.1294
9830	0.0282475	-41.907
9840	0.0282475	-62.5947
9850	0.0282475	-74.632
9860	0.0282475	-127.376
9870	0.0282475	-128.799
9880	0.0282475	-62.5055
9890	0.0282475	-42.5617
9900	0.0282475	-41.7591
9910	0.0282475	-46.1078
9920	0.0282475	-65.2361
9930	0.0282475	-42.114
9940	0.0282475	-96.9916
9950	0.0282475	-43.2313
9960	0.0282475	-69.7312
9970	0.0282475	-73.5699
9980	0.0282475	-70.3706
9990	0.0282475	-57.3898
10000	0.0282475	-110.864
