state	power	likelihood
2510	0.00032	-216.399
2520	0.00032	-67.7318
2530	0.00032	-63.4692
2540	0.00032	-331.005
2550	0.00032	-43.4436
2560	0.00032	-85.3703
2570	0.00032	-148.594
2580	0.00032	-68.1687
2590	0.00032	-111.67
2600	0.00032	-81.0172
2610	0.00032	-44.914
2620	0.00032	-124.337
2630	0.00032	-136.679
2640	0.00032	-296.488
2650	0.00032	-186.706
2660	0.00032	-48.0666
2670	0.00032	-84.8473
2680	0.00032	-89.5925
2690	0.00032	-150.915
2700	0.00032	-114.077
2710	0.00032	-55.8255
2720	0.00032	-192.525
2730	0.00032	-52.0968
2740	0.00032	-67.5829
2750	0.00032	-221.873
2760	0.00032	-355.943
2770	0.00032	-101.511
2780	0.00032	-168.894
2790	0.00032	-44.9756
2800	0.00032	-88.0597
2810	0.00032	-81.3735
2820	0.00032	-262.576
2830	0.00032	-71.9836
2840	0.00032	-162.457
2850	0.00032	-127.438
2860	0.00032	-293.593
2870	0.00032	-72.2708
2880	0.00032	-42.0203
2890	0.00032	-123.804
2900	0.00032	-138.119
2910	0.00032	-285.932
2920	0.00032	-41.7481
2930	0.00032	-46.4948
2940	0.00032	-63.2078
2950	0.00032	-329.495
2960	0.00032	-43.3424
2970	0.00032	-91.2159
2980	0.00032	-134.812
2990	0.00032	-43.0101
3000	0.00032	-66.6121
3010	0.00032	-143.025
3020	0.00032	-58.7293
3030	0.00032	-52.4396
3040	0.00032	-94.207
3050	0.00032	-42.1972
3060	0.00032	-188.184
3070	0.00032	-144.954
3080	0.00032	-136.348
3090	0.00032	-104.645
3100	0.00032	-73.2968
3110	0.00032	-274.648
3120	0.00032	-159.078
3130	0.00032	-246.848
3140	0.00032	-41.7977
3150	0.00032	-93.7407
3160	0.00032	-122.191
3170	0.00032	-320.142
3180	0.00032	-62.9103
3190	0.00032	-436.901
3200	0.00032	-112.764
3210	0.00032	-58.2197
3220	0.00032	-54.4391
3230	0.00032	-42.4318
3240	0.00032	-111.445
3250	0.00032	-46.622
3260	0.00032	-65.8819
3270	0.00032	-74.8784
3280	0.00032	-64.627
3290	0.00032	-118.462
3300	0.00032	-280.799
3310	0.00032	-286.485
3320	0.00032	-801.47
3330	0.00032	-55.9612
3340	0.00032	-77.1051
3350	0.00032	-81.0275
3360	0.00032	-55.1604
3370	0.00032	-143.832
3380	0.00032	-70.5525
3390	0.00032	-237.299
3400	0.00032	-175.588
3410	0.00032	-299.761
3420	0.00032	-156.916
3430	0.00032	-79.1741
3440	0.00032	-66.589
3450	0.00032	-45.8099
3460	0.00032	-395.696
3470	0.00032	-63.0998
3480	0.00032	-46.5142
3490	0.00032	-43.8347
3500	0.00032	-94.5333
3510	0.00032	-109.376
3520	0.00032	-87.1032
3530	0.00032	-51.0141
3540	0.00032	-42.3563
3550	0.00032	-392.262
3560	0.00032	-121.888
3570	0.00032	-42.5256
3580	0.00032	-47.5232
3590	0.00032	-76.3173
3600	0.00032	-107.526
3610	0.00032	-337.233
3620	0.00032	-157.32
3630	0.00032	-242.19
3640	0.00032	-555.717
3650	0.00032	-41.911
3660	0.00032	-53.3692
3670	0.00032	-356.954
3680	0.00032	-115.5
3690	0.00032	-142.814
3700	0.00032	-49.1075
3710	0.00032	-89.3242
3720	0.00032	-430.19
3730	0.00032	-65.9658
3740	0.00032	-144.505
3750	0.00032	-320.216
3760	0.00032	-43.8056
3770	0.00032	-65.2321
3780	0.00032	-116.946
3790	0.00032	-228.882
3800	0.00032	-45.1178
3810	0.00032	-228.183
3820	0.00032	-108.123
3830	0.00032	-70.2369
3840	0.00032	-41.9989
3850	0.00032	-60.3546
3860	0.00032	-160.206
3870	0.00032	-170.344
3880	0.00032	-184.383
3890	0.00032	-202.969
3900	0.00032	-200.328
3910	0.00032	-72.1235
3920	0.00032	-655.894
3930	0.00032	-261.204
3940	0.00032	-98.3313
3950	0.00032	-259.425
3960	0.00032	-137.658
3970	0.00032	-352.386
3980	0.00032	-539.993
3990	0.00032	-119.714
4000	0.00032	-43.5457
4010	0.00032	-101.245
4020	0.00032	-77.3506
4030	0.00032	-41.7488
4040	0.00032	-46.4913
4050	0.00032	-424.869
4060	0.00032	-49.17
4070	0.00032	-136.12
4080	0.00032	-55.2964
4090	0.00032	-342.464
4100	0.00032	-64.2171
4110	0.00032	-52.568
4120	0.00032	-60.5638
4130	0.00032	-44.1009
4140	0.00032	-59.1711
4150	0.00032	-49.2963
4160	0.00032	-51.4789
4170	0.00032	-383.37
4180	0.00032	-142.37
4190	0.00032	-256.185
4200	0.00032	-149.806
4210	0.00032	-61.6755
4220	0.00032	-82.4564
4230	0.00032	-42.0262
4240	0.00032	-159.687
4250	0.00032	-106.652
4260	0.00032	-110.356
4270	0.00032	-234.458
4280	0.00032	-632.36
4290	0.00032	-56.01
4300	0.00032	-108.392
4310	0.00032	-72.2346
4320	0.00032	-344.68
4330	0.00032	-150.483
4340	0.00032	-89.1838
4350	0.00032	-46.4331
4360	0.00032	-263.543
4370	0.00032	-42.0518
4380	0.00032	-42.4649
4390	0.00032	-77.198
4400	0.00032	-50.0452
4410	0.00032	-237.96
4420	0.00032	-130.835
4430	0.00032	-127.516
4440	0.00032	-51.6929
4450	0.00032	-47.8219
4460	0.00032	-545.445
4470	0.00032	-101.505
4480	0.00032	-98.8994
4490	0.00032	-130.526
4500	0.00032	-52.238
4510	0.00032	-209.767
4520	0.00032	-69.1164
4530	0.00032	-155.542
4540	0.00032	-43.5933
4550	0.00032	-327.844
4560	0.00032	-170.914
4570	0.00032	-536.938
4580	0.00032	-107.996
4590	0.00032	-231.168
4600	0.00032	-124.553
4610	0.00032	-42.3764
4620	0.00032	-41.8203
4630	0.00032	-155.256
4640	0.00032	-156.318
4650	0.00032	-180.719
4660	0.00032	-170.242
4670	0.00032	-334.498
4680	0.00032	-210.582
4690	0.00032	-788.417
4700	0.00032	-221.847
4710	0.00032	-285.866
4720	0.00032	-55.8482
4730	0.00032	-57.5096
4740	0.00032	-515.865
4750	0.00032	-61.4101
4760	0.00032	-104.731
4770	0.00032	-41.9329
4780	0.00032	-73.1215
4790	0.00032	-78.6223
4800	0.00032	-89.3438
4810	0.00032	-203.091
4820	0.00032	-42.0513
4830	0.00032	-93.6778
4840	0.00032	-485.5
4850	0.00032	-178.297
4860	0.00032	-41.8267
4870	0.00032	-126.192
4880	0.00032	-173.713
4890	0.00032	-268.173
4900	0.00032	-269.545
4910	0.00032	-154.099
4920	0.00032	-41.8809
4930	0.00032	-168.667
4940	0.00032	-122.809
4950	0.00032	-169.171
4960	0.00032	-45.403
4970	0.00032	-424.123
4980	0.00032	-46.3211
4990	0.00032	-77.8905
5000	0.00032	-198.113
5010	0.00032	-287.381
5020	0.00032	-135.113
5030	0.00032	-346.295
5040	0.00032	-57.7713
5050	0.00032	-43.6574
5060	0.00032	-152.351
5070	0.00032	-49.9837
5080	0.00032	-142.487
5090	0.00032	-104.242
5100	0.00032	-93.0373
5110	0.00032	-109.925
5120	0.00032	-134.589
5130	0.00032	-179.979
5140	0.00032	-433.243
5150	0.00032	-41.7485
5160	0.00032	-567.906
5170	0.00032	-51.2615
5180	0.00032	-161.061
5190	0.00032	-94.1914
5200	0.00032	-141.471
5210	0.00032	-230.289
5220	0.00032	-56.8471
5230	0.00032	-57.6282
5240	0.00032	-183.951
5250	0.00032	-359.793
5260	0.00032	-106.342
5270	0.00032	-413.83
5280	0.00032	-191.666
5290	0.00032	-59.7427
5300	0.00032	-142.918
5310	0.00032	-51.7159
5320	0.00032	-100.345
5330	0.00032	-47.5313
5340	0.00032	-51.9407
5350	0.00032	-107.521
5360	0.00032	-521.745
5370	0.00032	-117.475
5380	0.00032	-88.8044
5390	0.00032	-213.567
5400	0.00032	-104.791
5410	0.00032	-62.6162
5420	0.00032	-62.9033
5430	0.00032	-47.1467
5440	0.00032	-182.278
5450	0.00032	-66.2913
5460	0.00032	-564.571
5470	0.00032	-396.199
5480	0.00032	-110.5
5490	0.00032	-122.223
5500	0.00032	-44.9313
5510	0.00032	-144.697
5520	0.00032	-693.142
5530	0.00032	-143.343
5540	0.00032	-268.036
5550	0.00032	-63.4962
5560	0.00032	-42.7268
5570	0.00032	-300.139
5580	0.00032	-69.4109
5590	0.00032	-64.2141
5600	0.00032	-191.855
5610	0.00032	-243.018
5620	0.00032	-159.107
5630	0.00032	-256.498
5640	0.00032	-475.508
5650	0.00032	-74.9857
5660	0.00032	-101.62
5670	0.00032	-183.893
5680	0.00032	-53.8312
5690	0.00032	-308.629
5700	0.00032	-97.2117
5710	0.00032	-143.62
5720	0.00032	-264.51
5730	0.00032	-244.21
5740	0.00032	-41.9959
5750	0.00032	-43.3502
5760	0.00032	-106.227
5770	0.00032	-120.688
5780	0.00032	-298.451
5790	0.00032	-240.106
5800	0.00032	-89.4142
5810	0.00032	-82.2267
5820	0.00032	-55.1465
5830	0.00032	-517.301
5840	0.00032	-177.328
5850	0.00032	-72.7294
5860	0.00032	-145.242
5870	0.00032	-57.8688
5880	0.00032	-42.0646
5890	0.00032	-127.931
5900	0.00032	-90.9174
5910	0.00032	-51.4807
5920	0.00032	-106.459
5930	0.00032	-49.0712
5940	0.00032	-61.8847
5950	0.00032	-47.0915
5960	0.00032	-158.574
5970	0.00032	-45.834
5980	0.00032	-868.364
5990	0.00032	-59.2043
6000	0.00032	-41.8418
6010	0.00032	-133.279
6020	0.00032	-47.0995
6030	0.00032	-59.2032
6040	0.00032	-44.6061
6050	0.00032	-235.932
6060	0.00032	-355.257
6070	0.00032	-423.699
6080	0.00032	-448.21
6090	0.00032	-285.334
6100	0.00032	-54.1569
6110	0.00032	-53.4483
6120	0.00032	-195.792
6130	0.00032	-65.2886
6140	0.00032	-120.298
6150	0.00032	-41.8945
6160	0.00032	-134.078
6170	0.00032	-52.6471
6180	0.00032	-250.057
6190	0.00032	-120.935
6200	0.00032	-87.5498
6210	0.00032	-233.925
6220	0.00032	-53.0583
6230	0.00032	-60.7701
6240	0.00032	-48.2472
6250	0.00032	-346.074
6260	0.00032	-41.8466
6270	0.00032	-453.104
6280	0.00032	-307.29
6290	0.00032	-43.2209
6300	0.00032	-196.061
6310	0.00032	-259.866
6320	0.00032	-316.185
6330	0.00032	-95.8893
6340	0.00032	-72.1714
6350	0.00032	-43.5399
6360	0.00032	-146.698
6370	0.00032	-150.934
6380	0.00032	-274.369
6390	0.00032	-367.57
6400	0.00032	-149.218
6410	0.00032	-52.9871
6420	0.00032	-133.555
6430	0.00032	-51.8914
6440	0.00032	-51.2832
6450	0.00032	-65.2649
6460	0.00032	-189.117
6470	0.00032	-106.96
6480	0.00032	-437.466
6490	0.00032	-58.4181
6500	0.00032	-152.879
6510	0.00032	-201.69
6520	0.00032	-328.017
6530	0.00032	-238.065
6540	0.00032	-41.7561
6550	0.00032	-442.054
6560	0.00032	-141.864
6570	0.00032	-62.2538
6580	0.00032	-472.412
6590	0.00032	-177.106
6600	0.00032	-131.544
6610	0.00032	-44.7194
6620	0.00032	-224.751
6630	0.00032	-58.1893
6640	0.00032	-48.411
6650	0.00032	-155.092
6660	0.00032	-105.15
6670	0.00032	-75.5902
6680	0.00032	-203.926
6690	0.00032	-42.3576
6700	0.00032	-162.99
6710	0.00032	-369.176
6720	0.00032	-150.63
6730	0.00032	-418.024
6740	0.00032	-338.074
6750	0.00032	-55.0626
6760	0.00032	-161.159
6770	0.00032	-375.434
6780	0.00032	-213.589
6790	0.00032	-285.85
6800	0.00032	-78.26
6810	0.00032	-535.862
6820	0.00032	-143.928
6830	0.00032	-55.553
6840	0.00032	-163.519
6850	0.00032	-215.368
6860	0.00032	-45.1744
6870	0.00032	-632.344
6880	0.00032	-45.2858
6890	0.00032	-406.301
6900	0.00032	-65.9418
6910	0.00032	-101.926
6920	0.00032	-68.0076
6930	0.00032	-83.5599
6940	0.00032	-143.074
6950	0.00032	-94.7205
6960	0.00032	-364.663
6970	0.00032	-154.408
6980	0.00032	-107.338
6990	0.00032	-142.771
7000	0.00032	-84.5153
7010	0.00032	-42.0706
7020	0.00032	-74.8607
7030	0.00032	-60.2094
7040	0.00032	-55.108
7050	0.00032	-59.068
7060	0.00032	-141.642
7070	0.00032	-103.462
7080	0.00032	-103.353
7090	0.00032	-56.2031
7100	0.00032	-43.6056
7110	0.00032	-46.0893
7120	0.00032	-50.442
7130	0.00032	-70.5771
7140	0.00032	-53.8691
7150	0.00032	-93.0255
7160	0.00032	-84.6967
7170	0.00032	-515.273
7180	0.00032	-44.7557
7190	0.00032	-53.3689
7200	0.00032	-179.012
7210	0.00032	-273.96
7220	0.00032	-116.338
7230	0.00032	-74.0745
7240	0.00032	-108.618
7250	0.00032	-116.444
7260	0.00032	-62.5279
7270	0.00032	-245.028
7280	0.00032	-132.628
7290	0.00032	-41.9804
7300	0.00032	-88.6662
7310	0.00032	-75.1712
7320	0.00032	-432.055
7330	0.00032	-375.19
7340	0.00032	-259.761
7350	0.00032	-359.804
7360	0.00032	-57.4699
7370	0.00032	-184.015
7380	0.00032	-691.148
7390	0.00032	-60.4929
7400	0.00032	-59.267
7410	0.00032	-60.5508
7420	0.00032	-103.751
7430	0.00032	-111.923
7440	0.00032	-117.501
7450	0.00032	-57.285
7460	0.00032	-82.1525
7470	0.00032	-115.681
7480	0.00032	-135.538
7490	0.00032	-58.297
7500	0.00032	-113.128
7510	0.00032	-156.501
7520	0.00032	-195.286
7530	0.00032	-472.649
7540	0.00032	-332.733
7550	0.00032	-68.0224
7560	0.00032	-60.1098
7570	0.00032	-45.3097
7580	0.00032	-80.6409
7590	0.00032	-169.596
7600	0.00032	-218.37
7610	0.00032	-271.993
7620	0.00032	-51.382
7630	0.00032	-81.986
7640	0.00032	-420.38
7650	0.00032	-97.2334
7660	0.00032	-65.2425
7670	0.00032	-78.053
7680	0.00032	-214.44
7690	0.00032	-202.692
7700	0.00032	-332.821
7710	0.00032	-175.106
7720	0.00032	-44.6946
7730	0.00032	-50.5815
7740	0.00032	-96.8121
7750	0.00032	-137.737
7760	0.00032	-90.5006
7770	0.00032	-454.343
7780	0.00032	-303.951
7790	0.00032	-397.692
7800	0.00032	-241.046
7810	0.00032	-74.6307
7820	0.00032	-48.3387
7830	0.00032	-183.603
7840	0.00032	-51.8093
7850	0.00032	-130.256
7860	0.00032	-468.538
7870	0.00032	-123.116
7880	0.00032	-65.8979
7890	0.00032	-96.8588
7900	0.00032	-56.4355
7910	0.00032	-99.8254
7920	0.00032	-78.2437
7930	0.00032	-60.4659
7940	0.00032	-318.132
7950	0.00032	-323.521
7960	0.00032	-41.8525
7970	0.00032	-41.7537
7980	0.00032	-84.599
7990	0.00032	-376.386
8000	0.00032	-239.833
8010	0.00032	-119.754
8020	0.00032	-692.212
8030	0.00032	-71.5107
8040	0.00032	-78.0877
8050	0.00032	-42.7895
8060	0.00032	-56.6777
8070	0.00032	-175.443
8080	0.00032	-280.952
8090	0.00032	-237.244
8100	0.00032	-81.277
8110	0.00032	-325.596
8120	0.00032	-458.112
8130	0.00032	-270.487
8140	0.00032	-283.417
8150	0.00032	-134.19
8160	0.00032	-49.975
8170	0.00032	-48.5957
8180	0.00032	-224.604
8190	0.00032	-118.923
8200	0.00032	-76.553
8210	0.00032	-46.8844
8220	0.00032	-191.331
8230	0.00032	-73.3365
8240	0.00032	-199.752
8250	0.00032	-41.7516
8260	0.00032	-77.5472
8270	0.00032	-384.498
8280	0.00032	-146.024
8290	0.00032	-138.648
8300	0.00032	-135.955
8310	0.00032	-75.7128
8320	0.00032	-111.37
8330	0.00032	-45.9057
8340	0.00032	-289.14
8350	0.00032	-154.941
8360	0.00032	-86.0594
8370	0.00032	-64.6522
8380	0.00032	-688.724
8390	0.00032	-78.2924
8400	0.00032	-115.642
8410	0.00032	-123.824
8420	0.00032	-150.562
8430	0.00032	-82.7238
8440	0.00032	-454.919
8450	0.00032	-170.498
8460	0.00032	-152.893
8470	0.00032	-415.278
8480	0.00032	-287.757
8490	0.00032	-73.9667
8500	0.00032	-194.897
8510	0.00032	-146.526
8520	0.00032	-124.104
8530	0.00032	-41.7883
8540	0.00032	-371.179
8550	0.00032	-231.375
8560	0.00032	-41.834
8570	0.00032	-323.537
8580	0.00032	-72.6914
8590	0.00032	-44.4064
8600	0.00032	-61.7778
8610	0.00032	-50.3534
8620	0.00032	-114.295
8630	0.00032	-41.8071
8640	0.00032	-64.5071
8650	0.00032	-117.997
8660	0.00032	-148.78
8670	0.00032	-108.901
8680	0.00032	-44.8378
8690	0.00032	-89.3213
8700	0.00032	-299.39
8710	0.00032	-213.788
8720	0.00032	-427.207
8730	0.00032	-46.5589
8740	0.00032	-135.038
8750	0.00032	-530.845
8760	0.00032	-85.5256
8770	0.00032	-47.8795
8780	0.00032	-160.516
8790	0.00032	-391.956
8800	0.00032	-162.911
8810	0.00032	-192.154
8820	0.00032	-110.667
8830	0.00032	-262.13
8840	0.00032	-105.35
8850	0.00032	-246.417
8860	0.00032	-251.578
8870	0.00032	-104.636
8880	0.00032	-71.5237
8890	0.00032	-80.2208
8900	0.00032	-175.496
8910	0.00032	-231.743
8920	0.00032	-101.681
8930	0.00032	-133.415
8940	0.00032	-64.4905
8950	0.00032	-132.88
8960	0.00032	-66.9308
8970	0.00032	-44.3994
8980	0.00032	-130.639
8990	0.00032	-99.4178
9000	0.00032	-73.3523
9010	0.00032	-117.512
9020	0.00032	-222.096
9030	0.00032	-49.2613
9040	0.00032	-41.9063
9050	0.00032	-177.916
9060	0.00032	-66.2388
9070	0.00032	-127.435
9080	0.00032	-304.047
9090	0.00032	-41.8074
9100	0.00032	-305.553
9110	0.00032	-136.732
9120	0.00032	-80.5451
9130	0.00032	-195.848
9140	0.00032	-252.516
9150	0.00032	-48.9146
9160	0.00032	-84.5426
9170	0.00032	-82.008
9180	0.00032	-76.2972
9190	0.00032	-355.236
9200	0.00032	-94.9077
9210	0.00032	-182.653
9220	0.00032	-226.477
9230	0.00032	-58.2097
9240	0.00032	-57.7236
9250	0.00032	-45.3132
9260	0.00032	-218.918
9270	0.00032	-302.94
9280	0.00032	-41.7602
9290	0.00032	-217.26
9300	0.00032	-221.94
9310	0.00032	-297.816
9320	0.00032	-140.861
9330	0.00032	-42.1721
9340	0.00032	-126.279
9350	0.00032	-52.4857
9360	0.00032	-67.5798
9370	0.00032	-59.2363
9380	0.00032	-364.28
9390	0.00032	-77.5568
9400	0.00032	-313.308
9410	0.00032	-49.7834
9420	0.00032	-104.701
9430	0.00032	-351.76
9440	0.00032	-223.14
9450	0.00032	-131.472
9460	0.00032	-112.856
9470	0.00032	-100.143
9480	0.00032	-52.0739
9490	0.00032	-503.473
9500	0.00032	-56.2171
9510	0.00032	-172.452
9520	0.00032	-146.954
9530	0.00032	-54.4039
9540	0.00032	-249.929
9550	0.00032	-113.086
9560	0.00032	-52.5071
9570	0.00032	-44.4647
9580	0.00032	-46.0177
9590	0.00032	-186.645
9600	0.00032	-42.2479
9610	0.00032	-41.75
9620	0.00032	-161.132
9630	0.00032	-96.4384
9640	0.00032	-753.834
9650	0.00032	-244.106
9660	0.00032	-343.223
9670	0.00032	-254.349
9680	0.00032	-52.2999
9690	0.00032	-105.094
9700	0.00032	-73.4946
9710	0.00032	-227.316
9720	0.00032	-48.5618
9730	0.00032	-89.6443
9740	0.00032	-42.435
9750	0.00032	-103.7
9760	0.00032	-90.8697
9770	0.00032	-200.854
9780	0.00032	-320.368
9790	0.00032	-357.621
9800	0.00032	-46.047
9810	0.00032	-41.7488
9820	0.00032	-668.102
9830	0.00032	-191.323
9840	0.00032	-195.098
9850	0.00032	-103.319
9860	0.00032	-133.778
9870	0.00032	-417.695
9880	0.00032	-136.027
9890	0.00032	-98.2365
9900	0.00032	-238.905
9910	0.00032	-345.457
9920	0.00032	-191.927
9930	0.00032	-1084.08
9940	0.00032	-94.7476
9950	0.00032	-141.029
9960	0.00032	-131.982
9970	0.00032	-211.027
9980	0.00032	-220.507
9990	0.00032	-170.186
10000	0.00032	-153.946
