state	power	likelihood
2510	0.270678	-45.8786
2520	0.270678	-42.0123
2530	0.270678	-41.8622
2540	0.270678	-41.7763
2550	0.270678	-42.0673
2560	0.270678	-42.0382
2570	0.270678	-41.7555
2580	0.270678	-41.8514
2590	0.270678	-41.8628
2600	0.270678	-43.1249
2610	0.270678	-41.7486
2620	0.270678	-52.5329
2630	0.270678	-42.9298
2640	0.270678	-42.0967
2650	0.270678	-46.3455
2660	0.270678	-41.7635
2670	0.270678	-41.7962
2680	0.270678	-43.3785
2690	0.270678	-41.8503
2700	0.270678	-42.9327
2710	0.270678	-41.8822
2720	0.270678	-41.7511
2730	0.270678	-45.4522
2740	0.270678	-41.7483
2750	0.270678	-41.9607
2760	0.270678	-41.9306
2770	0.270678	-45.3506
2780	0.270678	-41.7479
2790	0.270678	-50.3212
2800	0.270678	-43.7089
2810	0.270678	-41.9599
2820	0.270678	-41.7544
2830	0.270678	-41.907
2840	0.270678	-43.9096
2850	0.270678	-49.648
2860	0.270678	-41.8571
2870	0.270678	-42.3666
2880	0.270678	-43.058
2890	0.270678	-41.8073
2900	0.270678	-41.7535
2910	0.270678	-41.7532
2920	0.270678	-42.0159
2930	0.270678	-42.183
2940	0.270678	-41.7506
2950	0.270678	-41.7546
2960	0.270678	-42.1865
2970	0.270678	-41.9789
2980	0.270678	-42.5266
2990	0.270678	-46.97
3000	0.270678	-41.9428
3010	0.270678	-49.1421
3020	0.270678	-42.5255
3030	0.270678	-43.1154
3040	0.270678	-42.2956
3050	0.270678	-42.5122
3060	0.270678	-42.3214
3070	0.270678	-44.6857
3080	0.270678	-42.2519
3090	0.270678	-41.7575
3100	0.270678	-45.7885
3110	0.270678	-41.7715
3120	0.270678	-60.1169
3130	0.270678	-42.3843
3140	0.270678	-44.9507
3150	0.270678	-44.0136
3160	0.270678	-49.8783
3170	0.270678	-41.7613
3180	0.270678	-50.8584
3190	0.270678	-41.8851
3200	0.270678	-42.3206
3210	0.270678	-41.7641
3220	0.270678	-42.3045
3230	0.270678	-41.7517
3240	0.270678	-41.7845
3250	0.270678	-42.7395
3260	0.270678	-41.7816
3270	0.270678	-41.7972
3280	0.270678	-46.1372
3290	0.270678	-43.5885
3300	0.270678	-44.7967
3310	0.270678	-42.6793
3320	0.270678	-42.0394
3330	0.270678	-41.8047
3340	0.270678	-41.8034
3350	0.270678	-42.1492
3360	0.270678	-41.7811
3370	0.270678	-42.5532
3380	0.270678	-50.4815
3390	0.270678	-43.1258
3400	0.270678	-41.8147
3410	0.270678	-45.4899
3420	0.270678	-41.865
3430	0.270678	-41.7493
3440	0.270678	-41.9422
3450	0.270678	-42.3071
3460	0.270678	-42.1804
3470	0.270678	-42.184
3480	0.270678	-41.8014
3490	0.270678	-44.329
3500	0.270678	-41.8885
3510	0.270678	-46.8102
3520	0.270678	-44.7012
3530	0.270678	-41.8872
3540	0.270678	-42.092
3550	0.270678	-41.8355
3560	0.270678	-43.0851
3570	0.270678	-43.4362
3580	0.270678	-42.5901
3590	0.270678	-43.5048
3600	0.270678	-43.1026
3610	0.270678	-45.0571
3620	0.270678	-44.4508
3630	0.270678	-42.6114
3640	0.270678	-42.5279
3650	0.270678	-41.8042
3660	0.270678	-42.0921
3670	0.270678	-41.9906
3680	0.270678	-41.9793
3690	0.270678	-42.6213
3700	0.270678	-54.5563
3710	0.270678	-42.0767
3720	0.270678	-41.7709
3730	0.270678	-43.1524
3740	0.270678	-41.7827
3750	0.270678	-41.8861
3760	0.270678	-41.7632
3770	0.270678	-45.6741
3780	0.270678	-41.7628
3790	0.270678	-44.765
3800	0.270678	-41.9432
3810	0.270678	-42.6408
3820	0.270678	-42.3098
3830	0.270678	-45.3166
3840	0.270678	-47.2857
3850	0.270678	-44.2528
3860	0.270678	-52.8756
3870	0.270678	-42.1056
3880	0.270678	-43.2728
3890	0.270678	-41.986
3900	0.270678	-43.3503
3910	0.270678	-42.04
3920	0.270678	-41.7768
3930	0.270678	-41.7841
3940	0.270678	-43.5097
3950	0.270678	-41.882
3960	0.270678	-45.4087
3970	0.270678	-41.9697
3980	0.270678	-41.7611
3990	0.270678	-41.8033
4000	0.270678	-42.7671
4010	0.270678	-42.24
4020	0.270678	-42.9901
4030	0.270678	-41.7657
4040	0.270678	-41.7781
4050	0.270678	-41.9144
4060	0.270678	-42.4482
4070	0.270678	-41.8618
4080	0.270678	-48.6934
4090	0.270678	-42.4355
4100	0.270678	-42.8563
4110	0.270678	-46.1496
4120	0.270678	-41.9639
4130	0.270678	-43.3247
4140	0.270678	-42.5368
4150	0.270678	-41.7637
4160	0.270678	-42.4605
4170	0.270678	-43.183
4180	0.270678	-44.5404
4190	0.270678	-46.4904
4200	0.270678	-41.7914
4210	0.270678	-45.0674
4220	0.270678	-41.8558
4230	0.270678	-42.8499
4240	0.270678	-49.5131
4250	0.270678	-42.3247
4260	0.270678	-47.3017
4270	0.270678	-41.7535
4280	0.270678	-46.2973
4290	0.270678	-48.4843
4300	0.270678	-43.1899
4310	0.270678	-41.9748
4320	0.270678	-41.7952
4330	0.270678	-41.7504
4340	0.270678	-41.7572
4350	0.270678	-42.5675
4360	0.270678	-42.0248
4370	0.270678	-57.096
4380	0.270678	-46.1761
4390	0.270678	-41.8378
4400	0.270678	-42.2679
4410	0.270678	-41.9748
4420	0.270678	-50.0759
4430	0.270678	-42.85
4440	0.270678	-41.8989
4450	0.270678	-42.6223
4460	0.270678	-42.0252
4470	0.270678	-41.8463
4480	0.270678	-42.8453
4490	0.270678	-42.1106
4500	0.270678	-42.5747
4510	0.270678	-41.7535
4520	0.270678	-43.6131
4530	0.270678	-43.3089
4540	0.270678	-41.8468
4550	0.270678	-41.9562
4560	0.270678	-42.2658
4570	0.270678	-42.2075
4580	0.270678	-42.1816
4590	0.270678	-43.8192
4600	0.270678	-45.5816
4610	0.270678	-42.0613
4620	0.270678	-51.8482
4630	0.270678	-41.8173
4640	0.270678	-42.5741
4650	0.270678	-41.9482
4660	0.270678	-43.2841
4670	0.270678	-41.7479
4680	0.270678	-52.324
4690	0.270678	-43.0358
4700	0.270678	-42.3747
4710	0.270678	-42.3276
4720	0.270678	-41.8757
4730	0.270678	-43.0038
4740	0.270678	-41.8147
4750	0.270678	-43.5754
4760	0.270678	-42.0459
4770	0.270678	-41.7602
4780	0.270678	-41.7507
4790	0.270678	-43.1063
4800	0.270678	-42.0126
4810	0.270678	-42.3752
4820	0.270678	-41.7648
4830	0.270678	-42.029
4840	0.270678	-44.3446
4850	0.270678	-41.7712
4860	0.270678	-42.0988
4870	0.270678	-41.7542
4880	0.270678	-41.887
4890	0.270678	-42.0007
4900	0.270678	-42.3353
4910	0.270678	-44.2761
4920	0.270678	-41.7895
4930	0.270678	-46.0394
4940	0.270678	-41.8892
4950	0.270678	-42.0067
4960	0.270678	-41.753
4970	0.270678	-41.7598
4980	0.270678	-42.2851
4990	0.270678	-41.7623
5000	0.270678	-44.1452
5010	0.270678	-41.8228
5020	0.270678	-41.7483
5030	0.270678	-42.897
5040	0.270678	-44.453
5050	0.270678	-41.9993
5060	0.270678	-43.9445
5070	0.270678	-41.8738
5080	0.270678	-42.2236
5090	0.270678	-45.2975
5100	0.270678	-43.5846
5110	0.270678	-41.774
5120	0.270678	-41.8746
5130	0.270678	-45.4069
5140	0.270678	-41.8965
5150	0.270678	-42.6649
5160	0.270678	-41.813
5170	0.270678	-44.9807
5180	0.270678	-41.8378
5190	0.270678	-45.6478
5200	0.270678	-42.5139
5210	0.270678	-42.0442
5220	0.270678	-48.1225
5230	0.270678	-42.1733
5240	0.270678	-44.1458
5250	0.270678	-49.849
5260	0.270678	-44.2144
5270	0.270678	-47.8288
5280	0.270678	-41.779
5290	0.270678	-41.7902
5300	0.270678	-42.8326
5310	0.270678	-42.0162
5320	0.270678	-41.9786
5330	0.270678	-41.751
5340	0.270678	-43.7855
5350	0.270678	-45.4978
5360	0.270678	-41.9759
5370	0.270678	-41.8904
5380	0.270678	-54.4027
5390	0.270678	-42.0439
5400	0.270678	-42.0151
5410	0.270678	-42.9154
5420	0.270678	-49.6477
5430	0.270678	-42.1075
5440	0.270678	-41.8155
5450	0.270678	-44.1017
5460	0.270678	-41.833
5470	0.270678	-43.0714
5480	0.270678	-46.8309
5490	0.270678	-41.7571
5500	0.270678	-43.5452
5510	0.270678	-42.9336
5520	0.270678	-48.3279
5530	0.270678	-43.3265
5540	0.270678	-46.0244
5550	0.270678	-41.998
5560	0.270678	-42.0302
5570	0.270678	-46.7914
5580	0.270678	-46.3463
5590	0.270678	-42.8911
5600	0.270678	-42.0781
5610	0.270678	-41.969
5620	0.270678	-45.0511
5630	0.270678	-42.1826
5640	0.270678	-41.7751
5650	0.270678	-41.7589
5660	0.270678	-42.344
5670	0.270678	-41.9881
5680	0.270678	-41.8745
5690	0.270678	-49.3605
5700	0.270678	-45.6975
5710	0.270678	-41.7963
5720	0.270678	-42.0011
5730	0.270678	-49.4936
5740	0.270678	-41.7543
5750	0.270678	-42.7623
5760	0.270678	-41.9524
5770	0.270678	-45.9838
5780	0.270678	-41.9062
5790	0.270678	-42.3614
5800	0.270678	-41.784
5810	0.270678	-41.7518
5820	0.270678	-41.7512
5830	0.270678	-42.3837
5840	0.270678	-41.8536
5850	0.270678	-41.7479
5860	0.270678	-41.8985
5870	0.270678	-41.8392
5880	0.270678	-51.1879
5890	0.270678	-42.2171
5900	0.270678	-42.1648
5910	0.270678	-42.6228
5920	0.270678	-41.8278
5930	0.270678	-41.8313
5940	0.270678	-42.3266
5950	0.270678	-41.7484
5960	0.270678	-43.383
5970	0.270678	-41.9503
5980	0.270678	-43.7714
5990	0.270678	-42.6095
6000	0.270678	-43.4971
6010	0.270678	-43.294
6020	0.270678	-50.4364
6030	0.270678	-42.4646
6040	0.270678	-42.2451
6050	0.270678	-41.7834
6060	0.270678	-41.8905
6070	0.270678	-41.824
6080	0.270678	-42.0093
6090	0.270678	-46.1174
6100	0.270678	-44.5634
6110	0.270678	-52.7672
6120	0.270678	-43.6024
6130	0.270678	-41.8085
6140	0.270678	-41.9906
6150	0.270678	-41.7761
6160	0.270678	-41.8587
6170	0.270678	-41.7601
6180	0.270678	-45.4906
6190	0.270678	-49.0234
6200	0.270678	-54.6516
6210	0.270678	-63.4967
6220	0.270678	-41.8088
6230	0.270678	-41.8969
6240	0.270678	-42.5639
6250	0.270678	-41.8101
6260	0.270678	-42.6539
6270	0.270678	-50.5778
6280	0.270678	-44.3638
6290	0.270678	-41.762
6300	0.270678	-41.8688
6310	0.270678	-41.9357
6320	0.270678	-42.5685
6330	0.270678	-41.7531
6340	0.270678	-43.3902
6350	0.270678	-41.884
6360	0.270678	-41.9461
6370	0.270678	-42.0453
6380	0.270678	-43.6395
6390	0.270678	-42.5338
6400	0.270678	-43.1898
6410	0.270678	-41.776
6420	0.270678	-42.0231
6430	0.270678	-41.7956
6440	0.270678	-41.7639
6450	0.270678	-44.4466
6460	0.270678	-45.4881
6470	0.270678	-41.8975
6480	0.270678	-42.0617
6490	0.270678	-41.8552
6500	0.270678	-41.95
6510	0.270678	-41.7488
6520	0.270678	-47.5227
6530	0.270678	-49.432
6540	0.270678	-41.985
6550	0.270678	-42.3009
6560	0.270678	-44.0952
6570	0.270678	-45.2585
6580	0.270678	-45.535
6590	0.270678	-42.4297
6600	0.270678	-41.8598
6610	0.270678	-45.4767
6620	0.270678	-47.1904
6630	0.270678	-43.2893
6640	0.270678	-41.7575
6650	0.270678	-43.2149
6660	0.270678	-42.1007
6670	0.270678	-49.588
6680	0.270678	-42.3041
6690	0.270678	-51.1822
6700	0.270678	-41.9181
6710	0.270678	-44.8486
6720	0.270678	-42.2228
6730	0.270678	-41.9868
6740	0.270678	-41.8899
6750	0.270678	-41.8549
6760	0.270678	-41.8176
6770	0.270678	-42.0483
6780	0.270678	-42.1009
6790	0.270678	-42.1777
6800	0.270678	-43.248
6810	0.270678	-43.8462
6820	0.270678	-42.204
6830	0.270678	-42.1186
6840	0.270678	-49.5279
6850	0.270678	-44.978
6860	0.270678	-41.7735
6870	0.270678	-42.2136
6880	0.270678	-46.0574
6890	0.270678	-45.6934
6900	0.270678	-44.3062
6910	0.270678	-48.1897
6920	0.270678	-41.752
6930	0.270678	-42.1321
6940	0.270678	-41.883
6950	0.270678	-42.9764
6960	0.270678	-41.754
6970	0.270678	-45.5394
6980	0.270678	-42.3754
6990	0.270678	-44.4729
7000	0.270678	-41.8382
7010	0.270678	-44.8091
7020	0.270678	-41.7739
7030	0.270678	-41.8097
7040	0.270678	-41.7596
7050	0.270678	-44.8408
7060	0.270678	-46.8817
7070	0.270678	-41.8595
7080	0.270678	-43.8927
7090	0.270678	-41.9481
7100	0.270678	-42.0545
7110	0.270678	-41.8719
7120	0.270678	-42.3033
7130	0.270678	-41.7627
7140	0.270678	-47.6895
7150	0.270678	-41.7532
7160	0.270678	-41.8054
7170	0.270678	-41.9072
7180	0.270678	-41.7886
7190	0.270678	-42.9624
7200	0.270678	-42.1483
7210	0.270678	-43.4821
7220	0.270678	-41.9254
7230	0.270678	-43.2183
7240	0.270678	-42.5136
7250	0.270678	-52.3884
7260	0.270678	-41.7762
7270	0.270678	-44.2778
7280	0.270678	-47.811
7290	0.270678	-41.8132
7300	0.270678	-45.0341
7310	0.270678	-41.9935
7320	0.270678	-52.2791
7330	0.270678	-41.7909
7340	0.270678	-41.7493
7350	0.270678	-41.82
7360	0.270678	-48.7832
7370	0.270678	-41.8938
7380	0.270678	-42.2996
7390	0.270678	-45.0156
7400	0.270678	-42.5781
7410	0.270678	-41.7489
7420	0.270678	-41.8329
7430	0.270678	-41.8337
7440	0.270678	-41.9883
7450	0.270678	-42.0029
7460	0.270678	-44.5775
7470	0.270678	-41.8889
7480	0.270678	-42.0717
7490	0.270678	-43.7374
7500	0.270678	-41.7499
7510	0.270678	-41.8152
7520	0.270678	-41.9265
7530	0.270678	-42.5693
7540	0.270678	-41.9907
7550	0.270678	-42.6217
7560	0.270678	-44.278
7570	0.270678	-43.1069
7580	0.270678	-41.8087
7590	0.270678	-42.1949
7600	0.270678	-41.9072
7610	0.270678	-42.0434
7620	0.270678	-41.9033
7630	0.270678	-43.6131
7640	0.270678	-42.3575
7650	0.270678	-41.7844
7660	0.270678	-41.7485
7670	0.270678	-42.9517
7680	0.270678	-41.8523
7690	0.270678	-41.8125
7700	0.270678	-41.7846
7710	0.270678	-43.091
7720	0.270678	-42.6106
7730	0.270678	-41.8081
7740	0.270678	-48.0844
7750	0.270678	-42.6101
7760	0.270678	-51.0595
7770	0.270678	-41.7876
7780	0.270678	-41.7852
7790	0.270678	-41.8152
7800	0.270678	-41.7487
7810	0.270678	-41.8759
7820	0.270678	-41.8201
7830	0.270678	-41.7599
7840	0.270678	-45.4047
7850	0.270678	-41.8152
7860	0.270678	-53.3725
7870	0.270678	-42.5212
7880	0.270678	-41.8237
7890	0.270678	-41.7752
7900	0.270678	-49.3226
7910	0.270678	-42.3682
7920	0.270678	-42.2997
7930	0.270678	-41.8122
7940	0.270678	-48.5838
7950	0.270678	-43.8951
7960	0.270678	-41.8265
7970	0.270678	-41.808
7980	0.270678	-41.8357
7990	0.270678	-41.8913
8000	0.270678	-41.8527
8010	0.270678	-43.1652
8020	0.270678	-43.8819
8030	0.270678	-41.7558
8040	0.270678	-41.8277
8050	0.270678	-41.7513
8060	0.270678	-41.958
8070	0.270678	-42.5355
8080	0.270678	-42.0674
8090	0.270678	-51.6968
8100	0.270678	-42.6778
8110	0.270678	-41.8827
8120	0.270678	-43.7791
8130	0.270678	-44.5765
8140	0.270678	-41.7481
8150	0.270678	-41.7739
8160	0.270678	-42.2174
8170	0.270678	-44.4422
8180	0.270678	-42.7775
8190	0.270678	-41.9168
8200	0.270678	-46.1381
8210	0.270678	-45.6576
8220	0.270678	-41.7632
8230	0.270678	-41.8194
8240	0.270678	-42.0659
8250	0.270678	-42.8014
8260	0.270678	-41.7696
8270	0.270678	-41.7528
8280	0.270678	-41.8125
8290	0.270678	-42.3936
8300	0.270678	-54.6877
8310	0.270678	-41.8318
8320	0.270678	-42.0225
8330	0.270678	-41.7986
8340	0.270678	-42.7477
8350	0.270678	-45.28
8360	0.270678	-43.5711
8370	0.270678	-43.5525
8380	0.270678	-41.7578
8390	0.270678	-42.1792
8400	0.270678	-42.2093
8410	0.270678	-42.3765
8420	0.270678	-44.1905
8430	0.270678	-41.7482
8440	0.270678	-43.5797
8450	0.270678	-41.7577
8460	0.270678	-41.894
8470	0.270678	-41.7804
8480	0.270678	-41.8295
8490	0.270678	-41.7553
8500	0.270678	-49.383
8510	0.270678	-41.81
8520	0.270678	-42.191
8530	0.270678	-41.7512
8540	0.270678	-41.7633
8550	0.270678	-46.3294
8560	0.270678	-41.8974
8570	0.270678	-43.3814
8580	0.270678	-42.919
8590	0.270678	-45.307
8600	0.270678	-46.857
8610	0.270678	-42.0462
8620	0.270678	-41.7486
8630	0.270678	-41.7579
8640	0.270678	-41.8322
8650	0.270678	-42.7085
8660	0.270678	-42.2311
8670	0.270678	-43.2789
8680	0.270678	-43.1341
8690	0.270678	-41.7691
8700	0.270678	-42.4213
8710	0.270678	-43.6907
8720	0.270678	-44.0953
8730	0.270678	-42.846
8740	0.270678	-41.9443
8750	0.270678	-42.4985
8760	0.270678	-44.5817
8770	0.270678	-43.5928
8780	0.270678	-44.65
8790	0.270678	-45.1021
8800	0.270678	-41.7766
8810	0.270678	-41.9494
8820	0.270678	-42.8826
8830	0.270678	-44.6275
8840	0.270678	-41.833
8850	0.270678	-42.0301
8860	0.270678	-49.7536
8870	0.270678	-41.846
8880	0.270678	-41.9226
8890	0.270678	-47.5651
8900	0.270678	-42.0292
8910	0.270678	-47.3229
8920	0.270678	-41.7557
8930	0.270678	-46.4874
8940	0.270678	-41.7483
8950	0.270678	-42.487
8960	0.270678	-42.2732
8970	0.270678	-41.7924
8980	0.270678	-41.9867
8990	0.270678	-41.7701
9000	0.270678	-43.6903
9010	0.270678	-42.239
9020	0.270678	-45.671
9030	0.270678	-41.8681
9040	0.270678	-42.5904
9050	0.270678	-56.1259
9060	0.270678	-45.3689
9070	0.270678	-41.9269
9080	0.270678	-41.8355
9090	0.270678	-41.7509
9100	0.270678	-43.3623
9110	0.270678	-41.8653
9120	0.270678	-41.7479
9130	0.270678	-42.003
9140	0.270678	-42.376
9150	0.270678	-41.7739
9160	0.270678	-41.7756
9170	0.270678	-46.2309
9180	0.270678	-47.8358
9190	0.270678	-41.7695
9200	0.270678	-41.7582
9210	0.270678	-41.7694
9220	0.270678	-43.7106
9230	0.270678	-41.7569
9240	0.270678	-41.7953
9250	0.270678	-41.7892
9260	0.270678	-56.8459
9270	0.270678	-42.0593
9280	0.270678	-43.5337
9290	0.270678	-41.7486
9300	0.270678	-41.8435
9310	0.270678	-43.5143
9320	0.270678	-44.4029
9330	0.270678	-41.7602
9340	0.270678	-45.9693
9350	0.270678	-46.1774
9360	0.270678	-41.7683
9370	0.270678	-46.0274
9380	0.270678	-48.0309
9390	0.270678	-41.8494
9400	0.270678	-42.6501
9410	0.270678	-46.4966
9420	0.270678	-41.7808
9430	0.270678	-43.2312
9440	0.270678	-43.8894
9450	0.270678	-46.5238
9460	0.270678	-45.8245
9470	0.270678	-41.7833
9480	0.270678	-47.2632
9490	0.270678	-41.8663
9500	0.270678	-42.0302
9510	0.270678	-43.7468
9520	0.270678	-42.7379
9530	0.270678	-50.1057
9540	0.270678	-41.8904
9550	0.270678	-41.9973
9560	0.270678	-41.7553
9570	0.270678	-43.0844
9580	0.270678	-41.9623
9590	0.270678	-47.5193
9600	0.270678	-41.7479
9610	0.270678	-42.2014
9620	0.270678	-41.9505
9630	0.270678	-42.7095
9640	0.270678	-43.9125
9650	0.270678	-42.0098
9660	0.270678	-41.9776
9670	0.270678	-43.1518
9680	0.270678	-42.0822
9690	0.270678	-41.7501
9700	0.270678	-44.2251
9710	0.270678	-42.8596
9720	0.270678	-56.049
9730	0.270678	-41.8415
9740	0.270678	-44.3603
9750	0.270678	-41.964
9760	0.270678	-41.8708
9770	0.270678	-42.3208
9780	0.270678	-41.7482
9790	0.270678	-41.7709
9800	0.270678	-41.7684
9810	0.270678	-42.2801
9820	0.270678	-45.4241
9830	0.270678	-43.4212
9840	0.270678	-50.3835
9850	0.270678	-41.8482
9860	0.270678	-41.7642
9870	0.270678	-42.9982
9880	0.270678	-47.9723
9890	0.270678	-46.5716
9900	0.270678	-41.7969
9910	0.270678	-45.7567
9920	0.270678	-42.0133
9930	0.270678	-41.8146
9940	0.270678	-42.4324
9950	0.270678	-41.7727
9960	0.270678	-42.9772
9970	0.270678	-41.771
9980	0.270678	-44.5592
9990	0.270678	-42.9107
10000	0.270678	-41.7626
