state	power	likelihood
2510	0.01024	-88.432
2520	0.01024	-55.0298
2530	0.01024	-50.2514
2540	0.01024	-42.0244
2550	0.01024	-72.0613
2560	0.01024	-64.233
2570	0.01024	-72.1346
2580	0.01024	-157.62
2590	0.01024	-55.4016
2600	0.01024	-76.2215
2610	0.01024	-116.12
2620	0.01024	-205.872
2630	0.01024	-45.1928
2640	0.01024	-44.3787
2650	0.01024	-115.096
2660	0.01024	-95.5776
2670	0.01024	-41.9029
2680	0.01024	-124.836
2690	0.01024	-226.128
2700	0.01024	-48.9563
2710	0.01024	-43.4571
2720	0.01024	-49.3658
2730	0.01024	-132.631
2740	0.01024	-87.7298
2750	0.01024	-66.0241
2760	0.01024	-51.0457
2770	0.01024	-162.66
2780	0.01024	-63.0584
2790	0.01024	-105.704
2800	0.01024	-139.462
2810	0.01024	-69.1789
2820	0.01024	-46.9918
2830	0.01024	-54.1946
2840	0.01024	-41.751
2850	0.01024	-79.0506
2860	0.01024	-44.2352
2870	0.01024	-108.354
2880	0.01024	-88.4122
2890	0.01024	-44.0715
2900	0.01024	-51.7464
2910	0.01024	-115.441
2920	0.01024	-106.012
2930	0.01024	-73.106
2940	0.01024	-58.8653
2950	0.01024	-67.4174
2960	0.01024	-72.971
2970	0.01024	-47.2251
2980	0.01024	-187.598
2990	0.01024	-52.4398
3000	0.01024	-187.354
3010	0.01024	-112.697
3020	0.01024	-55.9084
3030	0.01024	-41.764
3040	0.01024	-152.779
3050	0.01024	-57.276
3060	0.01024	-54.0146
3070	0.01024	-56.9674
3080	0.01024	-53.7462
3090	0.01024	-41.7839
3100	0.01024	-148.252
3110	0.01024	-45.7524
3120	0.01024	-80.704
3130	0.01024	-63.5416
3140	0.01024	-116.649
3150	0.01024	-103.196
3160	0.01024	-92.3265
3170	0.01024	-62.2033
3180	0.01024	-44.2973
3190	0.01024	-85.3815
3200	0.01024	-144.375
3210	0.01024	-173.342
3220	0.01024	-58.245
3230	0.01024	-120.792
3240	0.01024	-149.8
3250	0.01024	-45.4985
3260	0.01024	-84.2705
3270	0.01024	-55.982
3280	0.01024	-110.148
3290	0.01024	-43.0381
3300	0.01024	-52.7713
3310	0.01024	-345.297
3320	0.01024	-52.7319
3330	0.01024	-241.164
3340	0.01024	-67.1903
3350	0.01024	-170.296
3360	0.01024	-158.269
3370	0.01024	-67.1246
3380	0.01024	-153.141
3390	0.01024	-41.9439
3400	0.01024	-53.6853
3410	0.01024	-212.401
3420	0.01024	-146.072
3430	0.01024	-45.5491
3440	0.01024	-59.081
3450	0.01024	-160.956
3460	0.01024	-181.842
3470	0.01024	-72.8336
3480	0.01024	-65.5545
3490	0.01024	-154.861
3500	0.01024	-41.7993
3510	0.01024	-47.8694
3520	0.01024	-41.9751
3530	0.01024	-47.6778
3540	0.01024	-95.7229
3550	0.01024	-61.5374
3560	0.01024	-122.152
3570	0.01024	-41.7489
3580	0.01024	-94.7193
3590	0.01024	-126.193
3600	0.01024	-55.88
3610	0.01024	-111.644
3620	0.01024	-43.103
3630	0.01024	-44.6002
3640	0.01024	-41.8115
3650	0.01024	-81.7939
3660	0.01024	-98.4129
3670	0.01024	-96.1605
3680	0.01024	-46.658
3690	0.01024	-126.069
3700	0.01024	-44.2249
3710	0.01024	-66.0344
3720	0.01024	-41.9994
3730	0.01024	-53.3623
3740	0.01024	-49.131
3750	0.01024	-273.947
3760	0.01024	-235.599
3770	0.01024	-52.8298
3780	0.01024	-46.1769
3790	0.01024	-64.4366
3800	0.01024	-77.1355
3810	0.01024	-43.381
3820	0.01024	-139.753
3830	0.01024	-76.1266
3840	0.01024	-57.419
3850	0.01024	-140.051
3860	0.01024	-86.2326
3870	0.01024	-143.345
3880	0.01024	-64.5564
3890	0.01024	-78.8007
3900	0.01024	-139.648
3910	0.01024	-73.8553
3920	0.01024	-49.4237
3930	0.01024	-44.6793
3940	0.01024	-55.5077
3950	0.01024	-47.5553
3960	0.01024	-87.7784
3970	0.01024	-156.645
3980	0.01024	-42.939
3990	0.01024	-41.9461
4000	0.01024	-155.301
4010	0.01024	-127.244
4020	0.01024	-72.9196
4030	0.01024	-42.3312
4040	0.01024	-210.279
4050	0.01024	-43.9908
4060	0.01024	-52.0102
4070	0.01024	-74.4346
4080	0.01024	-44.6005
4090	0.01024	-83.7129
4100	0.01024	-281.876
4110	0.01024	-66.3386
4120	0.01024	-41.7506
4130	0.01024	-56.8058
4140	0.01024	-72.0382
4150	0.01024	-64.7209
4160	0.01024	-49.6196
4170	0.01024	-166.597
4180	0.01024	-118.781
4190	0.01024	-98.7049
4200	0.01024	-173.934
4210	0.01024	-145.423
4220	0.01024	-47.2982
4230	0.01024	-100.822
4240	0.01024	-214.342
4250	0.01024	-41.7606
4260	0.01024	-60.6731
4270	0.01024	-100.186
4280	0.01024	-273.226
4290	0.01024	-47.2309
4300	0.01024	-78.6117
4310	0.01024	-43.4074
4320	0.01024	-47.8196
4330	0.01024	-45.2864
4340	0.01024	-56.8986
4350	0.01024	-268.17
4360	0.01024	-86.6828
4370	0.01024	-59.6263
4380	0.01024	-41.8094
4390	0.01024	-77.6924
4400	0.01024	-53.4353
4410	0.01024	-112.667
4420	0.01024	-194.319
4430	0.01024	-83.9214
4440	0.01024	-69.0161
4450	0.01024	-41.9143
4460	0.01024	-52.5382
4470	0.01024	-243.097
4480	0.01024	-42.5822
4490	0.01024	-57.335
4500	0.01024	-41.9553
4510	0.01024	-97.0283
4520	0.01024	-75.611
4530	0.01024	-95.7167
4540	0.01024	-42.0368
4550	0.01024	-255.493
4560	0.01024	-203.499
4570	0.01024	-46.7338
4580	0.01024	-81.0022
4590	0.01024	-81.0689
4600	0.01024	-41.7885
4610	0.01024	-70.6443
4620	0.01024	-58.3872
4630	0.01024	-64.6417
4640	0.01024	-64.2297
4650	0.01024	-89.3472
4660	0.01024	-44.0114
4670	0.01024	-48.2908
4680	0.01024	-41.8751
4690	0.01024	-41.9003
4700	0.01024	-74.2012
4710	0.01024	-44.2416
4720	0.01024	-60.4749
4730	0.01024	-43.1173
4740	0.01024	-43.4904
4750	0.01024	-56.8373
4760	0.01024	-163.253
4770	0.01024	-43.8006
4780	0.01024	-167.149
4790	0.01024	-102.084
4800	0.01024	-96.8335
4810	0.01024	-42.7877
4820	0.01024	-61.067
4830	0.01024	-47.1562
4840	0.01024	-247.534
4850	0.01024	-68.8316
4860	0.01024	-41.8412
4870	0.01024	-45.1714
4880	0.01024	-42.0479
4890	0.01024	-144.036
4900	0.01024	-52.1522
4910	0.01024	-120.098
4920	0.01024	-72.2222
4930	0.01024	-88.5315
4940	0.01024	-141.281
4950	0.01024	-44.1785
4960	0.01024	-151.101
4970	0.01024	-41.9012
4980	0.01024	-41.8437
4990	0.01024	-90.0079
5000	0.01024	-185.576
5010	0.01024	-49.1785
5020	0.01024	-44.924
5030	0.01024	-74.0001
5040	0.01024	-114.5
5050	0.01024	-320.192
5060	0.01024	-41.813
5070	0.01024	-65.7352
5080	0.01024	-83.7393
5090	0.01024	-225.668
5100	0.01024	-41.7594
5110	0.01024	-92.9888
5120	0.01024	-84.405
5130	0.01024	-132.567
5140	0.01024	-43.3678
5150	0.01024	-62.3764
5160	0.01024	-274.154
5170	0.01024	-62.0966
5180	0.01024	-41.8127
5190	0.01024	-44.5418
5200	0.01024	-87.1014
5210	0.01024	-41.8359
5220	0.01024	-84.207
5230	0.01024	-78.3891
5240	0.01024	-42.3769
5250	0.01024	-42.5437
5260	0.01024	-116.221
5270	0.01024	-95.8942
5280	0.01024	-184.411
5290	0.01024	-76.7068
5300	0.01024	-91.7721
5310	0.01024	-104.53
5320	0.01024	-114.547
5330	0.01024	-52.6268
5340	0.01024	-111.344
5350	0.01024	-72.4695
5360	0.01024	-50.6838
5370	0.01024	-42.1658
5380	0.01024	-61.31
5390	0.01024	-48.2765
5400	0.01024	-62.2636
5410	0.01024	-43.6778
5420	0.01024	-43.9933
5430	0.01024	-74.1593
5440	0.01024	-302.502
5450	0.01024	-63.5433
5460	0.01024	-126.519
5470	0.01024	-82.6547
5480	0.01024	-113.636
5490	0.01024	-63.6266
5500	0.01024	-54.2246
5510	0.01024	-77.609
5520	0.01024	-111.236
5530	0.01024	-58.8452
5540	0.01024	-114.251
5550	0.01024	-156.083
5560	0.01024	-118.613
5570	0.01024	-122.675
5580	0.01024	-93.2428
5590	0.01024	-71.8516
5600	0.01024	-70.5564
5610	0.01024	-81.9676
5620	0.01024	-74.5487
5630	0.01024	-43.8085
5640	0.01024	-50.7942
5650	0.01024	-41.9048
5660	0.01024	-43.7568
5670	0.01024	-41.798
5680	0.01024	-46.7334
5690	0.01024	-42.1881
5700	0.01024	-66.3261
5710	0.01024	-57.0332
5720	0.01024	-89.1485
5730	0.01024	-41.7773
5740	0.01024	-138.445
5750	0.01024	-45.3223
5760	0.01024	-61.54
5770	0.01024	-51.3948
5780	0.01024	-47.5558
5790	0.01024	-44.1401
5800	0.01024	-140.514
5810	0.01024	-160.477
5820	0.01024	-143.871
5830	0.01024	-125.07
5840	0.01024	-67.9312
5850	0.01024	-109.813
5860	0.01024	-75.5493
5870	0.01024	-64.9937
5880	0.01024	-117.508
5890	0.01024	-222.312
5900	0.01024	-77.7056
5910	0.01024	-43.6133
5920	0.01024	-52.7557
5930	0.01024	-152.045
5940	0.01024	-41.9805
5950	0.01024	-46.3863
5960	0.01024	-98.0089
5970	0.01024	-174.059
5980	0.01024	-46.1277
5990	0.01024	-60.3941
6000	0.01024	-91.2799
6010	0.01024	-204.164
6020	0.01024	-72.4883
6030	0.01024	-47.296
6040	0.01024	-41.7904
6050	0.01024	-45.8868
6060	0.01024	-46.68
6070	0.01024	-41.7613
6080	0.01024	-74.462
6090	0.01024	-82.9959
6100	0.01024	-56.8169
6110	0.01024	-45.3117
6120	0.01024	-53.9222
6130	0.01024	-61.9099
6140	0.01024	-90.0523
6150	0.01024	-194.568
6160	0.01024	-100.51
6170	0.01024	-44.8297
6180	0.01024	-211.193
6190	0.01024	-82.9357
6200	0.01024	-71.0455
6210	0.01024	-44.6952
6220	0.01024	-90.9065
6230	0.01024	-55.4424
6240	0.01024	-242.425
6250	0.01024	-46.9988
6260	0.01024	-262.632
6270	0.01024	-99.6775
6280	0.01024	-195.677
6290	0.01024	-98.5528
6300	0.01024	-104.109
6310	0.01024	-150.332
6320	0.01024	-195.392
6330	0.01024	-64.1393
6340	0.01024	-43.7546
6350	0.01024	-127.503
6360	0.01024	-100.502
6370	0.01024	-46.5154
6380	0.01024	-48.2492
6390	0.01024	-148.401
6400	0.01024	-41.7904
6410	0.01024	-56.855
6420	0.01024	-141.058
6430	0.01024	-92.2364
6440	0.01024	-54.8065
6450	0.01024	-50.1694
6460	0.01024	-159.659
6470	0.01024	-108.394
6480	0.01024	-44.4663
6490	0.01024	-41.7494
6500	0.01024	-50.2949
6510	0.01024	-187.872
6520	0.01024	-57.008
6530	0.01024	-51.4263
6540	0.01024	-57.22
6550	0.01024	-112.163
6560	0.01024	-156.258
6570	0.01024	-42.075
6580	0.01024	-69.5538
6590	0.01024	-73.3996
6600	0.01024	-101.64
6610	0.01024	-41.8116
6620	0.01024	-45.8346
6630	0.01024	-152.894
6640	0.01024	-42.0707
6650	0.01024	-55.988
6660	0.01024	-68.1249
6670	0.01024	-139.697
6680	0.01024	-85.8961
6690	0.01024	-77.8627
6700	0.01024	-128.887
6710	0.01024	-135.497
6720	0.01024	-80.2104
6730	0.01024	-60.9637
6740	0.01024	-266.842
6750	0.01024	-139.197
6760	0.01024	-84.3123
6770	0.01024	-44.6405
6780	0.01024	-93.0681
6790	0.01024	-41.7922
6800	0.01024	-68.9513
6810	0.01024	-60.6685
6820	0.01024	-57.018
6830	0.01024	-42.8389
6840	0.01024	-92.3214
6850	0.01024	-64.0143
6860	0.01024	-54.8201
6870	0.01024	-67.6751
6880	0.01024	-42.0729
6890	0.01024	-103.94
6900	0.01024	-52.8066
6910	0.01024	-76.4787
6920	0.01024	-56.3448
6930	0.01024	-151.696
6940	0.01024	-95.6377
6950	0.01024	-102.341
6960	0.01024	-80.3789
6970	0.01024	-51.6552
6980	0.01024	-72.1503
6990	0.01024	-110.572
7000	0.01024	-82.3422
7010	0.01024	-75.3438
7020	0.01024	-120.689
7030	0.01024	-41.7521
7040	0.01024	-189.675
7050	0.01024	-48.1486
7060	0.01024	-69.1473
7070	0.01024	-42.2096
7080	0.01024	-91.5768
7090	0.01024	-53.9398
7100	0.01024	-49.836
7110	0.01024	-176.844
7120	0.01024	-65.4963
7130	0.01024	-68.0225
7140	0.01024	-44.0022
7150	0.01024	-49.0545
7160	0.01024	-81.7806
7170	0.01024	-47.4271
7180	0.01024	-53.063
7190	0.01024	-298.608
7200	0.01024	-54.4172
7210	0.01024	-101.57
7220	0.01024	-116.932
7230	0.01024	-62.5441
7240	0.01024	-128.751
7250	0.01024	-46.7496
7260	0.01024	-67.359
7270	0.01024	-53.8867
7280	0.01024	-132.994
7290	0.01024	-116.068
7300	0.01024	-68.8365
7310	0.01024	-56.7271
7320	0.01024	-62.0856
7330	0.01024	-52.2763
7340	0.01024	-86.6574
7350	0.01024	-52.1208
7360	0.01024	-55.3828
7370	0.01024	-76.151
7380	0.01024	-57.82
7390	0.01024	-104.784
7400	0.01024	-44.7887
7410	0.01024	-58.2968
7420	0.01024	-136.081
7430	0.01024	-50.6053
7440	0.01024	-47.3758
7450	0.01024	-47.561
7460	0.01024	-66.8028
7470	0.01024	-158.365
7480	0.01024	-46.4931
7490	0.01024	-63.9041
7500	0.01024	-61.1913
7510	0.01024	-43.2755
7520	0.01024	-60.3589
7530	0.01024	-54.4912
7540	0.01024	-265.242
7550	0.01024	-154.435
7560	0.01024	-272.032
7570	0.01024	-94.0706
7580	0.01024	-42.1303
7590	0.01024	-43.2259
7600	0.01024	-59.1025
7610	0.01024	-56.7527
7620	0.01024	-45.3373
7630	0.01024	-68.6463
7640	0.01024	-166.106
7650	0.01024	-87.4038
7660	0.01024	-302.068
7670	0.01024	-79.819
7680	0.01024	-91.6083
7690	0.01024	-69.7583
7700	0.01024	-171.37
7710	0.01024	-49.5672
7720	0.01024	-45.1762
7730	0.01024	-41.8514
7740	0.01024	-55.8721
7750	0.01024	-41.8904
7760	0.01024	-45.9542
7770	0.01024	-41.7817
7780	0.01024	-42.8439
7790	0.01024	-178.565
7800	0.01024	-57.5288
7810	0.01024	-122.565
7820	0.01024	-230.285
7830	0.01024	-45.5333
7840	0.01024	-51.3367
7850	0.01024	-57.8644
7860	0.01024	-88.3047
7870	0.01024	-67.6139
7880	0.01024	-119.329
7890	0.01024	-98.6657
7900	0.01024	-46.8933
7910	0.01024	-85.4322
7920	0.01024	-48.8305
7930	0.01024	-188.398
7940	0.01024	-41.7494
7950	0.01024	-41.7675
7960	0.01024	-45.5405
7970	0.01024	-79.9158
7980	0.01024	-65.5706
7990	0.01024	-44.9323
8000	0.01024	-66.3275
8010	0.01024	-67.9389
8020	0.01024	-147.558
8030	0.01024	-279.732
8040	0.01024	-66.8675
8050	0.01024	-63.6575
8060	0.01024	-46.3955
8070	0.01024	-138.692
8080	0.01024	-319.888
8090	0.01024	-43.2206
8100	0.01024	-161.462
8110	0.01024	-92.4778
8120	0.01024	-122.185
8130	0.01024	-89.7218
8140	0.01024	-73.0832
8150	0.01024	-132.355
8160	0.01024	-41.9886
8170	0.01024	-178.933
8180	0.01024	-42.5009
8190	0.01024	-67.7688
8200	0.01024	-159.734
8210	0.01024	-64.635
8220	0.01024	-55.9619
8230	0.01024	-215.636
8240	0.01024	-42.141
8250	0.01024	-67.3924
8260	0.01024	-71.0296
8270	0.01024	-125.931
8280	0.01024	-119.35
8290	0.01024	-118.711
8300	0.01024	-188.806
8310	0.01024	-120.799
8320	0.01024	-117.781
8330	0.01024	-43.9904
8340	0.01024	-131.671
8350	0.01024	-233.293
8360	0.01024	-54.9054
8370	0.01024	-243.29
8380	0.01024	-67.9472
8390	0.01024	-41.889
8400	0.01024	-195.794
8410	0.01024	-107.111
8420	0.01024	-54.778
8430	0.01024	-111.371
8440	0.01024	-57.3667
8450	0.01024	-41.9137
8460	0.01024	-110.68
8470	0.01024	-49.9711
8480	0.01024	-173.801
8490	0.01024	-217.245
8500	0.01024	-67.7065
8510	0.01024	-43.7166
8520	0.01024	-249.764
8530	0.01024	-78.8602
8540	0.01024	-85.7155
8550	0.01024	-43.3431
8560	0.01024	-85.4742
8570	0.01024	-47.3682
8580	0.01024	-59.4098
8590	0.01024	-59.8177
8600	0.01024	-167.495
8610	0.01024	-183.156
8620	0.01024	-203.263
8630	0.01024	-41.9958
8640	0.01024	-42.3981
8650	0.01024	-105.307
8660	0.01024	-46.4733
8670	0.01024	-112.235
8680	0.01024	-69.7503
8690	0.01024	-64.6506
8700	0.01024	-130.399
8710	0.01024	-68.999
8720	0.01024	-51.7089
8730	0.01024	-52.5701
8740	0.01024	-49.1824
8750	0.01024	-77.6984
8760	0.01024	-67.3847
8770	0.01024	-88.1968
8780	0.01024	-49.257
8790	0.01024	-44.6859
8800	0.01024	-154.072
8810	0.01024	-49.8543
8820	0.01024	-72.9999
8830	0.01024	-44.8792
8840	0.01024	-51.2273
8850	0.01024	-74.4702
8860	0.01024	-106.572
8870	0.01024	-109.698
8880	0.01024	-51.8485
8890	0.01024	-42.6826
8900	0.01024	-47.2291
8910	0.01024	-217.507
8920	0.01024	-67.5334
8930	0.01024	-48.4321
8940	0.01024	-60.6096
8950	0.01024	-116.947
8960	0.01024	-43.5603
8970	0.01024	-47.6198
8980	0.01024	-65.1957
8990	0.01024	-53.7186
9000	0.01024	-45.8911
9010	0.01024	-187.138
9020	0.01024	-52.2032
9030	0.01024	-61.3141
9040	0.01024	-59.8177
9050	0.01024	-128.602
9060	0.01024	-62.9901
9070	0.01024	-77.1851
9080	0.01024	-89.6769
9090	0.01024	-173.318
9100	0.01024	-259.279
9110	0.01024	-139.092
9120	0.01024	-52.6673
9130	0.01024	-162.019
9140	0.01024	-206.842
9150	0.01024	-88.3982
9160	0.01024	-66.5355
9170	0.01024	-64.0507
9180	0.01024	-107.405
9190	0.01024	-44.3668
9200	0.01024	-45.2584
9210	0.01024	-42.008
9220	0.01024	-46.1367
9230	0.01024	-118.132
9240	0.01024	-73.8946
9250	0.01024	-179.115
9260	0.01024	-48.2933
9270	0.01024	-41.7479
9280	0.01024	-53.3863
9290	0.01024	-49.9938
9300	0.01024	-42.2733
9310	0.01024	-45.3609
9320	0.01024	-60.87
9330	0.01024	-51.0039
9340	0.01024	-205.651
9350	0.01024	-89.6186
9360	0.01024	-76.1976
9370	0.01024	-92.8325
9380	0.01024	-136.117
9390	0.01024	-44.8364
9400	0.01024	-42.5406
9410	0.01024	-78.4689
9420	0.01024	-76.0252
9430	0.01024	-90.8844
9440	0.01024	-117.529
9450	0.01024	-163.966
9460	0.01024	-41.8828
9470	0.01024	-125.633
9480	0.01024	-120.32
9490	0.01024	-48.6233
9500	0.01024	-82.4765
9510	0.01024	-88.8367
9520	0.01024	-92.8071
9530	0.01024	-42.1698
9540	0.01024	-59.3597
9550	0.01024	-42.7574
9560	0.01024	-52.1533
9570	0.01024	-137.868
9580	0.01024	-90.4935
9590	0.01024	-56.7281
9600	0.01024	-83.6727
9610	0.01024	-59.6487
9620	0.01024	-96.7431
9630	0.01024	-51.7626
9640	0.01024	-131.035
9650	0.01024	-82.4543
9660	0.01024	-124.387
9670	0.01024	-92.6662
9680	0.01024	-71.2229
9690	0.01024	-117.825
9700	0.01024	-139.265
9710	0.01024	-47.0125
9720	0.01024	-41.7479
9730	0.01024	-149.757
9740	0.01024	-148.334
9750	0.01024	-41.7787
9760	0.01024	-67.6017
9770	0.01024	-43.4767
9780	0.01024	-43.917
9790	0.01024	-91.0873
9800	0.01024	-42.1352
9810	0.01024	-127.573
9820	0.01024	-105.97
9830	0.01024	-114.859
9840	0.01024	-102.243
9850	0.01024	-114.309
9860	0.01024	-41.8676
9870	0.01024	-136.32
9880	0.01024	-133.196
9890	0.01024	-83.0731
9900	0.01024	-53.2491
9910	0.01024	-54.3644
9920	0.01024	-196.079
9930	0.01024	-214.239
9940	0.01024	-43.2599
9950	0.01024	-207.103
9960	0.01024	-246.62
9970	0.01024	-72.0605
9980	0.01024	-51.2112
9990	0.01024	-199.966
10000	0.01024	-68.0843
