state	power	likelihood
2510	0.00525219	-87.6591
2520	0.00525219	-41.7479
2530	0.00525219	-42.0133
2540	0.00525219	-78.6389
2550	0.00525219	-91.0932
2560	0.00525219	-88.7835
2570	0.00525219	-174.021
2580	0.00525219	-59.396
2590	0.00525219	-215.124
2600	0.00525219	-84.9799
2610	0.00525219	-77.3625
2620	0.00525219	-64.6425
2630	0.00525219	-56.1401
2640	0.00525219	-210.25
2650	0.00525219	-42.5927
2660	0.00525219	-192.015
2670	0.00525219	-109.735
2680	0.00525219	-44.5467
2690	0.00525219	-179.278
2700	0.00525219	-200.428
2710	0.00525219	-57.487
2720	0.00525219	-112.829
2730	0.00525219	-70.3376
2740	0.00525219	-296.488
2750	0.00525219	-55.448
2760	0.00525219	-41.7581
2770	0.00525219	-42.0768
2780	0.00525219	-75.6266
2790	0.00525219	-59.3769
2800	0.00525219	-90.6659
2810	0.00525219	-65.2175
2820	0.00525219	-44.2569
2830	0.00525219	-43.2464
2840	0.00525219	-106.276
2850	0.00525219	-57.3077
2860	0.00525219	-49.1138
2870	0.00525219	-105.92
2880	0.00525219	-41.9746
2890	0.00525219	-93.5682
2900	0.00525219	-80.3779
2910	0.00525219	-572.667
2920	0.00525219	-88.0421
2930	0.00525219	-53.4537
2940	0.00525219	-63.6259
2950	0.00525219	-45.5719
2960	0.00525219	-169.179
2970	0.00525219	-67.1431
2980	0.00525219	-77.6303
2990	0.00525219	-99.5726
3000	0.00525219	-76.935
3010	0.00525219	-51.7843
3020	0.00525219	-44.1894
3030	0.00525219	-60.0723
3040	0.00525219	-57.265
3050	0.00525219	-79.6164
3060	0.00525219	-102.88
3070	0.00525219	-120.609
3080	0.00525219	-49.6465
3090	0.00525219	-43.2201
3100	0.00525219	-43.4204
3110	0.00525219	-83.1079
3120	0.00525219	-176.935
3130	0.00525219	-171.662
3140	0.00525219	-171.834
3150	0.00525219	-66.7151
3160	0.00525219	-101.128
3170	0.00525219	-50.5285
3180	0.00525219	-190.946
3190	0.00525219	-56.5726
3200	0.00525219	-187.08
3210	0.00525219	-56.2686
3220	0.00525219	-201.655
3230	0.00525219	-160.498
3240	0.00525219	-41.7486
3250	0.00525219	-81.545
3260	0.00525219	-89.4293
3270	0.00525219	-242.233
3280	0.00525219	-41.7697
3290	0.00525219	-43.4339
3300	0.00525219	-48.2567
3310	0.00525219	-151.438
3320	0.00525219	-195.373
3330	0.00525219	-100.645
3340	0.00525219	-84.9997
3350	0.00525219	-345.169
3360	0.00525219	-477.554
3370	0.00525219	-78.0852
3380	0.00525219	-44.6146
3390	0.00525219	-42.5236
3400	0.00525219	-41.7502
3410	0.00525219	-81.1621
3420	0.00525219	-187.02
3430	0.00525219	-41.7484
3440	0.00525219	-59.8177
3450	0.00525219	-76.9203
3460	0.00525219	-266.682
3470	0.00525219	-51.0491
3480	0.00525219	-60.9653
3490	0.00525219	-71.363
3500	0.00525219	-268.525
3510	0.00525219	-191.646
3520	0.00525219	-45.6405
3530	0.00525219	-158.003
3540	0.00525219	-107.198
3550	0.00525219	-44.8096
3560	0.00525219	-81.2974
3570	0.00525219	-106.92
3580	0.00525219	-169.202
3590	0.00525219	-43.0107
3600	0.00525219	-269.323
3610	0.00525219	-113.226
3620	0.00525219	-41.7947
3630	0.00525219	-42.5417
3640	0.00525219	-45.6638
3650	0.00525219	-104.167
3660	0.00525219	-44.48
3670	0.00525219	-129.745
3680	0.00525219	-44.7059
3690	0.00525219	-171.112
3700	0.00525219	-94.1522
3710	0.00525219	-120.219
3720	0.00525219	-114.306
3730	0.00525219	-73.6687
3740	0.00525219	-247.339
3750	0.00525219	-83.6275
3760	0.00525219	-49.1813
3770	0.00525219	-65.5768
3780	0.00525219	-68.5337
3790	0.00525219	-41.7888
3800	0.00525219	-45.4385
3810	0.00525219	-42.0741
3820	0.00525219	-41.7482
3830	0.00525219	-63.5392
3840	0.00525219	-264.369
3850	0.00525219	-135.838
3860	0.00525219	-42.0853
3870	0.00525219	-79.1445
3880	0.00525219	-58.4502
3890	0.00525219	-85.7649
3900	0.00525219	-41.7514
3910	0.00525219	-55.4672
3920	0.00525219	-41.7546
3930	0.00525219	-242.956
3940	0.00525219	-95.5864
3950	0.00525219	-118.691
3960	0.00525219	-187.817
3970	0.00525219	-182.822
3980	0.00525219	-93.341
3990	0.00525219	-66.2397
4000	0.00525219	-76.9942
4010	0.00525219	-41.9824
4020	0.00525219	-433.128
4030	0.00525219	-145.802
4040	0.00525219	-46.697
4050	0.00525219	-257.881
4060	0.00525219	-151.231
4070	0.00525219	-142.22
4080	0.00525219	-43.415
4090	0.00525219	-316.588
4100	0.00525219	-168.243
4110	0.00525219	-50.6266
4120	0.00525219	-201.135
4130	0.00525219	-79.9288
4140	0.00525219	-115.651
4150	0.00525219	-126.123
4160	0.00525219	-50.9195
4170	0.00525219	-254.572
4180	0.00525219	-44.9884
4190	0.00525219	-45.5916
4200	0.00525219	-151.124
4210	0.00525219	-41.9007
4220	0.00525219	-90.3735
4230	0.00525219	-116.775
4240	0.00525219	-64.045
4250	0.00525219	-44.3347
4260	0.00525219	-111.841
4270	0.00525219	-97.9843
4280	0.00525219	-44.7209
4290	0.00525219	-148.445
4300	0.00525219	-89.1248
4310	0.00525219	-43.1859
4320	0.00525219	-85.1273
4330	0.00525219	-41.819
4340	0.00525219	-63.5614
4350	0.00525219	-42.361
4360	0.00525219	-202.566
4370	0.00525219	-44.8777
4380	0.00525219	-42.0302
4390	0.00525219	-41.7714
4400	0.00525219	-56.8074
4410	0.00525219	-97.0614
4420	0.00525219	-225.43
4430	0.00525219	-53.74
4440	0.00525219	-125.634
4450	0.00525219	-171.769
4460	0.00525219	-80.5707
4470	0.00525219	-98.8799
4480	0.00525219	-116.491
4490	0.00525219	-113.2
4500	0.00525219	-51.5419
4510	0.00525219	-41.8923
4520	0.00525219	-109.406
4530	0.00525219	-143.841
4540	0.00525219	-126.848
4550	0.00525219	-51.5059
4560	0.00525219	-77.7414
4570	0.00525219	-52.5537
4580	0.00525219	-274.03
4590	0.00525219	-53.4433
4600	0.00525219	-240.284
4610	0.00525219	-42.0671
4620	0.00525219	-103.405
4630	0.00525219	-59.491
4640	0.00525219	-125.207
4650	0.00525219	-46.2567
4660	0.00525219	-206.761
4670	0.00525219	-82.4355
4680	0.00525219	-290.608
4690	0.00525219	-82.0903
4700	0.00525219	-290.454
4710	0.00525219	-43.7739
4720	0.00525219	-55.2923
4730	0.00525219	-41.9358
4740	0.00525219	-114.923
4750	0.00525219	-66.696
4760	0.00525219	-43.0853
4770	0.00525219	-112.698
4780	0.00525219	-58.75
4790	0.00525219	-71.2223
4800	0.00525219	-326.164
4810	0.00525219	-156.102
4820	0.00525219	-128.322
4830	0.00525219	-59.0911
4840	0.00525219	-108.903
4850	0.00525219	-264.216
4860	0.00525219	-64.1204
4870	0.00525219	-138.709
4880	0.00525219	-110.438
4890	0.00525219	-97.8639
4900	0.00525219	-218.504
4910	0.00525219	-110.525
4920	0.00525219	-99.0861
4930	0.00525219	-185.49
4940	0.00525219	-273.72
4950	0.00525219	-177.735
4960	0.00525219	-43.6856
4970	0.00525219	-201.472
4980	0.00525219	-56.0994
4990	0.00525219	-51.8204
5000	0.00525219	-41.9708
5010	0.00525219	-133.092
5020	0.00525219	-169.928
5030	0.00525219	-126.365
5040	0.00525219	-228.825
5050	0.00525219	-45.7469
5060	0.00525219	-51.0946
5070	0.00525219	-89.0447
5080	0.00525219	-57.6205
5090	0.00525219	-50.7317
5100	0.00525219	-154.113
5110	0.00525219	-224.005
5120	0.00525219	-237.983
5130	0.00525219	-127.136
5140	0.00525219	-50.254
5150	0.00525219	-92.3666
5160	0.00525219	-46.5772
5170	0.00525219	-59.8543
5180	0.00525219	-86.3989
5190	0.00525219	-43.7716
5200	0.00525219	-42.2307
5210	0.00525219	-76.694
5220	0.00525219	-65.125
5230	0.00525219	-77.4211
5240	0.00525219	-45.7203
5250	0.00525219	-47.6638
5260	0.00525219	-58.2012
5270	0.00525219	-41.7608
5280	0.00525219	-49.1764
5290	0.00525219	-49.9006
5300	0.00525219	-41.9378
5310	0.00525219	-145.104
5320	0.00525219	-177.883
5330	0.00525219	-55.1102
5340	0.00525219	-53.7439
5350	0.00525219	-52.2468
5360	0.00525219	-47.6502
5370	0.00525219	-172.609
5380	0.00525219	-92.25
5390	0.00525219	-104.417
5400	0.00525219	-165.513
5410	0.00525219	-47.3174
5420	0.00525219	-41.8531
5430	0.00525219	-52.8305
5440	0.00525219	-69.5012
5450	0.00525219	-54.7408
5460	0.00525219	-60.785
5470	0.00525219	-69.9823
5480	0.00525219	-84.7749
5490	0.00525219	-61.4879
5500	0.00525219	-88.8313
5510	0.00525219	-101.309
5520	0.00525219	-88.7191
5530	0.00525219	-53.7959
5540	0.00525219	-52.873
5550	0.00525219	-45.312
5560	0.00525219	-151.011
5570	0.00525219	-101.787
5580	0.00525219	-41.9445
5590	0.00525219	-82.8687
5600	0.00525219	-175.555
5610	0.00525219	-193.18
5620	0.00525219	-139.399
5630	0.00525219	-50.3104
5640	0.00525219	-154.674
5650	0.00525219	-51.1915
5660	0.00525219	-154.855
5670	0.00525219	-45.3989
5680	0.00525219	-67.5622
5690	0.00525219	-144.164
5700	0.00525219	-104.063
5710	0.00525219	-258.161
5720	0.00525219	-219.76
5730	0.00525219	-45.5092
5740	0.00525219	-98.0641
5750	0.00525219	-53.9282
5760	0.00525219	-47.9918
5770	0.00525219	-81.6378
5780	0.00525219	-98.3649
5790	0.00525219	-77.4402
5800	0.00525219	-56.4114
5810	0.00525219	-47.7525
5820	0.00525219	-48.3628
5830	0.00525219	-42.8413
5840	0.00525219	-355.214
5850	0.00525219	-52.076
5860	0.00525219	-175.237
5870	0.00525219	-113.552
5880	0.00525219	-41.7542
5890	0.00525219	-57.88
5900	0.00525219	-318.607
5910	0.00525219	-41.8733
5920	0.00525219	-179.244
5930	0.00525219	-108.755
5940	0.00525219	-47.0496
5950	0.00525219	-287.247
5960	0.00525219	-142.882
5970	0.00525219	-99.5097
5980	0.00525219	-307.649
5990	0.00525219	-45.7798
6000	0.00525219	-117.201
6010	0.00525219	-84.0195
6020	0.00525219	-44.8215
6030	0.00525219	-61.0662
6040	0.00525219	-189.664
6050	0.00525219	-215.924
6060	0.00525219	-122.5
6070	0.00525219	-49.3099
6080	0.00525219	-92.9316
6090	0.00525219	-65.9853
6100	0.00525219	-160.619
6110	0.00525219	-60.0964
6120	0.00525219	-160.549
6130	0.00525219	-41.7872
6140	0.00525219	-57.0897
6150	0.00525219	-44.622
6160	0.00525219	-125.204
6170	0.00525219	-82.3953
6180	0.00525219	-94.2325
6190	0.00525219	-357.298
6200	0.00525219	-42.1199
6210	0.00525219	-58.8253
6220	0.00525219	-41.7906
6230	0.00525219	-92.6402
6240	0.00525219	-78.9927
6250	0.00525219	-84.9715
6260	0.00525219	-62.9056
6270	0.00525219	-601.904
6280	0.00525219	-68.3237
6290	0.00525219	-105.192
6300	0.00525219	-70.9424
6310	0.00525219	-46.3767
6320	0.00525219	-151.412
6330	0.00525219	-86.9161
6340	0.00525219	-87.9828
6350	0.00525219	-203.149
6360	0.00525219	-59.5114
6370	0.00525219	-78.4593
6380	0.00525219	-197.032
6390	0.00525219	-129.855
6400	0.00525219	-78.8258
6410	0.00525219	-73.5324
6420	0.00525219	-113.069
6430	0.00525219	-82.4868
6440	0.00525219	-446.668
6450	0.00525219	-83.4349
6460	0.00525219	-120.881
6470	0.00525219	-81.136
6480	0.00525219	-72.4295
6490	0.00525219	-68.6716
6500	0.00525219	-184.887
6510	0.00525219	-102.197
6520	0.00525219	-66.3538
6530	0.00525219	-105.136
6540	0.00525219	-62.1515
6550	0.00525219	-52.9339
6560	0.00525219	-59.6412
6570	0.00525219	-44.7235
6580	0.00525219	-83.1323
6590	0.00525219	-191.393
6600	0.00525219	-160.394
6610	0.00525219	-130.377
6620	0.00525219	-55.61
6630	0.00525219	-43.4171
6640	0.00525219	-103.874
6650	0.00525219	-58.3839
6660	0.00525219	-41.8439
6670	0.00525219	-200.249
6680	0.00525219	-120.29
6690	0.00525219	-66.4294
6700	0.00525219	-101.264
6710	0.00525219	-95.3958
6720	0.00525219	-165.722
6730	0.00525219	-159.666
6740	0.00525219	-41.9279
6750	0.00525219	-46.155
6760	0.00525219	-156.134
6770	0.00525219	-70.1938
6780	0.00525219	-54.195
6790	0.00525219	-132.549
6800	0.00525219	-117.202
6810	0.00525219	-49.0769
6820	0.00525219	-57.975
6830	0.00525219	-79.3861
6840	0.00525219	-170.979
6850	0.00525219	-41.9049
6860	0.00525219	-185.98
6870	0.00525219	-414.332
6880	0.00525219	-52.8543
6890	0.00525219	-119.92
6900	0.00525219	-112.539
6910	0.00525219	-100.506
6920	0.00525219	-139.889
6930	0.00525219	-58.2338
6940	0.00525219	-46.581
6950	0.00525219	-73.2309
6960	0.00525219	-101.558
6970	0.00525219	-270.368
6980	0.00525219	-306.004
6990	0.00525219	-113.382
7000	0.00525219	-51.0851
7010	0.00525219	-403.408
7020	0.00525219	-147.225
7030	0.00525219	-41.7591
7040	0.00525219	-74.2939
7050	0.00525219	-114.378
7060	0.00525219	-78.431
7070	0.00525219	-211.992
7080	0.00525219	-152.718
7090	0.00525219	-114.138
7100	0.00525219	-107.553
7110	0.00525219	-114.882
7120	0.00525219	-143.001
7130	0.00525219	-61.3724
7140	0.00525219	-48.7765
7150	0.00525219	-98.8055
7160	0.00525219	-74.1485
7170	0.00525219	-46.1608
7180	0.00525219	-56.1455
7190	0.00525219	-45.44
7200	0.00525219	-413.606
7210	0.00525219	-45.1927
7220	0.00525219	-49.436
7230	0.00525219	-82.8112
7240	0.00525219	-70.445
7250	0.00525219	-41.9597
7260	0.00525219	-50.3049
7270	0.00525219	-307.894
7280	0.00525219	-134.53
7290	0.00525219	-74.8491
7300	0.00525219	-185.372
7310	0.00525219	-106.749
7320	0.00525219	-41.9566
7330	0.00525219	-135.75
7340	0.00525219	-60.1949
7350	0.00525219	-55.8227
7360	0.00525219	-106.159
7370	0.00525219	-248.746
7380	0.00525219	-49.2217
7390	0.00525219	-81.2511
7400	0.00525219	-61.6854
7410	0.00525219	-43.6021
7420	0.00525219	-66.971
7430	0.00525219	-42.9739
7440	0.00525219	-183.856
7450	0.00525219	-65.3501
7460	0.00525219	-126.277
7470	0.00525219	-48.0372
7480	0.00525219	-126.011
7490	0.00525219	-78.4172
7500	0.00525219	-89.2379
7510	0.00525219	-99.3593
7520	0.00525219	-63.4417
7530	0.00525219	-44.9575
7540	0.00525219	-79.7494
7550	0.00525219	-160.836
7560	0.00525219	-113.784
7570	0.00525219	-67.4324
7580	0.00525219	-63.697
7590	0.00525219	-109.439
7600	0.00525219	-112.89
7610	0.00525219	-43.4338
7620	0.00525219	-76.8206
7630	0.00525219	-67.8627
7640	0.00525219	-48.8851
7650	0.00525219	-54.7249
7660	0.00525219	-81.0873
7670	0.00525219	-120.526
7680	0.00525219	-41.9186
7690	0.00525219	-210.585
7700	0.00525219	-53.5328
7710	0.00525219	-242.683
7720	0.00525219	-107.742
7730	0.00525219	-56.965
7740	0.00525219	-77.4689
7750	0.00525219	-82.301
7760	0.00525219	-42.9653
7770	0.00525219	-49.6802
7780	0.00525219	-51.5458
7790	0.00525219	-56.6873
7800	0.00525219	-61.2767
7810	0.00525219	-125.235
7820	0.00525219	-43.3269
7830	0.00525219	-85.6613
7840	0.00525219	-44.5471
7850	0.00525219	-41.7958
7860	0.00525219	-152.439
7870	0.00525219	-60.224
7880	0.00525219	-54.8822
7890	0.00525219	-215.924
7900	0.00525219	-247.746
7910	0.00525219	-82.3456
7920	0.00525219	-44.253
7930	0.00525219	-56.3166
7940	0.00525219	-63.4697
7950	0.00525219	-297.543
7960	0.00525219	-146.682
7970	0.00525219	-55.047
7980	0.00525219	-49.0278
7990	0.00525219	-167.548
8000	0.00525219	-42.5669
8010	0.00525219	-104.841
8020	0.00525219	-49.1322
8030	0.00525219	-231.426
8040	0.00525219	-72.8476
8050	0.00525219	-94.7235
8060	0.00525219	-118.752
8070	0.00525219	-54.6855
8080	0.00525219	-50.2109
8090	0.00525219	-86.7648
8100	0.00525219	-204.385
8110	0.00525219	-53.7343
8120	0.00525219	-181.423
8130	0.00525219	-43.6706
8140	0.00525219	-57.8065
8150	0.00525219	-107.833
8160	0.00525219	-321.812
8170	0.00525219	-49.4597
8180	0.00525219	-110.086
8190	0.00525219	-70.9249
8200	0.00525219	-187.711
8210	0.00525219	-69.7533
8220	0.00525219	-42.0363
8230	0.00525219	-92.9213
8240	0.00525219	-56.3496
8250	0.00525219	-101.731
8260	0.00525219	-69.0323
8270	0.00525219	-75.1259
8280	0.00525219	-99.421
8290	0.00525219	-46.7469
8300	0.00525219	-219.577
8310	0.00525219	-98.6872
8320	0.00525219	-64.4409
8330	0.00525219	-52.7139
8340	0.00525219	-352.453
8350	0.00525219	-114.739
8360	0.00525219	-62.7587
8370	0.00525219	-60.6673
8380	0.00525219	-143.56
8390	0.00525219	-51.8903
8400	0.00525219	-42.941
8410	0.00525219	-144.054
8420	0.00525219	-195.303
8430	0.00525219	-116.403
8440	0.00525219	-60.1088
8450	0.00525219	-62.1711
8460	0.00525219	-45.6489
8470	0.00525219	-137.246
8480	0.00525219	-48.879
8490	0.00525219	-77.7022
8500	0.00525219	-111.462
8510	0.00525219	-210.697
8520	0.00525219	-115.91
8530	0.00525219	-274.813
8540	0.00525219	-41.9866
8550	0.00525219	-79.1123
8560	0.00525219	-56.0182
8570	0.00525219	-104.487
8580	0.00525219	-43.9079
8590	0.00525219	-181.616
8600	0.00525219	-158.358
8610	0.00525219	-44.2794
8620	0.00525219	-72.0912
8630	0.00525219	-97.8074
8640	0.00525219	-187.323
8650	0.00525219	-156.053
8660	0.00525219	-63.4266
8670	0.00525219	-71.5821
8680	0.00525219	-65.7304
8690	0.00525219	-66.0551
8700	0.00525219	-88.0687
8710	0.00525219	-61.1354
8720	0.00525219	-56.3376
8730	0.00525219	-140.708
8740	0.00525219	-74.3249
8750	0.00525219	-66.9139
8760	0.00525219	-42.6959
8770	0.00525219	-176.096
8780	0.00525219	-86.0189
8790	0.00525219	-72.6229
8800	0.00525219	-41.7535
8810	0.00525219	-99.1939
8820	0.00525219	-450.362
8830	0.00525219	-56.0455
8840	0.00525219	-125.424
8850	0.00525219	-65.8464
8860	0.00525219	-43.2819
8870	0.00525219	-101.263
8880	0.00525219	-88.7396
8890	0.00525219	-113.762
8900	0.00525219	-145.665
8910	0.00525219	-98.2757
8920	0.00525219	-88.9986
8930	0.00525219	-138.809
8940	0.00525219	-51.888
8950	0.00525219	-129.13
8960	0.00525219	-61.8502
8970	0.00525219	-89.1206
8980	0.00525219	-60.299
8990	0.00525219	-48.74
9000	0.00525219	-139.934
9010	0.00525219	-43.609
9020	0.00525219	-181.719
9030	0.00525219	-101.765
9040	0.00525219	-196.28
9050	0.00525219	-147.16
9060	0.00525219	-42.074
9070	0.00525219	-125.255
9080	0.00525219	-154.165
9090	0.00525219	-97.3554
9100	0.00525219	-193.712
9110	0.00525219	-41.8439
9120	0.00525219	-247.577
9130	0.00525219	-41.819
9140	0.00525219	-104.732
9150	0.00525219	-45.6964
9160	0.00525219	-92.6345
9170	0.00525219	-41.8643
9180	0.00525219	-44.0948
9190	0.00525219	-72.0386
9200	0.00525219	-74.1683
9210	0.00525219	-66.3741
9220	0.00525219	-70.0082
9230	0.00525219	-101.373
9240	0.00525219	-71.1601
9250	0.00525219	-62.6135
9260	0.00525219	-254.162
9270	0.00525219	-133.706
9280	0.00525219	-231.184
9290	0.00525219	-56.3239
9300	0.00525219	-203.751
9310	0.00525219	-77.5595
9320	0.00525219	-133.811
9330	0.00525219	-43.1081
9340	0.00525219	-126.537
9350	0.00525219	-151.39
9360	0.00525219	-179.099
9370	0.00525219	-41.7486
9380	0.00525219	-131.185
9390	0.00525219	-41.8326
9400	0.00525219	-59.4954
9410	0.00525219	-212.125
9420	0.00525219	-41.7509
9430	0.00525219	-146.162
9440	0.00525219	-283.616
9450	0.00525219	-63.0388
9460	0.00525219	-74.1158
9470	0.00525219	-119.485
9480	0.00525219	-54.2157
9490	0.00525219	-141.358
9500	0.00525219	-220.32
9510	0.00525219	-116.328
9520	0.00525219	-94.145
9530	0.00525219	-70.7659
9540	0.00525219	-69.4225
9550	0.00525219	-42.0173
9560	0.00525219	-241.825
9570	0.00525219	-42.217
9580	0.00525219	-60.4559
9590	0.00525219	-49.4236
9600	0.00525219	-41.8068
9610	0.00525219	-187.204
9620	0.00525219	-152.163
9630	0.00525219	-147.374
9640	0.00525219	-60.7323
9650	0.00525219	-111.307
9660	0.00525219	-218.705
9670	0.00525219	-79.797
9680	0.00525219	-105.625
9690	0.00525219	-58.268
9700	0.00525219	-59.9205
9710	0.00525219	-233.654
9720	0.00525219	-249.664
9730	0.00525219	-62.9472
9740	0.00525219	-51.7698
9750	0.00525219	-189.008
9760	0.00525219	-59.2016
9770	0.00525219	-52.2319
9780	0.00525219	-74.0929
9790	0.00525219	-87.976
9800	0.00525219	-229.442
9810	0.00525219	-117.017
9820	0.00525219	-63.4439
9830	0.00525219	-115.839
9840	0.00525219	-90.5803
9850	0.00525219	-88.0814
9860	0.00525219	-41.8322
9870	0.00525219	-53.1623
9880	0.00525219	-130.761
9890	0.00525219	-53.8563
9900	0.00525219	-129.88
9910	0.00525219	-57.78
9920	0.00525219	-65.7491
9930	0.00525219	-47.6464
9940	0.00525219	-212.221
9950	0.00525219	-41.7486
9960	0.00525219	-152.814
9970	0.00525219	-201.138
9980	0.00525219	-48.9444
9990	0.00525219	-310.122
10000	0.00525219	-96.6289
