state	power	likelihood
2510	0.0164916	-42.2737
2520	0.0164916	-72.8694
2530	0.0164916	-47.3976
2540	0.0164916	-78.7602
2550	0.0164916	-182.444
2560	0.0164916	-86.7495
2570	0.0164916	-96.4885
2580	0.0164916	-49.9032
2590	0.0164916	-182.087
2600	0.0164916	-42.1185
2610	0.0164916	-55.6085
2620	0.0164916	-46.604
2630	0.0164916	-76.4202
2640	0.0164916	-46.1599
2650	0.0164916	-66.8601
2660	0.0164916	-165.046
2670	0.0164916	-76.2127
2680	0.0164916	-43.751
2690	0.0164916	-59.3167
2700	0.0164916	-62.6396
2710	0.0164916	-69.1013
2720	0.0164916	-45.041
2730	0.0164916	-67.0156
2740	0.0164916	-72.1479
2750	0.0164916	-54.2683
2760	0.0164916	-52.8699
2770	0.0164916	-123.823
2780	0.0164916	-105.023
2790	0.0164916	-41.9883
2800	0.0164916	-43.9946
2810	0.0164916	-42.9576
2820	0.0164916	-48.8988
2830	0.0164916	-73.6325
2840	0.0164916	-105.777
2850	0.0164916	-202.942
2860	0.0164916	-63.8818
2870	0.0164916	-70.909
2880	0.0164916	-53.2377
2890	0.0164916	-49.4689
2900	0.0164916	-41.8129
2910	0.0164916	-44.6928
2920	0.0164916	-42.856
2930	0.0164916	-70.8235
2940	0.0164916	-51.0847
2950	0.0164916	-73.4652
2960	0.0164916	-132.278
2970	0.0164916	-109.311
2980	0.0164916	-314.887
2990	0.0164916	-77.707
3000	0.0164916	-47.2318
3010	0.0164916	-67.4631
3020	0.0164916	-128.081
3030	0.0164916	-64.9756
3040	0.0164916	-53.5587
3050	0.0164916	-85.2446
3060	0.0164916	-111.934
3070	0.0164916	-60.1166
3080	0.0164916	-46.809
3090	0.0164916	-126.509
3100	0.0164916	-53.2591
3110	0.0164916	-162.998
3120	0.0164916	-72.7552
3130	0.0164916	-42.0848
3140	0.0164916	-75.72
3150	0.0164916	-77.515
3160	0.0164916	-118.622
3170	0.0164916	-109.346
3180	0.0164916	-247.741
3190	0.0164916	-54.4798
3200	0.0164916	-42.5326
3210	0.0164916	-51.0773
3220	0.0164916	-68.9607
3230	0.0164916	-58.0413
3240	0.0164916	-82.4186
3250	0.0164916	-56.6178
3260	0.0164916	-88.4316
3270	0.0164916	-88.1737
3280	0.0164916	-41.7516
3290	0.0164916	-114.436
3300	0.0164916	-73.2347
3310	0.0164916	-122.926
3320	0.0164916	-104.688
3330	0.0164916	-77.0339
3340	0.0164916	-94.4928
3350	0.0164916	-42.0798
3360	0.0164916	-104.359
3370	0.0164916	-70.6479
3380	0.0164916	-43.8614
3390	0.0164916	-75.7604
3400	0.0164916	-58.6441
3410	0.0164916	-83.4332
3420	0.0164916	-44.265
3430	0.0164916	-74.9798
3440	0.0164916	-63.3385
3450	0.0164916	-74.9676
3460	0.0164916	-105.224
3470	0.0164916	-76.2098
3480	0.0164916	-47.8275
3490	0.0164916	-213.521
3500	0.0164916	-41.9482
3510	0.0164916	-71.4305
3520	0.0164916	-54.2284
3530	0.0164916	-41.8893
3540	0.0164916	-59.4232
3550	0.0164916	-117.996
3560	0.0164916	-43.6221
3570	0.0164916	-61.0479
3580	0.0164916	-51.8134
3590	0.0164916	-108.111
3600	0.0164916	-53.8082
3610	0.0164916	-59.7881
3620	0.0164916	-43.0407
3630	0.0164916	-92.0324
3640	0.0164916	-66.8758
3650	0.0164916	-42.3091
3660	0.0164916	-58.6849
3670	0.0164916	-53.7178
3680	0.0164916	-45.5779
3690	0.0164916	-96.6151
3700	0.0164916	-47.0883
3710	0.0164916	-67.9921
3720	0.0164916	-61.1498
3730	0.0164916	-50.616
3740	0.0164916	-65.5948
3750	0.0164916	-50.6883
3760	0.0164916	-44.0917
3770	0.0164916	-54.3461
3780	0.0164916	-67.1311
3790	0.0164916	-45.3971
3800	0.0164916	-55.0735
3810	0.0164916	-42.8687
3820	0.0164916	-145.543
3830	0.0164916	-47.157
3840	0.0164916	-56.936
3850	0.0164916	-46.0888
3860	0.0164916	-96.7887
3870	0.0164916	-49.61
3880	0.0164916	-109.357
3890	0.0164916	-50.1517
3900	0.0164916	-59.1029
3910	0.0164916	-46.9919
3920	0.0164916	-110.842
3930	0.0164916	-80.8245
3940	0.0164916	-109.702
3950	0.0164916	-130.268
3960	0.0164916	-81.1439
3970	0.0164916	-44.6511
3980	0.0164916	-49.115
3990	0.0164916	-76.7045
4000	0.0164916	-44.8498
4010	0.0164916	-51.3233
4020	0.0164916	-75.8374
4030	0.0164916	-106.606
4040	0.0164916	-46.246
4050	0.0164916	-46.5847
4060	0.0164916	-49.1168
4070	0.0164916	-45.7952
4080	0.0164916	-55.0814
4090	0.0164916	-71.8505
4100	0.0164916	-43.385
4110	0.0164916	-42.4638
4120	0.0164916	-45.6357
4130	0.0164916	-67.1321
4140	0.0164916	-130.275
4150	0.0164916	-101.192
4160	0.0164916	-46.7189
4170	0.0164916	-115.102
4180	0.0164916	-42.0579
4190	0.0164916	-156.652
4200	0.0164916	-75.2457
4210	0.0164916	-51.5369
4220	0.0164916	-52.6683
4230	0.0164916	-55.69
4240	0.0164916	-60.0683
4250	0.0164916	-66.8441
4260	0.0164916	-58.394
4270	0.0164916	-64.4948
4280	0.0164916	-217.615
4290	0.0164916	-69.5666
4300	0.0164916	-42.0177
4310	0.0164916	-44.808
4320	0.0164916	-77.4649
4330	0.0164916	-41.8102
4340	0.0164916	-41.7833
4350	0.0164916	-44.8619
4360	0.0164916	-41.8085
4370	0.0164916	-72.3029
4380	0.0164916	-53.8645
4390	0.0164916	-43.5165
4400	0.0164916	-42.3205
4410	0.0164916	-67.2935
4420	0.0164916	-42.1517
4430	0.0164916	-90.2221
4440	0.0164916	-77.0414
4450	0.0164916	-60.964
4460	0.0164916	-70.5712
4470	0.0164916	-98.3092
4480	0.0164916	-41.7812
4490	0.0164916	-49.7947
4500	0.0164916	-41.8401
4510	0.0164916	-58.382
4520	0.0164916	-291.485
4530	0.0164916	-42.1021
4540	0.0164916	-45.1523
4550	0.0164916	-56.6264
4560	0.0164916	-67.0811
4570	0.0164916	-44.8431
4580	0.0164916	-68.064
4590	0.0164916	-44.4002
4600	0.0164916	-82.596
4610	0.0164916	-43.8931
4620	0.0164916	-111.438
4630	0.0164916	-56.7054
4640	0.0164916	-81.291
4650	0.0164916	-45.5273
4660	0.0164916	-147.573
4670	0.0164916	-43.7671
4680	0.0164916	-42.0945
4690	0.0164916	-59.1357
4700	0.0164916	-42.8378
4710	0.0164916	-66.7886
4720	0.0164916	-51.6535
4730	0.0164916	-43.7447
4740	0.0164916	-58.6129
4750	0.0164916	-41.7508
4760	0.0164916	-59.4364
4770	0.0164916	-237.867
4780	0.0164916	-87.7315
4790	0.0164916	-48.3468
4800	0.0164916	-42.6155
4810	0.0164916	-45.6135
4820	0.0164916	-42.3932
4830	0.0164916	-69.5902
4840	0.0164916	-121.222
4850	0.0164916	-42.1974
4860	0.0164916	-57.8818
4870	0.0164916	-42.1589
4880	0.0164916	-52.7695
4890	0.0164916	-50.9522
4900	0.0164916	-59.8336
4910	0.0164916	-49.0717
4920	0.0164916	-148.283
4930	0.0164916	-54.2991
4940	0.0164916	-42.1328
4950	0.0164916	-53.0197
4960	0.0164916	-44.9554
4970	0.0164916	-44.0134
4980	0.0164916	-52.3638
4990	0.0164916	-41.9717
5000	0.0164916	-111.812
5010	0.0164916	-73.6214
5020	0.0164916	-111.822
5030	0.0164916	-41.7567
5040	0.0164916	-58.0465
5050	0.0164916	-48.4173
5060	0.0164916	-78.2647
5070	0.0164916	-48.941
5080	0.0164916	-67.3667
5090	0.0164916	-41.9986
5100	0.0164916	-63.779
5110	0.0164916	-116.542
5120	0.0164916	-82.6612
5130	0.0164916	-107.687
5140	0.0164916	-45.4888
5150	0.0164916	-44.997
5160	0.0164916	-96.8125
5170	0.0164916	-98.1126
5180	0.0164916	-92.4004
5190	0.0164916	-67.5635
5200	0.0164916	-42.6553
5210	0.0164916	-111.771
5220	0.0164916	-46.2674
5230	0.0164916	-41.9025
5240	0.0164916	-119.517
5250	0.0164916	-41.7554
5260	0.0164916	-133.593
5270	0.0164916	-329.635
5280	0.0164916	-77.3802
5290	0.0164916	-52.8325
5300	0.0164916	-69.4477
5310	0.0164916	-52.3389
5320	0.0164916	-61.4055
5330	0.0164916	-97.3804
5340	0.0164916	-77.0658
5350	0.0164916	-41.7494
5360	0.0164916	-59.2213
5370	0.0164916	-47.6596
5380	0.0164916	-196.915
5390	0.0164916	-47.6431
5400	0.0164916	-121.88
5410	0.0164916	-44.7839
5420	0.0164916	-41.8263
5430	0.0164916	-53.2146
5440	0.0164916	-128.917
5450	0.0164916	-60.8499
5460	0.0164916	-85.9706
5470	0.0164916	-44.2441
5480	0.0164916	-53.2281
5490	0.0164916	-42.3729
5500	0.0164916	-76.2667
5510	0.0164916	-71.1971
5520	0.0164916	-52.5634
5530	0.0164916	-49.7837
5540	0.0164916	-88.7666
5550	0.0164916	-75.7769
5560	0.0164916	-76.4222
5570	0.0164916	-41.7493
5580	0.0164916	-53.2121
5590	0.0164916	-60.088
5600	0.0164916	-68.6724
5610	0.0164916	-93.8625
5620	0.0164916	-53.3798
5630	0.0164916	-79.4383
5640	0.0164916	-46.1607
5650	0.0164916	-41.7666
5660	0.0164916	-126.179
5670	0.0164916	-88.8196
5680	0.0164916	-89.1761
5690	0.0164916	-55.2455
5700	0.0164916	-57.9255
5710	0.0164916	-49.817
5720	0.0164916	-136.244
5730	0.0164916	-67.9296
5740	0.0164916	-48.3587
5750	0.0164916	-72.4087
5760	0.0164916	-41.7485
5770	0.0164916	-78.1883
5780	0.0164916	-84.9216
5790	0.0164916	-58.6556
5800	0.0164916	-41.7531
5810	0.0164916	-42.003
5820	0.0164916	-92.3312
5830	0.0164916	-48.9025
5840	0.0164916	-44.1146
5850	0.0164916	-106.741
5860	0.0164916	-54.2626
5870	0.0164916	-271.207
5880	0.0164916	-232.932
5890	0.0164916	-46.4911
5900	0.0164916	-41.9716
5910	0.0164916	-64.0541
5920	0.0164916	-47.6805
5930	0.0164916	-91.5186
5940	0.0164916	-129.015
5950	0.0164916	-109.162
5960	0.0164916	-48.8192
5970	0.0164916	-130.191
5980	0.0164916	-58.3499
5990	0.0164916	-42.091
6000	0.0164916	-41.8964
6010	0.0164916	-44.3522
6020	0.0164916	-97.7859
6030	0.0164916	-119.25
6040	0.0164916	-46.2143
6050	0.0164916	-76.6072
6060	0.0164916	-58.3908
6070	0.0164916	-51.7772
6080	0.0164916	-50.6584
6090	0.0164916	-41.9525
6100	0.0164916	-71.0702
6110	0.0164916	-41.7533
6120	0.0164916	-51.6001
6130	0.0164916	-64.6847
6140	0.0164916	-66.9109
6150	0.0164916	-45.9484
6160	0.0164916	-76.7749
6170	0.0164916	-90.4137
6180	0.0164916	-41.748
6190	0.0164916	-75.7573
6200	0.0164916	-48.8653
6210	0.0164916	-64.8549
6220	0.0164916	-88.4783
6230	0.0164916	-50.0184
6240	0.0164916	-41.8159
6250	0.0164916	-41.7479
6260	0.0164916	-41.943
6270	0.0164916	-42.4561
6280	0.0164916	-54.3242
6290	0.0164916	-50.4095
6300	0.0164916	-113.248
6310	0.0164916	-153.757
6320	0.0164916	-43.3932
6330	0.0164916	-156.889
6340	0.0164916	-63.5872
6350	0.0164916	-45.7299
6360	0.0164916	-42.8508
6370	0.0164916	-139.765
6380	0.0164916	-47.8764
6390	0.0164916	-111.201
6400	0.0164916	-117.512
6410	0.0164916	-41.8359
6420	0.0164916	-62.1931
6430	0.0164916	-97.5144
6440	0.0164916	-44.7871
6450	0.0164916	-155.518
6460	0.0164916	-41.8156
6470	0.0164916	-125.599
6480	0.0164916	-239.792
6490	0.0164916	-105.892
6500	0.0164916	-42.9136
6510	0.0164916	-49.1268
6520	0.0164916	-91.3342
6530	0.0164916	-109.835
6540	0.0164916	-102.914
6550	0.0164916	-93.319
6560	0.0164916	-63.6917
6570	0.0164916	-90.2372
6580	0.0164916	-42.2976
6590	0.0164916	-71.2797
6600	0.0164916	-66.7855
6610	0.0164916	-45.6385
6620	0.0164916	-114.452
6630	0.0164916	-74.2535
6640	0.0164916	-103.34
6650	0.0164916	-79.2303
6660	0.0164916	-42.7055
6670	0.0164916	-63.6464
6680	0.0164916	-136.15
6690	0.0164916	-67.3148
6700	0.0164916	-192.33
6710	0.0164916	-42.1548
6720	0.0164916	-118.818
6730	0.0164916	-79.2633
6740	0.0164916	-41.7574
6750	0.0164916	-166.336
6760	0.0164916	-59.8515
6770	0.0164916	-139.072
6780	0.0164916	-48.0284
6790	0.0164916	-56.8225
6800	0.0164916	-41.9943
6810	0.0164916	-113.692
6820	0.0164916	-45.7394
6830	0.0164916	-171.874
6840	0.0164916	-50.3368
6850	0.0164916	-56.1801
6860	0.0164916	-245.637
6870	0.0164916	-60.4149
6880	0.0164916	-53.2995
6890	0.0164916	-61.0417
6900	0.0164916	-42.059
6910	0.0164916	-77.5909
6920	0.0164916	-42.2559
6930	0.0164916	-68.2837
6940	0.0164916	-41.8329
6950	0.0164916	-41.8658
6960	0.0164916	-49.8582
6970	0.0164916	-42.1222
6980	0.0164916	-75.1803
6990	0.0164916	-58.8423
7000	0.0164916	-104.463
7010	0.0164916	-149.953
7020	0.0164916	-114.874
7030	0.0164916	-41.7779
7040	0.0164916	-41.8229
7050	0.0164916	-145.802
7060	0.0164916	-50.0859
7070	0.0164916	-41.9045
7080	0.0164916	-386.043
7090	0.0164916	-48.557
7100	0.0164916	-45.1241
7110	0.0164916	-45.9593
7120	0.0164916	-53.1763
7130	0.0164916	-104.051
7140	0.0164916	-85.1764
7150	0.0164916	-41.8399
7160	0.0164916	-49.5542
7170	0.0164916	-43.2209
7180	0.0164916	-76.5331
7190	0.0164916	-55.7297
7200	0.0164916	-47.0177
7210	0.0164916	-56.1904
7220	0.0164916	-77.0281
7230	0.0164916	-43.2946
7240	0.0164916	-41.9497
7250	0.0164916	-42.7825
7260	0.0164916	-55.9958
7270	0.0164916	-67.1033
7280	0.0164916	-57.6445
7290	0.0164916	-45.8414
7300	0.0164916	-42.2832
7310	0.0164916	-42.1729
7320	0.0164916	-54.4886
7330	0.0164916	-102.639
7340	0.0164916	-82.7108
7350	0.0164916	-78.4451
7360	0.0164916	-61.422
7370	0.0164916	-58.2813
7380	0.0164916	-75.1718
7390	0.0164916	-44.7185
7400	0.0164916	-57.4844
7410	0.0164916	-78.6529
7420	0.0164916	-45.8619
7430	0.0164916	-74.4234
7440	0.0164916	-57.508
7450	0.0164916	-148.994
7460	0.0164916	-46.4524
7470	0.0164916	-41.8049
7480	0.0164916	-91.8781
7490	0.0164916	-42.3639
7500	0.0164916	-68.864
7510	0.0164916	-90.0974
7520	0.0164916	-45.4695
7530	0.0164916	-49.4609
7540	0.0164916	-41.8676
7550	0.0164916	-101.629
7560	0.0164916	-52.0217
7570	0.0164916	-52.0452
7580	0.0164916	-118.926
7590	0.0164916	-58.0973
7600	0.0164916	-198.562
7610	0.0164916	-43.4334
7620	0.0164916	-42.0351
7630	0.0164916	-41.7608
7640	0.0164916	-60.3365
7650	0.0164916	-66.0487
7660	0.0164916	-44.9012
7670	0.0164916	-42.1395
7680	0.0164916	-53.8448
7690	0.0164916	-58.7848
7700	0.0164916	-41.9585
7710	0.0164916	-60.6445
7720	0.0164916	-41.7502
7730	0.0164916	-60.683
7740	0.0164916	-222.497
7750	0.0164916	-49.6062
7760	0.0164916	-46.2679
7770	0.0164916	-55.6514
7780	0.0164916	-44.633
7790	0.0164916	-42.001
7800	0.0164916	-85.7706
7810	0.0164916	-42.386
7820	0.0164916	-42.4136
7830	0.0164916	-42.2885
7840	0.0164916	-55.8496
7850	0.0164916	-48.2846
7860	0.0164916	-42.4518
7870	0.0164916	-65.321
7880	0.0164916	-48.1112
7890	0.0164916	-90.3338
7900	0.0164916	-50.019
7910	0.0164916	-105.558
7920	0.0164916	-67.5498
7930	0.0164916	-93.5029
7940	0.0164916	-50.79
7950	0.0164916	-60.3963
7960	0.0164916	-43.5364
7970	0.0164916	-41.911
7980	0.0164916	-50.334
7990	0.0164916	-58.0219
8000	0.0164916	-105.308
8010	0.0164916	-50.4306
8020	0.0164916	-41.751
8030	0.0164916	-141.686
8040	0.0164916	-41.7479
8050	0.0164916	-42.9807
8060	0.0164916	-57.4376
8070	0.0164916	-98.8951
8080	0.0164916	-53.754
8090	0.0164916	-41.9756
8100	0.0164916	-67.7839
8110	0.0164916	-44.6529
8120	0.0164916	-66.7342
8130	0.0164916	-165.058
8140	0.0164916	-42.4793
8150	0.0164916	-83.9195
8160	0.0164916	-149.335
8170	0.0164916	-79.5578
8180	0.0164916	-42.5381
8190	0.0164916	-49.3229
8200	0.0164916	-69.7948
8210	0.0164916	-53.6257
8220	0.0164916	-49.3887
8230	0.0164916	-104.967
8240	0.0164916	-41.8758
8250	0.0164916	-43.031
8260	0.0164916	-41.7624
8270	0.0164916	-95.8308
8280	0.0164916	-68.6311
8290	0.0164916	-98.948
8300	0.0164916	-78.6922
8310	0.0164916	-62.0078
8320	0.0164916	-50.7153
8330	0.0164916	-42.0204
8340	0.0164916	-55.0022
8350	0.0164916	-48.9823
8360	0.0164916	-122.897
8370	0.0164916	-47.9226
8380	0.0164916	-44.0383
8390	0.0164916	-63.8537
8400	0.0164916	-82.6156
8410	0.0164916	-170.428
8420	0.0164916	-82.5728
8430	0.0164916	-47.4283
8440	0.0164916	-78.9475
8450	0.0164916	-42.3985
8460	0.0164916	-43.7485
8470	0.0164916	-153.387
8480	0.0164916	-49.3242
8490	0.0164916	-41.8284
8500	0.0164916	-99.1382
8510	0.0164916	-144.623
8520	0.0164916	-62.0941
8530	0.0164916	-96.0505
8540	0.0164916	-70.5792
8550	0.0164916	-64.4759
8560	0.0164916	-42.3859
8570	0.0164916	-41.7484
8580	0.0164916	-41.7615
8590	0.0164916	-43.4005
8600	0.0164916	-41.8804
8610	0.0164916	-46.9692
8620	0.0164916	-54.775
8630	0.0164916	-45.9507
8640	0.0164916	-51.2743
8650	0.0164916	-57.0428
8660	0.0164916	-245.942
8670	0.0164916	-44.4348
8680	0.0164916	-65.4377
8690	0.0164916	-41.8346
8700	0.0164916	-89.7813
8710	0.0164916	-50.333
8720	0.0164916	-46.2419
8730	0.0164916	-57.5906
8740	0.0164916	-83.0111
8750	0.0164916	-42.0754
8760	0.0164916	-62.0373
8770	0.0164916	-57.9656
8780	0.0164916	-63.6036
8790	0.0164916	-114.844
8800	0.0164916	-103.506
8810	0.0164916	-104.948
8820	0.0164916	-121.812
8830	0.0164916	-56.9478
8840	0.0164916	-97.3592
8850	0.0164916	-43.8643
8860	0.0164916	-56.7414
8870	0.0164916	-59.9272
8880	0.0164916	-68.9819
8890	0.0164916	-41.7649
8900	0.0164916	-51.8521
8910	0.0164916	-45.8511
8920	0.0164916	-44.8051
8930	0.0164916	-66.1367
8940	0.0164916	-41.7493
8950	0.0164916	-73.1363
8960	0.0164916	-54.8303
8970	0.0164916	-156.408
8980	0.0164916	-43.7969
8990	0.0164916	-66.3511
9000	0.0164916	-66.1048
9010	0.0164916	-44.9756
9020	0.0164916	-53.8167
9030	0.0164916	-43.1219
9040	0.0164916	-75.9616
9050	0.0164916	-44.1106
9060	0.0164916	-41.9618
9070	0.0164916	-53.0655
9080	0.0164916	-58.4299
9090	0.0164916	-44.8346
9100	0.0164916	-115.67
9110	0.0164916	-54.3604
9120	0.0164916	-41.7479
9130	0.0164916	-118.614
9140	0.0164916	-82.5742
9150	0.0164916	-84.8983
9160	0.0164916	-98.899
9170	0.0164916	-146.024
9180	0.0164916	-42.0299
9190	0.0164916	-53.3347
9200	0.0164916	-59.2269
9210	0.0164916	-90.6073
9220	0.0164916	-43.444
9230	0.0164916	-59.8153
9240	0.0164916	-69.1007
9250	0.0164916	-45.8616
9260	0.0164916	-65.2645
9270	0.0164916	-141.884
9280	0.0164916	-92.946
9290	0.0164916	-84.1939
9300	0.0164916	-126.756
9310	0.0164916	-218.232
9320	0.0164916	-128.822
9330	0.0164916	-108.353
9340	0.0164916	-70.7076
9350	0.0164916	-82.3397
9360	0.0164916	-50.6031
9370	0.0164916	-53.0238
9380	0.0164916	-69.2651
9390	0.0164916	-47.0265
9400	0.0164916	-47.6546
9410	0.0164916	-46.0686
9420	0.0164916	-71.0631
9430	0.0164916	-110.887
9440	0.0164916	-106.212
9450	0.0164916	-67.5356
9460	0.0164916	-92.2926
9470	0.0164916	-43.7801
9480	0.0164916	-44.0158
9490	0.0164916	-44.126
9500	0.0164916	-42.0277
9510	0.0164916	-59.9603
9520	0.0164916	-129.209
9530	0.0164916	-80.1479
9540	0.0164916	-52.821
9550	0.0164916	-76.8224
9560	0.0164916	-44.5186
9570	0.0164916	-129.932
9580	0.0164916	-145.797
9590	0.0164916	-61.9998
9600	0.0164916	-41.9351
9610	0.0164916	-195.093
9620	0.0164916	-81.5285
9630	0.0164916	-65.243
9640	0.0164916	-103.433
9650	0.0164916	-57.9143
9660	0.0164916	-43.9603
9670	0.0164916	-49.4973
9680	0.0164916	-43.0586
9690	0.0164916	-122.569
9700	0.0164916	-55.7751
9710	0.0164916	-41.788
9720	0.0164916	-97.7205
9730	0.0164916	-43.3644
9740	0.0164916	-126.127
9750	0.0164916	-162.128
9760	0.0164916	-71.4103
9770	0.0164916	-117.647
9780	0.0164916	-55.4716
9790	0.0164916	-65.6639
9800	0.0164916	-41.7486
9810	0.0164916	-42.0483
9820	0.0164916	-104.256
9830	0.0164916	-50.156
9840	0.0164916	-61.6782
9850	0.0164916	-96.6517
9860	0.0164916	-49.4399
9870	0.0164916	-41.754
9880	0.0164916	-59.3829
9890	0.0164916	-57.7407
9900	0.0164916	-123.638
9910	0.0164916	-44.9593
9920	0.0164916	-55.0494
9930	0.0164916	-77.2283
9940	0.0164916	-41.7481
9950	0.0164916	-53.5733
9960	0.0164916	-51.534
9970	0.0164916	-47.1897
9980	0.0164916	-74.4222
9990	0.0164916	-83.8474
10000	0.0164916	-50.8036
