state	power	likelihood
2510	0.695688	-42.2604
2520	0.695688	-47.1615
2530	0.695688	-41.9663
2540	0.695688	-41.7641
2550	0.695688	-42.8463
2560	0.695688	-42.355
2570	0.695688	-42.294
2580	0.695688	-41.748
2590	0.695688	-41.7481
2600	0.695688	-41.7482
2610	0.695688	-41.9339
2620	0.695688	-42.1273
2630	0.695688	-42.4466
2640	0.695688	-41.7501
2650	0.695688	-42.0507
2660	0.695688	-43.4613
2670	0.695688	-41.8675
2680	0.695688	-41.7515
2690	0.695688	-42.0398
2700	0.695688	-42.5085
2710	0.695688	-45.3097
2720	0.695688	-41.769
2730	0.695688	-41.7844
2740	0.695688	-41.8979
2750	0.695688	-43.1318
2760	0.695688	-41.8215
2770	0.695688	-41.9632
2780	0.695688	-42.1062
2790	0.695688	-43.395
2800	0.695688	-42.42
2810	0.695688	-42.0888
2820	0.695688	-45.13
2830	0.695688	-42.3573
2840	0.695688	-41.75
2850	0.695688	-41.7555
2860	0.695688	-44.5579
2870	0.695688	-41.7971
2880	0.695688	-41.8989
2890	0.695688	-42.2765
2900	0.695688	-41.8431
2910	0.695688	-44.0266
2920	0.695688	-41.8993
2930	0.695688	-41.7672
2940	0.695688	-41.8429
2950	0.695688	-41.9346
2960	0.695688	-41.9393
2970	0.695688	-43.511
2980	0.695688	-42.6264
2990	0.695688	-41.8762
3000	0.695688	-45.6566
3010	0.695688	-42.4694
3020	0.695688	-45.3169
3030	0.695688	-42.0024
3040	0.695688	-42.6884
3050	0.695688	-41.7512
3060	0.695688	-42.1695
3070	0.695688	-41.7652
3080	0.695688	-42.1246
3090	0.695688	-43.4195
3100	0.695688	-42.7531
3110	0.695688	-41.7649
3120	0.695688	-42.01
3130	0.695688	-41.9842
3140	0.695688	-41.9764
3150	0.695688	-41.8679
3160	0.695688	-41.7487
3170	0.695688	-41.8078
3180	0.695688	-41.7923
3190	0.695688	-41.7913
3200	0.695688	-42.5059
3210	0.695688	-41.9809
3220	0.695688	-41.8514
3230	0.695688	-43.7504
3240	0.695688	-41.8249
3250	0.695688	-41.77
3260	0.695688	-41.8182
3270	0.695688	-41.8266
3280	0.695688	-42.1154
3290	0.695688	-42.1275
3300	0.695688	-41.9666
3310	0.695688	-41.7929
3320	0.695688	-41.7536
3330	0.695688	-44.8043
3340	0.695688	-41.808
3350	0.695688	-41.8502
3360	0.695688	-42.9141
3370	0.695688	-41.7483
3380	0.695688	-42.0568
3390	0.695688	-42.5111
3400	0.695688	-41.971
3410	0.695688	-41.7531
3420	0.695688	-42.7141
3430	0.695688	-42.3219
3440	0.695688	-41.812
3450	0.695688	-41.7727
3460	0.695688	-42.6167
3470	0.695688	-42.8446
3480	0.695688	-41.9488
3490	0.695688	-42.0907
3500	0.695688	-41.7865
3510	0.695688	-42.0865
3520	0.695688	-42.2305
3530	0.695688	-41.7679
3540	0.695688	-42.0786
3550	0.695688	-41.7568
3560	0.695688	-42.0155
3570	0.695688	-43.2614
3580	0.695688	-41.755
3590	0.695688	-42.0999
3600	0.695688	-41.898
3610	0.695688	-44.163
3620	0.695688	-41.7523
3630	0.695688	-42.4509
3640	0.695688	-42.5962
3650	0.695688	-41.8005
3660	0.695688	-43.8586
3670	0.695688	-42.5252
3680	0.695688	-41.8005
3690	0.695688	-43.3987
3700	0.695688	-42.8338
3710	0.695688	-41.7783
3720	0.695688	-41.9765
3730	0.695688	-41.7689
3740	0.695688	-41.7973
3750	0.695688	-42.1236
3760	0.695688	-41.7503
3770	0.695688	-42.1154
3780	0.695688	-41.7718
3790	0.695688	-42.1504
3800	0.695688	-45.3286
3810	0.695688	-41.8186
3820	0.695688	-43.0572
3830	0.695688	-41.8152
3840	0.695688	-43.3135
3850	0.695688	-41.8373
3860	0.695688	-44.1744
3870	0.695688	-41.7869
3880	0.695688	-41.7722
3890	0.695688	-41.9126
3900	0.695688	-42.4817
3910	0.695688	-41.7813
3920	0.695688	-41.9592
3930	0.695688	-41.7947
3940	0.695688	-41.7774
3950	0.695688	-43.0971
3960	0.695688	-42.094
3970	0.695688	-42.3912
3980	0.695688	-43.1267
3990	0.695688	-42.3181
4000	0.695688	-41.9617
4010	0.695688	-41.7626
4020	0.695688	-41.9685
4030	0.695688	-44.0549
4040	0.695688	-41.8073
4050	0.695688	-41.7571
4060	0.695688	-41.7845
4070	0.695688	-41.8684
4080	0.695688	-41.8306
4090	0.695688	-43.7586
4100	0.695688	-42.4335
4110	0.695688	-45.8283
4120	0.695688	-42.2411
4130	0.695688	-42.1055
4140	0.695688	-41.768
4150	0.695688	-41.7522
4160	0.695688	-41.9918
4170	0.695688	-42.2459
4180	0.695688	-43.1172
4190	0.695688	-41.7643
4200	0.695688	-41.7479
4210	0.695688	-41.7664
4220	0.695688	-42.0059
4230	0.695688	-41.7819
4240	0.695688	-41.8446
4250	0.695688	-41.8287
4260	0.695688	-44.8617
4270	0.695688	-41.8119
4280	0.695688	-41.8138
4290	0.695688	-42.8943
4300	0.695688	-42.7136
4310	0.695688	-41.8966
4320	0.695688	-42.0612
4330	0.695688	-41.8421
4340	0.695688	-42.1436
4350	0.695688	-42.5323
4360	0.695688	-42.1014
4370	0.695688	-42.7763
4380	0.695688	-42.2712
4390	0.695688	-41.9118
4400	0.695688	-41.8175
4410	0.695688	-43.2333
4420	0.695688	-41.9252
4430	0.695688	-41.7688
4440	0.695688	-41.7531
4450	0.695688	-41.7555
4460	0.695688	-41.9007
4470	0.695688	-45.352
4480	0.695688	-41.7853
4490	0.695688	-41.7751
4500	0.695688	-43.1918
4510	0.695688	-41.7791
4520	0.695688	-42.108
4530	0.695688	-41.8441
4540	0.695688	-42.2087
4550	0.695688	-42.0766
4560	0.695688	-42.867
4570	0.695688	-42.6372
4580	0.695688	-41.9143
4590	0.695688	-41.8185
4600	0.695688	-41.9613
4610	0.695688	-47.655
4620	0.695688	-41.751
4630	0.695688	-41.9959
4640	0.695688	-41.9315
4650	0.695688	-41.9301
4660	0.695688	-47.5479
4670	0.695688	-50.0966
4680	0.695688	-41.8289
4690	0.695688	-47.6395
4700	0.695688	-41.8446
4710	0.695688	-41.8159
4720	0.695688	-43.1772
4730	0.695688	-41.8053
4740	0.695688	-41.7655
4750	0.695688	-41.7869
4760	0.695688	-41.7866
4770	0.695688	-42.0839
4780	0.695688	-46.3174
4790	0.695688	-41.9323
4800	0.695688	-41.9357
4810	0.695688	-43.6275
4820	0.695688	-41.7888
4830	0.695688	-41.7489
4840	0.695688	-41.8523
4850	0.695688	-42.1225
4860	0.695688	-41.7578
4870	0.695688	-43.2316
4880	0.695688	-42.0006
4890	0.695688	-48.2794
4900	0.695688	-41.852
4910	0.695688	-41.8386
4920	0.695688	-43.5929
4930	0.695688	-41.7507
4940	0.695688	-41.757
4950	0.695688	-41.7929
4960	0.695688	-41.8827
4970	0.695688	-41.7572
4980	0.695688	-42.0634
4990	0.695688	-42.0472
5000	0.695688	-44.8792
5010	0.695688	-41.763
5020	0.695688	-41.792
5030	0.695688	-44.677
5040	0.695688	-41.8087
5050	0.695688	-41.8827
5060	0.695688	-41.8762
5070	0.695688	-41.816
5080	0.695688	-42.1299
5090	0.695688	-41.9508
5100	0.695688	-41.9995
5110	0.695688	-41.755
5120	0.695688	-42.4599
5130	0.695688	-41.9844
5140	0.695688	-45.2986
5150	0.695688	-41.7944
5160	0.695688	-41.7809
5170	0.695688	-42.015
5180	0.695688	-41.8221
5190	0.695688	-42.6521
5200	0.695688	-41.7548
5210	0.695688	-43.6585
5220	0.695688	-42.3463
5230	0.695688	-41.9222
5240	0.695688	-43.2321
5250	0.695688	-41.7497
5260	0.695688	-41.8287
5270	0.695688	-43.8529
5280	0.695688	-44.5794
5290	0.695688	-42.3176
5300	0.695688	-41.7479
5310	0.695688	-41.767
5320	0.695688	-41.9768
5330	0.695688	-41.7543
5340	0.695688	-44.2552
5350	0.695688	-41.7784
5360	0.695688	-42.4914
5370	0.695688	-41.8144
5380	0.695688	-41.7584
5390	0.695688	-41.7482
5400	0.695688	-42.4458
5410	0.695688	-41.7547
5420	0.695688	-41.7491
5430	0.695688	-41.7531
5440	0.695688	-41.7604
5450	0.695688	-43.0891
5460	0.695688	-41.7665
5470	0.695688	-41.7626
5480	0.695688	-41.7491
5490	0.695688	-41.8674
5500	0.695688	-41.7576
5510	0.695688	-41.7545
5520	0.695688	-42.228
5530	0.695688	-41.8093
5540	0.695688	-42.6709
5550	0.695688	-41.7984
5560	0.695688	-42.0275
5570	0.695688	-41.9723
5580	0.695688	-41.8958
5590	0.695688	-41.7724
5600	0.695688	-42.2149
5610	0.695688	-42.1211
5620	0.695688	-41.7943
5630	0.695688	-41.9276
5640	0.695688	-41.7595
5650	0.695688	-42.0376
5660	0.695688	-42.2999
5670	0.695688	-41.8255
5680	0.695688	-45.8138
5690	0.695688	-41.77
5700	0.695688	-42.2121
5710	0.695688	-42.4394
5720	0.695688	-41.8095
5730	0.695688	-41.748
5740	0.695688	-41.947
5750	0.695688	-41.7582
5760	0.695688	-42.9554
5770	0.695688	-41.7751
5780	0.695688	-42.0596
5790	0.695688	-41.7523
5800	0.695688	-41.7481
5810	0.695688	-42.3072
5820	0.695688	-41.8629
5830	0.695688	-41.7874
5840	0.695688	-43.7822
5850	0.695688	-41.7531
5860	0.695688	-42.7894
5870	0.695688	-41.75
5880	0.695688	-41.8235
5890	0.695688	-41.9032
5900	0.695688	-42.4455
5910	0.695688	-41.8185
5920	0.695688	-41.7683
5930	0.695688	-41.8185
5940	0.695688	-41.7479
5950	0.695688	-41.9163
5960	0.695688	-42.51
5970	0.695688	-41.8251
5980	0.695688	-41.7562
5990	0.695688	-41.8059
6000	0.695688	-41.7573
6010	0.695688	-41.7503
6020	0.695688	-43.4024
6030	0.695688	-41.8408
6040	0.695688	-41.8809
6050	0.695688	-41.8244
6060	0.695688	-43.8043
6070	0.695688	-42.2952
6080	0.695688	-41.8293
6090	0.695688	-46.6058
6100	0.695688	-41.9427
6110	0.695688	-43.922
6120	0.695688	-41.8052
6130	0.695688	-41.8778
6140	0.695688	-41.8812
6150	0.695688	-42.1977
6160	0.695688	-41.7584
6170	0.695688	-41.7612
6180	0.695688	-42.1122
6190	0.695688	-42.0125
6200	0.695688	-41.9298
6210	0.695688	-41.7515
6220	0.695688	-41.7607
6230	0.695688	-41.7596
6240	0.695688	-41.8181
6250	0.695688	-42.0218
6260	0.695688	-42.5974
6270	0.695688	-41.7482
6280	0.695688	-41.8
6290	0.695688	-41.7894
6300	0.695688	-42.0341
6310	0.695688	-41.8246
6320	0.695688	-41.9727
6330	0.695688	-41.9248
6340	0.695688	-42.1258
6350	0.695688	-41.998
6360	0.695688	-42.8832
6370	0.695688	-41.9305
6380	0.695688	-44.5949
6390	0.695688	-41.8575
6400	0.695688	-41.8145
6410	0.695688	-41.7716
6420	0.695688	-42.7998
6430	0.695688	-41.9847
6440	0.695688	-41.8365
6450	0.695688	-41.8409
6460	0.695688	-42.3227
6470	0.695688	-41.9534
6480	0.695688	-41.8599
6490	0.695688	-41.8136
6500	0.695688	-42.2131
6510	0.695688	-42.2413
6520	0.695688	-42.1876
6530	0.695688	-41.8833
6540	0.695688	-41.7577
6550	0.695688	-42.5917
6560	0.695688	-41.7514
6570	0.695688	-41.927
6580	0.695688	-41.8652
6590	0.695688	-42.0731
6600	0.695688	-41.8089
6610	0.695688	-41.7814
6620	0.695688	-42.0505
6630	0.695688	-42.3393
6640	0.695688	-41.8216
6650	0.695688	-41.7545
6660	0.695688	-41.7614
6670	0.695688	-41.7582
6680	0.695688	-42.8798
6690	0.695688	-43.3496
6700	0.695688	-41.8397
6710	0.695688	-41.8226
6720	0.695688	-41.7487
6730	0.695688	-41.7498
6740	0.695688	-42.1438
6750	0.695688	-42.3499
6760	0.695688	-42.0171
6770	0.695688	-41.805
6780	0.695688	-42.4532
6790	0.695688	-42.4249
6800	0.695688	-43.7034
6810	0.695688	-42.7293
6820	0.695688	-42.4086
6830	0.695688	-42.0844
6840	0.695688	-42.123
6850	0.695688	-41.7683
6860	0.695688	-41.9528
6870	0.695688	-41.7611
6880	0.695688	-42.7811
6890	0.695688	-41.9759
6900	0.695688	-41.8705
6910	0.695688	-41.9849
6920	0.695688	-41.749
6930	0.695688	-41.9227
6940	0.695688	-41.7907
6950	0.695688	-41.9534
6960	0.695688	-47.5386
6970	0.695688	-41.7796
6980	0.695688	-41.8166
6990	0.695688	-41.8337
7000	0.695688	-41.9721
7010	0.695688	-42.6119
7020	0.695688	-41.7596
7030	0.695688	-43.4351
7040	0.695688	-42.2592
7050	0.695688	-41.7559
7060	0.695688	-41.8769
7070	0.695688	-41.7748
7080	0.695688	-42.2976
7090	0.695688	-41.763
7100	0.695688	-42.1816
7110	0.695688	-41.8375
7120	0.695688	-41.8657
7130	0.695688	-43.6027
7140	0.695688	-41.7484
7150	0.695688	-42.5001
7160	0.695688	-49.0762
7170	0.695688	-41.8177
7180	0.695688	-43.3583
7190	0.695688	-41.7806
7200	0.695688	-41.9403
7210	0.695688	-41.7751
7220	0.695688	-41.7809
7230	0.695688	-42.32
7240	0.695688	-42.7082
7250	0.695688	-41.829
7260	0.695688	-41.753
7270	0.695688	-42.5945
7280	0.695688	-42.0522
7290	0.695688	-41.8941
7300	0.695688	-41.7546
7310	0.695688	-41.7677
7320	0.695688	-41.8152
7330	0.695688	-42.0036
7340	0.695688	-41.9439
7350	0.695688	-46.8867
7360	0.695688	-41.7776
7370	0.695688	-44.2583
7380	0.695688	-41.7755
7390	0.695688	-41.8959
7400	0.695688	-42.1085
7410	0.695688	-42.0473
7420	0.695688	-42.0842
7430	0.695688	-41.7699
7440	0.695688	-41.7696
7450	0.695688	-41.8015
7460	0.695688	-41.9501
7470	0.695688	-44.5678
7480	0.695688	-41.8736
7490	0.695688	-41.7936
7500	0.695688	-44.5702
7510	0.695688	-41.9808
7520	0.695688	-41.9212
7530	0.695688	-41.9639
7540	0.695688	-42.928
7550	0.695688	-43.7351
7560	0.695688	-41.7992
7570	0.695688	-41.762
7580	0.695688	-43.2086
7590	0.695688	-41.7751
7600	0.695688	-41.7799
7610	0.695688	-41.9017
7620	0.695688	-41.9239
7630	0.695688	-41.7527
7640	0.695688	-41.7482
7650	0.695688	-42.5858
7660	0.695688	-41.8491
7670	0.695688	-41.8134
7680	0.695688	-41.8701
7690	0.695688	-41.7666
7700	0.695688	-41.7505
7710	0.695688	-41.9114
7720	0.695688	-42.2153
7730	0.695688	-41.8484
7740	0.695688	-42.0434
7750	0.695688	-43.377
7760	0.695688	-43.6933
7770	0.695688	-42.0824
7780	0.695688	-42.3062
7790	0.695688	-41.7523
7800	0.695688	-42.0211
7810	0.695688	-41.7767
7820	0.695688	-43.2567
7830	0.695688	-42.302
7840	0.695688	-41.7628
7850	0.695688	-41.8393
7860	0.695688	-41.843
7870	0.695688	-42.5868
7880	0.695688	-41.7487
7890	0.695688	-42.0152
7900	0.695688	-41.9387
7910	0.695688	-41.8357
7920	0.695688	-43.0605
7930	0.695688	-42.0886
7940	0.695688	-41.788
7950	0.695688	-41.7481
7960	0.695688	-43.9989
7970	0.695688	-42.0906
7980	0.695688	-42.3698
7990	0.695688	-41.7505
8000	0.695688	-42.448
8010	0.695688	-42.9982
8020	0.695688	-42.2736
8030	0.695688	-42.4499
8040	0.695688	-41.7723
8050	0.695688	-41.9711
8060	0.695688	-41.8673
8070	0.695688	-41.777
8080	0.695688	-46.0708
8090	0.695688	-41.7751
8100	0.695688	-42.6561
8110	0.695688	-42.4872
8120	0.695688	-41.7816
8130	0.695688	-41.883
8140	0.695688	-43.7262
8150	0.695688	-42.1353
8160	0.695688	-43.2613
8170	0.695688	-42.029
8180	0.695688	-41.8171
8190	0.695688	-42.3052
8200	0.695688	-42.1616
8210	0.695688	-42.1242
8220	0.695688	-42.1308
8230	0.695688	-41.7481
8240	0.695688	-41.9439
8250	0.695688	-42.5293
8260	0.695688	-42.7652
8270	0.695688	-44.4469
8280	0.695688	-41.8113
8290	0.695688	-42.3084
8300	0.695688	-41.7509
8310	0.695688	-42.7661
8320	0.695688	-41.9434
8330	0.695688	-42.8555
8340	0.695688	-42.9896
8350	0.695688	-41.9631
8360	0.695688	-42.1137
8370	0.695688	-41.7908
8380	0.695688	-41.8071
8390	0.695688	-41.8817
8400	0.695688	-41.8862
8410	0.695688	-41.7509
8420	0.695688	-41.7786
8430	0.695688	-41.7614
8440	0.695688	-41.7977
8450	0.695688	-42.6727
8460	0.695688	-41.789
8470	0.695688	-42.0604
8480	0.695688	-42.5976
8490	0.695688	-41.8602
8500	0.695688	-42.6142
8510	0.695688	-41.8589
8520	0.695688	-41.9758
8530	0.695688	-41.9607
8540	0.695688	-42.2077
8550	0.695688	-42.4463
8560	0.695688	-41.7596
8570	0.695688	-41.9331
8580	0.695688	-41.7872
8590	0.695688	-41.7697
8600	0.695688	-41.9359
8610	0.695688	-43.6838
8620	0.695688	-41.8963
8630	0.695688	-41.7621
8640	0.695688	-41.8492
8650	0.695688	-43.3647
8660	0.695688	-41.9222
8670	0.695688	-43.5749
8680	0.695688	-42.3342
8690	0.695688	-41.8961
8700	0.695688	-41.9956
8710	0.695688	-41.7573
8720	0.695688	-42.9154
8730	0.695688	-41.8781
8740	0.695688	-44.367
8750	0.695688	-42.1509
8760	0.695688	-42.9009
8770	0.695688	-41.8575
8780	0.695688	-41.8151
8790	0.695688	-41.7511
8800	0.695688	-41.7664
8810	0.695688	-41.7479
8820	0.695688	-42.8902
8830	0.695688	-42.256
8840	0.695688	-41.9487
8850	0.695688	-41.7515
8860	0.695688	-41.8149
8870	0.695688	-41.825
8880	0.695688	-41.7662
8890	0.695688	-45.6505
8900	0.695688	-41.7488
8910	0.695688	-42.0535
8920	0.695688	-41.7485
8930	0.695688	-41.7671
8940	0.695688	-41.7577
8950	0.695688	-41.7894
8960	0.695688	-42.0382
8970	0.695688	-43.3484
8980	0.695688	-41.7479
8990	0.695688	-42.0476
9000	0.695688	-42.0824
9010	0.695688	-41.9198
9020	0.695688	-41.8801
9030	0.695688	-42.5237
9040	0.695688	-41.9926
9050	0.695688	-41.7926
9060	0.695688	-41.7732
9070	0.695688	-42.424
9080	0.695688	-41.7479
9090	0.695688	-42.0478
9100	0.695688	-43.2804
9110	0.695688	-41.8687
9120	0.695688	-41.7514
9130	0.695688	-41.7777
9140	0.695688	-41.9788
9150	0.695688	-41.8956
9160	0.695688	-42.5402
9170	0.695688	-42.4867
9180	0.695688	-42.6153
9190	0.695688	-43.2107
9200	0.695688	-42.1907
9210	0.695688	-43.0527
9220	0.695688	-41.7777
9230	0.695688	-41.9137
9240	0.695688	-41.9142
9250	0.695688	-41.7947
9260	0.695688	-43.1516
9270	0.695688	-41.887
9280	0.695688	-41.9138
9290	0.695688	-42.6025
9300	0.695688	-43.3621
9310	0.695688	-41.8264
9320	0.695688	-42.0558
9330	0.695688	-41.7591
9340	0.695688	-41.7914
9350	0.695688	-41.7644
9360	0.695688	-41.8239
9370	0.695688	-42.0717
9380	0.695688	-41.9418
9390	0.695688	-42.0933
9400	0.695688	-41.7511
9410	0.695688	-42.9554
9420	0.695688	-43.9389
9430	0.695688	-41.7991
9440	0.695688	-41.7566
9450	0.695688	-41.9521
9460	0.695688	-42.02
9470	0.695688	-41.9064
9480	0.695688	-42.422
9490	0.695688	-41.8311
9500	0.695688	-45.9148
9510	0.695688	-41.8523
9520	0.695688	-42.7758
9530	0.695688	-41.8689
9540	0.695688	-41.8608
9550	0.695688	-42.7365
9560	0.695688	-41.8616
9570	0.695688	-42.669
9580	0.695688	-41.7483
9590	0.695688	-41.9984
9600	0.695688	-41.7892
9610	0.695688	-42.3039
9620	0.695688	-41.8838
9630	0.695688	-41.7803
9640	0.695688	-42.3475
9650	0.695688	-41.8308
9660	0.695688	-41.8013
9670	0.695688	-44.611
9680	0.695688	-42.1516
9690	0.695688	-42.0521
9700	0.695688	-41.7653
9710	0.695688	-41.8684
9720	0.695688	-41.7507
9730	0.695688	-41.8935
9740	0.695688	-41.8051
9750	0.695688	-41.7497
9760	0.695688	-42.5071
9770	0.695688	-43.2495
9780	0.695688	-41.7761
9790	0.695688	-42.091
9800	0.695688	-41.7482
9810	0.695688	-41.7498
9820	0.695688	-41.8279
9830	0.695688	-42.0718
9840	0.695688	-45.6107
9850	0.695688	-41.8702
9860	0.695688	-41.7756
9870	0.695688	-42.7823
9880	0.695688	-41.7814
9890	0.695688	-49.1469
9900	0.695688	-43.1093
9910	0.695688	-42.1978
9920	0.695688	-41.9497
9930	0.695688	-44.5369
9940	0.695688	-41.9649
9950	0.695688	-41.778
9960	0.695688	-41.967
9970	0.695688	-41.7534
9980	0.695688	-41.748
9990	0.695688	-41.7523
10000	0.695688	-41.7811
